
3-species chemical kinetics problem
Sensitivity: YES ( STAGGERED + FULL ERROR CONTROL )

Consistent IC:
	y =   1.0000e+00   0.0000e+00  -5.3101e-16 
	yp=  -4.0000e-02   4.0000e-02   0.0000e+00 
                  Sensitivity 1  
	s1 =   0.0000e+00   0.0000e+00  -5.1214e-14 
	s1'=  -1.0000e+00   1.0000e+00   0.0000e+00 
                  Sensitivity 2  
	s2 =   0.0000e+00   0.0000e+00   0.0000e+00 
	s2'=   0.0000e+00   0.0000e+00   0.0000e+00 
                  Sensitivity 3  
	s3 =   0.0000e+00   0.0000e+00   0.0000e+00 
	s3'=   0.0000e+00   0.0000e+00   0.0000e+00 


=======================================================================
     T     Q       H      NST           y1           y2           y3    
=======================================================================
4.000e-01  5  4.754e-02   222
                  Solution         9.8517e-01   3.3864e-05   1.4794e-02 
                  Sensitivity 1   -3.5595e-01   3.9025e-04   3.5556e-01 
                  Sensitivity 2    9.5424e-08  -2.1310e-10  -9.5211e-08 
                  Sensitivity 3   -1.5832e-11  -5.2900e-13   1.6361e-11 
-----------------------------------------------------------------------
4.000e+00  5  1.902e-01   258
                  Solution         9.0552e-01   2.2405e-05   9.4459e-02 
                  Sensitivity 1   -1.8761e+00   1.7922e-04   1.8759e+00 
                  Sensitivity 2    2.9614e-06  -5.8305e-10  -2.9608e-06 
                  Sensitivity 3   -4.9334e-10  -2.7626e-13   4.9362e-10 
-----------------------------------------------------------------------
4.000e+01  5  7.147e-01   378
                  Solution         7.1583e-01   9.1855e-06   2.8416e-01 
                  Sensitivity 1   -4.2476e+00   4.5912e-05   4.2475e+00 
                  Sensitivity 2    1.3731e-05  -2.3572e-10  -1.3731e-05 
                  Sensitivity 3   -2.2884e-09  -1.1381e-13   2.2885e-09 
-----------------------------------------------------------------------
4.000e+02  4  6.129e+00   551
                  Solution         4.5052e-01   3.2229e-06   5.4948e-01 
                  Sensitivity 1   -5.9584e+00   3.5427e-06   5.9584e+00 
                  Sensitivity 2    2.2738e-05  -2.2601e-11  -2.2738e-05 
                  Sensitivity 3   -3.7897e-09  -4.9948e-14   3.7897e-09 
-----------------------------------------------------------------------
4.000e+03  4  7.430e+01   709
                  Solution         1.8320e-01   8.9424e-07   8.1680e-01 
                  Sensitivity 1   -4.7501e+00  -5.9937e-06   4.7501e+00 
                  Sensitivity 2    1.8809e-05   2.3127e-11  -1.8809e-05 
                  Sensitivity 3   -3.1348e-09  -1.8758e-14   3.1348e-09 
-----------------------------------------------------------------------
4.000e+04  5  8.471e+02   815
                  Solution         3.8983e-02   1.6218e-07   9.6102e-01 
                  Sensitivity 1   -1.5750e+00  -2.7620e-06   1.5750e+00 
                  Sensitivity 2    6.2875e-06   1.1002e-11  -6.2875e-06 
                  Sensitivity 3   -1.0479e-09  -4.5367e-15   1.0479e-09 
-----------------------------------------------------------------------
4.000e+05  5  1.357e+04  1006
                  Solution         4.9383e-03   1.9850e-08   9.9506e-01 
                  Sensitivity 1   -2.3633e-01  -4.5841e-07   2.3633e-01 
                  Sensitivity 2    9.4503e-07   1.8325e-12  -9.4503e-07 
                  Sensitivity 3   -1.5750e-10  -6.3625e-16   1.5751e-10 
-----------------------------------------------------------------------
4.000e+06  5  1.533e+05  1083
                  Solution         5.1681e-04   2.0683e-09   9.9948e-01 
                  Sensitivity 1   -2.5666e-02  -5.1061e-08   2.5666e-02 
                  Sensitivity 2    1.0266e-07   2.0423e-13  -1.0266e-07 
                  Sensitivity 3   -1.7110e-11  -6.8510e-17   1.7110e-11 
-----------------------------------------------------------------------
4.000e+07  5  2.208e+06  1139
                  Solution         5.2034e-05   2.0815e-10   9.9995e-01 
                  Sensitivity 1   -2.5993e-03  -5.1946e-09   2.5993e-03 
                  Sensitivity 2    1.0397e-08   2.0778e-14  -1.0397e-08 
                  Sensitivity 3   -1.7329e-12  -6.9321e-18   1.7329e-12 
-----------------------------------------------------------------------
4.000e+08  5  3.180e+07  1185
                  Solution         5.2080e-06   2.0832e-11   9.9999e-01 
                  Sensitivity 1   -2.6037e-04  -5.2068e-10   2.6037e-04 
                  Sensitivity 2    1.0415e-09   2.0827e-15  -1.0415e-09 
                  Sensitivity 3   -1.7358e-13  -6.9432e-19   1.7358e-13 
-----------------------------------------------------------------------
4.000e+09  3  3.946e+08  1214
                  Solution         5.2246e-07   2.0898e-12   1.0000e+00 
                  Sensitivity 1   -2.6119e-05  -5.2232e-11   2.6119e-05 
                  Sensitivity 2    1.0448e-10   2.0893e-16  -1.0448e-10 
                  Sensitivity 3   -1.7415e-14  -6.9660e-20   1.7415e-14 
-----------------------------------------------------------------------
4.000e+10  3  6.314e+09  1235
                  Solution         5.2586e-08   2.1035e-13   1.0000e+00 
                  Sensitivity 1   -2.6329e-06  -5.2729e-12   2.6329e-06 
                  Sensitivity 2    1.0532e-11   2.1092e-17  -1.0532e-11 
                  Sensitivity 3   -1.7530e-15  -7.0120e-21   1.7530e-15 
-----------------------------------------------------------------------

Quadrature:
G:      4.0000e+10

Sensitivities at t=4e+10:
dG/dp1:  1.4878e+06
dG/dp1: -5.9466e+00
dG/dp1:  9.9111e-04

Final Statistics

nst     =  1235

nfe     =  1515
netf    =     5    nsetups  =   101
nni     =  1512    ncfn     =     0

nfSe    =  1661    nfeS     =     0
netfs   =     0    nsetupsS =     1
nniS    =  1659    ncfnS    =     0

nje    =   102    nfeLS     =   306
