
g(tf) = 2.444739e-02

dgdp(tf)
  [ 1]: -1.502107e-01
  [ 2]: -1.097739e-02

mu(t0)
  [ 1]: 2.776607e-04
  [ 2]: 5.619775e-04
  [ 3]: 8.477404e-04
  [ 4]: 1.126412e-03
  [ 5]: 1.393777e-03
  [ 6]: 1.639607e-03
  [ 7]: 1.861184e-03
  [ 8]: 2.047397e-03
  [ 9]: 2.197434e-03
  [10]: 2.300275e-03
  [11]: 2.357283e-03
  [12]: 2.358593e-03
  [13]: 2.307827e-03
  [14]: 2.197332e-03
  [15]: 2.032873e-03
  [16]: 1.809960e-03
  [17]: 1.536162e-03
  [18]: 1.210898e-03
  [19]: 8.430003e-04
  [20]: 4.362428e-04
