
2D Heat PDE test problem:
 --------------------------------- 
  nprocs         = 4
  npx            = 2
  npy            = 2
 --------------------------------- 
  kx             = 1
  ky             = 1
  ax             = 1
  ay             = 1
  r              = 1
  tf             = 1
  xu             = 1
  yu             = 1
  nx             = 64
  ny             = 64
  nxl (proc 0)   = 32
  nyl (proc 0)   = 32
  dx             = 0.015873
  dy             = 0.015873
 --------------------------------- 
  rtol           = 1e-05
  atol           = 1e-10
  order          = 3
  hf             = 0
  controller     = 0
  linear         = 0
 --------------------------------- 
  lin iters      = 10
  eps lins       = -1
  prectype       = 1
  msbp           = 0
  pfmg_relax     = 2
  pfmg_nrelax    = 2
 --------------------------------- 
  output         = 1
 --------------------------------- 

          t                     ||u||_rms      
 ----------------------------------------------
 0.000000000000000e+00    3.691406249999997e-01
 1.000000000000000e-01    5.162013648736324e-02
 2.000000000000000e-01    7.426103375907580e-03
 3.000000000000000e-01    1.067221964126111e-03
 4.000000000000000e-01    1.533639279173471e-04
 5.000000000000000e-01    2.203893657177923e-05
 6.000000000000000e-01    3.167052399496732e-06
 7.000000000000000e-01    4.550960415446274e-07
 7.999999999999999e-01    6.537285820581784e-08
 8.999999999999999e-01    9.413914311325639e-09
 9.999999999999999e-01    1.326291425459744e-09
 ----------------------------------------------

Final fast integrator statistics:
  Steps            = 722
  Step attempts    = 722
  Error test fails = 0
  RHS evals        = 5445
  NLS iters        = 2554
  NLS fails        = 0
  LS iters         = 8545
  LS fails         = 0
  LS setups        = 52
  Jv products      = 8545

  Avg NLS iters per step attempt = 3.537396
  Avg LS iters per NLS iter      = 3.345732

  Preconditioner setups = 52
  Preconditioner solves = 10819
  PFMG iters            = 10819

