
2D Heat PDE test problem:
 --------------------------------- 
  nprocs         = 4
  npx            = 2
  npy            = 2
 --------------------------------- 
  kx             = 1
  ky             = 1
  forcing        = 1
  tf             = 1
  xu             = 1
  yu             = 1
  nx             = 64
  ny             = 64
  nxl (proc 0)   = 32
  nyl (proc 0)   = 32
  dx             = 0.015873
  dy             = 0.015873
 --------------------------------- 
  rtol           = 1e-05
  atol           = 1e-10
  order          = 3
  fixed h        = 0
  controller     = 0
  linear         = 1
 --------------------------------- 
  linear solver  = PCG
  lin iters      = 10
  matvec         = 0
  eps lin        = 0
  prec           = 1
  msbp           = 0
  pfmg_relax     = 2
  pfmg_nrelax    = 2
 --------------------------------- 
  output         = 1
 --------------------------------- 

          t                     ||u||_rms                max error      
 -----------------------------------------------------------------------
 0.000000000000000e+00    3.691406249999997e-01    0.000000000000000e+00
 5.000000000000000e-02    3.603048619327407e-01    5.947588762913458e-04
 1.000000000000000e-01    3.341442198321828e-01    7.029449845855629e-04
 1.500000000000000e-01    2.933129359408967e-01    6.872091202534403e-04
 2.000000000000000e-01    2.418371816111213e-01    6.138936324135980e-04
 2.500000000000000e-01    1.847632276985340e-01    5.043521735632051e-04
 3.000000000000000e-01    1.276839996708815e-01    3.835916131740835e-04
 3.500000000000000e-01    7.618719090449361e-02    2.636060675634821e-04
 4.000000000000000e-01    3.531419605777135e-02    1.573068035222447e-04
 4.500000000000000e-01    9.066519483352731e-03    7.648468227780189e-05
 4.999999999999999e-01    1.366000934846690e-05    2.823150956576942e-05
 5.499999999999999e-01    9.040623272537664e-03    1.797017387145106e-05
 6.000000000000000e-01    3.526521486179169e-02    4.668298297580420e-05
 6.500000000000000e-01    7.611978811649978e-02    1.113068285987229e-04
 7.000000000000001e-01    1.276052146282314e-01    2.055095060088385e-04
 7.500000000000001e-01    1.846816856489467e-01    3.198136590527589e-04
 8.000000000000002e-01    2.417622647595056e-01    4.435964073716825e-04
 8.500000000000002e-01    2.932595610252942e-01    5.646767773385131e-04
 9.000000000000002e-01    3.341325725114058e-01    6.709825274057168e-04
 9.500000000000003e-01    3.603805174368731e-01    7.524548367494610e-04
 1.000000000000000e+00    3.694333171114900e-01    7.994036412105610e-04
 -----------------------------------------------------------------------

Final integrator statistics:
  Steps            = 134
  Step attempts    = 135
  Error test fails = 1
  RHS evals        = 948
  NLS iters        = 405
  NLS fails        = 0
  LS iters         = 2482
  LS fails         = 0
  LS setups        = 59
  LS RHS evals     = 2482
  Jv products      = 2482

  Avg NLS iters per step attempt = 3.000000
  Avg LS iters per NLS iter      = 6.128395

  Preconditioner setups = 59
  Preconditioner solves = 2482
  PFMG iters            = 2482

  Max error = 7.994036412105610e-04
