
1D reaction-diffusion PDE test problem:
  N = 1001
  diffusion coefficient:  k = 0.01
        t      ||u||_rms
   -------------------------
    0.000000    0.414838
    0.100000    0.416533
    0.200000    0.418220
    0.300000    0.419901
    0.400000    0.421576
    0.500000    0.423245
    0.600000    0.424912
    0.700000    0.426571
    0.800000    0.428224
    0.900000    0.429871
    1.000000    0.431511
    1.100000    0.433144
    1.200000    0.434770
    1.300000    0.436390
    1.400000    0.438004
    1.500000    0.439613
    1.600000    0.441216
    1.700000    0.442813
    1.800000    0.444404
    1.900000    0.445990
    2.000000    0.447570
    2.100000    0.449145
    2.200000    0.450715
    2.300000    0.452279
    2.400000    0.453837
    2.500000    0.455391
    2.600000    0.456939
    2.700000    0.458482
    2.800000    0.460020
    2.900000    0.461552
    3.000000    0.463080
   -------------------------

Final Solver Statistics:
   Steps: nsts = 3001, nstf = 153100
   Total RHS evals:  Fs = 9004,  Ff = 615403
