
Brusselator ODE test problem:
    initial conditions:  u0 = 1.2,  v0 = 3.1,  w0 = 3
    problem parameters:  a = 1,  b = 3.5,  ep = 0.01
    hs = 0.025,  hf = 0.001

        t           u           v           w
   ----------------------------------------------
    0.000000    1.200000    3.100000    3.000000
    0.100000    1.217191    3.061733    3.457934
    0.200000    1.227348    3.029334    3.457598
    0.300000    1.235476    2.998046    3.457312
    0.400000    1.241026    2.968646    3.457113
    0.500000    1.243444    2.941977    3.457018
    0.600000    1.242194    2.918912    3.457047
    0.700000    1.236795    2.900325    3.457216
    0.800000    1.226849    2.887050    3.457539
    0.900000    1.212068    2.879844    3.458026
    1.000000    1.192294    2.879358    3.458684
    1.100000    1.167513    2.886107    3.459513
    1.200000    1.137856    2.900456    3.460510
    1.300000    1.103595    2.922607    3.461666
    1.400000    1.065137    2.952596    3.462969
    1.500000    1.023006    2.990291    3.464400
    1.600000    0.977832    3.035401    3.465940
    1.700000    0.930332    3.087477    3.467563
    1.800000    0.881291    3.145927    3.469244
    1.900000    0.831544    3.210030    3.470954
    2.000000    0.781939    3.278965    3.472664
   ----------------------------------------------

Final Solver Statistics:
   Steps: nsts = 81, nstf = 2187
   Total RHS evals:  Fs = 244,  Ff = 8831
