

Demonstration program for ARKODE - SPGMR linear solver

Food web problem with ns species, ns = 6
Predator-prey interaction and diffusion on a 2-D square

Matrix parameters: a = 1   e = 1e+04   g = 5e-07
b parameter = 1
Diffusion coefficients: Dprey = 1   Dpred = 0.5
Rate parameter alpha = 1

Mesh dimensions (mx,my) are 6, 6.  Total system size is neq = 216 

Tolerances: reltol = 1e-05, abstol = 1e-05 

Preconditioning uses a product of:
  (1) Gauss-Seidel iterations with itmax = 5 iterations, and
  (2) interaction-only block-diagonal matrix with block-grouping
  Number of diagonal block groups = ngrp = 4  (ngx by ngy, ngx = 2, ngy = 2)


----------------------------------------------------------------------------


Preconditioner type is           jpre = PREC_LEFT

Gram-Schmidt method type is    gstype = MODIFIED_GS


c values at t = 0:

Species 1
10        10        10        10        10        10        
10        10.1678   10.3775   10.3775   10.1678   10        
10        10.3775   10.8493   10.8493   10.3775   10        
10        10.3775   10.8493   10.8493   10.3775   10        
10        10.1678   10.3775   10.3775   10.1678   10        
10        10        10        10        10        10        

Species 2
10        10        10        10        10        10        
10        10.3355   10.755    10.755    10.3355   10        
10        10.755    11.6987   11.6987   10.755    10        
10        10.755    11.6987   11.6987   10.755    10        
10        10.3355   10.755    10.755    10.3355   10        
10        10        10        10        10        10        

Species 3
10        10        10        10        10        10        
10        10.5033   11.1325   11.1325   10.5033   10        
10        11.1325   12.548    12.548    11.1325   10        
10        11.1325   12.548    12.548    11.1325   10        
10        10.5033   11.1325   11.1325   10.5033   10        
10        10        10        10        10        10        

Species 4
10        10        10        10        10        10        
10        10.6711   11.5099   11.5099   10.6711   10        
10        11.5099   13.3974   13.3974   11.5099   10        
10        11.5099   13.3974   13.3974   11.5099   10        
10        10.6711   11.5099   11.5099   10.6711   10        
10        10        10        10        10        10        

Species 5
10        10        10        10        10        10        
10        10.8389   11.8874   11.8874   10.8389   10        
10        11.8874   14.2467   14.2467   11.8874   10        
10        11.8874   14.2467   14.2467   11.8874   10        
10        10.8389   11.8874   11.8874   10.8389   10        
10        10        10        10        10        10        

Species 6
10        10        10        10        10        10        
10        11.0066   12.2649   12.2649   11.0066   10        
10        12.2649   15.0961   15.0961   12.2649   10        
10        12.2649   15.0961   15.0961   12.2649   10        
10        11.0066   12.2649   12.2649   11.0066   10        
10        10        10        10        10        10        

t =   1.00e-08  nst = 5  nfe = 0  nfi = 75  nni = 47  hu =    9.89e-08

t =   1.00e-07  nst = 5  nfe = 0  nfi = 75  nni = 47  hu =    9.89e-08

t =   1.00e-06  nst = 8  nfe = 0  nfi = 120  nni = 77  hu =    4.79e-07

c values at t = 1e-06:

Species 1
9.99991   9.99992   9.99993   9.99993   9.99993   9.99992   
9.99992   10.1677   10.3774   10.3774   10.1677   9.99993   
9.99993   10.3774   10.8492   10.8492   10.3774   9.99993   
9.99993   10.3774   10.8492   10.8492   10.3774   9.99993   
9.99992   10.1677   10.3774   10.3774   10.1677   9.99992   
9.99991   9.99992   9.99993   9.99993   9.99992   9.99991   

Species 2
9.99991   9.99993   9.99995   9.99995   9.99993   9.99992   
9.99993   10.3355   10.7549   10.7549   10.3355   9.99993   
9.99995   10.7549   11.6985   11.6985   10.7549   9.99995   
9.99995   10.7549   11.6985   11.6985   10.7549   9.99995   
9.99993   10.3355   10.7549   10.7549   10.3355   9.99993   
9.99991   9.99993   9.99995   9.99995   9.99993   9.99991   

Species 3
9.99991   9.99994   9.99997   9.99997   9.99994   9.99992   
9.99994   10.5032   11.1323   11.1323   10.5032   9.99994   
9.99997   11.1323   12.5478   12.5478   11.1323   9.99997   
9.99997   11.1323   12.5478   12.5478   11.1323   9.99997   
9.99994   10.5032   11.1323   11.1323   10.5032   9.99994   
9.99991   9.99994   9.99997   9.99997   9.99994   9.99991   

Species 4
13.4984   13.4984   13.4984   13.4984   13.4984   13.4984   
13.4984   14.55     15.8924   15.8924   14.55     13.4984   
13.4984   15.8924   19.0296   19.0296   15.8924   13.4984   
13.4984   15.8924   19.0296   19.0296   15.8924   13.4984   
13.4984   14.55     15.8924   15.8924   14.55     13.4984   
13.4984   13.4984   13.4984   13.4984   13.4984   13.4984   

Species 5
13.4984   13.4984   13.4985   13.4985   13.4984   13.4984   
13.4984   14.7787   16.4136   16.4136   14.7787   13.4984   
13.4985   16.4136   20.236    20.236    16.4136   13.4985   
13.4985   16.4136   20.236    20.236    16.4136   13.4985   
13.4984   14.7787   16.4136   16.4136   14.7787   13.4984   
13.4984   13.4984   13.4985   13.4985   13.4984   13.4984   

Species 6
13.4984   13.4984   13.4985   13.4985   13.4984   13.4984   
13.4984   15.0075   16.9348   16.9348   15.0075   13.4984   
13.4985   16.9348   21.4423   21.4423   16.9348   13.4985   
13.4985   16.9348   21.4423   21.4423   16.9348   13.4985   
13.4984   15.0075   16.9348   16.9348   15.0075   13.4984   
13.4984   13.4984   13.4985   13.4985   13.4984   13.4984   

t =   1.00e-05  nst = 27  nfe = 0  nfi = 407  nni = 269  hu =    4.79e-07

t =   1.00e-04  nst = 106  nfe = 0  nfi = 1688  nni = 1155  hu =    1.70e-05

t =   1.00e-03  nst = 110  nfe = 0  nfi = 1750  nni = 1197  hu =    1.51e-03

c values at t = 0.001:

Species 1
9.90702   9.91664   9.92836   9.93033   9.92253   9.91674   
9.91472   10.0747   10.2769   10.2785   10.0795   9.92253   
9.92446   10.2748   10.7181   10.7194   10.2785   9.93033   
9.92445   10.2744   10.7173   10.7181   10.2769   9.92836   
9.91469   10.0734   10.2744   10.2748   10.0747   9.91664   
9.90698   9.91469   9.92445   9.92446   9.91472   9.90702   

Species 2
9.90742   9.92474   9.94622   9.94819   9.93064   9.91713   
9.92282   10.2412   10.644    10.6457   10.2461   9.93064   
9.94232   10.6419   11.5267   11.5281   10.6457   9.94819   
9.94231   10.6415   11.5258   11.5267   10.644    9.94622   
9.92279   10.24     10.6415   10.6419   10.2412   9.92474   
9.90737   9.92279   9.94231   9.94232   9.92282   9.90742   

Species 3
9.90781   9.93284   9.96408   9.96605   9.93874   9.91753   
9.93092   10.4078   11.0109   11.0127   10.4127   9.93874   
9.96017   11.0088   12.3339   12.3354   11.0127   9.96605   
9.96016   11.0083   12.333    12.3339   11.0109   9.96408   
9.93088   10.4065   11.0083   11.0088   10.4078   9.93284   
9.90776   9.93088   9.96016   9.96017   9.93092   9.90781   

Species 4
297231    297749    298392    298451    297925    297520    
297692    307245    319327    319378    307390    297925    
298276    319264    345799    345840    319378    298451    
298276    319252    345772    345799    319327    298392    
297691    307208    319252    319264    307245    297749    
297229    297691    298276    298276    297692    297231    

Species 5
297231    297749    298392    298451    297925    297520    
297692    307245    319327    319378    307390    297925    
298276    319264    345799    345840    319378    298451    
298276    319252    345772    345799    319327    298392    
297691    307208    319252    319264    307245    297749    
297229    297691    298276    298276    297692    297231    

Species 6
297231    297749    298392    298451    297925    297520    
297692    307245    319327    319378    307390    297925    
298276    319264    345799    345840    319378    298451    
298276    319252    345772    345799    319327    298392    
297691    307208    319252    319264    307245    297749    
297229    297691    298276    298276    297692    297231    

t =   1.00e-02  nst = 113  nfe = 0  nfi = 1797  nni = 1229  hu =    3.46e-03

t =   1.00e-01  nst = 127  nfe = 0  nfi = 2024  nni = 1386  hu =    1.28e-02

t =   1.00e+00  nst = 154  nfe = 0  nfi = 2489  nni = 1716  hu =    6.84e-02

c values at t = 1:

Species 1
1.58851   1.59924   1.62152   1.64764   1.67036   1.68149   
1.58533   1.59503   1.61548   1.63952   1.66033   1.67036   
1.57757   1.58547   1.60239   1.62235   1.63952   1.64764   
1.5682    1.57412   1.58706   1.60239   1.61548   1.62152   
1.56048   1.56463   1.57412   1.58547   1.59503   1.59924   
1.55733   1.56048   1.5682    1.57757   1.58533   1.58851   

Species 2
1.59067   1.60141   1.62371   1.64987   1.67261   1.68375   
1.58748   1.5972    1.61766   1.64173   1.66257   1.67261   
1.57971   1.58763   1.60457   1.62454   1.64173   1.64987   
1.57034   1.57626   1.58921   1.60457   1.61766   1.62371   
1.56261   1.56676   1.57626   1.58763   1.5972    1.60141   
1.55945   1.56261   1.57034   1.57971   1.58748   1.59067   

Species 3
1.5927    1.60346   1.62578   1.65197   1.67474   1.68589   
1.58951   1.59924   1.61973   1.64383   1.66468   1.67474   
1.58174   1.58966   1.60662   1.62662   1.64383   1.65197   
1.57236   1.57828   1.59125   1.60662   1.61973   1.62578   
1.56462   1.56878   1.57828   1.58966   1.59924   1.60346   
1.56146   1.56462   1.57236   1.58174   1.58951   1.5927    

Species 4
47718.3   48040.3   48709     49493.5   50175.5   50509.4   
47622.8   47914     48527.8   49249.6   49874.4   50175.5   
47389.7   47627     48134.9   48734.2   49249.6   49493.5   
47108.5   47286     47674.6   48134.9   48527.8   48709     
46876.6   47001.2   47286     47627     47914     48040.3   
46781.9   46876.6   47108.5   47389.7   47622.8   47718.3   

Species 5
47718.3   48040.3   48709     49493.5   50175.5   50509.4   
47622.8   47914     48527.8   49249.6   49874.4   50175.5   
47389.7   47627     48134.9   48734.2   49249.6   49493.5   
47108.5   47286     47674.6   48134.9   48527.8   48709     
46876.6   47001.2   47286     47627     47914     48040.3   
46781.9   46876.6   47108.5   47389.7   47622.8   47718.3   

Species 6
47718.3   48040.3   48709     49493.5   50175.5   50509.4   
47622.8   47914     48527.8   49249.6   49874.4   50175.5   
47389.7   47627     48134.9   48734.2   49249.6   49493.5   
47108.5   47286     47674.6   48134.9   48527.8   48709     
46876.6   47001.2   47286     47627     47914     48040.3   
46781.9   46876.6   47108.5   47389.7   47622.8   47718.3   

t =   2.00e+00  nst = 165  nfe = 0  nfi = 2661  nni = 1833  hu =    4.14e-02

t =   3.00e+00  nst = 177  nfe = 0  nfi = 2848  nni = 1960  hu =    1.08e-01

t =   4.00e+00  nst = 187  nfe = 0  nfi = 3013  nni = 2073  hu =    1.23e-01

c values at t = 4:

Species 1
1.19535   1.20368   1.2211    1.24157   1.25935   1.268     
1.1928    1.20035   1.21636   1.23523   1.25154   1.25935   
1.18657   1.19274   1.20602   1.22173   1.23523   1.24157   
1.17904   1.18368   1.19389   1.20602   1.21636   1.2211    
1.17284   1.17613   1.18368   1.19274   1.20035   1.20368   
1.17032   1.17284   1.17904   1.18657   1.1928    1.19535   

Species 2
1.19538   1.20371   1.22113   1.24161   1.25938   1.26804   
1.19284   1.20038   1.21639   1.23526   1.25157   1.25938   
1.1866    1.19277   1.20606   1.22177   1.23526   1.24161   
1.17908   1.18371   1.19393   1.20606   1.21639   1.22113   
1.17288   1.17616   1.18371   1.19277   1.20038   1.20371   
1.17035   1.17288   1.17908   1.1866    1.19284   1.19538   

Species 3
1.19542   1.20374   1.22116   1.24164   1.25942   1.26807   
1.19287   1.20042   1.21642   1.2353    1.2516    1.25942   
1.18663   1.1928    1.20609   1.2218    1.2353    1.24164   
1.17911   1.18374   1.19396   1.20609   1.21642   1.22116   
1.17291   1.17619   1.18374   1.1928    1.20042   1.20374   
1.17039   1.17291   1.17911   1.18663   1.19287   1.19542   

Species 4
35860.6   36110.2   36632.4   37246.4   37779.5   38038.7   
35784.2   36010.4   36490.4   37056.3   37545.3   37779.5   
35597.2   35782     36180.5   36651.6   37056.3   37246.4   
35371.4   35510.4   35816.7   36180.5   36490.4   36632.4   
35185.4   35283.8   35510.4   35782     36010.4   36110.2   
35109.7   35185.4   35371.4   35597.2   35784.2   35860.6   

Species 5
35860.6   36110.2   36632.4   37246.4   37779.5   38038.7   
35784.2   36010.4   36490.4   37056.3   37545.3   37779.5   
35597.2   35782     36180.5   36651.6   37056.3   37246.4   
35371.4   35510.4   35816.7   36180.5   36490.4   36632.4   
35185.4   35283.8   35510.4   35782     36010.4   36110.2   
35109.7   35185.4   35371.4   35597.2   35784.2   35860.6   

Species 6
35860.6   36110.2   36632.4   37246.4   37779.5   38038.7   
35784.2   36010.4   36490.4   37056.3   37545.3   37779.5   
35597.2   35782     36180.5   36651.6   37056.3   37246.4   
35371.4   35510.4   35816.7   36180.5   36490.4   36632.4   
35185.4   35283.8   35510.4   35782     36010.4   36110.2   
35109.7   35185.4   35371.4   35597.2   35784.2   35860.6   

t =   5.00e+00  nst = 198  nfe = 0  nfi = 3179  nni = 2182  hu =    9.99e-02

t =   6.00e+00  nst = 207  nfe = 0  nfi = 3336  nni = 2284  hu =    9.66e-02

t =   7.00e+00  nst = 216  nfe = 0  nfi = 3477  nni = 2375  hu =    1.51e-01

c values at t = 7:

Species 1
1.18854   1.19682   1.21415   1.23453   1.25221   1.26082   
1.186     1.19351   1.20944   1.22822   1.24444   1.25221   
1.1798    1.18593   1.19916   1.21479   1.22822   1.23453   
1.17231   1.17692   1.18708   1.19916   1.20944   1.21415   
1.16614   1.1694    1.17692   1.18593   1.19351   1.19682   
1.16363   1.16614   1.17231   1.1798    1.186     1.18854   

Species 2
1.18854   1.19683   1.21415   1.23453   1.25222   1.26082   
1.186     1.19351   1.20944   1.22822   1.24444   1.25222   
1.1798    1.18594   1.19916   1.21479   1.22822   1.23453   
1.17231   1.17692   1.18709   1.19916   1.20944   1.21415   
1.16614   1.1694    1.17692   1.18594   1.19351   1.19683   
1.16363   1.16614   1.17231   1.1798    1.186     1.18854   

Species 3
1.18854   1.19683   1.21416   1.23453   1.25222   1.26082   
1.18601   1.19351   1.20944   1.22822   1.24444   1.25222   
1.1798    1.18594   1.19916   1.21479   1.22822   1.23453   
1.17231   1.17692   1.18709   1.19916   1.20944   1.21416   
1.16614   1.1694    1.17692   1.18594   1.19351   1.19683   
1.16363   1.16614   1.17231   1.1798    1.18601   1.18854   

Species 4
35656.3   35903.1   36424.2   37033.8   37564.6   37822.3   
35578.4   35804.9   36281.3   36845.5   37330.9   37564.6   
35393.9   35575.9   35974.4   36441.4   36845.5   37033.8   
35167.5   35307.4   35610.6   35974.4   36281.3   36424.2   
34984.3   35080.2   35307.4   35575.9   35804.9   35903.1   
34907.5   34984.3   35167.5   35393.9   35578.4   35656.3   

Species 5
35656.3   35903.1   36424.2   37033.8   37564.6   37822.3   
35578.4   35804.9   36281.3   36845.5   37330.9   37564.6   
35393.9   35575.9   35974.4   36441.4   36845.5   37033.8   
35167.5   35307.4   35610.6   35974.4   36281.3   36424.2   
34984.3   35080.2   35307.4   35575.9   35804.9   35903.1   
34907.5   34984.3   35167.5   35393.9   35578.4   35656.3   

Species 6
35656.3   35903.1   36424.2   37033.8   37564.6   37822.3   
35578.4   35804.9   36281.3   36845.5   37330.9   37564.6   
35393.9   35575.9   35974.4   36441.4   36845.5   37033.8   
35167.5   35307.4   35610.6   35974.4   36281.3   36424.2   
34984.3   35080.2   35307.4   35575.9   35804.9   35903.1   
34907.5   34984.3   35167.5   35393.9   35578.4   35656.3   

t =   8.00e+00  nst = 232  nfe = 0  nfi = 3780  nni = 2567  hu =    1.06e-01

t =   9.00e+00  nst = 242  nfe = 0  nfi = 3930  nni = 2652  hu =    8.10e-02

t =   1.00e+01  nst = 258  nfe = 0  nfi = 4237  nni = 2839  hu =    1.04e-01

c values at t = 10:

Species 1
1.18838   1.19667   1.21399   1.23437   1.25205   1.26066   
1.18585   1.19335   1.20928   1.22805   1.24428   1.25205   
1.17964   1.18578   1.199     1.21463   1.22805   1.23437   
1.17215   1.17676   1.18693   1.199     1.20928   1.21399   
1.16598   1.16925   1.17676   1.18578   1.19335   1.19667   
1.16347   1.16598   1.17215   1.17964   1.18585   1.18838   

Species 2
1.18838   1.19667   1.21399   1.23437   1.25205   1.26066   
1.18585   1.19335   1.20928   1.22805   1.24428   1.25205   
1.17964   1.18578   1.199     1.21463   1.22805   1.23437   
1.17215   1.17676   1.18693   1.199     1.20928   1.21399   
1.16598   1.16925   1.17676   1.18578   1.19335   1.19667   
1.16347   1.16598   1.17215   1.17964   1.18585   1.18838   

Species 3
1.18838   1.19667   1.21399   1.23437   1.25205   1.26066   
1.18585   1.19335   1.20928   1.22805   1.24428   1.25205   
1.17964   1.18578   1.199     1.21463   1.22805   1.23437   
1.17215   1.17676   1.18693   1.199     1.20928   1.21399   
1.16598   1.16925   1.17676   1.18578   1.19335   1.19667   
1.16347   1.16598   1.17215   1.17964   1.18585   1.18838   

Species 4
35650.7   35898.7   36418.4   37029.1   37559.5   37817.2   
35574.6   35799.6   36277     36840.1   37326.5   37559.5   
35388.4   35572.2   35968.8   36437.6   36840.1   37029.1   
35163.6   35302     35606.7   35968.8   36277     36418.4   
34978.7   35076.4   35302     35572.2   35799.6   35898.7   
34903.4   34978.7   35163.6   35388.4   35574.6   35650.7   

Species 5
35650.7   35898.7   36418.4   37029.1   37559.5   37817.2   
35574.6   35799.6   36277     36840.1   37326.5   37559.5   
35388.4   35572.2   35968.8   36437.6   36840.1   37029.1   
35163.6   35302     35606.7   35968.8   36277     36418.4   
34978.7   35076.4   35302     35572.2   35799.6   35898.7   
34903.4   34978.7   35163.6   35388.4   35574.6   35650.7   

Species 6
35650.7   35898.7   36418.4   37029.1   37559.5   37817.2   
35574.6   35799.6   36277     36840.1   37326.5   37559.5   
35388.4   35572.2   35968.8   36437.6   36840.1   37029.1   
35163.6   35302     35606.7   35968.8   36277     36418.4   
34978.7   35076.4   35302     35572.2   35799.6   35898.7   
34903.4   34978.7   35163.6   35388.4   35574.6   35650.7   



 Final statistics for this run:

 ARKStep real workspace length         = 3556 
 ARKStep integer workspace length      =  128 
 ARKLS real workspace length           = 2647 
 ARKLS integer workspace length        =   42 
 Number of steps                       =  258 
 Number of f-s (explicit)              =    0 
 Number of f-s (implicit)              = 4237 
 Number of f-s (SPGMR)                 = 8818 
 Number of f-s (TOTAL)                 = 8818 
 Number of setups                      =  109 
 Number of nonlinear iterations        = 2839 
 Number of linear iterations           = 8818 
 Number of preconditioner evaluations  =  109 
 Number of preconditioner solves       = 11560 
 Number of error test failures         =   20 
 Number of nonlinear conv. failures    =    9 
 Number of linear convergence failures =  508 
 Average Krylov subspace dimension     = 3.106 


----------------------------------------------------------------------------
----------------------------------------------------------------------------


Preconditioner type is           jpre = PREC_LEFT

Gram-Schmidt method type is    gstype = CLASSICAL_GS


t =   1.00e-08  nst = 5  nfe = 0  nfi = 75  nni = 47  hu =    9.89e-08

t =   1.00e-07  nst = 5  nfe = 0  nfi = 75  nni = 47  hu =    9.89e-08

t =   1.00e-06  nst = 8  nfe = 0  nfi = 120  nni = 77  hu =    4.79e-07

t =   1.00e-05  nst = 27  nfe = 0  nfi = 407  nni = 269  hu =    4.79e-07

t =   1.00e-04  nst = 106  nfe = 0  nfi = 1688  nni = 1155  hu =    1.70e-05

t =   1.00e-03  nst = 110  nfe = 0  nfi = 1750  nni = 1197  hu =    1.51e-03

t =   1.00e-02  nst = 113  nfe = 0  nfi = 1797  nni = 1229  hu =    3.46e-03

t =   1.00e-01  nst = 127  nfe = 0  nfi = 2024  nni = 1386  hu =    1.28e-02

t =   1.00e+00  nst = 154  nfe = 0  nfi = 2491  nni = 1718  hu =    7.60e-02

t =   2.00e+00  nst = 169  nfe = 0  nfi = 2746  nni = 1896  hu =    8.04e-02

t =   3.00e+00  nst = 181  nfe = 0  nfi = 2950  nni = 2036  hu =    1.01e-01

t =   4.00e+00  nst = 189  nfe = 0  nfi = 3073  nni = 2119  hu =    1.33e-01

t =   5.00e+00  nst = 199  nfe = 0  nfi = 3242  nni = 2227  hu =    9.38e-02

t =   6.00e+00  nst = 211  nfe = 0  nfi = 3442  nni = 2352  hu =    1.13e-01

t =   7.00e+00  nst = 220  nfe = 0  nfi = 3612  nni = 2457  hu =    1.11e-01

t =   8.00e+00  nst = 230  nfe = 0  nfi = 3751  nni = 2536  hu =    1.01e-01

t =   9.00e+00  nst = 247  nfe = 0  nfi = 4059  nni = 2725  hu =    9.38e-02

t =   1.00e+01  nst = 264  nfe = 0  nfi = 4355  nni = 2901  hu =    9.24e-02



 Final statistics for this run:

 ARKStep real workspace length         = 3596 
 ARKStep integer workspace length      =  136 
 ARKLS real workspace length           = 2647 
 ARKLS integer workspace length        =   42 
 Number of steps                       =  264 
 Number of f-s (explicit)              =    0 
 Number of f-s (implicit)              = 4355 
 Number of f-s (SPGMR)                 = 9113 
 Number of f-s (TOTAL)                 = 9113 
 Number of setups                      =  106 
 Number of nonlinear iterations        = 2901 
 Number of linear iterations           = 9113 
 Number of preconditioner evaluations  =  106 
 Number of preconditioner solves       = 11919 
 Number of error test failures         =   24 
 Number of nonlinear conv. failures    =    8 
 Number of linear convergence failures =  577 
 Average Krylov subspace dimension     = 3.141 


----------------------------------------------------------------------------
----------------------------------------------------------------------------


Preconditioner type is           jpre = PREC_RIGHT

Gram-Schmidt method type is    gstype = MODIFIED_GS


t =   1.00e-08  nst = 5  nfe = 0  nfi = 75  nni = 47  hu =    9.89e-08

t =   1.00e-07  nst = 5  nfe = 0  nfi = 75  nni = 47  hu =    9.89e-08

t =   1.00e-06  nst = 8  nfe = 0  nfi = 120  nni = 77  hu =    4.79e-07

t =   1.00e-05  nst = 27  nfe = 0  nfi = 407  nni = 269  hu =    4.79e-07

t =   1.00e-04  nst = 106  nfe = 0  nfi = 1688  nni = 1155  hu =    1.70e-05

t =   1.00e-03  nst = 110  nfe = 0  nfi = 1750  nni = 1197  hu =    1.50e-03

t =   1.00e-02  nst = 113  nfe = 0  nfi = 1797  nni = 1229  hu =    3.42e-03

t =   1.00e-01  nst = 127  nfe = 0  nfi = 2023  nni = 1385  hu =    1.23e-02

t =   1.00e+00  nst = 166  nfe = 0  nfi = 2714  nni = 1875  hu =    2.40e-02

t =   2.00e+00  nst = 214  nfe = 0  nfi = 3550  nni = 2460  hu =    2.34e-02

t =   3.00e+00  nst = 249  nfe = 0  nfi = 4111  nni = 2846  hu =    3.57e-02

t =   4.00e+00  nst = 272  nfe = 0  nfi = 4472  nni = 3092  hu =    5.08e-02

t =   5.00e+00  nst = 297  nfe = 0  nfi = 4851  nni = 3346  hu =    5.14e-02

t =   6.00e+00  nst = 315  nfe = 0  nfi = 5117  nni = 3522  hu =    6.88e-02

t =   7.00e+00  nst = 328  nfe = 0  nfi = 5302  nni = 3642  hu =    8.22e-02

t =   8.00e+00  nst = 338  nfe = 0  nfi = 5441  nni = 3731  hu =    8.52e-02

t =   9.00e+00  nst = 349  nfe = 0  nfi = 5592  nni = 3827  hu =    1.11e-01

t =   1.00e+01  nst = 359  nfe = 0  nfi = 5722  nni = 3907  hu =    1.35e-01



 Final statistics for this run:

 ARKStep real workspace length         = 3636 
 ARKStep integer workspace length      =  144 
 ARKLS real workspace length           = 2647 
 ARKLS integer workspace length        =   42 
 Number of steps                       =  359 
 Number of f-s (explicit)              =    0 
 Number of f-s (implicit)              = 5722 
 Number of f-s (SPGMR)                 = 12904 
 Number of f-s (TOTAL)                 = 12904 
 Number of setups                      =  253 
 Number of nonlinear iterations        = 3907 
 Number of linear iterations           = 12904 
 Number of preconditioner evaluations  =  253 
 Number of preconditioner solves       = 16594 
 Number of error test failures         =    0 
 Number of nonlinear conv. failures    =  103 
 Number of linear convergence failures = 1072 
 Average Krylov subspace dimension     = 3.303 


----------------------------------------------------------------------------
----------------------------------------------------------------------------


Preconditioner type is           jpre = PREC_RIGHT

Gram-Schmidt method type is    gstype = CLASSICAL_GS


t =   1.00e-08  nst = 5  nfe = 0  nfi = 75  nni = 47  hu =    9.89e-08

t =   1.00e-07  nst = 5  nfe = 0  nfi = 75  nni = 47  hu =    9.89e-08

t =   1.00e-06  nst = 8  nfe = 0  nfi = 120  nni = 77  hu =    4.79e-07

t =   1.00e-05  nst = 27  nfe = 0  nfi = 407  nni = 269  hu =    4.79e-07

t =   1.00e-04  nst = 106  nfe = 0  nfi = 1688  nni = 1155  hu =    1.70e-05

t =   1.00e-03  nst = 110  nfe = 0  nfi = 1750  nni = 1197  hu =    1.50e-03

t =   1.00e-02  nst = 113  nfe = 0  nfi = 1797  nni = 1229  hu =    3.42e-03

t =   1.00e-01  nst = 127  nfe = 0  nfi = 2023  nni = 1385  hu =    1.23e-02

t =   1.00e+00  nst = 166  nfe = 0  nfi = 2714  nni = 1875  hu =    2.40e-02

t =   2.00e+00  nst = 214  nfe = 0  nfi = 3556  nni = 2465  hu =    2.34e-02

t =   3.00e+00  nst = 249  nfe = 0  nfi = 4117  nni = 2851  hu =    3.57e-02

t =   4.00e+00  nst = 272  nfe = 0  nfi = 4478  nni = 3097  hu =    5.08e-02

t =   5.00e+00  nst = 297  nfe = 0  nfi = 4857  nni = 3351  hu =    5.14e-02

t =   6.00e+00  nst = 315  nfe = 0  nfi = 5123  nni = 3527  hu =    6.89e-02

t =   7.00e+00  nst = 328  nfe = 0  nfi = 5308  nni = 3647  hu =    9.31e-02

t =   8.00e+00  nst = 339  nfe = 0  nfi = 5464  nni = 3748  hu =    9.70e-02

t =   9.00e+00  nst = 349  nfe = 0  nfi = 5598  nni = 3832  hu =    1.12e-01

t =   1.00e+01  nst = 359  nfe = 0  nfi = 5728  nni = 3912  hu =    1.31e-01



 Final statistics for this run:

 ARKStep real workspace length         = 3676 
 ARKStep integer workspace length      =  152 
 ARKLS real workspace length           = 2647 
 ARKLS integer workspace length        =   42 
 Number of steps                       =  359 
 Number of f-s (explicit)              =    0 
 Number of f-s (implicit)              = 5728 
 Number of f-s (SPGMR)                 = 12934 
 Number of f-s (TOTAL)                 = 12934 
 Number of setups                      =  254 
 Number of nonlinear iterations        = 3912 
 Number of linear iterations           = 12934 
 Number of preconditioner evaluations  =  254 
 Number of preconditioner solves       = 16627 
 Number of error test failures         =    0 
 Number of nonlinear conv. failures    =  103 
 Number of linear convergence failures = 1076 
 Average Krylov subspace dimension     = 3.306 


----------------------------------------------------------------------------
----------------------------------------------------------------------------
