Ignore negative solution components

At t = 4.0000e-01      y =  9.851672e-01    3.386301e-05    1.479891e-02
At t = 4.0000e+00      y =  9.055252e-01    2.240581e-05    9.445234e-02
At t = 4.0000e+01      y =  7.158189e-01    9.185220e-06    2.841719e-01
At t = 4.0000e+02      y =  4.505801e-01    3.223553e-06    5.494167e-01
At t = 4.0000e+03      y =  1.832011e-01    8.942291e-07    8.167980e-01
At t = 4.0000e+04      y =  3.898916e-02    1.622049e-07    9.610107e-01
At t = 4.0000e+05      y =  4.943588e-03    1.987140e-08    9.950564e-01
At t = 4.0000e+06      y =  5.164758e-04    2.066957e-09    9.994835e-01
At t = 4.0000e+07      y =  5.203589e-05    2.081544e-10    9.999480e-01
At t = 4.0000e+08      y =  5.068590e-06    2.027448e-11    9.999949e-01
At t = 4.0000e+09      y =  4.640158e-07    1.856064e-12    9.999995e-01
At t = 4.0000e+10      y =  2.661625e-08    1.064651e-13    1.000000e+00
At t = 4.0000e+11      y = -1.602947e+08   -4.000000e-06    1.602947e+08
At t = 4.0000e+12      y = -1.888303e+09   -4.000000e-06    1.888303e+09

Final Statistics:
nst = 983    nfe  = 1613   nsetups = 233    nfeLS = 168    nje = 56
nni = 1610   ncfn = 5      netf = 59    
 
Intercept negative solution components

At t = 4.0000e-01      y =  9.851672e-01    3.386301e-05    1.479891e-02
At t = 4.0000e+00      y =  9.055252e-01    2.240581e-05    9.445234e-02
At t = 4.0000e+01      y =  7.158189e-01    9.185220e-06    2.841719e-01
At t = 4.0000e+02      y =  4.505801e-01    3.223553e-06    5.494167e-01
At t = 4.0000e+03      y =  1.832011e-01    8.942291e-07    8.167980e-01
At t = 4.0000e+04      y =  3.898916e-02    1.622049e-07    9.610107e-01
At t = 4.0000e+05      y =  4.943588e-03    1.987140e-08    9.950564e-01
At t = 4.0000e+06      y =  5.164758e-04    2.066957e-09    9.994835e-01
At t = 4.0000e+07      y =  5.203589e-05    2.081544e-10    9.999480e-01
At t = 4.0000e+08      y =  5.068590e-06    2.027448e-11    9.999949e-01
At t = 4.0000e+09      y =  4.640158e-07    1.856064e-12    9.999995e-01
At t = 4.0000e+10      y =  5.539321e-08    2.215729e-13    9.999999e-01
At t = 4.0000e+11      y =  1.114236e-08    4.456945e-14    1.000000e+00
At t = 4.0000e+12      y =  2.160024e-08    8.640096e-14    1.000000e+00

Final Statistics:
nst = 559    nfe  = 810    nsetups = 126    nfeLS = 72     nje = 24
nni = 795    ncfn = 7      netf = 19    
 
