1D Advection-Reaction Test Problem
Number of Processors = 4
Mesh Info:
  Nx   = 100
  Npts = 25
  xmax =  1.00000E+00
  dx   =  1.00000E-02
Problem Parameters:
  A =  1.00000E+00
  B =  3.50000E+00
  k =  1.00000E+00
  c =  1.00000E-02
Integrator Options:
  t0         =  0.00000E+00
  tf         =  1.00000E+01
  reltol     =  1.00000E-06
  abstol     =  1.00000E-09
  order      = 3
  explicit   = F
  fused ops  = F
  global NLS = T
  nout       = 40
 
      t           ||u||_rms       ||v||_rms       ||w||_rms
 -----------------------------------------------------------
 0.00000E+00     1.06021E+00     3.55993E+00     3.05995E+00
 2.50000E-01     1.13498E+00     3.46331E+00     3.49998E+00
 5.00000E-01     1.25125E+00     3.30748E+00     3.49998E+00
 7.50000E-01     1.42178E+00     3.07617E+00     3.49998E+00
 1.00000E+00     1.61797E+00     2.78970E+00     3.49997E+00
 1.25000E+00     1.73861E+00     2.52564E+00     3.49997E+00
 1.50000E+00     1.72431E+00     2.34664E+00     3.49997E+00
 1.75000E+00     1.60933E+00     2.26740E+00     3.49997E+00
 2.00000E+00     1.44194E+00     2.28479E+00     3.49997E+00
 2.25000E+00     1.25455E+00     2.38711E+00     3.49998E+00
 2.50000E+00     1.06786E+00     2.55298E+00     3.49998E+00
 2.75000E+00     8.94914E-01     2.75580E+00     3.49999E+00
 3.00000E+00     7.42698E-01     2.97271E+00     3.49999E+00
 3.25000E+00     6.14424E-01     3.18968E+00     3.49999E+00
 3.50000E+00     5.11703E-01     3.40029E+00     3.49999E+00
 3.75000E+00     4.35022E-01     3.60235E+00     3.49999E+00
 4.00000E+00     3.82884E-01     3.79561E+00     3.49999E+00
 4.25000E+00     3.51268E-01     3.98079E+00     3.49999E+00
 4.50000E+00     3.34675E-01     4.15907E+00     3.49999E+00
 4.75000E+00     3.27999E-01     4.33168E+00     3.49999E+00
 5.00000E+00     3.27576E-01     4.49959E+00     3.49999E+00
 5.25000E+00     3.31182E-01     4.66336E+00     3.49999E+00
 5.50000E+00     3.37619E-01     4.82316E+00     3.49999E+00
 5.75000E+00     3.46346E-01     4.97885E+00     3.49999E+00
 6.00000E+00     3.57245E-01     5.12994E+00     3.49999E+00
 6.25000E+00     3.70526E-01     5.27566E+00     3.49999E+00
 6.50000E+00     3.86740E-01     5.41481E+00     3.49999E+00
 6.75000E+00     4.06897E-01     5.54555E+00     3.49999E+00
 7.00000E+00     4.32797E-01     5.66494E+00     3.49999E+00
 7.25000E+00     4.67856E-01     5.76789E+00     3.49999E+00
 7.50000E+00     5.19324E-01     5.84448E+00     3.49999E+00
 7.75000E+00     6.05996E-01     5.87157E+00     3.49999E+00
 8.00000E+00     7.97170E-01     5.77534E+00     3.49999E+00
 8.25000E+00     1.62902E+00     5.13503E+00     3.49997E+00
 8.50000E+00     3.77490E+00     3.49950E+00     3.49994E+00
 8.75000E+00     4.02579E+00     2.19493E+00     3.49993E+00
 9.00000E+00     3.87738E+00     9.67603E-01     3.49993E+00
 9.25000E+00     3.14890E+00     1.08723E+00     3.49995E+00
 9.50000E+00     2.47156E+00     1.32287E+00     3.49996E+00
 9.75000E+00     1.91234E+00     1.59492E+00     3.49997E+00
 1.00000E+01     1.45025E+00     1.89616E+00     3.49998E+00
 -----------------------------------------------------------
 
Final Solver Statistics (for processor 0):
  Steps            = 482
  Step attempts    = 482
  Error test fails = 0
  NLS fails        = 0
  RHS evals Fe     = 1931
  RHS evals Fi     = 4835
  NLS iters        = 2904
  LS iters         = 9286
  P setups         = 9
  P solves         = 12085
