 
1-D advection-diffusion equation, mesh size = 10
Sensitivity: YES ( SIMULTANEOUS + FULL ERROR CONTROL ) 
 
 ============================================================
      T     Q       H      NST                    Max norm   
 ============================================================
 5.000E-01  4  7.588E-03  115
                                 Solution          3.0529E+00
                                 Sensitivity 1     3.8668E+00
                                 Sensitivity 2     6.2020E-01
 ------------------------------------------------------------
 1.000E+00  3  7.299E-03  195
                                 Solution          8.7533E-01
                                 Sensitivity 1     2.1743E+00
                                 Sensitivity 2     1.8909E-01
 ------------------------------------------------------------
 1.500E+00  2  5.777E-03  283
                                 Solution          2.4949E-01
                                 Sensitivity 1     9.1826E-01
                                 Sensitivity 2     7.3922E-02
 ------------------------------------------------------------
 2.000E+00  2  8.232E-03  359
                                 Solution          7.1096E-02
                                 Sensitivity 1     3.4667E-01
                                 Sensitivity 2     2.8228E-02
 ------------------------------------------------------------
 2.500E+00  2  5.632E-03  430
                                 Solution          2.0260E-02
                                 Sensitivity 1     1.2300E-01
                                 Sensitivity 2     1.0085E-02
 ------------------------------------------------------------
 3.000E+00  2  3.720E-03  498
                                 Solution          5.7732E-03
                                 Sensitivity 1     4.1952E-02
                                 Sensitivity 2     3.4555E-03
 ------------------------------------------------------------
 3.500E+00  2  9.923E-03  565
                                 Solution          1.6451E-03
                                 Sensitivity 1     1.3925E-02
                                 Sensitivity 2     1.1669E-03
 ------------------------------------------------------------
 4.000E+00  2  3.014E-03  632
                                 Solution          4.6885E-04
                                 Sensitivity 1     4.5298E-03
                                 Sensitivity 2     3.8631E-04
 ------------------------------------------------------------
 4.500E+00  1  5.132E-03  700
                                 Solution          1.3453E-04
                                 Sensitivity 1     1.4585E-03
                                 Sensitivity 2     1.2610E-04
 ------------------------------------------------------------
 5.000E+00  1  1.031E-02  781
                                 Solution          3.8826E-05
                                 Sensitivity 1     4.6647E-04
                                 Sensitivity 2     4.0758E-05
 ------------------------------------------------------------
 
 Final Statistics
 
 nst     =      781
 nfe     =     1389
 nst     =        0    nsetups   =        0
 nni     =     1386    ncfn      =      125
 
 nfSe    =     2778    nfeS      =     5556
 netfS   =        0    nsetupsS  =        0
 nniS    =        0    ncfnS     =        0
