
Nonlinear Kvaerno-Prothero-Robinson test problem with mass matrix:
    time domain:  (-3,7]
    Time-dependent mass matrix
    ARK solver, order = 5
    Newton nonlinear solver
    Adaptive run with reltol = 1e-05, abstol = 1e-11
    G = -100
    g = 10
    e = 0.5

        t           u           v       uerr      verr
   ------------------------------------------------------
   -3.000000    0.710636    1.363407  0.00e+00  0.00e+00
   -2.900000    0.717388    1.327299  8.73e-05  3.66e-04
   -2.800000    0.728314    1.288641  1.07e-03  1.71e-03
   -2.700000    0.741339    1.252148  1.09e-03  1.89e-03
   -2.600000    0.755772    1.218919  2.41e-04  5.19e-04
   -2.500000    0.775163    1.183340  9.36e-04  5.22e-04
   -2.400000    0.796592    1.149044  2.05e-03  1.84e-03
   -2.300000    0.817654    1.120075  1.04e-03  1.22e-04
   -2.200000    0.843176    1.090371  3.09e-03  1.19e-03
   -2.100000    0.868704    1.064378  4.08e-03  1.83e-03
   -2.000000    0.893196    1.042908  3.29e-03  1.46e-03
   -1.900000    0.916762    1.026017  1.15e-03  4.82e-04
   -1.800000    0.945436    1.012933  3.95e-03  5.90e-05
   -1.700000    0.980666    1.004097  1.34e-02  6.16e-05
   -1.600000    0.998761    1.000587  6.09e-03  3.73e-04
   -1.500000    1.017448    1.000988  8.25e-05  2.63e-04
   -1.400000    1.042940    1.007750  1.32e-03  5.01e-04
   -1.300000    1.071766    1.020789  6.99e-03  2.73e-03
   -1.200000    1.096158    1.037591  9.34e-03  4.17e-03
   -1.100000    1.116122    1.057371  8.51e-03  4.38e-03
   -1.000000    1.133776    1.080322  6.77e-03  3.97e-03
   -0.900000    1.150174    1.106624  5.27e-03  3.59e-03
   -0.800000    1.165496    1.136147  4.31e-03  3.61e-03
   -0.700000    1.179450    1.168433  3.69e-03  4.05e-03
   -0.600000    1.191803    1.202813  3.25e-03  4.75e-03
   -0.500000    1.202130    1.238472  2.63e-03  5.36e-03
   -0.400000    1.210436    1.274789  1.91e-03  5.70e-03
   -0.300000    1.216680    1.310633  1.09e-03  5.08e-03
   -0.200000    1.221032    1.345104  3.63e-04  2.97e-03
   -0.100000    1.223727    1.378032  2.80e-06  4.33e-04
    0.000000    1.224604    1.412721  1.41e-04  1.49e-03
    0.100000    1.223128    1.449128  5.97e-04  4.77e-05
    0.200000    1.219267    1.485113  1.40e-03  2.32e-03
    0.300000    1.213399    1.519147  2.19e-03  4.05e-03
    0.400000    1.206050    1.550292  2.47e-03  4.52e-03
    0.500000    1.197696    1.577986  1.80e-03  3.37e-03
    0.600000    1.188182    1.602312  3.75e-04  8.61e-04
    0.700000    1.175839    1.625020  7.53e-05  1.08e-03
    0.800000    1.159254    1.648147  1.93e-03  2.94e-04
    0.900000    1.140173    1.669602  4.73e-03  1.27e-03
    1.000000    1.120421    1.687986  6.59e-03  2.32e-03
    1.100000    1.101290    1.702694  6.32e-03  2.34e-03
    1.200000    1.083051    1.713755  3.77e-03  1.43e-03
    1.300000    1.064474    1.721636  3.03e-04  1.38e-04
    1.400000    1.041492    1.727466  1.33e-04  3.79e-04
    1.500000    1.013536    1.731237  3.99e-03  9.08e-05
    1.600000    0.984457    1.731961  8.22e-03  3.28e-05
    1.700000    0.957111    1.729388  1.01e-02  2.55e-04
    1.800000    0.932874    1.723796  8.61e-03  6.88e-04
    1.900000    0.911325    1.715739  4.29e-03  7.40e-04
    2.000000    0.890114    1.705753  2.11e-04  8.67e-05
    2.100000    0.864107    1.692643  5.18e-04  5.41e-04
    2.200000    0.835391    1.675464  4.70e-03  3.93e-04
    2.300000    0.808511    1.654919  8.10e-03  2.10e-03
    2.400000    0.785914    1.632068  8.63e-03  3.62e-03
    2.500000    0.768154    1.608069  6.07e-03  3.91e-03
    2.600000    0.754531    1.584376  1.48e-03  1.66e-03
    2.700000    0.740261    1.559180  1.56e-05  1.18e-03
    2.800000    0.724434    1.524972  2.81e-03  3.09e-03
    2.900000    0.715918    1.492839  1.38e-03  3.57e-03
    3.000000    0.710611    1.463290  2.53e-05  3.29e-05
    3.100000    0.707311    1.424683  1.01e-04  4.16e-03
    3.200000    0.708518    1.392506  8.09e-04  9.17e-04
    3.300000    0.711954    1.355294  4.34e-04  2.00e-03
    3.400000    0.721526    1.317145  2.78e-03  3.63e-03
    3.500000    0.729040    1.285553  1.87e-04  1.33e-03
    3.600000    0.746590    1.243533  3.88e-03  4.46e-03
    3.700000    0.761014    1.212342  2.10e-03  1.61e-04
    3.800000    0.779555    1.175901  2.05e-03  2.29e-03
    3.900000    0.803501    1.142951  5.36e-03  2.58e-03
    4.000000    0.819925    1.115851  5.49e-04  8.63e-04
    4.100000    0.850182    1.084064  6.03e-03  3.01e-03
    4.200000    0.870689    1.062493  1.86e-03  2.20e-04
    4.300000    0.897346    1.039678  3.14e-03  1.40e-03
    4.400000    0.925196    1.023112  5.23e-03  8.01e-04
    4.500000    0.945438    1.011315  3.96e-04  1.43e-04
    4.600000    0.975016    1.003205  3.46e-03  5.53e-05
    4.700000    1.000787    1.000237  3.89e-03  1.98e-04
    4.800000    1.023771    1.002064  2.13e-03  1.48e-04
    4.900000    1.049731    1.010069  4.14e-03  1.33e-03
    5.000000    1.069597    1.020192  1.03e-03  1.39e-04
    5.100000    1.094382    1.038873  3.97e-03  2.44e-03
    5.200000    1.111245    1.056062  2.73e-04  6.05e-04
    5.300000    1.133607    1.083908  3.48e-03  3.29e-03
    5.400000    1.147625    1.106806  1.32e-04  1.00e-03
    5.500000    1.166537    1.141480  2.78e-03  3.74e-03
    5.600000    1.177807    1.168831  2.35e-04  1.10e-03
    5.700000    1.192487    1.207635  1.96e-03  3.76e-03
    5.800000    1.201013    1.238372  1.36e-04  7.40e-04
    5.900000    1.211002    1.278614  1.15e-03  3.42e-03
    6.000000    1.216618    1.311855  3.03e-05  1.45e-04
    6.100000    1.221705    1.351089  3.80e-04  2.82e-03
    6.200000    1.224097    1.385673  5.79e-05  1.15e-03
    6.300000    1.224433    1.422213  2.83e-04  2.07e-03
    6.400000    1.223202    1.456776  1.51e-04  1.94e-03
    6.500000    1.219174    1.489612  7.82e-04  1.28e-03
    6.600000    1.213915    1.522834  6.29e-04  2.46e-03
    6.700000    1.206078    1.551321  1.06e-03  5.63e-04
    6.800000    1.196415    1.581959  1.37e-03  2.68e-03
    6.900000    1.185452    1.605738  1.08e-03  1.44e-05
    7.000000    1.171096    1.632645  2.34e-03  2.62e-03
   ------------------------------------------------------

Final Solver Statistics:
   Internal solver steps = 149 (attempted = 150)
   Total number of error test failures = 0
   Total RHS evals:  Fe = 1299,  Fi = 4690
   Total mass matrix setups = 1249
   Total mass matrix solves = 2644
   Total mass times evals = 3540
   Total number of Jacobian evaluations = 183
   Total linear solver setups = 183
   Total number of Nonlinear iterations = 3391
   Total number of Nonlinear convergence failures = 1
   Errors: u = 0.00385864, v = 0.00235449, total = 0.0031963
