
2D Heat PDE test problem:
 --------------------------------- 
  kx             = 1
  ky             = 1
  tf             = 1
  xu             = 1
  yu             = 1
  nx             = 32
  ny             = 32
  dx             = 0.0322581
  dy             = 0.0322581
 --------------------------------- 
  rtol           = 1e-05
  atol           = 1e-10
  order          = 4
  fixed h        = 0
  controller     = 0
  linear         = 0
 --------------------------------- 
  lin iters      = 20
  eps lins       = -1
  prectype       = 0
  msbp           = 0
 ---------------------------------
  output         = 1
 --------------------------------- 

          t                     ||u||_rms                max error      
 -----------------------------------------------------------------------
 0.000000000000000e+00    3.632812500000000e-01    0.000000000000000e+00
 5.000000000000000e-02    3.551986615568279e-01    2.454684194931001e-03
 1.000000000000000e-01    3.296220191732913e-01    2.894030643059042e-03
 1.500000000000000e-01    2.894444398020094e-01    2.833085002067026e-03
 2.000000000000000e-01    2.387096776571122e-01    2.521216484245858e-03
 2.500000000000000e-01    1.824251285290544e-01    2.077147984593408e-03
 3.000000000000000e-01    1.261156577202572e-01    1.577241839268106e-03
 3.500000000000000e-01    7.529894556048333e-02    1.082664456467569e-03
 4.000000000000000e-01    3.495142613540364e-02    6.464276988017298e-04
 4.500000000000000e-01    9.023402855974409e-03    3.129371232064096e-04
 4.999999999999999e-01    5.510170295818334e-05    1.154727755301146e-04
 5.499999999999999e-01    8.918853419137148e-03    7.360086897282778e-05
 6.000000000000000e-01    3.475276659495400e-02    1.915083604049350e-04
 6.500000000000000e-01    7.502607200446998e-02    4.576867394182893e-04
 7.000000000000001e-01    1.257965424503966e-01    8.460929983827303e-04
 7.500000000000001e-01    1.820944128817747e-01    1.318711258268157e-03
 8.000000000000002e-01    2.384088544280530e-01    1.829267883531327e-03
 8.500000000000002e-01    2.892274208116410e-01    2.327806350114314e-03
 9.000000000000002e-01    3.295756367195942e-01    2.765522693258249e-03
 9.500000000000003e-01    3.555039362096672e-01    3.099563535217342e-03
 1.000000000000000e+00    3.644742780004036e-01    3.297235499907236e-03
 -----------------------------------------------------------------------

Final integrator statistics:
  Steps            = 440
  Step attempts    = 440
  Error test fails = 0
  RHS evals        = 6603
  NLS iters        = 4400
  NLS fails        = 0
  LS iters         = 33338
  LS fails         = 395
  LS setups        = 0
  Jv products      = 33338

  Avg NLS iters per step attempt = 10.000000
  Avg LS iters per NLS iter      = 7.576818

  Max error = 3.297235499907236e-03
