    
 Finished initialization, starting time steps
    
        t           y        
 ----------------------------
   0.00000E+00  0.00000E+00
   1.00000E+00  7.85398E-01
   2.00000E+00  1.10715E+00
   3.00000E+00  1.24905E+00
   4.00000E+00  1.32582E+00
   5.00000E+00  1.37340E+00
   6.00000E+00  1.40565E+00
   7.00000E+00  1.42890E+00
   8.00000E+00  1.44644E+00
   9.00000E+00  1.46014E+00
   1.00000E+01  1.47113E+00
  
  General Solver Stats:
    Total internal steps taken =     1817
    Total rhs function calls   =     3934
    Num lin solver setup calls =        0
    Num error test failures    =        0
    Last method order          =        1
    Next method order          =        1
    First internal step size   = 6.10352E-12
    Last internal step size    = 3.95234E-03
    Next internal step size    = 3.95234E-03
    Current internal time      = 1.00010E+01
    Num nonlinear solver iters =     3930
    Num nonlinear solver fails =      614
  
