 
Group of independent 3-species kinetics problems

number of groups = 100

group 0: At t = 4.0000e-01      y =  9.851641e-01    3.386242e-05    1.480205e-02
group 10: At t = 4.0000e-01      y =  9.851641e-01    3.386242e-05    1.480205e-02
group 20: At t = 4.0000e-01      y =  9.851641e-01    3.386242e-05    1.480205e-02
group 30: At t = 4.0000e-01      y =  9.851641e-01    3.386242e-05    1.480205e-02
group 40: At t = 4.0000e-01      y =  9.851641e-01    3.386242e-05    1.480205e-02
group 50: At t = 4.0000e-01      y =  9.851641e-01    3.386242e-05    1.480205e-02
group 60: At t = 4.0000e-01      y =  9.851641e-01    3.386242e-05    1.480205e-02
group 70: At t = 4.0000e-01      y =  9.851641e-01    3.386242e-05    1.480205e-02
group 80: At t = 4.0000e-01      y =  9.851641e-01    3.386242e-05    1.480205e-02
group 90: At t = 4.0000e-01      y =  9.851641e-01    3.386242e-05    1.480205e-02
group 0: At t = 4.0000e+00      y =  9.055097e-01    2.240338e-05    9.446793e-02
group 10: At t = 4.0000e+00      y =  9.055097e-01    2.240338e-05    9.446793e-02
group 20: At t = 4.0000e+00      y =  9.055097e-01    2.240338e-05    9.446793e-02
group 30: At t = 4.0000e+00      y =  9.055097e-01    2.240338e-05    9.446793e-02
group 40: At t = 4.0000e+00      y =  9.055097e-01    2.240338e-05    9.446793e-02
group 50: At t = 4.0000e+00      y =  9.055097e-01    2.240338e-05    9.446793e-02
group 60: At t = 4.0000e+00      y =  9.055097e-01    2.240338e-05    9.446793e-02
group 70: At t = 4.0000e+00      y =  9.055097e-01    2.240338e-05    9.446793e-02
group 80: At t = 4.0000e+00      y =  9.055097e-01    2.240338e-05    9.446793e-02
group 90: At t = 4.0000e+00      y =  9.055097e-01    2.240338e-05    9.446793e-02
group 0: At t = 4.0000e+01      y =  7.157970e-01    9.185362e-06    2.841938e-01
group 10: At t = 4.0000e+01      y =  7.157970e-01    9.185362e-06    2.841938e-01
group 20: At t = 4.0000e+01      y =  7.157970e-01    9.185362e-06    2.841938e-01
group 30: At t = 4.0000e+01      y =  7.157970e-01    9.185362e-06    2.841938e-01
group 40: At t = 4.0000e+01      y =  7.157970e-01    9.185362e-06    2.841938e-01
group 50: At t = 4.0000e+01      y =  7.157970e-01    9.185362e-06    2.841938e-01
group 60: At t = 4.0000e+01      y =  7.157970e-01    9.185362e-06    2.841938e-01
group 70: At t = 4.0000e+01      y =  7.157970e-01    9.185362e-06    2.841938e-01
group 80: At t = 4.0000e+01      y =  7.157970e-01    9.185362e-06    2.841938e-01
group 90: At t = 4.0000e+01      y =  7.157970e-01    9.185362e-06    2.841938e-01
group 0: At t = 4.0000e+02      y =  4.505332e-01    3.223120e-06    5.494635e-01
group 10: At t = 4.0000e+02      y =  4.505332e-01    3.223120e-06    5.494635e-01
group 20: At t = 4.0000e+02      y =  4.505332e-01    3.223120e-06    5.494635e-01
group 30: At t = 4.0000e+02      y =  4.505332e-01    3.223120e-06    5.494635e-01
group 40: At t = 4.0000e+02      y =  4.505332e-01    3.223120e-06    5.494635e-01
group 50: At t = 4.0000e+02      y =  4.505332e-01    3.223120e-06    5.494635e-01
group 60: At t = 4.0000e+02      y =  4.505332e-01    3.223120e-06    5.494635e-01
group 70: At t = 4.0000e+02      y =  4.505332e-01    3.223120e-06    5.494635e-01
group 80: At t = 4.0000e+02      y =  4.505332e-01    3.223120e-06    5.494635e-01
group 90: At t = 4.0000e+02      y =  4.505332e-01    3.223120e-06    5.494635e-01
group 0: At t = 4.0000e+03      y =  1.832037e-01    8.942267e-07    8.167954e-01
group 10: At t = 4.0000e+03      y =  1.832037e-01    8.942267e-07    8.167954e-01
group 20: At t = 4.0000e+03      y =  1.832037e-01    8.942267e-07    8.167954e-01
group 30: At t = 4.0000e+03      y =  1.832037e-01    8.942267e-07    8.167954e-01
group 40: At t = 4.0000e+03      y =  1.832037e-01    8.942267e-07    8.167954e-01
group 50: At t = 4.0000e+03      y =  1.832037e-01    8.942267e-07    8.167954e-01
group 60: At t = 4.0000e+03      y =  1.832037e-01    8.942267e-07    8.167954e-01
group 70: At t = 4.0000e+03      y =  1.832037e-01    8.942267e-07    8.167954e-01
group 80: At t = 4.0000e+03      y =  1.832037e-01    8.942267e-07    8.167954e-01
group 90: At t = 4.0000e+03      y =  1.832037e-01    8.942267e-07    8.167954e-01
group 0: At t = 4.0000e+04      y =  3.897898e-02    1.621577e-07    9.610209e-01
group 10: At t = 4.0000e+04      y =  3.897898e-02    1.621577e-07    9.610209e-01
group 20: At t = 4.0000e+04      y =  3.897898e-02    1.621577e-07    9.610209e-01
group 30: At t = 4.0000e+04      y =  3.897898e-02    1.621577e-07    9.610209e-01
group 40: At t = 4.0000e+04      y =  3.897898e-02    1.621577e-07    9.610209e-01
group 50: At t = 4.0000e+04      y =  3.897898e-02    1.621577e-07    9.610209e-01
group 60: At t = 4.0000e+04      y =  3.897898e-02    1.621577e-07    9.610209e-01
group 70: At t = 4.0000e+04      y =  3.897898e-02    1.621577e-07    9.610209e-01
group 80: At t = 4.0000e+04      y =  3.897898e-02    1.621577e-07    9.610209e-01
group 90: At t = 4.0000e+04      y =  3.897898e-02    1.621577e-07    9.610209e-01
group 0: At t = 4.0000e+05      y =  4.938700e-03    1.985176e-08    9.950613e-01
group 10: At t = 4.0000e+05      y =  4.938700e-03    1.985176e-08    9.950613e-01
group 20: At t = 4.0000e+05      y =  4.938700e-03    1.985176e-08    9.950613e-01
group 30: At t = 4.0000e+05      y =  4.938700e-03    1.985176e-08    9.950613e-01
group 40: At t = 4.0000e+05      y =  4.938700e-03    1.985176e-08    9.950613e-01
group 50: At t = 4.0000e+05      y =  4.938700e-03    1.985176e-08    9.950613e-01
group 60: At t = 4.0000e+05      y =  4.938700e-03    1.985176e-08    9.950613e-01
group 70: At t = 4.0000e+05      y =  4.938700e-03    1.985176e-08    9.950613e-01
group 80: At t = 4.0000e+05      y =  4.938700e-03    1.985176e-08    9.950613e-01
group 90: At t = 4.0000e+05      y =  4.938700e-03    1.985176e-08    9.950613e-01
group 0: At t = 4.0000e+06      y =  5.168350e-04    2.068393e-09    9.994832e-01
group 10: At t = 4.0000e+06      y =  5.168350e-04    2.068393e-09    9.994832e-01
group 20: At t = 4.0000e+06      y =  5.168350e-04    2.068393e-09    9.994832e-01
group 30: At t = 4.0000e+06      y =  5.168350e-04    2.068393e-09    9.994832e-01
group 40: At t = 4.0000e+06      y =  5.168350e-04    2.068393e-09    9.994832e-01
group 50: At t = 4.0000e+06      y =  5.168350e-04    2.068393e-09    9.994832e-01
group 60: At t = 4.0000e+06      y =  5.168350e-04    2.068393e-09    9.994832e-01
group 70: At t = 4.0000e+06      y =  5.168350e-04    2.068393e-09    9.994832e-01
group 80: At t = 4.0000e+06      y =  5.168350e-04    2.068393e-09    9.994832e-01
group 90: At t = 4.0000e+06      y =  5.168350e-04    2.068393e-09    9.994832e-01
group 0: At t = 4.0000e+07      y =  5.205751e-05    2.082407e-10    9.999479e-01
group 10: At t = 4.0000e+07      y =  5.205751e-05    2.082407e-10    9.999479e-01
group 20: At t = 4.0000e+07      y =  5.205751e-05    2.082407e-10    9.999479e-01
group 30: At t = 4.0000e+07      y =  5.205751e-05    2.082407e-10    9.999479e-01
group 40: At t = 4.0000e+07      y =  5.205751e-05    2.082407e-10    9.999479e-01
group 50: At t = 4.0000e+07      y =  5.205751e-05    2.082407e-10    9.999479e-01
group 60: At t = 4.0000e+07      y =  5.205751e-05    2.082407e-10    9.999479e-01
group 70: At t = 4.0000e+07      y =  5.205751e-05    2.082407e-10    9.999479e-01
group 80: At t = 4.0000e+07      y =  5.205751e-05    2.082407e-10    9.999479e-01
group 90: At t = 4.0000e+07      y =  5.205751e-05    2.082407e-10    9.999479e-01
group 0: At t = 4.0000e+08      y =  5.206494e-06    2.082608e-11    9.999948e-01
group 10: At t = 4.0000e+08      y =  5.206494e-06    2.082608e-11    9.999948e-01
group 20: At t = 4.0000e+08      y =  5.206494e-06    2.082608e-11    9.999948e-01
group 30: At t = 4.0000e+08      y =  5.206494e-06    2.082608e-11    9.999948e-01
group 40: At t = 4.0000e+08      y =  5.206494e-06    2.082608e-11    9.999948e-01
group 50: At t = 4.0000e+08      y =  5.206494e-06    2.082608e-11    9.999948e-01
group 60: At t = 4.0000e+08      y =  5.206494e-06    2.082608e-11    9.999948e-01
group 70: At t = 4.0000e+08      y =  5.206494e-06    2.082608e-11    9.999948e-01
group 80: At t = 4.0000e+08      y =  5.206494e-06    2.082608e-11    9.999948e-01
group 90: At t = 4.0000e+08      y =  5.206494e-06    2.082608e-11    9.999948e-01
group 0: At t = 4.0000e+09      y =  5.197664e-07    2.079066e-12    9.999995e-01
group 10: At t = 4.0000e+09      y =  5.197664e-07    2.079066e-12    9.999995e-01
group 20: At t = 4.0000e+09      y =  5.197664e-07    2.079066e-12    9.999995e-01
group 30: At t = 4.0000e+09      y =  5.197664e-07    2.079066e-12    9.999995e-01
group 40: At t = 4.0000e+09      y =  5.197664e-07    2.079066e-12    9.999995e-01
group 50: At t = 4.0000e+09      y =  5.197664e-07    2.079066e-12    9.999995e-01
group 60: At t = 4.0000e+09      y =  5.197664e-07    2.079066e-12    9.999995e-01
group 70: At t = 4.0000e+09      y =  5.197664e-07    2.079066e-12    9.999995e-01
group 80: At t = 4.0000e+09      y =  5.197664e-07    2.079066e-12    9.999995e-01
group 90: At t = 4.0000e+09      y =  5.197664e-07    2.079066e-12    9.999995e-01
group 0: At t = 4.0000e+10      y =  5.311030e-08    2.124412e-13    9.999999e-01
group 10: At t = 4.0000e+10      y =  5.311030e-08    2.124412e-13    9.999999e-01
group 20: At t = 4.0000e+10      y =  5.311030e-08    2.124412e-13    9.999999e-01
group 30: At t = 4.0000e+10      y =  5.311030e-08    2.124412e-13    9.999999e-01
group 40: At t = 4.0000e+10      y =  5.311030e-08    2.124412e-13    9.999999e-01
group 50: At t = 4.0000e+10      y =  5.311030e-08    2.124412e-13    9.999999e-01
group 60: At t = 4.0000e+10      y =  5.311030e-08    2.124412e-13    9.999999e-01
group 70: At t = 4.0000e+10      y =  5.311030e-08    2.124412e-13    9.999999e-01
group 80: At t = 4.0000e+10      y =  5.311030e-08    2.124412e-13    9.999999e-01
group 90: At t = 4.0000e+10      y =  5.311030e-08    2.124412e-13    9.999999e-01

Final Statistics:
nst = 638    nfe  = 957    nsetups = 129    nje = 12
nni = 954    ncfn = 0      netf = 40        nge = 0
 
