
2D Heat PDE test problem:
 --------------------------------- 
  nprocs         = 4
  npx            = 2
  npy            = 2
 --------------------------------- 
  kx             = 1
  ky             = 1
  tf             = 1
  xu             = 1
  yu             = 1
  nx             = 32
  ny             = 32
  nxl (proc 0)   = 16
  nyl (proc 0)   = 16
  dx             = 0.0322581
  dy             = 0.0322581
 --------------------------------- 
  rtol           = 1e-05
  atol           = 1e-10
  order          = 4
  fixed h        = 0
  controller     = 0
  linear         = 0
 --------------------------------- 
  lin iters      = 20
  eps lins       = -1
  prectype       = 0
  msbp           = 0
 ---------------------------------
  output         = 1
 --------------------------------- 

          t                     ||u||_rms                max error      
 -----------------------------------------------------------------------
 0.000000000000000e+00    3.632812500000001e-01    0.000000000000000e+00
 5.000000000000000e-02    3.551986615568495e-01    2.454684219931558e-03
 1.000000000000000e-01    3.296220191732778e-01    2.894030671461767e-03
 1.500000000000000e-01    2.894444398020015e-01    2.833085002084013e-03
 2.000000000000000e-01    2.387096776571191e-01    2.521216484595135e-03
 2.500000000000000e-01    1.824251285290688e-01    2.077147985052652e-03
 3.000000000000000e-01    1.261156577202798e-01    1.577241838925214e-03
 3.500000000000000e-01    7.529894556048976e-02    1.082664456767024e-03
 4.000000000000000e-01    3.495142613538733e-02    6.464276990569007e-04
 4.500000000000000e-01    9.023402855976602e-03    3.129371231786679e-04
 4.999999999999999e-01    5.510170295803214e-05    1.154727755298640e-04
 5.499999999999999e-01    8.918853419137372e-03    7.360086893943088e-05
 6.000000000000000e-01    3.475276659495353e-02    1.915083603980378e-04
 6.500000000000000e-01    7.502607200446974e-02    4.576867395985340e-04
 7.000000000000001e-01    1.257965424504027e-01    8.460929994979494e-04
 7.500000000000001e-01    1.820944128817671e-01    1.318711258057215e-03
 8.000000000000002e-01    2.384088544279974e-01    1.829267883849850e-03
 8.500000000000002e-01    2.892274208114921e-01    2.327806366559271e-03
 9.000000000000002e-01    3.295756367194959e-01    2.765522689672451e-03
 9.500000000000003e-01    3.555039362094150e-01    3.099563536121286e-03
 1.000000000000000e+00    3.644742780002746e-01    3.297235497851436e-03
 -----------------------------------------------------------------------

Final integrator statistics:
  Steps            = 440
  Step attempts    = 440
  Error test fails = 0
  RHS evals        = 6603
  NLS iters        = 4400
  NLS fails        = 0
  LS iters         = 33300
  LS fails         = 395
  LS setups        = 0
  Jv products      = 33300

  Avg NLS iters per step attempt = 10.000000
  Avg LS iters per NLS iter      = 7.568182

  Max error = 3.297235497851436e-03
