
3-species chemical kinetics problem
Sensitivity: YES ( STAGGERED1 + FULL ERROR CONTROL )

=======================================================================
     T     Q       H      NST           y1           y2           y3    
=======================================================================
4.000e-01  3  5.346e-02   105
                  Solution         9.8517e-01   3.3864e-05   1.4794e-02 
                  Sensitivity 1   -3.5595e-01   3.9025e-04   3.5556e-01 
                  Sensitivity 2    9.5428e-08  -2.1310e-10  -9.5215e-08 
                  Sensitivity 3   -1.5833e-11  -5.2901e-13   1.6362e-11 
-----------------------------------------------------------------------
4.000e+00  4  2.676e-01   140
                  Solution         9.0552e-01   2.2405e-05   9.4457e-02 
                  Sensitivity 1   -1.8760e+00   1.7923e-04   1.8758e+00 
                  Sensitivity 2    2.9615e-06  -5.8302e-10  -2.9610e-06 
                  Sensitivity 3   -4.9337e-10  -2.7627e-13   4.9364e-10 
-----------------------------------------------------------------------
4.000e+01  2  1.483e+00   256
                  Solution         7.1582e-01   9.1851e-06   2.8417e-01 
                  Sensitivity 1   -4.2477e+00   4.5907e-05   4.2476e+00 
                  Sensitivity 2    1.3732e-05  -2.3569e-10  -1.3731e-05 
                  Sensitivity 3   -2.2885e-09  -1.1380e-13   2.2886e-09 
-----------------------------------------------------------------------
4.000e+02  2  8.856e+00   386
                  Solution         4.5047e-01   3.2223e-06   5.4953e-01 
                  Sensitivity 1   -5.9588e+00   3.5358e-06   5.9588e+00 
                  Sensitivity 2    2.2740e-05  -2.2567e-11  -2.2740e-05 
                  Sensitivity 3   -3.7900e-09  -4.9944e-14   3.7901e-09 
-----------------------------------------------------------------------
4.000e+03  3  1.673e+02   533
                  Solution         1.8317e-01   8.9408e-07   8.1683e-01 
                  Sensitivity 1   -4.7500e+00  -5.9955e-06   4.7500e+00 
                  Sensitivity 2    1.8809e-05   2.3132e-11  -1.8809e-05 
                  Sensitivity 3   -3.1348e-09  -1.8757e-14   3.1348e-09 
-----------------------------------------------------------------------
4.000e+04  3  1.994e+03   629
                  Solution         3.8992e-02   1.6221e-07   9.6101e-01 
                  Sensitivity 1   -1.5752e+00  -2.7620e-06   1.5752e+00 
                  Sensitivity 2    6.2882e-06   1.1002e-11  -6.2882e-06 
                  Sensitivity 3   -1.0480e-09  -4.5372e-15   1.0480e-09 
-----------------------------------------------------------------------
4.000e+05  4  1.219e+04   678
                  Solution         4.9392e-03   1.9853e-08   9.9506e-01 
                  Sensitivity 1   -2.3634e-01  -4.5834e-07   2.3634e-01 
                  Sensitivity 2    9.4507e-07   1.8324e-12  -9.4507e-07 
                  Sensitivity 3   -1.5753e-10  -6.3636e-16   1.5753e-10 
-----------------------------------------------------------------------
4.000e+06  5  9.487e+04   735
                  Solution         5.1683e-04   2.0684e-09   9.9948e-01 
                  Sensitivity 1   -2.5661e-02  -5.1039e-08   2.5661e-02 
                  Sensitivity 2    1.0262e-07   2.0408e-13  -1.0262e-07 
                  Sensitivity 3   -1.7111e-11  -6.8512e-17   1.7111e-11 
-----------------------------------------------------------------------
4.000e+07  4  1.995e+06   788
                  Solution         5.2060e-05   2.0825e-10   9.9995e-01 
                  Sensitivity 1   -2.5995e-03  -5.1927e-09   2.5995e-03 
                  Sensitivity 2    1.0395e-08   2.0760e-14  -1.0395e-08 
                  Sensitivity 3   -1.7340e-12  -6.9367e-18   1.7340e-12 
-----------------------------------------------------------------------
4.000e+08  5  2.372e+07   835
                  Solution         5.2135e-06   2.0854e-11   9.9999e-01 
                  Sensitivity 1   -2.6031e-04  -5.1992e-10   2.6031e-04 
                  Sensitivity 2    1.0412e-09   2.0793e-15  -1.0412e-09 
                  Sensitivity 3   -1.7376e-13  -6.9506e-19   1.7376e-13 
-----------------------------------------------------------------------
4.000e+09  3  4.792e+08   895
                  Solution         5.1887e-07   2.0755e-12   1.0000e+00 
                  Sensitivity 1   -2.6036e-05  -5.2257e-11   2.6036e-05 
                  Sensitivity 2    1.0415e-10   2.0906e-16  -1.0415e-10 
                  Sensitivity 3   -1.7316e-14  -6.9265e-20   1.7316e-14 
-----------------------------------------------------------------------
4.000e+10  3  1.237e+09   930
                  Solution         5.1573e-08   2.0629e-13   1.0000e+00 
                  Sensitivity 1   -2.6618e-06  -5.4901e-12   2.6619e-06 
                  Sensitivity 2    1.0763e-11   2.2422e-17  -1.0763e-11 
                  Sensitivity 3   -1.7339e-15  -6.9355e-21   1.7339e-15 
-----------------------------------------------------------------------

Final Statistics

nst     =   930

nfe     =  2104
netf    =     0    nsetups  =   182
nni     =  1105    ncfn     =     0

nfSe    =  3564    nfeS     =     0
netfs   =    66    nsetupsS =     0
nniS    =  3555    ncfnS    =     0

nje    =    17    nfeLS     =     0
