---
MainSourceFile:  '/home/steve/open_source/stan/bstat/math/./test/unit/math/rev/mat/err/check_pos_semidefinite_test.cpp'
Diagnostics:     
  - DiagnosticName:  google-build-namespaces
    Message:         do not use unnamed namespaces in header files
    FileOffset:      379
    FilePath:        './stan/math/prim/scal/err/check_positive.hpp'
    Replacements:    []
  - DiagnosticName:  google-build-namespaces
    Message:         do not use unnamed namespaces in header files
    FileOffset:      187
    FilePath:        './stan/math/rev/core/init_chainablestack.hpp'
    Replacements:    []
  - DiagnosticName:  readability-redundant-declaration
    Message:         'redundant ''grad'' declaration'
    FileOffset:      400
    FilePath:        './stan/math/rev/core/var.hpp'
    Notes:           
      - Message:         previously declared here
        FilePath:        './stan/math/rev/core/grad.hpp'
        FileOffset:      1007
    Replacements:    []
  - DiagnosticName:  modernize-use-equals-default
    Message:         'use ''= default'' to define a trivial destructor'
    FileOffset:      2166
    FilePath:        './stan/math/rev/core/vari.hpp'
    Replacements:    []
  - DiagnosticName:  google-readability-braces-around-statements
    Message:         statement should be inside braces
    FileOffset:      660
    FilePath:        '/home/steve/open_source/stan/bstat/math/test/unit/math/rev/mat/err/check_pos_semidefinite_test.cpp'
    Replacements:    
      - FilePath:        '/home/steve/open_source/stan/bstat/math/test/unit/math/rev/mat/err/check_pos_semidefinite_test.cpp'
        Offset:          660
        Length:          0
        ReplacementText: ' {'
      - FilePath:        '/home/steve/open_source/stan/bstat/math/test/unit/math/rev/mat/err/check_pos_semidefinite_test.cpp'
        Offset:          908
        Length:          0
        ReplacementText: '
}'
  - DiagnosticName:  google-readability-braces-around-statements
    Message:         statement should be inside braces
    FileOffset:      782
    FilePath:        '/home/steve/open_source/stan/bstat/math/test/unit/math/rev/mat/err/check_pos_semidefinite_test.cpp'
    Replacements:    
      - FilePath:        '/home/steve/open_source/stan/bstat/math/test/unit/math/rev/mat/err/check_pos_semidefinite_test.cpp'
        Offset:          782
        Length:          0
        ReplacementText: ' {'
      - FilePath:        '/home/steve/open_source/stan/bstat/math/test/unit/math/rev/mat/err/check_pos_semidefinite_test.cpp'
        Offset:          902
        Length:          0
        ReplacementText: '
}'
...
