
2-species diurnal advection-diffusion problem

t = 0.00e+00   no. steps = 0   order = 0   stepsize = 0.00e+00
At bottom left:  c1, c2 =    2.500e+05    2.500e+11 
At top right:    c1, c2 =    2.500e+05    2.500e+11 

t = 7.20e+03   no. steps = 221   order = 5   stepsize = 1.34e+02
At bottom left:  c1, c2 =    1.047e+04    2.527e+11 
At top right:    c1, c2 =    1.119e+04    2.700e+11 

t = 1.44e+04   no. steps = 255   order = 5   stepsize = 3.04e+02
At bottom left:  c1, c2 =    6.659e+06    2.582e+11 
At top right:    c1, c2 =    7.301e+06    2.833e+11 

t = 2.16e+04   no. steps = 289   order = 4   stepsize = 2.96e+02
At bottom left:  c1, c2 =    2.665e+07    2.993e+11 
At top right:    c1, c2 =    2.931e+07    3.313e+11 

t = 2.88e+04   no. steps = 330   order = 4   stepsize = 1.58e+02
At bottom left:  c1, c2 =    8.702e+06    3.380e+11 
At top right:    c1, c2 =    9.650e+06    3.751e+11 

t = 3.60e+04   no. steps = 369   order = 5   stepsize = 1.29e+02
At bottom left:  c1, c2 =    1.404e+04    3.387e+11 
At top right:    c1, c2 =    1.561e+04    3.765e+11 

t = 4.32e+04   no. steps = 420   order = 5   stepsize = 5.76e+02
At bottom left:  c1, c2 =    6.108e-10    3.382e+11 
At top right:    c1, c2 =    7.055e-10    3.804e+11 

t = 5.04e+04   no. steps = 433   order = 5   stepsize = 6.48e+02
At bottom left:  c1, c2 =   -3.799e-10    3.358e+11 
At top right:    c1, c2 =    4.316e-10    3.864e+11 

t = 5.76e+04   no. steps = 445   order = 5   stepsize = 3.90e+02
At bottom left:  c1, c2 =    9.462e-12    3.320e+11 
At top right:    c1, c2 =   -2.609e-12    3.909e+11 

t = 6.48e+04   no. steps = 455   order = 5   stepsize = 7.79e+02
At bottom left:  c1, c2 =    6.361e-12    3.313e+11 
At top right:    c1, c2 =   -2.663e-11    3.963e+11 

t = 7.20e+04   no. steps = 465   order = 5   stepsize = 7.79e+02
At bottom left:  c1, c2 =    3.382e-12    3.330e+11 
At top right:    c1, c2 =    3.011e-12    4.039e+11 

t = 7.92e+04   no. steps = 474   order = 5   stepsize = 7.79e+02
At bottom left:  c1, c2 =    3.075e-13    3.334e+11 
At top right:    c1, c2 =    6.124e-13    4.120e+11 

t = 8.64e+04   no. steps = 483   order = 5   stepsize = 7.79e+02
At bottom left:  c1, c2 =   -1.232e-13    3.352e+11 
At top right:    c1, c2 =   -7.096e-14    4.163e+11 


Final Statistics: 

lenrw   =  2689     leniw   =   248
lenrwls =  2454     leniwls =   222
nst     =   483
nfe     =   601     nfels   =  1149
nni     =   598     nli     =  1149
nsetups =    82     netf    =    25
npe     =     9     nps     =  1658
ncfn    =     0     ncfl    =     2

