         t           u           v           w
   ----------------------------------------------------
    0.00000E+00  3.90000E+00  1.10000E+00  2.80000E+00
    1.00000E+00  2.07527E+00  1.05960E+00  2.49998E+00
    2.00000E+00  1.10046E+00  1.72361E+00  2.49999E+00
    3.00000E+00  7.89620E-01  2.32667E+00  2.50000E+00
    4.00000E+00  8.11773E-01  2.72558E+00  2.49991E+00
    5.00000E+00  1.18700E+00  2.59554E+00  2.49990E+00
    6.00000E+00  1.88731E+00  1.49410E+00  2.49997E+00
    7.00000E+00  1.32327E+00  1.61902E+00  2.50004E+00
    8.00000E+00  9.21787E-01  2.13022E+00  2.49999E+00
    9.00000E+00  8.49543E-01  2.53947E+00  2.49994E+00
    1.00000E+01  1.06497E+00  2.59595E+00  2.49990E+00
   ----------------------------------------------------
   
 Final Solver Statistics:
   Internal solver steps =    907 (attempted =    936)
   Total RHS evals:  Fe =   3747,  Fi =   7535
   Total linear solver setups =    157
   Total RHS evals for setting up the linear system =      0
   Total number of Jacobian evaluations =     28
   Total number of Newton iterations =   3788
   Total number of nonlinear solver convergence failures =      0
   Total number of error test failures =     29
   
