 
Group of independent 3-species kinetics problems

number of groups = 100

group 0: At t = 4.0000e-01      y =  9.851641e-01    3.386242e-05    1.480205e-02
group 10: At t = 4.0000e-01      y =  9.851641e-01    3.386242e-05    1.480205e-02
group 20: At t = 4.0000e-01      y =  9.851641e-01    3.386242e-05    1.480205e-02
group 30: At t = 4.0000e-01      y =  9.851641e-01    3.386242e-05    1.480205e-02
group 40: At t = 4.0000e-01      y =  9.851641e-01    3.386242e-05    1.480205e-02
group 50: At t = 4.0000e-01      y =  9.851641e-01    3.386242e-05    1.480205e-02
group 60: At t = 4.0000e-01      y =  9.851641e-01    3.386242e-05    1.480205e-02
group 70: At t = 4.0000e-01      y =  9.851641e-01    3.386242e-05    1.480205e-02
group 80: At t = 4.0000e-01      y =  9.851641e-01    3.386242e-05    1.480205e-02
group 90: At t = 4.0000e-01      y =  9.851641e-01    3.386242e-05    1.480205e-02
group 0: At t = 4.0000e+00      y =  9.055097e-01    2.240338e-05    9.446793e-02
group 10: At t = 4.0000e+00      y =  9.055097e-01    2.240338e-05    9.446793e-02
group 20: At t = 4.0000e+00      y =  9.055097e-01    2.240338e-05    9.446793e-02
group 30: At t = 4.0000e+00      y =  9.055097e-01    2.240338e-05    9.446793e-02
group 40: At t = 4.0000e+00      y =  9.055097e-01    2.240338e-05    9.446793e-02
group 50: At t = 4.0000e+00      y =  9.055097e-01    2.240338e-05    9.446793e-02
group 60: At t = 4.0000e+00      y =  9.055097e-01    2.240338e-05    9.446793e-02
group 70: At t = 4.0000e+00      y =  9.055097e-01    2.240338e-05    9.446793e-02
group 80: At t = 4.0000e+00      y =  9.055097e-01    2.240338e-05    9.446793e-02
group 90: At t = 4.0000e+00      y =  9.055097e-01    2.240338e-05    9.446793e-02
group 0: At t = 4.0000e+01      y =  7.157946e-01    9.183477e-06    2.841962e-01
group 10: At t = 4.0000e+01      y =  7.157946e-01    9.183477e-06    2.841962e-01
group 20: At t = 4.0000e+01      y =  7.157946e-01    9.183477e-06    2.841962e-01
group 30: At t = 4.0000e+01      y =  7.157946e-01    9.183477e-06    2.841962e-01
group 40: At t = 4.0000e+01      y =  7.157946e-01    9.183477e-06    2.841962e-01
group 50: At t = 4.0000e+01      y =  7.157946e-01    9.183477e-06    2.841962e-01
group 60: At t = 4.0000e+01      y =  7.157946e-01    9.183477e-06    2.841962e-01
group 70: At t = 4.0000e+01      y =  7.157946e-01    9.183477e-06    2.841962e-01
group 80: At t = 4.0000e+01      y =  7.157946e-01    9.183477e-06    2.841962e-01
group 90: At t = 4.0000e+01      y =  7.157946e-01    9.183477e-06    2.841962e-01
group 0: At t = 4.0000e+02      y =  4.505223e-01    3.222956e-06    5.494745e-01
group 10: At t = 4.0000e+02      y =  4.505223e-01    3.222956e-06    5.494745e-01
group 20: At t = 4.0000e+02      y =  4.505223e-01    3.222956e-06    5.494745e-01
group 30: At t = 4.0000e+02      y =  4.505223e-01    3.222956e-06    5.494745e-01
group 40: At t = 4.0000e+02      y =  4.505223e-01    3.222956e-06    5.494745e-01
group 50: At t = 4.0000e+02      y =  4.505223e-01    3.222956e-06    5.494745e-01
group 60: At t = 4.0000e+02      y =  4.505223e-01    3.222956e-06    5.494745e-01
group 70: At t = 4.0000e+02      y =  4.505223e-01    3.222956e-06    5.494745e-01
group 80: At t = 4.0000e+02      y =  4.505223e-01    3.222956e-06    5.494745e-01
group 90: At t = 4.0000e+02      y =  4.505223e-01    3.222956e-06    5.494745e-01
group 0: At t = 4.0000e+03      y =  1.832312e-01    8.944795e-07    8.167679e-01
group 10: At t = 4.0000e+03      y =  1.832312e-01    8.944795e-07    8.167679e-01
group 20: At t = 4.0000e+03      y =  1.832312e-01    8.944795e-07    8.167679e-01
group 30: At t = 4.0000e+03      y =  1.832312e-01    8.944795e-07    8.167679e-01
group 40: At t = 4.0000e+03      y =  1.832312e-01    8.944795e-07    8.167679e-01
group 50: At t = 4.0000e+03      y =  1.832312e-01    8.944795e-07    8.167679e-01
group 60: At t = 4.0000e+03      y =  1.832312e-01    8.944795e-07    8.167679e-01
group 70: At t = 4.0000e+03      y =  1.832312e-01    8.944795e-07    8.167679e-01
group 80: At t = 4.0000e+03      y =  1.832312e-01    8.944795e-07    8.167679e-01
group 90: At t = 4.0000e+03      y =  1.832312e-01    8.944795e-07    8.167679e-01
group 0: At t = 4.0000e+04      y =  3.899115e-02    1.622133e-07    9.610087e-01
group 10: At t = 4.0000e+04      y =  3.899115e-02    1.622133e-07    9.610087e-01
group 20: At t = 4.0000e+04      y =  3.899115e-02    1.622133e-07    9.610087e-01
group 30: At t = 4.0000e+04      y =  3.899115e-02    1.622133e-07    9.610087e-01
group 40: At t = 4.0000e+04      y =  3.899115e-02    1.622133e-07    9.610087e-01
group 50: At t = 4.0000e+04      y =  3.899115e-02    1.622133e-07    9.610087e-01
group 60: At t = 4.0000e+04      y =  3.899115e-02    1.622133e-07    9.610087e-01
group 70: At t = 4.0000e+04      y =  3.899115e-02    1.622133e-07    9.610087e-01
group 80: At t = 4.0000e+04      y =  3.899115e-02    1.622133e-07    9.610087e-01
group 90: At t = 4.0000e+04      y =  3.899115e-02    1.622133e-07    9.610087e-01
group 0: At t = 4.0000e+05      y =  4.937945e-03    1.984857e-08    9.950620e-01
group 10: At t = 4.0000e+05      y =  4.937945e-03    1.984857e-08    9.950620e-01
group 20: At t = 4.0000e+05      y =  4.937945e-03    1.984857e-08    9.950620e-01
group 30: At t = 4.0000e+05      y =  4.937945e-03    1.984857e-08    9.950620e-01
group 40: At t = 4.0000e+05      y =  4.937945e-03    1.984857e-08    9.950620e-01
group 50: At t = 4.0000e+05      y =  4.937945e-03    1.984857e-08    9.950620e-01
group 60: At t = 4.0000e+05      y =  4.937945e-03    1.984857e-08    9.950620e-01
group 70: At t = 4.0000e+05      y =  4.937945e-03    1.984857e-08    9.950620e-01
group 80: At t = 4.0000e+05      y =  4.937945e-03    1.984857e-08    9.950620e-01
group 90: At t = 4.0000e+05      y =  4.937945e-03    1.984857e-08    9.950620e-01
group 0: At t = 4.0000e+06      y =  5.168533e-04    2.068468e-09    9.994831e-01
group 10: At t = 4.0000e+06      y =  5.168533e-04    2.068468e-09    9.994831e-01
group 20: At t = 4.0000e+06      y =  5.168533e-04    2.068468e-09    9.994831e-01
group 30: At t = 4.0000e+06      y =  5.168533e-04    2.068468e-09    9.994831e-01
group 40: At t = 4.0000e+06      y =  5.168533e-04    2.068468e-09    9.994831e-01
group 50: At t = 4.0000e+06      y =  5.168533e-04    2.068468e-09    9.994831e-01
group 60: At t = 4.0000e+06      y =  5.168533e-04    2.068468e-09    9.994831e-01
group 70: At t = 4.0000e+06      y =  5.168533e-04    2.068468e-09    9.994831e-01
group 80: At t = 4.0000e+06      y =  5.168533e-04    2.068468e-09    9.994831e-01
group 90: At t = 4.0000e+06      y =  5.168533e-04    2.068468e-09    9.994831e-01
group 0: At t = 4.0000e+07      y =  5.206701e-05    2.082787e-10    9.999479e-01
group 10: At t = 4.0000e+07      y =  5.206701e-05    2.082787e-10    9.999479e-01
group 20: At t = 4.0000e+07      y =  5.206701e-05    2.082787e-10    9.999479e-01
group 30: At t = 4.0000e+07      y =  5.206701e-05    2.082787e-10    9.999479e-01
group 40: At t = 4.0000e+07      y =  5.206701e-05    2.082787e-10    9.999479e-01
group 50: At t = 4.0000e+07      y =  5.206701e-05    2.082787e-10    9.999479e-01
group 60: At t = 4.0000e+07      y =  5.206701e-05    2.082787e-10    9.999479e-01
group 70: At t = 4.0000e+07      y =  5.206701e-05    2.082787e-10    9.999479e-01
group 80: At t = 4.0000e+07      y =  5.206701e-05    2.082787e-10    9.999479e-01
group 90: At t = 4.0000e+07      y =  5.206701e-05    2.082787e-10    9.999479e-01
group 0: At t = 4.0000e+08      y =  5.224471e-06    2.089799e-11    9.999948e-01
group 10: At t = 4.0000e+08      y =  5.224471e-06    2.089799e-11    9.999948e-01
group 20: At t = 4.0000e+08      y =  5.224471e-06    2.089799e-11    9.999948e-01
group 30: At t = 4.0000e+08      y =  5.224471e-06    2.089799e-11    9.999948e-01
group 40: At t = 4.0000e+08      y =  5.224471e-06    2.089799e-11    9.999948e-01
group 50: At t = 4.0000e+08      y =  5.224471e-06    2.089799e-11    9.999948e-01
group 60: At t = 4.0000e+08      y =  5.224471e-06    2.089799e-11    9.999948e-01
group 70: At t = 4.0000e+08      y =  5.224471e-06    2.089799e-11    9.999948e-01
group 80: At t = 4.0000e+08      y =  5.224471e-06    2.089799e-11    9.999948e-01
group 90: At t = 4.0000e+08      y =  5.224471e-06    2.089799e-11    9.999948e-01
group 0: At t = 4.0000e+09      y =  5.174460e-07    2.069785e-12    9.999995e-01
group 10: At t = 4.0000e+09      y =  5.174460e-07    2.069785e-12    9.999995e-01
group 20: At t = 4.0000e+09      y =  5.174460e-07    2.069785e-12    9.999995e-01
group 30: At t = 4.0000e+09      y =  5.174460e-07    2.069785e-12    9.999995e-01
group 40: At t = 4.0000e+09      y =  5.174460e-07    2.069785e-12    9.999995e-01
group 50: At t = 4.0000e+09      y =  5.174460e-07    2.069785e-12    9.999995e-01
group 60: At t = 4.0000e+09      y =  5.174460e-07    2.069785e-12    9.999995e-01
group 70: At t = 4.0000e+09      y =  5.174460e-07    2.069785e-12    9.999995e-01
group 80: At t = 4.0000e+09      y =  5.174460e-07    2.069785e-12    9.999995e-01
group 90: At t = 4.0000e+09      y =  5.174460e-07    2.069785e-12    9.999995e-01
group 0: At t = 4.0000e+10      y =  4.819706e-08    1.927882e-13    1.000000e+00
group 10: At t = 4.0000e+10      y =  4.819706e-08    1.927882e-13    1.000000e+00
group 20: At t = 4.0000e+10      y =  4.819706e-08    1.927882e-13    1.000000e+00
group 30: At t = 4.0000e+10      y =  4.819706e-08    1.927882e-13    1.000000e+00
group 40: At t = 4.0000e+10      y =  4.819706e-08    1.927882e-13    1.000000e+00
group 50: At t = 4.0000e+10      y =  4.819706e-08    1.927882e-13    1.000000e+00
group 60: At t = 4.0000e+10      y =  4.819706e-08    1.927882e-13    1.000000e+00
group 70: At t = 4.0000e+10      y =  4.819706e-08    1.927882e-13    1.000000e+00
group 80: At t = 4.0000e+10      y =  4.819706e-08    1.927882e-13    1.000000e+00
group 90: At t = 4.0000e+10      y =  4.819706e-08    1.927882e-13    1.000000e+00

Final Statistics:
nst = 562    nfe  = 826    nsetups = 121    nje = 12
nni = 823    ncfn = 0      netf = 31        nge = 0
