Example program fkinDiagon_kry:

 This FKINSOL example solves a 128 eqn diagonal algebraic system.
 Its purpose is to demonstrate the use of the Fortran interface
 in a serial environment.


 globalstrategy = KIN_NONE

 FKINSOL return code is   0


 The resultant values of uu are:

   1   1.000000   2.000000   3.000000   4.000000
   5   5.000000   6.000000   7.000000   8.000000
   9   9.000000  10.000000  11.000000  12.000000
  13  13.000000  14.000000  15.000000  16.000000
  17  17.000000  18.000000  19.000000  20.000000
  21  21.000000  22.000000  23.000000  24.000000
  25  25.000000  26.000000  27.000000  28.000000
  29  29.000000  30.000000  31.000000  32.000000
  33  33.000000  34.000000  35.000000  36.000000
  37  37.000000  38.000000  39.000000  40.000000
  41  41.000000  42.000000  43.000000  44.000000
  45  45.000000  46.000000  47.000000  48.000000
  49  49.000000  50.000000  51.000000  52.000000
  53  53.000000  54.000000  55.000000  56.000000
  57  57.000000  58.000000  59.000000  60.000000
  61  61.000000  62.000000  63.000000  64.000000
  65  65.000000  66.000000  67.000000  68.000000
  69  69.000000  70.000000  71.000000  72.000000
  73  73.000000  74.000000  75.000000  76.000000
  77  77.000000  78.000000  79.000000  80.000000
  81  81.000000  82.000000  83.000000  84.000000
  85  85.000000  86.000000  87.000000  88.000000
  89  89.000000  90.000000  91.000000  92.000000
  93  93.000000  94.000000  95.000000  96.000000
  97  97.000000  98.000000  99.000000 100.000000
 101 101.000000 102.000000 103.000000 104.000000
 105 105.000000 106.000000 107.000000 108.000000
 109 109.000000 110.000000 111.000000 112.000000
 113 113.000000 114.000000 115.000000 116.000000
 117 117.000000 118.000000 119.000000 120.000000
 121 121.000000 122.000000 123.000000 124.000000
 125 125.000000 126.000000 127.000000 128.000000


Final statistics:

  nni =   7,  nli  =  21
  nfe =   8,  npe  =   2
  nps =  28,  ncfl =   0
