
Multirate nonlinear Kvaerno-Prothero-Robinson test problem:
    time domain:  (0,5]
    hs = 0.01
    hf = 0.0001
    G = -100
    w = 100
    e = 0.5
    solver: exp-3/exp-3 (standard MIS)

        t           u           v       uerr      verr
   ------------------------------------------------------
    0.000000    1.224745    1.732051  0.00e+00  0.00e+00
    0.100000    1.223726    1.077464  8.49e-07  8.80e-09
    0.200000    1.220670    1.551800  8.43e-07  2.05e-08
    0.300000    1.215595    1.467737  8.33e-07  3.10e-08
    0.400000    1.208525    1.154583  8.19e-07  4.03e-08
    0.500000    1.199497    1.721908  8.00e-07  4.85e-08
    0.600000    1.188558    1.023517  7.77e-07  5.56e-08
    0.700000    1.175765    1.622751  7.49e-07  6.17e-08
    0.800000    1.161187    1.374632  7.16e-07  6.68e-08
    0.900000    1.144905    1.245763  6.78e-07  7.09e-08
    1.000000    1.127010    1.691839  6.36e-07  7.40e-08
    1.100000    1.107610    1.000490  5.87e-07  7.62e-08
    1.200000    1.086821    1.677552  5.33e-07  7.74e-08
    1.300000    1.064777    1.277775  4.73e-07  7.77e-08
    1.400000    1.041626    1.342455  4.06e-07  7.71e-08
    1.500000    1.017531    1.642940  3.32e-07  7.55e-08
    1.600000    0.992674    1.012112  2.51e-07  7.29e-08
    1.700000    0.967253    1.714058  1.61e-07  6.93e-08
    1.800000    0.941488    1.183867  6.33e-08  6.48e-08
    1.900000    0.915617    1.437465  4.33e-08  5.91e-08
    2.000000    0.889902    1.577082  1.59e-07  5.24e-08
    2.100000    0.864625    1.056467  2.83e-07  4.46e-08
    2.200000    0.840089    1.730920  4.16e-07  3.57e-08
    2.300000    0.816616    1.101047  5.56e-07  2.56e-08
    2.400000    0.794545    1.525051  7.01e-07  1.44e-08
    2.500000    0.774227    1.496993  8.48e-07  2.09e-09
    2.600000    0.756012    1.126857  9.92e-07  1.12e-08
    2.700000    0.740245    1.727536  1.13e-06  2.54e-08
    2.800000    0.727246    1.038393  1.25e-06  4.01e-08
    2.900000    0.717300    1.600759  1.35e-06  5.53e-08
    3.000000    0.710635    1.406379  1.43e-06  7.03e-08
    3.100000    0.707411    1.214353  1.47e-06  8.49e-08
    3.200000    0.707708    1.704026  1.47e-06  9.86e-08
    3.300000    0.711518    1.004391  1.44e-06  1.11e-07
    3.400000    0.718748    1.661225  1.37e-06  1.21e-07
    3.500000    0.729225    1.310102  1.28e-06  1.30e-07
    3.600000    0.742711    1.310080  1.16e-06  1.36e-07
    3.700000    0.758913    1.661237  1.03e-06  1.40e-07
    3.800000    0.777505    1.004387  8.82e-07  1.41e-07
    3.900000    0.798143    1.704018  7.35e-07  1.40e-07
    4.000000    0.820474    1.214374  5.88e-07  1.37e-07
    4.100000    0.844149    1.406358  4.47e-07  1.32e-07
    4.200000    0.868832    1.600774  3.11e-07  1.26e-07
    4.300000    0.894204    1.038382  1.84e-07  1.18e-07
    4.400000    0.919964    1.727533  6.62e-08  1.09e-07
    4.500000    0.945834    1.126875  4.29e-08  9.90e-08
    4.600000    0.971558    1.496973  1.43e-07  8.85e-08
    4.700000    0.996898    1.525070  2.35e-07  7.76e-08
    4.800000    1.021641    1.101030  3.18e-07  6.64e-08
    4.900000    1.045589    1.730922  3.94e-07  5.51e-08
    5.000000    1.068565    1.056480  4.62e-07  4.38e-08
   ------------------------------------------------------

Final Solver Statistics:
   Steps: nsts = 501, nstf = 50601
   u error = 7.941e-07, v error = 8.255e-08, total error = 5.646e-07
   Total RHS evals:  Fs = 1504,  Ff = 152306
