
Multirate nonlinear Kvaerno-Prothero-Robinson test problem:
    time domain:  (0,5]
    hs = 0.001
    hf = 1e-05
    G = -100
    w = 100
    e = 0.5
    solver: ars343/exp-3 (IMEX-MRI3b / ERK-3-3) -- solve decoupled
    reltol = 1.00e-09,  abstol = 1.00e-11
        t           u           v       uerr      verr
   ------------------------------------------------------
    0.000000    1.224745    1.732051  0.00e+00  0.00e+00
    0.100000    1.223725    1.077464  2.79e-10  2.64e-11
    0.200000    1.220669    1.551800  1.84e-10  4.85e-11
    0.300000    1.215594    1.467737  1.86e-10  6.94e-11
    0.400000    1.208524    1.154583  1.83e-10  8.79e-11
    0.500000    1.199496    1.721908  1.82e-10  1.04e-10
    0.600000    1.188557    1.023517  1.72e-10  1.20e-10
    0.700000    1.175764    1.622751  1.67e-10  1.28e-10
    0.800000    1.161186    1.374632  1.63e-10  1.39e-10
    0.900000    1.144904    1.245763  1.52e-10  1.47e-10
    1.000000    1.127010    1.691839  1.39e-10  1.50e-10
    1.100000    1.107609    1.000489  1.29e-10  1.51e-10
    1.200000    1.086821    1.677552  1.17e-10  1.57e-10
    1.300000    1.064777    1.277775  1.10e-10  1.55e-10
    1.400000    1.041625    1.342455  9.08e-11  1.53e-10
    1.500000    1.017531    1.642940  6.97e-11  1.52e-10
    1.600000    0.992673    1.012112  5.33e-11  1.42e-10
    1.700000    0.967253    1.714058  3.20e-11  1.38e-10
    1.800000    0.941488    1.183867  1.63e-11  1.24e-10
    1.900000    0.915617    1.437465  1.06e-11  1.13e-10
    2.000000    0.889903    1.577082  3.61e-11  9.93e-11
    2.100000    0.864625    1.056467  6.56e-11  7.88e-11
    2.200000    0.840089    1.730920  9.96e-11  6.38e-11
    2.300000    0.816616    1.101047  1.27e-10  3.80e-11
    2.400000    0.794546    1.525051  1.59e-10  1.69e-11
    2.500000    0.774227    1.496993  1.88e-10  9.37e-12
    2.600000    0.756013    1.126857  2.24e-10  3.98e-11
    2.700000    0.740246    1.727536  2.59e-10  6.53e-11
    2.800000    0.727247    1.038393  2.83e-10  1.00e-10
    2.900000    0.717301    1.600759  3.04e-10  1.27e-10
    3.000000    0.710636    1.406380  3.17e-10  1.58e-10
    3.100000    0.707412    1.214353  3.28e-10  1.88e-10
    3.200000    0.707709    1.704026  3.27e-10  2.11e-10
    3.300000    0.711520    1.004391  3.17e-10  2.40e-10
    3.400000    0.718750    1.661225  3.04e-10  2.54e-10
    3.500000    0.729227    1.310102  2.87e-10  2.71e-10
    3.600000    0.742712    1.310080  2.57e-10  2.81e-10
    3.700000    0.758914    1.661237  2.23e-10  2.83e-10
    3.800000    0.777506    1.004387  1.91e-10  2.87e-10
    3.900000    0.798144    1.704019  1.58e-10  2.78e-10
    4.000000    0.820474    1.214374  1.33e-10  2.73e-10
    4.100000    0.844149    1.406358  9.74e-11  2.68e-10
    4.200000    0.868832    1.600774  6.65e-11  2.60e-10
    4.300000    0.894204    1.038382  3.79e-11  2.21e-10
    4.400000    0.919964    1.727533  9.38e-12  2.25e-10
    4.500000    0.945834    1.126875  1.03e-11  1.82e-10
    4.600000    0.971557    1.496974  3.35e-11  1.74e-10
    4.700000    0.996898    1.525070  5.02e-11  1.52e-10
    4.800000    1.021641    1.101030  7.16e-11  1.11e-10
    4.900000    1.045589    1.730922  9.30e-11  1.12e-10
    5.000000    1.068565    1.056480  1.05e-10  6.39e-11
   ------------------------------------------------------

Final Solver Statistics:
   Steps: nsts = 5000, nstf = 510000
   u error = 1.795e-10, v error = 1.678e-10, total error = 1.737e-10
   Total RHS evals:  Fse = 20001, Fsi = 50342,  Ff = 1550001
   Slow Newton iters = 30341
   Slow Newton conv fails = 0
   Slow Jacobian evals = 250
