
Multirate nonlinear Kvaerno-Prothero-Robinson test problem:
    time domain:  (0,5]
    hs = 0.001
    hf = 1e-05
    G = -100
    w = 100
    e = 0.5
    solver: dirk-3/exp-3 (MRI-GARK-ESDIRK34a / ERK-3-3) -- solve decoupled
    reltol = 1.00e-09,  abstol = 1.00e-11
        t           u           v       uerr      verr
   ------------------------------------------------------
    0.000000    1.224745    1.732051  0.00e+00  0.00e+00
    0.100000    1.223725    1.077464  4.01e-10  5.72e-11
    0.200000    1.220669    1.551800  4.06e-10  1.12e-10
    0.300000    1.215594    1.467737  3.95e-10  1.60e-10
    0.400000    1.208524    1.154583  3.88e-10  2.03e-10
    0.500000    1.199496    1.721908  3.80e-10  2.39e-10
    0.600000    1.188557    1.023517  3.85e-10  2.71e-10
    0.700000    1.175764    1.622751  3.48e-10  3.02e-10
    0.800000    1.161186    1.374632  3.42e-10  3.23e-10
    0.900000    1.144904    1.245763  3.24e-10  3.40e-10
    1.000000    1.127010    1.691839  3.03e-10  3.56e-10
    1.100000    1.107609    1.000489  2.77e-10  3.66e-10
    1.200000    1.086821    1.677552  2.55e-10  3.66e-10
    1.300000    1.064777    1.277775  2.29e-10  3.68e-10
    1.400000    1.041625    1.342455  1.96e-10  3.63e-10
    1.500000    1.017531    1.642940  1.59e-10  3.51e-10
    1.600000    0.992673    1.012112  1.22e-10  3.42e-10
    1.700000    0.967253    1.714058  7.84e-11  3.18e-10
    1.800000    0.941488    1.183867  3.53e-11  2.98e-10
    1.900000    0.915617    1.437465  1.65e-11  2.68e-10
    2.000000    0.889903    1.577082  7.04e-11  2.33e-10
    2.100000    0.864625    1.056467  1.30e-10  1.98e-10
    2.200000    0.840089    1.730920  1.96e-10  1.49e-10
    2.300000    0.816616    1.101047  2.60e-10  1.03e-10
    2.400000    0.794546    1.525051  3.29e-10  4.53e-11
    2.500000    0.774227    1.496993  4.02e-10  1.97e-11
    2.600000    0.756013    1.126857  4.66e-10  8.15e-11
    2.700000    0.740246    1.727536  5.35e-10  1.53e-10
    2.800000    0.727247    1.038393  5.92e-10  2.19e-10
    2.900000    0.717301    1.600759  7.54e-10  2.96e-10
    3.000000    0.710636    1.406380  6.69e-10  3.66e-10
    3.100000    0.707412    1.214353  6.92e-10  4.31e-10
    3.200000    0.707709    1.704026  6.98e-10  4.97e-10
    3.300000    0.711520    1.004391  6.80e-10  5.46e-10
    3.400000    0.718750    1.661225  6.52e-10  5.96e-10
    3.500000    0.729227    1.310102  6.05e-10  6.29e-10
    3.600000    0.742712    1.310080  5.52e-10  6.53e-10
    3.700000    0.758914    1.661237  4.96e-10  6.77e-10
    3.800000    0.777506    1.004387  4.21e-10  6.74e-10
    3.900000    0.798144    1.704019  3.55e-10  6.70e-10
    4.000000    0.820474    1.214374  2.86e-10  6.48e-10
    4.100000    0.844149    1.406358  2.57e-10  6.16e-10
    4.200000    0.868832    1.600774  1.53e-10  5.75e-10
    4.300000    0.894204    1.038382  9.25e-11  5.57e-10
    4.400000    0.919964    1.727533  3.64e-11  4.94e-10
    4.500000    0.945834    1.126875  1.44e-11  4.68e-10
    4.600000    0.971557    1.496974  6.29e-11  4.03e-10
    4.700000    0.996898    1.525070  1.03e-10  3.50e-10
    4.800000    1.021641    1.101030  1.45e-10  3.12e-10
    4.900000    1.045589    1.730922  1.85e-10  2.34e-10
    5.000000    1.068565    1.056480  3.89e-11  2.06e-10
   ------------------------------------------------------

Final Solver Statistics:
   Steps: nsts = 5000, nstf = 510000
   u error = 3.803e-10, v error = 3.943e-10, total error = 3.874e-10
   Total RHS evals:  Fs = 45313,  Ff = 1550001
   Slow Newton iters = 30312
   Slow Newton conv fails = 0
   Slow Jacobian evals = 250
