
Multirate nonlinear Kvaerno-Prothero-Robinson test problem:
    time domain:  (0,5]
    hs = 0.001
    hf = 1e-05
    G = -100
    w = 100
    e = 0.5
    solver: imexark4/exp-4 (IMEX-MRI4 / ERK-4-4) -- solve decoupled
    reltol = 1.00e-12,  abstol = 1.00e-14
        t           u           v       uerr      verr
   ------------------------------------------------------
    0.000000    1.224745    1.732051  0.00e+00  0.00e+00
    0.100000    1.223725    1.077464  1.63e-11  6.37e-13
    0.200000    1.220669    1.551800  1.60e-11  6.83e-13
    0.300000    1.215594    1.467737  1.52e-11  9.61e-13
    0.400000    1.208524    1.154583  1.51e-11  9.21e-13
    0.500000    1.199496    1.721908  1.60e-11  1.72e-12
    0.600000    1.188557    1.023517  1.48e-11  3.43e-12
    0.700000    1.175764    1.622751  1.36e-11  2.17e-12
    0.800000    1.161186    1.374632  1.23e-11  2.77e-12
    0.900000    1.144904    1.245763  1.13e-11  3.12e-12
    1.000000    1.127010    1.691839  1.30e-11  2.17e-12
    1.100000    1.107609    1.000489  1.11e-11  1.99e-12
    1.200000    1.086821    1.677552  9.53e-12  2.46e-12
    1.300000    1.064777    1.277775  7.58e-12  8.15e-14
    1.400000    1.041625    1.342455  5.18e-12  6.19e-13
    1.500000    1.017531    1.642940  6.00e-12  2.62e-12
    1.600000    0.992673    1.012112  3.78e-12  1.37e-12
    1.700000    0.967253    1.714058  3.29e-12  3.05e-12
    1.800000    0.941488    1.183867  2.33e-13  3.64e-13
    1.900000    0.915617    1.437465  3.31e-12  1.16e-12
    2.000000    0.889903    1.577082  6.58e-12  1.93e-12
    2.100000    0.864625    1.056467  7.90e-12  1.61e-12
    2.200000    0.840089    1.730920  6.75e-12  2.46e-12
    2.300000    0.816616    1.101047  1.18e-11  1.79e-12
    2.400000    0.794546    1.525051  1.53e-11  5.67e-13
    2.500000    0.774227    1.496993  1.85e-11  6.68e-14
    2.600000    0.756013    1.126857  2.18e-11  2.74e-12
    2.700000    0.740246    1.727536  2.05e-11  7.31e-13
    2.800000    0.727247    1.038393  2.46e-11  4.05e-12
    2.900000    0.717301    1.600759  2.68e-11  9.31e-13
    3.000000    0.710636    1.406380  2.78e-11  2.59e-12
    3.100000    0.707412    1.214353  2.85e-11  4.24e-12
    3.200000    0.707709    1.704026  2.85e-11  1.49e-12
    3.300000    0.711520    1.004391  2.77e-11  6.31e-12
    3.400000    0.718750    1.661225  2.60e-11  2.42e-12
    3.500000    0.729227    1.310102  2.41e-11  4.83e-12
    3.600000    0.742712    1.310080  2.08e-11  5.02e-12
    3.700000    0.758914    1.661237  1.99e-11  2.84e-12
    3.800000    0.777506    1.004387  1.62e-11  7.00e-12
    3.900000    0.798144    1.704019  1.39e-11  2.46e-12
    4.000000    0.820474    1.214374  1.04e-11  5.40e-12
    4.100000    0.844149    1.406358  6.45e-12  8.29e-12
    4.200000    0.868832    1.600774  3.62e-12  1.13e-11
    4.300000    0.894204    1.038382  1.62e-12  2.54e-13
    4.400000    0.919964    1.727533  2.31e-12  1.24e-11
    4.500000    0.945834    1.126875  2.27e-12  7.51e-13
    4.600000    0.971557    1.496974  5.17e-12  6.90e-12
    4.700000    0.996898    1.525070  8.51e-12  6.90e-12
    4.800000    1.021641    1.101030  8.53e-12  1.57e-12
    4.900000    1.045589    1.730922  6.09e-12  9.55e-12
    5.000000    1.068565    1.056480  9.98e-12  3.37e-12
   ------------------------------------------------------

Final Solver Statistics:
   Steps: nsts = 5000, nstf = 510000
   u error = 1.532e-11, v error = 4.194e-12, total error = 1.123e-11
   Total RHS evals:  Fse = 30001, Fsi = 82555,  Ff = 2070001
   Slow Newton iters = 52554
   Slow Newton conv fails = 0
   Slow Jacobian evals = 250
