 
3-species kinetics problem

At t = 2.6391e-01      y =  9.899653e-01    3.470558e-05    1.000000e-02
    rootsfound[] =   0   1
At t = 4.0000e-01      y =  9.851650e-01    3.386266e-05    1.480113e-02
At t = 4.0000e+00      y =  9.055283e-01    2.240623e-05    9.444929e-02
At t = 4.0000e+01      y =  7.158662e-01    9.187221e-06    2.841246e-01
At t = 4.0000e+02      y =  4.505472e-01    3.223016e-06    5.494496e-01
At t = 4.0000e+03      y =  1.832261e-01    8.943902e-07    8.167730e-01
At t = 4.0000e+04      y =  3.898631e-02    1.621911e-07    9.610135e-01
At t = 4.0000e+05      y =  4.934032e-03    1.983302e-08    9.950659e-01
At t = 4.0000e+06      y =  5.165243e-04    2.067187e-09    9.994835e-01
At t = 1.9803e+07      y =  1.000000e-04    4.000711e-10    9.999000e-01
    rootsfound[] =  -1   0
At t = 4.0000e+07      y =  4.771761e-05    1.908795e-10    9.999523e-01
At t = 4.0000e+08      y =  3.609703e-06    1.443908e-11    9.999964e-01
At t = 4.0000e+09      y =  8.899199e-07    3.559685e-12    9.999991e-01
At t = 4.0000e+10      y =  6.352101e-08    2.540841e-13    1.000000e+00

Final Statistics:
nst = 399    nfe  = 567    nsetups = 98     nfeLS = 0      nje = 12
nni = 564    ncfn = 2      netf = 15     nge = 429
 
