
2-species diurnal advection-diffusion problem

t = 7.20e+03   no. steps = 979   stepsize = 3.07e+00
At bottom left:  c1, c2 =    1.047e+04    2.527e+11 
At top right:    c1, c2 =    1.119e+04    2.700e+11 

t = 1.44e+04   no. steps = 2733   stepsize = 6.92e+00
At bottom left:  c1, c2 =    6.659e+06    2.582e+11 
At top right:    c1, c2 =    7.301e+06    2.833e+11 

t = 2.16e+04   no. steps = 3533   stepsize = 1.04e+01
At bottom left:  c1, c2 =    2.665e+07    2.993e+11 
At top right:    c1, c2 =    2.931e+07    3.313e+11 

t = 2.88e+04   no. steps = 4559   stepsize = 4.56e+00
At bottom left:  c1, c2 =    8.702e+06    3.380e+11 
At top right:    c1, c2 =    9.650e+06    3.751e+11 

t = 3.60e+04   no. steps = 5822   stepsize = 2.55e+00
At bottom left:  c1, c2 =    1.404e+04    3.387e+11 
At top right:    c1, c2 =    1.561e+04    3.765e+11 

t = 4.32e+04   no. steps = 7012   stepsize = 4.38e+02
At bottom left:  c1, c2 =   -2.534e-08    3.382e+11 
At top right:    c1, c2 =    2.458e-08    3.804e+11 

t = 5.04e+04   no. steps = 7031   stepsize = 3.01e+02
At bottom left:  c1, c2 =    6.320e-07    3.358e+11 
At top right:    c1, c2 =   -7.802e-07    3.864e+11 

t = 5.76e+04   no. steps = 7052   stepsize = 2.39e+02
At bottom left:  c1, c2 =   -2.953e-15    3.320e+11 
At top right:    c1, c2 =   -6.467e-15    3.909e+11 

t = 6.48e+04   no. steps = 7067   stepsize = 6.00e+02
At bottom left:  c1, c2 =   -2.940e-18    3.313e+11 
At top right:    c1, c2 =   -9.232e-17    3.963e+11 

t = 7.20e+04   no. steps = 7079   stepsize = 6.00e+02
At bottom left:  c1, c2 =    2.299e-17    3.330e+11 
At top right:    c1, c2 =   -1.240e-16    4.039e+11 

t = 7.92e+04   no. steps = 7091   stepsize = 6.00e+02
At bottom left:  c1, c2 =    2.598e-17    3.334e+11 
At top right:    c1, c2 =   -6.124e-17    4.120e+11 

t = 8.64e+04   no. steps = 7103   stepsize = 6.00e+02
At bottom left:  c1, c2 =    1.059e-27    3.352e+11 
At top right:    c1, c2 =    1.567e-26    4.163e+11 


Final Statistics: 

lenrw   =  2901     leniw   =   225
lenrwls =  2455     leniwls =   126
nst     =  7103     nfe     =     0
nfi     = 74602     nfels   = 87206
nni     = 38944     nli     = 87206
nsetups =   431     netf    =    28
npe     =   120     nps     = 123894
ncfn    =     0     ncfl    =     0

