
1-D advection-diffusion equation, mesh size = 10 

Number of PEs =   2 
Sensitivity: YES ( STAGGERED + FULL ERROR CONTROL )

============================================================
     T     Q       H      NST                    Max norm   
============================================================
5.000e-01  3  3.644e-03   173
                                Solution         3.0529e+00 
                                Sensitivity 1    3.8668e+00 
                                Sensitivity 2    6.2020e-01 
------------------------------------------------------------
1.000e+00  3  3.644e-03   311
                                Solution         8.7533e-01 
                                Sensitivity 1    2.1743e+00 
                                Sensitivity 2    1.8909e-01 
------------------------------------------------------------
1.500e+00  3  3.644e-03   448
                                Solution         2.4950e-01 
                                Sensitivity 1    9.1826e-01 
                                Sensitivity 2    7.3922e-02 
------------------------------------------------------------
2.000e+00  3  3.644e-03   585
                                Solution         7.1100e-02 
                                Sensitivity 1    3.4668e-01 
                                Sensitivity 2    2.8229e-02 
------------------------------------------------------------
2.500e+00  3  3.644e-03   722
                                Solution         2.0258e-02 
                                Sensitivity 1    1.2301e-01 
                                Sensitivity 2    1.0086e-02 
------------------------------------------------------------
3.000e+00  3  3.644e-03   859
                                Solution         5.7769e-03 
                                Sensitivity 1    4.1952e-02 
                                Sensitivity 2    3.4560e-03 
------------------------------------------------------------
3.500e+00  3  3.644e-03   997
                                Solution         1.6481e-03 
                                Sensitivity 1    1.3925e-02 
                                Sensitivity 2    1.1671e-03 
------------------------------------------------------------
4.000e+00  3  3.644e-03  1134
                                Solution         4.6462e-04 
                                Sensitivity 1    4.5308e-03 
                                Sensitivity 2    3.8641e-04 
------------------------------------------------------------
4.500e+00  3  3.644e-03  1271
                                Solution         1.3272e-04 
                                Sensitivity 1    1.4425e-03 
                                Sensitivity 2    1.2542e-04 
------------------------------------------------------------
5.000e+00  3  3.644e-03  1408
                                Solution         3.9376e-05 
                                Sensitivity 1    4.5546e-04 
                                Sensitivity 2    4.0107e-05 
------------------------------------------------------------

Final Statistics

nst     =  1408

nfe     =  3141
netf    =     0    nsetups  =     0
nni     =  1730    ncfn     =     0

nfSe    =  3596    nfeS     =  7192
netfs   =     0    nsetupsS =     0
nniS    =  1795    ncfnS    =     0
