
2-species diurnal advection-diffusion problem
Sensitivity: YES ( STAGGERED + FULL ERROR CONTROL )

========================================================================
     T     Q       H      NST                    Bottom left  Top right 
========================================================================
7.200e+03  4  3.759e+01   457
                                Solution         1.0468e+04   1.1185e+04 
                                                 2.5267e+11   2.6998e+11 
                                ----------------------------------------
                                Sensitivity 1   -6.4201e+19  -6.8598e+19 
                                                 7.1178e+19   7.6557e+19 
                                ----------------------------------------
                                Sensitivity 2   -4.3853e+14  -5.0065e+14 
                                                -2.4408e+18  -2.7843e+18 
------------------------------------------------------------------------
1.440e+04  5  1.700e+02   504
                                Solution         6.6590e+06   7.3008e+06 
                                                 2.5819e+11   2.8329e+11 
                                ----------------------------------------
                                Sensitivity 1   -4.0848e+22  -4.4785e+22 
                                                 5.9549e+22   6.7173e+22 
                                ----------------------------------------
                                Sensitivity 2   -4.5235e+17  -5.4317e+17 
                                                -6.5418e+21  -7.8315e+21 
------------------------------------------------------------------------
2.160e+04  5  1.741e+02   533
                                Solution         2.6650e+07   2.9308e+07 
                                                 2.9928e+11   3.3134e+11 
                                ----------------------------------------
                                Sensitivity 1   -1.6346e+23  -1.7976e+23 
                                                 3.8203e+23   4.4991e+23 
                                ----------------------------------------
                                Sensitivity 2   -7.6601e+18  -9.4433e+18 
                                                -7.6459e+22  -9.4502e+22 
------------------------------------------------------------------------
2.880e+04  3  7.386e+01   591
                                Solution         8.7021e+06   9.6501e+06 
                                                 3.3804e+11   3.7510e+11 
                                ----------------------------------------
                                Sensitivity 1   -5.3375e+22  -5.9187e+22 
                                                 5.4487e+23   6.7430e+23 
                                ----------------------------------------
                                Sensitivity 2   -4.8855e+18  -6.1040e+18 
                                                -1.7194e+23  -2.1518e+23 
------------------------------------------------------------------------
3.600e+04  4  6.747e+01   640
                                Solution         1.4040e+04   1.5609e+04 
                                                 3.3868e+11   3.7652e+11 
                                ----------------------------------------
                                Sensitivity 1   -8.6141e+19  -9.5761e+19 
                                                 5.2718e+23   6.6030e+23 
                                ----------------------------------------
                                Sensitivity 2   -8.4328e+15  -1.0549e+16 
                                                -1.8439e+23  -2.3096e+23 
------------------------------------------------------------------------
4.320e+04  4  5.501e+01   711
                                Solution        -3.4085e-05  -3.8038e-05 
                                                 3.3823e+11   3.8035e+11 
                                ----------------------------------------
                                Sensitivity 1    2.0457e+11   2.2833e+11 
                                                 5.2753e+23   6.7448e+23 
                                ----------------------------------------
                                Sensitivity 2   -3.7432e+07  -4.4338e+07 
                                                -1.8454e+23  -2.3595e+23 
------------------------------------------------------------------------
5.040e+04  4  3.193e+02   749
                                Solution         4.9786e-09   1.8755e-08 
                                                 3.3582e+11   3.8645e+11 
                                ----------------------------------------
                                Sensitivity 1   -5.9351e+05  -1.4673e+06 
                                                 5.2067e+23   6.9664e+23 
                                ----------------------------------------
                                Sensitivity 2   -5.0185e+03  -7.2241e+03 
                                                -1.8214e+23  -2.4371e+23 
------------------------------------------------------------------------
5.760e+04  5  3.685e+02   765
                                Solution         3.6528e-09   1.3449e-08 
                                                 3.3203e+11   3.9090e+11 
                                ----------------------------------------
                                Sensitivity 1   -1.3328e+07  -4.9088e+07 
                                                 5.0825e+23   7.1206e+23 
                                ----------------------------------------
                                Sensitivity 2   -1.2606e+02  -5.3214e+02 
                                                -1.7780e+23  -2.4910e+23 
------------------------------------------------------------------------
6.480e+04  5  4.028e+02   787
                                Solution        -2.6095e-08  -1.2673e-07 
                                                 3.3130e+11   3.9634e+11 
                                ----------------------------------------
                                Sensitivity 1   -4.5250e+08  -1.4629e+09 
                                                 5.0442e+23   7.3274e+23 
                                ----------------------------------------
                                Sensitivity 2    1.2621e+08   5.4709e+08 
                                                -1.7646e+23  -2.5633e+23 
------------------------------------------------------------------------
7.200e+04  5  4.028e+02   805
                                Solution         1.3468e-08   7.3586e-08 
                                                 3.3297e+11   4.0389e+11 
                                ----------------------------------------
                                Sensitivity 1   -1.8639e+08  -9.6848e+08 
                                                 5.0783e+23   7.6382e+23 
                                ----------------------------------------
                                Sensitivity 2    4.8773e+07   2.1183e+08 
                                                -1.7765e+23  -2.6721e+23 
------------------------------------------------------------------------
7.920e+04  5  6.063e+02   818
                                Solution         3.2625e-11   7.7753e-11 
                                                 3.3344e+11   4.1203e+11 
                                ----------------------------------------
                                Sensitivity 1   -7.3331e+05  -1.7444e+06 
                                                 5.0731e+23   7.9960e+23 
                                ----------------------------------------
                                Sensitivity 2    9.4023e+04   4.0719e+05 
                                                -1.7747e+23  -2.7972e+23 
------------------------------------------------------------------------
8.640e+04  5  6.063e+02   830
                                Solution         4.0699e-13   1.0930e-12 
                                                 3.3518e+11   4.1625e+11 
                                ----------------------------------------
                                Sensitivity 1   -7.8747e+04  -1.7295e+05 
                                                 5.1171e+23   8.2142e+23 
                                ----------------------------------------
                                Sensitivity 2   -2.8540e+02  -1.2871e+03 
                                                -1.7901e+23  -2.8736e+23 
------------------------------------------------------------------------

Final Statistics

nst     =   830

nfe     =  1789
netf    =    12    nsetups  =   115
nni     =   937    ncfn     =     0

nfSe    =  1938    nfeS     =  3876
netfs   =    20    nsetupsS =     0
nniS    =   967    ncfnS    =     0
