
2-species diurnal advection-diffusion problem

t = 7.20e+03   no. steps = 979   stepsize = 3.07e+00
At bottom left:  c1, c2 =    1.047e+04    2.527e+11 
At top right:    c1, c2 =    1.119e+04    2.700e+11 

t = 1.44e+04   no. steps = 2733   stepsize = 6.92e+00
At bottom left:  c1, c2 =    6.659e+06    2.582e+11 
At top right:    c1, c2 =    7.301e+06    2.833e+11 

t = 2.16e+04   no. steps = 3533   stepsize = 1.04e+01
At bottom left:  c1, c2 =    2.665e+07    2.993e+11 
At top right:    c1, c2 =    2.931e+07    3.313e+11 

t = 2.88e+04   no. steps = 4558   stepsize = 3.77e+00
At bottom left:  c1, c2 =    8.702e+06    3.380e+11 
At top right:    c1, c2 =    9.650e+06    3.751e+11 

t = 3.60e+04   no. steps = 5961   stepsize = 2.55e+00
At bottom left:  c1, c2 =    1.404e+04    3.387e+11 
At top right:    c1, c2 =    1.561e+04    3.765e+11 

t = 4.32e+04   no. steps = 7161   stepsize = 5.16e+02
At bottom left:  c1, c2 =    4.611e-12    3.382e+11 
At top right:    c1, c2 =   -1.475e-11    3.804e+11 

t = 5.04e+04   no. steps = 7175   stepsize = 5.05e+02
At bottom left:  c1, c2 =    1.182e-11    3.358e+11 
At top right:    c1, c2 =   -2.617e-11    3.864e+11 

t = 5.76e+04   no. steps = 7190   stepsize = 2.44e+02
At bottom left:  c1, c2 =   -1.051e-11    3.320e+11 
At top right:    c1, c2 =   -9.200e-11    3.909e+11 

t = 6.48e+04   no. steps = 7203   stepsize = 6.40e+02
At bottom left:  c1, c2 =    1.286e-10    3.313e+11 
At top right:    c1, c2 =   -4.357e-10    3.963e+11 

t = 7.20e+04   no. steps = 7215   stepsize = 6.40e+02
At bottom left:  c1, c2 =   -1.814e-11    3.330e+11 
At top right:    c1, c2 =   -9.120e-11    4.039e+11 

t = 7.92e+04   no. steps = 7226   stepsize = 6.40e+02
At bottom left:  c1, c2 =   -1.291e-21    3.334e+11 
At top right:    c1, c2 =   -1.937e-20    4.120e+11 

t = 8.64e+04   no. steps = 7237   stepsize = 6.40e+02
At bottom left:  c1, c2 =   -3.534e-21    3.352e+11 
At top right:    c1, c2 =   -4.442e-20    4.163e+11 


Final Statistics: 

lenrw   =  3301     leniw   =   241
lenrwls =  2455     leniwls =   126
nst     =  7237     nfe     =     0
nfi     = 75881     nfels   = 88695
nni     = 39568     nli     = 88695
nsetups =   431     netf    =    25
npe     =   121     nps     = 126028
ncfn    =     0     ncfl    =     0

