
2D Heat PDE test problem:
 --------------------------------- 
  nprocs         = 4
  npx            = 2
  npy            = 2
 --------------------------------- 
  Dux            = 0.001
  Duy            = 0.001
  Dvx            = 0.001
  Dvy            = 0.001
  A              = 1
  B              = 3
 --------------------------------- 
  tf             = 10
  xl             = -0.5
  xu             = 0.5
  yl             = -0.5
  yu             = 0.5
 --------------------------------- 
  nx             = 128
  ny             = 128
  dx             = 0.0078125
  dy             = 0.0078125
  nxl (proc 0)   = 64
  nyl (proc 0)   = 64
  is  (proc 0)   = 0
  ie  (proc 0)   = 63
  je  (proc 0)   = 0
  je  (proc 0)   = 63
 --------------------------------- 
  rtol_slow      = 0.0001
  atol_slow      = 1e-08
  rtol_fast      = 1e-05
  atol_fast      = 1e-09
  order_fast     = 3
  fixed h slow   = 0.0762939
  fixed h fast   = 0
  controller     = 0
  linear         = 1
 --------------------------------- 
  linear solver  = PCG
  lin iters      = 5
  eps lin        = 0
  prec           = 1
  msbp           = 0
 --------------------------------- 
  output         = 1
 --------------------------------- 

          t                     ||u||_rms      
 ----------------------------------------------
 0.000000000000000e+00    3.172144385112383e+00
 5.000000000000000e-01    3.136728159494484e+00
 1.000000000000000e+00    3.125054277650947e+00
 1.500000000000000e+00    3.152604392883134e+00
 2.000000000000000e+00    3.252018267650383e+00
 2.500000000000000e+00    3.404688233030280e+00
 3.000000000000000e+00    3.570039092720911e+00
 3.500000000000000e+00    3.699700596163640e+00
 4.000000000000000e+00    3.694127960773897e+00
 4.500000000000000e+00    3.627693952670621e+00
 5.000000000000000e+00    3.474745658181542e+00
 5.500000000000000e+00    3.343636177189507e+00
 6.000000000000000e+00    3.233955192919702e+00
 6.500000000000000e+00    3.082492675963439e+00
 7.000000000000000e+00    2.890875168417083e+00
 7.500000000000000e+00    2.837541415023198e+00
 8.000000000000000e+00    2.898442802293628e+00
 8.500000000000000e+00    3.140196859993570e+00
 9.000000000000000e+00    3.442328184743473e+00
 9.500000000000000e+00    3.740461467847395e+00
 1.000000000000000e+01    4.014486959112219e+00
 ----------------------------------------------

Final integrator statistics:

Slow Integrator:
  Steps            = 132
  RHS diffusion    = 793
  NLS iters        = 396
  NLS fails        = 0
  LS iters         = 1965
  LS fails         = 353
  LS setups        = 0
  LS RHS evals     = 1965
  Jv products      = 1965

  Avg NLS iters per step attempt = 3.000000
  Avg LS iters per NLS iter      = 4.962121

  Preconditioner setups = 0
  Preconditioner solves = 1965

Fast Integrator:
  Steps            = 2002
  Error test fails = 397
  RHS reaction     = 4898
  NLS iters        = 3710
  NLS fails        = 0

