  
 idaRoberts_dns_f2003: Robertson kinetics DAE serial example problem for IDA
          Three equation chemical kinetics problem.
  
 Linear solver: DENSE, with user-supplied Jacobian.
Tolerance parameters:  rtol = 0.0001   atol = 1.E-08 1.E-06 1.E-06
Initial conditions y0 = ( 1.00  0.00  0.00 )
 Constraints and id not used.
  
 -----------------------------------------------------------------------
   t             y1           y2           y3     | nst  k      h
 -----------------------------------------------------------------------
2.6402E-01   9.8997E-01   3.4706E-05   1.0000E-02 |  27  2   4.4012E-02
    rootsfound[] =  0   1
4.0000E-01   9.8517E-01   3.3864E-05   1.4794E-02 |  29  3   8.8024E-02
4.0000E+00   9.0553E-01   2.2406E-05   9.4452E-02 |  43  4   6.3377E-01
4.0000E+01   7.1579E-01   9.1838E-06   2.8420E-01 |  68  4   3.1932E+00
4.0000E+02   4.5044E-01   3.2218E-06   5.4956E-01 |  95  4   3.3201E+01
4.0000E+03   1.8320E-01   8.9444E-07   8.1680E-01 | 126  3   3.1458E+02
4.0000E+04   3.8992E-02   1.6221E-07   9.6101E-01 | 161  5   2.5058E+03
4.0000E+05   4.9369E-03   1.9842E-08   9.9506E-01 | 202  3   2.6371E+04
4.0000E+06   5.1693E-04   2.0688E-09   9.9948E-01 | 252  5   2.5583E+05
2.0801E+07   1.0000E-04   4.0004E-10   9.9990E-01 | 291  4   1.1781E+06
    rootsfound[] = -1   0
4.0000E+07   5.2043E-05   2.0818E-10   9.9995E-01 | 303  5   2.3562E+06
4.0000E+08   5.2113E-06   2.0845E-11   9.9999E-01 | 336  4   3.7886E+07
4.0000E+09   5.2515E-07   2.1006E-12   1.0000E+00 | 359  3   5.4083E+08
4.0000E+10   5.1251E-08   2.0500E-13   1.0000E+00 | 375  3   8.6533E+09
  
 Final Run Statistics: 
 Number of steps                    =                   375
 Number of residual evaluations     =                   529
 Number of Jacobian evaluations     =                    54
 Number of nonlinear iterations     =                   529
 Number of error test failures      =                    10
 Number of nonlinear conv. failures =                     0
 Number of root fn. evaluations     =                   417
