 
1-D advection-diffusion equation, mesh size = 10
Sensitivity: YES ( STAGGERED + FULL ERROR CONTROL ) 
 
 ============================================================
      T     Q       H      NST                    Max norm   
 ============================================================
 5.000E-01  3  3.240E-03  194
                                 Solution          3.0529E+00
                                 Sensitivity 1     3.8668E+00
                                 Sensitivity 2     6.2020E-01
 ------------------------------------------------------------
 1.000E+00  3  3.240E-03  348
                                 Solution          8.7533E-01
                                 Sensitivity 1     2.1743E+00
                                 Sensitivity 2     1.8909E-01
 ------------------------------------------------------------
 1.500E+00  3  3.240E-03  502
                                 Solution          2.4949E-01
                                 Sensitivity 1     9.1826E-01
                                 Sensitivity 2     7.3922E-02
 ------------------------------------------------------------
 2.000E+00  3  3.666E-03  637
                                 Solution          7.1098E-02
                                 Sensitivity 1     3.4668E-01
                                 Sensitivity 2     2.8229E-02
 ------------------------------------------------------------
 2.500E+00  3  3.666E-03  774
                                 Solution          2.0265E-02
                                 Sensitivity 1     1.2301E-01
                                 Sensitivity 2     1.0086E-02
 ------------------------------------------------------------
 3.000E+00  3  3.666E-03  910
                                 Solution          5.7727E-03
                                 Sensitivity 1     4.1950E-02
                                 Sensitivity 2     3.4560E-03
 ------------------------------------------------------------
 3.500E+00  3  3.666E-03 1047
                                 Solution          1.6488E-03
                                 Sensitivity 1     1.3924E-02
                                 Sensitivity 2     1.1671E-03
 ------------------------------------------------------------
 4.000E+00  3  3.666E-03 1183
                                 Solution          4.6427E-04
                                 Sensitivity 1     4.5287E-03
                                 Sensitivity 2     3.8640E-04
 ------------------------------------------------------------
 4.500E+00  3  3.666E-03 1319
                                 Solution          1.3113E-04
                                 Sensitivity 1     1.4562E-03
                                 Sensitivity 2     1.2547E-04
 ------------------------------------------------------------
 5.000E+00  3  3.666E-03 1456
                                 Solution          4.1173E-05
                                 Sensitivity 1     4.5676E-04
                                 Sensitivity 2     4.0118E-05
 ------------------------------------------------------------
 
 Final Statistics
 
 nst     =     1456
 nfe     =     3224
 nst     =        0    nsetups   =        0
 nni     =     1765    ncfn      =        1
 
 nfSe    =     3654    nfeS      =     7308
 netfS   =        0    nsetupsS  =        0
 nniS    =     1824    ncfnS     =        0
