
2-species diurnal advection-diffusion problem
Sensitivity: YES ( SIMULTANEOUS + FULL ERROR CONTROL )

========================================================================
     T     Q       H      NST                    Bottom left  Top right 
========================================================================
7.200e+03  3  3.475e+01   345
                                Solution         1.0468e+04   1.1185e+04 
                                                 2.5267e+11   2.6998e+11 
                                ----------------------------------------
                                Sensitivity 1   -6.4201e+19  -6.8598e+19 
                                                 7.1177e+19   7.6556e+19 
                                ----------------------------------------
                                Sensitivity 2   -4.3853e+14  -5.0065e+14 
                                                -2.4407e+18  -2.7843e+18 
------------------------------------------------------------------------
1.440e+04  3  5.071e+01   862
                                Solution         6.6590e+06   7.3008e+06 
                                                 2.5819e+11   2.8329e+11 
                                ----------------------------------------
                                Sensitivity 1   -4.0848e+22  -4.4785e+22 
                                                 5.9549e+22   6.7173e+22 
                                ----------------------------------------
                                Sensitivity 2   -4.5235e+17  -5.4318e+17 
                                                -6.5418e+21  -7.8315e+21 
------------------------------------------------------------------------
2.160e+04  3  5.422e+01  1115
                                Solution         2.6650e+07   2.9308e+07 
                                                 2.9928e+11   3.3134e+11 
                                ----------------------------------------
                                Sensitivity 1   -1.6346e+23  -1.7976e+23 
                                                 3.8203e+23   4.4991e+23 
                                ----------------------------------------
                                Sensitivity 2   -7.6601e+18  -9.4433e+18 
                                                -7.6459e+22  -9.4501e+22 
------------------------------------------------------------------------
2.880e+04  3  4.027e+01  1446
                                Solution         8.7021e+06   9.6501e+06 
                                                 3.3804e+11   3.7510e+11 
                                ----------------------------------------
                                Sensitivity 1   -5.3375e+22  -5.9187e+22 
                                                 5.4487e+23   6.7430e+23 
                                ----------------------------------------
                                Sensitivity 2   -4.8855e+18  -6.1040e+18 
                                                -1.7194e+23  -2.1518e+23 
------------------------------------------------------------------------
3.600e+04  4  6.446e+01  1550
                                Solution         1.4040e+04   1.5609e+04 
                                                 3.3868e+11   3.7652e+11 
                                ----------------------------------------
                                Sensitivity 1   -8.6141e+19  -9.5762e+19 
                                                 5.2718e+23   6.6030e+23 
                                ----------------------------------------
                                Sensitivity 2   -8.4328e+15  -1.0549e+16 
                                                -1.8439e+23  -2.3096e+23 
------------------------------------------------------------------------
4.320e+04  4  1.552e+02  1802
                                Solution        -6.7943e-09  -1.7531e-08 
                                                 3.3823e+11   3.8035e+11 
                                ----------------------------------------
                                Sensitivity 1    1.5377e+08  -1.8226e+09 
                                                 5.2753e+23   6.7448e+23 
                                ----------------------------------------
                                Sensitivity 2    4.9296e+03  -1.7707e+04 
                                                -1.8454e+23  -2.3595e+23 
------------------------------------------------------------------------
5.040e+04  4  1.552e+02  1848
                                Solution        -3.3333e-09  -1.0074e-08 
                                                 3.3582e+11   3.8645e+11 
                                ----------------------------------------
                                Sensitivity 1    7.6593e+08   2.3212e+09 
                                                 5.2067e+23   6.9664e+23 
                                ----------------------------------------
                                Sensitivity 2    3.2953e+07   1.2254e+08 
                                                -1.8214e+23  -2.4370e+23 
------------------------------------------------------------------------
5.760e+04  5  2.333e+02  1871
                                Solution        -8.0165e-13  -2.6806e-12 
                                                 3.3203e+11   3.9090e+11 
                                ----------------------------------------
                                Sensitivity 1   -1.3115e+05  -4.2823e+05 
                                                 5.0825e+23   7.1205e+23 
                                ----------------------------------------
                                Sensitivity 2    6.8742e+01   1.6059e+02 
                                                -1.7780e+23  -2.4910e+23 
------------------------------------------------------------------------
6.480e+04  5  2.801e+02  1893
                                Solution        -2.8173e-08  -9.8429e-08 
                                                 3.3130e+11   3.9634e+11 
                                ----------------------------------------
                                Sensitivity 1    2.2918e+09   7.9585e+09 
                                                 5.0442e+23   7.3274e+23 
                                ----------------------------------------
                                Sensitivity 2    7.1238e+05   2.7790e+06 
                                                -1.7646e+23  -2.5633e+23 
------------------------------------------------------------------------
7.200e+04  4  1.003e+02  2580
                                Solution        -1.1403e-08  -6.9110e-08 
                                                 3.3297e+11   4.0389e+11 
                                ----------------------------------------
                                Sensitivity 1    6.8126e+08   4.1340e+09 
                                                 5.0783e+23   7.6382e+23 
                                ----------------------------------------
                                Sensitivity 2   -3.8340e+07  -2.6839e+08 
                                                -1.7765e+23  -2.6721e+23 
------------------------------------------------------------------------
7.920e+04  4  4.453e+02  2608
                                Solution         4.8775e-18   2.7563e-17 
                                                 3.3344e+11   4.1203e+11 
                                ----------------------------------------
                                Sensitivity 1    1.2984e+02   7.7701e+02 
                                                 5.0730e+23   7.9960e+23 
                                ----------------------------------------
                                Sensitivity 2   -4.4037e-01  -3.1248e+00 
                                                -1.7747e+23  -2.7972e+23 
------------------------------------------------------------------------
8.640e+04  5  7.396e+02  2619
                                Solution        -2.5590e-20  -1.5317e-19 
                                                 3.3518e+11   4.1625e+11 
                                ----------------------------------------
                                Sensitivity 1    1.6342e+00   9.8016e+00 
                                                 5.1171e+23   8.2142e+23 
                                ----------------------------------------
                                Sensitivity 2   -5.6895e-03  -4.0306e-02 
                                                -1.7901e+23  -2.8736e+23 
------------------------------------------------------------------------

Final Statistics

nst     =  2619

nfe     =  3582
netf    =   150    nsetups  =   436
nni     =  3580    ncfn     =     6

nfSe    =  7164    nfeS     = 14328
netfs   =     0    nsetupsS =     0
nniS    =     0    ncfnS    =     0
