
Parallel Krylov adjoint sensitivity analysis example
2D Advection diffusion PDE with homogeneous Neumann B.C.
Computes gradient of G = int_t_Omega ( c_i^2 ) dt dOmega
with respect to the source values at each grid point.

Domain:
   0.000000 < x < 20.000000   mx = 80  npe_x = 2 
   0.000000 < y < 20.000000   my = 80  npe_y = 4 

Begin forward integration... done.   G = 4.791513e+03

Final Statistics.. 

lenrw   =  85469     leniw =    420
llrw    =  78788     lliw  =    202
nst     =    174
nfe     =    178     nfel  =    310
nni     =    175     nli   =    310
nsetups =     18     netf  =      0
npe     =      4     nps   =    482
ncfn    =      0     ncfl  =      0

Begin backward integration... done.

Final Statistics.. 

lenrw   = 150999     leniw =    420
llrw    =  78788     lliw  =    202
nst     =    118
nfe     =    134     nfel  =    277
nni     =    131     nli   =    277
nsetups =     16     netf  =      0
npe     =      3     nps   =    399
ncfn    =      0     ncfl  =      0

