1D Advection-Reaction Test Problem
Number of Processors = 4
Mesh Info:
  Nx   = 100
  Npts = 25
  xmax =  1.00000E+00
  dx   =  1.00000E-02
Problem Parameters:
  A =  1.00000E+00
  B =  3.50000E+00
  k =  1.00000E+00
  c =  1.00000E-02
Integrator Options:
  t0         =  0.00000E+00
  tf         =  3.00000E+00
  reltol     =  1.00000E-06
  abstol     =  1.00000E-09
  order      = 3
  explicit   = T
  fused ops  = F
  nout       = 40

      t           ||u||_rms       ||v||_rms       ||w||_rms
 -----------------------------------------------------------
 0.00000E+00     1.06021E+00     3.55993E+00     3.05995E+00
 7.50000E-02     1.07924E+00     3.53594E+00     3.49998E+00
 1.50000E-01     1.10101E+00     3.50789E+00     3.49998E+00
 2.25000E-01     1.12591E+00     3.47529E+00     3.49999E+00
 3.00000E-01     1.15437E+00     3.43755E+00     3.49998E+00
 3.75000E-01     1.18687E+00     3.39410E+00     3.49997E+00
 4.50000E-01     1.22387E+00     3.34437E+00     3.49997E+00
 5.25000E-01     1.26580E+00     3.28786E+00     3.49999E+00
 6.00000E-01     1.31291E+00     3.22425E+00     3.49998E+00
 6.75000E-01     1.36511E+00     3.15353E+00     3.49998E+00
 7.50000E-01     1.42177E+00     3.07618E+00     3.49997E+00
 8.25000E-01     1.48148E+00     2.99331E+00     3.49998E+00
 9.00000E-01     1.54189E+00     2.90673E+00     3.49997E+00
 9.75000E-01     1.59982E+00     2.81883E+00     3.49997E+00
 1.05000E+00     1.65172E+00     2.73227E+00     3.49998E+00
 1.12500E+00     1.69428E+00     2.64957E+00     3.49997E+00
 1.20000E+00     1.72515E+00     2.57279E+00     3.49996E+00
 1.27500E+00     1.74317E+00     2.50340E+00     3.49997E+00
 1.35000E+00     1.74838E+00     2.44230E+00     3.49998E+00
 1.42500E+00     1.74164E+00     2.38997E+00     3.49997E+00
 1.50000E+00     1.72432E+00     2.34665E+00     3.49996E+00
 1.57500E+00     1.69793E+00     2.31238E+00     3.49997E+00
 1.65000E+00     1.66399E+00     2.28715E+00     3.49998E+00
 1.72500E+00     1.62387E+00     2.27087E+00     3.49997E+00
 1.80000E+00     1.57879E+00     2.26339E+00     3.49997E+00
 1.87500E+00     1.52981E+00     2.26452E+00     3.49998E+00
 1.95000E+00     1.47785E+00     2.27400E+00     3.49998E+00
 2.02500E+00     1.42369E+00     2.29148E+00     3.49997E+00
 2.10000E+00     1.36803E+00     2.31652E+00     3.49997E+00
 2.17500E+00     1.31147E+00     2.34859E+00     3.49998E+00
 2.25000E+00     1.25455E+00     2.38711E+00     3.49998E+00
 2.32500E+00     1.19774E+00     2.43138E+00     3.49997E+00
 2.40000E+00     1.14147E+00     2.48069E+00     3.49998E+00
 2.47500E+00     1.08607E+00     2.53429E+00     3.49999E+00
 2.55000E+00     1.03187E+00     2.59142E+00     3.49998E+00
 2.62500E+00     9.79114E-01     2.65138E+00     3.49998E+00
 2.70000E+00     9.27998E-01     2.71349E+00     3.49999E+00
 2.77500E+00     8.78688E-01     2.77716E+00     3.49998E+00
 2.85000E+00     8.31306E-01     2.84186E+00     3.49998E+00
 2.92500E+00     7.85951E-01     2.90716E+00     3.50000E+00
 3.00000E+00     7.42699E-01     2.97270E+00     3.49999E+00
 -----------------------------------------------------------

Final Solver Statistics (for processor 0):
  Steps            = 238747
  Step attempts    = 239409
  Error test fails = 662
  RHS evals        = 718230
