
2D Heat PDE test problem:
 --------------------------------- 
  kx             = 1
  ky             = 1
  forcing        = 1
  tf             = 1
  xu             = 1
  yu             = 1
  nx             = 32
  ny             = 32
  dx             = 0.0322581
  dy             = 0.0322581
 --------------------------------- 
  rtol           = 1e-05
  atol           = 1e-10
  order          = 3
  fixed h        = 0
  controller     = 0
  linear         = 1
 --------------------------------- 
  linear solver  = PCG
  lin iters      = 20
  eps lin        = 0
  prec           = 1
  msbp           = 0
 --------------------------------- 
  output         = 1
 --------------------------------- 

          t                     ||u||_rms                max error      
 -----------------------------------------------------------------------
 0.000000000000000e+00    3.632812500000000e-01    0.000000000000000e+00
 5.000000000000000e-02    3.551986506970737e-01    2.454708334354683e-03
 1.000000000000000e-01    3.296221524496879e-01    2.894333980192343e-03
 1.500000000000000e-01    2.894444182004682e-01    2.832987149069655e-03
 2.000000000000000e-01    2.387098264599945e-01    2.521582136275402e-03
 2.500000000000000e-01    1.824252212041233e-01    2.077346466104524e-03
 3.000000000000000e-01    1.261157381228246e-01    1.577424243514536e-03
 3.500000000000000e-01    7.529904383258686e-02    1.082876471873273e-03
 4.000000000000000e-01    3.495155701826252e-02    6.467375369675482e-04
 4.500000000000000e-01    9.023496104529438e-03    3.131515037812990e-04
 4.999999999999999e-01    5.514776992824374e-05    1.155729556710013e-04
 5.499999999999999e-01    8.918881510806801e-03    7.366549900058444e-05
 6.000000000000000e-01    3.475274602119641e-02    1.914543241995081e-04
 6.500000000000000e-01    7.502608870114677e-02    4.577447220200370e-04
 7.000000000000001e-01    1.257965457940830e-01    8.461313384890978e-04
 7.500000000000001e-01    1.820944007923683e-01    1.318710942714962e-03
 8.000000000000002e-01    2.384087154352889e-01    1.828963073706169e-03
 8.500000000000002e-01    2.892273973706390e-01    2.327791690218795e-03
 9.000000000000002e-01    3.295756160298886e-01    2.765521979463892e-03
 9.500000000000003e-01    3.555038689873394e-01    3.099441273207049e-03
 1.000000000000000e+00    3.644742066608401e-01    3.297074883238493e-03
 -----------------------------------------------------------------------

Final integrator statistics:
  Steps            = 198
  Step attempts    = 220
  Error test fails = 22
  RHS evals        = 1543
  NLS iters        = 660
  NLS fails        = 0
  LS iters         = 12758
  LS fails         = 609
  LS setups        = 77
  LS RHS evals     = 12758
  Jv products      = 12758

  Avg NLS iters per step attempt = 3.000000
  Avg LS iters per NLS iter      = 19.330303

  Preconditioner setups = 24
  Preconditioner solves = 12758

  Max error = 3.297074883238493e-03
