
Nonlinear Kvaerno-Prothero-Robinson test problem with mass matrix:
    time domain:  (-3,7]
    Fixed mass matrix
    DIRK solver, order = 3
    Newton nonlinear solver
    Order-of-convergence run
    G = -10
    g = 10
    e = 0.5

 Fixed-step runs:
 -----------------------------------------------------
   h = 5.000e-01,  error = 3.856e-04
   h = 2.500e-01,  error = 5.666e-05,  order = 2.77
   h = 1.250e-01,  error = 8.050e-06,  order = 2.82
   h = 6.250e-02,  error = 1.109e-06,  order = 2.86
   h = 3.125e-02,  error = 1.482e-07,  order = 2.90
   h = 1.562e-02,  error = 1.929e-08,  order = 2.94
   h = 7.812e-03,  error = 2.467e-09,  order = 2.97
   h = 3.906e-03,  error = 3.121e-10,  order = 2.98
 -----------------------------------------------------
 Order: max = 2.98,  avg = 2.89,  overall = 2.89 [SUCCESS]
