
Nonlinear Kvaerno-Prothero-Robinson test problem with mass matrix:
    time domain:  (-3,7]
    Fixed mass matrix
    ARK solver, order = 3
    Newton nonlinear solver
    Adaptive run with reltol = 1e-05, abstol = 1e-11
    G = -10
    g = 10
    e = 0.5

        t           u           v       uerr      verr
   ------------------------------------------------------
   -3.000000    0.710636    1.363407  0.00e+00  0.00e+00
   -2.900000    0.717671    1.324640  3.70e-04  2.29e-03
   -2.800000    0.727992    1.287515  7.44e-04  2.84e-03
   -2.700000    0.741092    1.251460  8.46e-04  2.58e-03
   -2.600000    0.757028    1.216006  1.01e-03  2.39e-03
   -2.500000    0.775576    1.181098  1.35e-03  2.76e-03
   -2.400000    0.795610    1.149093  1.06e-03  1.79e-03
   -2.300000    0.818403    1.117287  1.79e-03  2.67e-03
   -2.200000    0.842494    1.088504  2.40e-03  3.06e-03
   -2.100000    0.867789    1.062951  3.16e-03  3.25e-03
   -2.000000    0.890243    1.044103  3.40e-04  2.64e-04
   -1.900000    0.918743    1.024377  3.13e-03  2.12e-03
   -1.800000    0.944502    1.011651  3.01e-03  1.34e-03
   -1.700000    0.967983    1.003922  7.30e-04  2.37e-04
   -1.600000    0.996105    0.999928  3.43e-03  2.85e-04
   -1.500000    1.019955    1.001656  2.42e-03  4.05e-04
   -1.400000    1.043204    1.007716  1.58e-03  4.68e-04
   -1.300000    1.068074    1.019878  3.30e-03  1.82e-03
   -1.200000    1.088381    1.034712  1.56e-03  1.29e-03
   -1.100000    1.109643    1.054948  2.03e-03  1.96e-03
   -1.000000    1.129780    1.079804  2.77e-03  3.45e-03
   -0.900000    1.145536    1.104049  6.32e-04  1.02e-03
   -0.800000    1.163216    1.136066  2.03e-03  3.53e-03
   -0.700000    1.177736    1.168573  1.97e-03  4.19e-03
   -0.600000    1.188627    1.198295  7.04e-05  2.31e-04
   -0.500000    1.201096    1.237762  1.60e-03  4.65e-03
   -0.400000    1.209605    1.273093  1.08e-03  4.01e-03
   -0.300000    1.215977    1.307261  3.83e-04  1.70e-03
   -0.200000    1.221524    1.347217  8.55e-04  5.08e-03
   -0.100000    1.224023    1.381573  2.99e-04  3.11e-03
    0.000000    1.224915    1.417046  1.70e-04  2.83e-03
    0.100000    1.223682    1.453905  4.31e-05  4.83e-03
    0.200000    1.220491    1.484604  1.78e-04  1.81e-03
    0.300000    1.215142    1.518474  4.52e-04  3.38e-03
    0.400000    1.207613    1.549792  9.12e-04  4.02e-03
    0.500000    1.199317    1.575083  1.79e-04  4.64e-04
    0.600000    1.187241    1.604738  1.32e-03  3.29e-03
    0.700000    1.174195    1.628977  1.57e-03  2.87e-03
    0.800000    1.160798    1.649024  3.88e-04  5.83e-04
    0.900000    1.142674    1.670977  2.23e-03  2.65e-03
    1.000000    1.125149    1.687306  1.86e-03  1.64e-03
    1.100000    1.106375    1.701281  1.23e-03  9.26e-04
    1.200000    1.083821    1.713934  3.00e-03  1.61e-03
    1.300000    1.063098    1.722088  1.68e-03  5.89e-04
    1.400000    1.039432    1.728436  2.19e-03  5.91e-04
    1.500000    1.014086    1.731733  3.44e-03  4.05e-04
    1.600000    0.991678    1.731904  9.96e-04  2.36e-05
    1.700000    0.961426    1.728911  5.83e-03  7.32e-04
    1.800000    0.935542    1.723129  5.95e-03  1.36e-03
    1.900000    0.909675    1.714513  5.94e-03  1.97e-03
    2.000000    0.884086    1.703125  5.82e-03  2.54e-03
    2.100000    0.859058    1.689043  5.57e-03  3.06e-03
    2.200000    0.835574    1.672856  4.52e-03  3.00e-03
    2.300000    0.814580    1.655404  2.04e-03  1.61e-03
    2.400000    0.792171    1.633239  2.37e-03  2.45e-03
    2.500000    0.771823    1.609184  2.40e-03  2.79e-03
    2.600000    0.753719    1.582648  2.29e-03  3.38e-03
    2.700000    0.739155    1.555902  1.09e-03  2.10e-03
    2.800000    0.726876    1.527066  3.71e-04  1.00e-03
    2.900000    0.717091    1.495571  2.10e-04  8.41e-04
    3.000000    0.710388    1.461718  2.48e-04  1.54e-03
    3.100000    0.707227    1.426224  1.85e-04  2.62e-03
    3.200000    0.707774    1.389871  6.43e-05  3.55e-03
    3.300000    0.711937    1.353272  4.17e-04  4.02e-03
    3.400000    0.719482    1.316831  7.32e-04  3.95e-03
    3.500000    0.730101    1.280910  8.74e-04  3.31e-03
    3.600000    0.743437    1.245871  7.25e-04  2.12e-03
    3.700000    0.759104    1.212075  1.91e-04  4.28e-04
    3.800000    0.778229    1.176840  7.22e-04  1.35e-03
    3.900000    0.799673    1.143027  1.53e-03  2.50e-03
    4.000000    0.822611    1.111958  2.14e-03  3.03e-03
    4.100000    0.846613    1.084064  2.46e-03  3.01e-03
    4.200000    0.872616    1.058537  3.78e-03  3.74e-03
    4.300000    0.896759    1.038903  2.56e-03  2.17e-03
    4.400000    0.922654    1.022357  2.69e-03  1.56e-03
    4.500000    0.949804    1.009423  3.97e-03  1.75e-03
    4.600000    0.971677    1.003131  1.20e-04  1.84e-05
    4.700000    1.000881    0.999978  3.98e-03  6.03e-05
    4.800000    1.024123    1.002244  2.48e-03  3.28e-04
    4.900000    1.048218    1.009872  2.63e-03  1.14e-03
    5.000000    1.072193    1.022451  3.63e-03  2.12e-03
    5.100000    1.090618    1.036650  2.10e-04  2.21e-04
    5.200000    1.114344    1.060263  3.37e-03  3.60e-03
    5.300000    1.132066    1.083037  1.94e-03  2.42e-03
    5.400000    1.149808    1.111129  2.05e-03  3.32e-03
    5.500000    1.166384    1.142517  2.62e-03  4.77e-03
    5.600000    1.178247    1.170493  2.05e-04  5.64e-04
    5.700000    1.192675    1.209460  2.15e-03  5.58e-03
    5.800000    1.202249    1.242415  1.10e-03  3.30e-03
    5.900000    1.210920    1.279453  1.07e-03  4.26e-03
    6.000000    1.217779    1.317297  1.19e-03  5.59e-03
    6.100000    1.221394    1.349080  6.94e-05  8.08e-04
    6.200000    1.224584    1.390348  5.45e-04  5.82e-03
    6.300000    1.224861    1.423309  1.45e-04  3.16e-03
    6.400000    1.223197    1.458922  1.55e-04  4.09e-03
    6.500000    1.219541    1.493333  4.15e-04  5.01e-03
    6.600000    1.214349    1.521229  1.94e-04  8.53e-04
    6.700000    1.205961    1.555583  1.18e-03  4.82e-03
    6.800000    1.197025    1.581689  7.64e-04  2.41e-03
    6.900000    1.185091    1.608881  1.44e-03  3.13e-03
    7.000000    1.171483    1.633589  1.95e-03  3.56e-03
   ------------------------------------------------------

Final Solver Statistics:
   Internal solver steps = 168 (attempted = 168)
   Total number of error test failures = 0
   Total RHS evals:  Fe = 675,  Fi = 1698
   Total mass matrix setups = 508
   Total mass matrix solves = 1515
   Total mass times evals = 1191
   Total number of Jacobian evaluations = 18
   Total linear solver setups = 18
   Total number of Nonlinear iterations = 1023
   Total number of Nonlinear convergence failures = 0
   Errors: u = 0.00224481, v = 0.0027708, total = 0.00252156
