
2D Heat PDE test problem:
 --------------------------------- 
  nprocs         = 4
  npx            = 2
  npy            = 2
 --------------------------------- 
  kx             = 1
  ky             = 1
  forcing        = 1
  tf             = 1
  xu             = 1
  yu             = 1
  nx             = 32
  ny             = 32
  nxl (proc 0)   = 16
  nyl (proc 0)   = 16
  dx             = 0.0322581
  dy             = 0.0322581
 --------------------------------- 
  rtol           = 1e-05
  atol           = 1e-10
 --------------------------------- 
  linear solver  = PCG
  lin iters      = 20
  eps lin        = 0
  prec           = 1
  msbp           = 0
 --------------------------------- 
  output         = 1
 --------------------------------- 

          t                     ||u||_rms                max error      
 -----------------------------------------------------------------------
 0.000000000000000e+00    3.632812500000001e-01    0.000000000000000e+00
 5.000000000000000e-02    3.551986624101293e-01    2.454797623496874e-03
 1.000000000000000e-01    3.296219563367787e-01    2.893480202643572e-03
 1.500000000000000e-01    2.894444105468483e-01    2.833131732203009e-03
 2.000000000000000e-01    2.387095098338299e-01    2.520920425297057e-03
 2.500000000000000e-01    1.824250183749576e-01    2.076906124247935e-03
 3.000000000000000e-01    1.261154308174052e-01    1.576762294804746e-03
 3.500000000000000e-01    7.529885775297329e-02    1.082521847479478e-03
 4.000000000000000e-01    3.495180170972959e-02    6.473397614688292e-04
 4.500000000000000e-01    9.024052334623726e-03    3.144331017727042e-04
 4.999999999999999e-01    5.537530480843492e-05    1.160429614650555e-04
 5.499999999999999e-01    8.918953005141174e-03    7.381565834634063e-05
 6.000000000000000e-01    3.475286102634825e-02    1.917303073874083e-04
 6.500000000000000e-01    7.502621402914339e-02    4.580027516698226e-04
 7.000000000000001e-01    1.257966798073994e-01    8.464282130831169e-04
 7.500000000000001e-01    1.820947687451210e-01    1.319534229023533e-03
 8.000000000000002e-01    2.384090220954458e-01    1.829634676252856e-03
 8.500000000000002e-01    2.892274160726198e-01    2.327781420392694e-03
 9.000000000000002e-01    3.295749974478440e-01    2.763945064343631e-03
 9.500000000000003e-01    3.555008197058857e-01    3.092020969273857e-03
 1.000000000000000e+00    3.644713459717952e-01    3.290816471923197e-03
 -----------------------------------------------------------------------

Final integrator statistics:
  Steps            = 93
  Error test fails = 4
  RHS evals        = 124
  NLS iters        = 121
  NLS fails        = 0
  LS iters         = 1270
  LS fails         = 26
  LS setups        = 21
  LS RHS evals     = 1270
  Jv products      = 1270

  Avg NLS iters per step    = 1.301075
  Avg LS iters per NLS iter = 10.495868

  Preconditioner setups = 2
  Preconditioner solves = 1270

  Max error = 3.290816471923197e-03
