
Multirate nonlinear Kvaerno-Prothero-Robinson test problem:
    time domain:  (0,5]
    hs = 0.01
    hf = 0.0001
    G = -100
    w = 100
    e = 0.5
    solver: exp-3/none (explicit slow, no fast)
        t           u           v       uerr      verr
   ------------------------------------------------------
    0.000000    1.224745    1.732051  0.00e+00  0.00e+00
    0.100000    1.223763    1.078830  3.82e-05  1.37e-03
    0.200000    1.220621    1.551459  4.80e-05  3.41e-04
    0.300000    1.215670    1.468283  7.66e-05  5.46e-04
    0.400000    1.208470    1.153553  5.41e-05  1.03e-03
    0.500000    1.199503    1.721912  7.15e-06  4.49e-06
    0.600000    1.188562    1.024685  5.17e-06  1.17e-03
    0.700000    1.175722    1.622394  4.23e-05  3.56e-04
    0.800000    1.161273    1.375492  8.70e-05  8.60e-04
    0.900000    1.144848    1.244851  5.63e-05  9.12e-04
    1.000000    1.127033    1.692049  2.33e-05  2.10e-04
    1.100000    1.107588    1.000787  2.12e-05  2.98e-04
    1.200000    1.086786    1.677292  3.42e-05  2.60e-04
    1.300000    1.064866    1.278796  8.90e-05  1.02e-03
    1.400000    1.041569    1.341623  5.69e-05  8.32e-04
    1.500000    1.017571    1.643329  4.05e-05  3.90e-04
    1.600000    0.992634    1.011394  3.91e-05  7.18e-04
    1.700000    0.967229    1.714025  2.36e-05  3.26e-05
    1.800000    0.941564    1.184983  7.60e-05  1.12e-03
    1.900000    0.915563    1.436882  5.48e-05  5.83e-04
    2.000000    0.889959    1.577469  5.66e-05  3.87e-04
    2.100000    0.864576    1.055284  4.95e-05  1.18e-03
    2.200000    0.840077    1.730958  1.20e-05  3.74e-05
    2.300000    0.816664    1.102379  4.78e-05  1.33e-03
    2.400000    0.794495    1.524701  5.10e-05  3.50e-04
    2.500000    0.774298    1.497468  7.05e-05  4.75e-04
    2.600000    0.755958    1.125772  5.49e-05  1.09e-03
    2.700000    0.740246    1.727533  4.86e-07  3.55e-06
    2.800000    0.727261    1.039718  1.36e-05  1.32e-03
    2.900000    0.717255    1.600423  4.64e-05  3.36e-04
    3.000000    0.710718    1.407151  8.20e-05  7.72e-04
    3.100000    0.707355    1.213428  5.79e-05  9.25e-04
    3.200000    0.707725    1.704161  1.55e-05  1.35e-04
    3.300000    0.711504    1.005042  1.53e-05  6.51e-04
    3.400000    0.718710    1.660915  3.93e-05  3.10e-04
    3.500000    0.729315    1.311097  8.81e-05  9.95e-04
    3.600000    0.742653    1.309213  5.87e-05  8.67e-04
    3.700000    0.758947    1.661594  3.32e-05  3.57e-04
    3.800000    0.777471    1.003977  3.51e-05  4.10e-04
    3.900000    0.798115    1.703919  2.87e-05  9.98e-05
    4.000000    0.820556    1.215451  8.20e-05  1.08e-03
    4.100000    0.844093    1.405680  5.66e-05  6.78e-04
    4.200000    0.868883    1.601174  5.11e-05  3.99e-04
    4.300000    0.894157    1.037277  4.67e-05  1.10e-03
    4.400000    0.919948    1.727576  1.61e-05  4.25e-05
    4.500000    0.945893    1.128134  5.94e-05  1.26e-03
    4.600000    0.971505    1.496571  5.20e-05  4.03e-04
    4.700000    0.996965    1.525489  6.71e-05  4.19e-04
    4.800000    1.021588    1.099882  5.24e-05  1.15e-03
    4.900000    1.045586    1.730924  2.84e-06  2.62e-06
    5.000000    1.068592    1.057870  2.68e-05  1.39e-03
   ------------------------------------------------------

Final Solver Statistics:
   Steps: nsts = 501, nstf = 50601
   u error = 5.052e-05, v error = 7.684e-04, total error = 5.445e-04
   Total RHS evals:  Fs = 1504,  Ff = 152306
