
1D reaction-diffusion PDE test problem:
  N = 1001
  diffusion coefficient:  k = 0.01
        t      ||u||_rms
   -------------------------
    0.000000    0.414838
    0.100000    0.416532
    0.200000    0.418220
    0.300000    0.419901
    0.400000    0.421576
    0.500000    0.423244
    0.600000    0.424907
    0.700000    0.426563
    0.800000    0.428213
    0.900000    0.429858
    1.000000    0.431496
    1.100000    0.433128
    1.200000    0.434754
    1.300000    0.436374
    1.400000    0.437989
    1.500000    0.439597
    1.600000    0.441200
    1.700000    0.442797
    1.800000    0.444389
    1.900000    0.445975
    2.000000    0.447555
    2.100000    0.449130
    2.200000    0.450700
    2.300000    0.452264
    2.400000    0.453822
    2.500000    0.455376
    2.600000    0.456924
    2.700000    0.458467
    2.800000    0.460005
    2.900000    0.461538
    3.000000    0.463065
   -------------------------

Final Solver Statistics:
   Steps: nsts = 3001, nstf = 153051
   Total RHS evals:  Fs = 9004,  Ff = 615207
