
One way coupling ODE test problem:
    initial conditions:  u0 = 1,  v0 = 0,  w0 = 2
    hs = 0.001,  hf = 0.0001

        t           u           v           w       max err
   ----------------------------------------------------------
    0.000000    1.000000    0.000000    2.000000    0.000000
    0.100000    0.283656   -0.958899    1.802291    0.000025
    0.200000   -0.839027   -0.543995    1.658848    0.000045
    0.300000   -0.759631    0.650235    1.524293    0.000057
    0.400000    0.408036    0.912852    1.364394    0.000093
    0.500000    0.991075   -0.132329    1.202829    0.000128
    0.600000    0.154234   -0.987876    1.085209    0.000155
    0.700000   -0.903525   -0.428111    1.011872    0.000168
    0.800000   -0.666805    0.744953    0.935716    0.000161
    0.900000    0.525191    0.850709    0.828163    0.000194
    1.000000    0.964718   -0.262297    0.718717    0.000248
   ----------------------------------------------------------

Final Solver Statistics:
   Steps: nsts = 1000, nstf = 12000
   Total RHS evals:  Fs = 3001,  Ff = 49002
