
Multirate nonlinear Kvaerno-Prothero-Robinson test problem:
    time domain:  (0,5]
    hs = 0.002
    hf = 2e-05
    G = -100
    w = 100
    e = 0.5
    solver: none/exp-3 (no slow, explicit fast)

        t           u           v       uerr      verr
   ------------------------------------------------------
    0.000000    1.224745    1.732051  0.00e+00  0.00e+00
    0.100000    1.223725    1.077464  5.15e-13  1.86e-13
    0.200000    1.220669    1.551800  3.61e-13  4.93e-14
    0.300000    1.215594    1.467737  2.05e-13  2.51e-13
    0.400000    1.208524    1.154583  9.50e-14  5.58e-13
    0.500000    1.199496    1.721908  2.07e-13  4.33e-14
    0.600000    1.188557    1.023517  4.75e-13  6.09e-13
    0.700000    1.175764    1.622751  3.64e-13  3.18e-14
    0.800000    1.161186    1.374632  3.10e-13  2.24e-13
    0.900000    1.144904    1.245763  1.97e-13  3.70e-13
    1.000000    1.127010    1.691839  1.30e-13  1.26e-13
    1.100000    1.107609    1.000489  3.46e-13  3.11e-12
    1.200000    1.086821    1.677552  3.71e-13  7.33e-14
    1.300000    1.064777    1.277775  3.83e-13  1.61e-12
    1.400000    1.041625    1.342455  2.93e-13  1.22e-12
    1.500000    1.017531    1.642940  5.93e-14  2.38e-13
    1.600000    0.992673    1.012112  2.03e-13  2.53e-12
    1.700000    0.967253    1.714058  3.44e-13  7.20e-13
    1.800000    0.941488    1.183867  4.52e-13  1.59e-12
    1.900000    0.915617    1.437465  3.44e-13  3.82e-13
    2.000000    0.889903    1.577082  3.50e-14  3.23e-13
    2.100000    0.864625    1.056467  9.49e-14  3.63e-12
    2.200000    0.840089    1.730920  2.82e-13  9.77e-13
    2.300000    0.816616    1.101047  5.31e-13  3.10e-12
    2.400000    0.794546    1.525051  3.55e-13  1.45e-13
    2.500000    0.774227    1.496993  1.73e-13  1.47e-13
    2.600000    0.756013    1.126857  5.61e-14  2.76e-12
    2.700000    0.740246    1.727536  2.34e-13  1.63e-12
    2.800000    0.727247    1.038393  4.93e-13  3.33e-12
    2.900000    0.717301    1.600759  3.84e-13  8.97e-13
    3.000000    0.710636    1.406380  2.69e-13  3.69e-13
    3.100000    0.707412    1.214353  1.84e-13  1.89e-12
    3.200000    0.707709    1.704026  1.75e-13  1.92e-12
    3.300000    0.711520    1.004391  3.96e-13  3.62e-12
    3.400000    0.718750    1.661225  3.90e-13  1.72e-12
    3.500000    0.729227    1.310102  3.60e-13  8.16e-13
    3.600000    0.742712    1.310080  2.78e-13  9.20e-13
    3.700000    0.758914    1.661237  9.77e-14  1.96e-12
    3.800000    0.777506    1.004387  2.59e-13  3.77e-12
    3.900000    0.798144    1.704019  3.72e-13  2.32e-12
    4.000000    0.820474    1.214374  4.43e-13  1.53e-12
    4.100000    0.844149    1.406358  3.40e-13  1.78e-14
    4.200000    0.868832    1.600774  6.66e-16  1.74e-12
    4.300000    0.894204    1.038382  1.07e-13  3.58e-12
    4.400000    0.919964    1.727533  3.31e-13  2.75e-12
    4.500000    0.945834    1.126875  4.96e-13  2.41e-12
    4.600000    0.971557    1.496974  3.76e-13  9.10e-13
    4.700000    0.996898    1.525070  1.11e-13  1.32e-12
    4.800000    1.021641    1.101030  3.06e-14  2.99e-12
    4.900000    1.045589    1.730922  2.75e-13  3.00e-12
    5.000000    1.068565    1.056480  5.02e-13  3.36e-12
   ------------------------------------------------------

Final Solver Statistics:
   Steps: nsts = 2501, nstf = 252601
   u error = 3.156e-13, v error = 1.909e-12, total error = 1.368e-12
   Total RHS evals:  Fs = 5003,  Ff = 760306
