
1-D advection-diffusion equation, mesh size = 10
Sensitivity: YES ( STAGGERED + FULL ERROR CONTROL )

============================================================
     T     Q       H      NST                    Max norm   
============================================================
5.000e-01  3  3.873e-03   163
                                Solution         3.0529e+00 
                                Sensitivity 1    3.8668e+00 
                                Sensitivity 2    6.2020e-01 
------------------------------------------------------------
1.000e+00  3  3.873e-03   292
                                Solution         8.7533e-01 
                                Sensitivity 1    2.1743e+00 
                                Sensitivity 2    1.8909e-01 
------------------------------------------------------------
1.500e+00  3  3.873e-03   421
                                Solution         2.4950e-01 
                                Sensitivity 1    9.1827e-01 
                                Sensitivity 2    7.3922e-02 
------------------------------------------------------------
2.000e+00  3  3.873e-03   550
                                Solution         7.1107e-02 
                                Sensitivity 1    3.4668e-01 
                                Sensitivity 2    2.8229e-02 
------------------------------------------------------------
2.500e+00  3  3.873e-03   679
                                Solution         2.0257e-02 
                                Sensitivity 1    1.2301e-01 
                                Sensitivity 2    1.0086e-02 
------------------------------------------------------------
3.000e+00  3  3.873e-03   808
                                Solution         5.7782e-03 
                                Sensitivity 1    4.1960e-02 
                                Sensitivity 2    3.4560e-03 
------------------------------------------------------------
3.500e+00  3  3.873e-03   938
                                Solution         1.6513e-03 
                                Sensitivity 1    1.3927e-02 
                                Sensitivity 2    1.1671e-03 
------------------------------------------------------------
4.000e+00  3  3.873e-03  1067
                                Solution         4.6359e-04 
                                Sensitivity 1    4.5228e-03 
                                Sensitivity 2    3.8639e-04 
------------------------------------------------------------
4.500e+00  3  3.873e-03  1196
                                Solution         1.3607e-04 
                                Sensitivity 1    1.4450e-03 
                                Sensitivity 2    1.2543e-04 
------------------------------------------------------------
5.000e+00  3  3.873e-03  1325
                                Solution         4.3250e-05 
                                Sensitivity 1    4.6197e-04 
                                Sensitivity 2    4.0128e-05 
------------------------------------------------------------

Final Statistics

nst     =  1325

nfe     =  2987
netf    =     0    nsetups  =     0
nni     =  1659    ncfn     =     0

nfSe    =  3462    nfeS     =  6924
netfs   =     0    nsetupsS =     0
nniS    =  1728    ncfnS    =     0
