
3-species chemical kinetics problem
Sensitivity: YES ( SIMULTANEOUS + FULL ERROR CONTROL )

=======================================================================
     T     Q       H      NST           y1           y2           y3    
=======================================================================
4.000e-01  3  4.881e-02   115
                  Solution         9.8517e-01   3.3864e-05   1.4794e-02 
                  Sensitivity 1   -3.5595e-01   3.9025e-04   3.5556e-01 
                  Sensitivity 2    9.5431e-08  -2.1309e-10  -9.5218e-08 
                  Sensitivity 3   -1.5833e-11  -5.2900e-13   1.6362e-11 
-----------------------------------------------------------------------
4.000e+00  5  2.363e-01   138
                  Solution         9.0552e-01   2.2405e-05   9.4459e-02 
                  Sensitivity 1   -1.8761e+00   1.7922e-04   1.8759e+00 
                  Sensitivity 2    2.9614e-06  -5.8305e-10  -2.9608e-06 
                  Sensitivity 3   -4.9334e-10  -2.7626e-13   4.9362e-10 
-----------------------------------------------------------------------
4.000e+01  3  1.485e+00   219
                  Solution         7.1583e-01   9.1856e-06   2.8416e-01 
                  Sensitivity 1   -4.2475e+00   4.5913e-05   4.2475e+00 
                  Sensitivity 2    1.3731e-05  -2.3573e-10  -1.3730e-05 
                  Sensitivity 3   -2.2883e-09  -1.1380e-13   2.2884e-09 
-----------------------------------------------------------------------
4.000e+02  3  8.882e+00   331
                  Solution         4.5052e-01   3.2229e-06   5.4947e-01 
                  Sensitivity 1   -5.9584e+00   3.5431e-06   5.9584e+00 
                  Sensitivity 2    2.2738e-05  -2.2605e-11  -2.2738e-05 
                  Sensitivity 3   -3.7896e-09  -4.9948e-14   3.7897e-09 
-----------------------------------------------------------------------
4.000e+03  2  1.090e+02   486
                  Solution         1.8317e-01   8.9403e-07   8.1683e-01 
                  Sensitivity 1   -4.7500e+00  -5.9957e-06   4.7500e+00 
                  Sensitivity 2    1.8809e-05   2.3136e-11  -1.8809e-05 
                  Sensitivity 3   -3.1348e-09  -1.8757e-14   3.1348e-09 
-----------------------------------------------------------------------
4.000e+04  3  1.178e+03   588
                  Solution         3.8977e-02   1.6215e-07   9.6102e-01 
                  Sensitivity 1   -1.5748e+00  -2.7620e-06   1.5748e+00 
                  Sensitivity 2    6.2869e-06   1.1002e-11  -6.2869e-06 
                  Sensitivity 3   -1.0478e-09  -4.5362e-15   1.0478e-09 
-----------------------------------------------------------------------
4.000e+05  3  1.514e+04   645
                  Solution         4.9387e-03   1.9852e-08   9.9506e-01 
                  Sensitivity 1   -2.3639e-01  -4.5861e-07   2.3639e-01 
                  Sensitivity 2    9.4525e-07   1.8334e-12  -9.4525e-07 
                  Sensitivity 3   -1.5751e-10  -6.3629e-16   1.5751e-10 
-----------------------------------------------------------------------
4.000e+06  4  2.323e+05   696
                  Solution         5.1684e-04   2.0684e-09   9.9948e-01 
                  Sensitivity 1   -2.5667e-02  -5.1064e-08   2.5667e-02 
                  Sensitivity 2    1.0266e-07   2.0424e-13  -1.0266e-07 
                  Sensitivity 3   -1.7111e-11  -6.8513e-17   1.7111e-11 
-----------------------------------------------------------------------
4.000e+07  4  1.776e+06   753
                  Solution         5.2039e-05   2.0817e-10   9.9995e-01 
                  Sensitivity 1   -2.5991e-03  -5.1931e-09   2.5991e-03 
                  Sensitivity 2    1.0396e-08   2.0772e-14  -1.0397e-08 
                  Sensitivity 3   -1.7330e-12  -6.9328e-18   1.7330e-12 
-----------------------------------------------------------------------
4.000e+08  4  2.766e+07   802
                  Solution         5.2106e-06   2.0842e-11   9.9999e-01 
                  Sensitivity 1   -2.6063e-04  -5.2149e-10   2.6063e-04 
                  Sensitivity 2    1.0425e-09   2.0859e-15  -1.0425e-09 
                  Sensitivity 3   -1.7366e-13  -6.9467e-19   1.7367e-13 
-----------------------------------------------------------------------
4.000e+09  2  4.183e+08   836
                  Solution         5.1881e-07   2.0752e-12   1.0000e-00 
                  Sensitivity 1   -2.5907e-05  -5.1717e-11   2.5907e-05 
                  Sensitivity 2    1.0363e-10   2.0687e-16  -1.0363e-10 
                  Sensitivity 3   -1.7293e-14  -6.9174e-20   1.7293e-14 
-----------------------------------------------------------------------
4.000e+10  2  3.799e+09   859
                  Solution         6.5181e-08   2.6072e-13   1.0000e-00 
                  Sensitivity 1   -2.4884e-06  -3.3032e-12   2.4884e-06 
                  Sensitivity 2    9.9534e-12   1.3213e-17  -9.9534e-12 
                  Sensitivity 3   -2.1727e-15  -8.6908e-21   2.1727e-15 
-----------------------------------------------------------------------

Final Statistics

nst     =   859

nfe     =  1222
netf    =    29    nsetups  =   142
nni     =  1218    ncfn     =     4

nfSe    =  3666    nfeS     =     0
netfs   =     0    nsetupsS =     0
nniS    =     0    ncfnS    =     0

nje    =    24    nfeLS     =     0
