Krylov example problem:

 Kinetics-transport, NEQ =  200


 t =   0.720E+04   nst =   219  q =  5  h =   0.158696E+03
  c1 (bot.left/middle/top rt.) =   0.104683E+05  0.296373E+05  0.111853E+05
  c2 (bot.left/middle/top rt.) =   0.252672E+12  0.715376E+12  0.269977E+12

 t =   0.144E+05   nst =   251  q =  5  h =   0.377205E+03
  c1 (bot.left/middle/top rt.) =   0.665902E+07  0.531602E+07  0.730081E+07
  c2 (bot.left/middle/top rt.) =   0.258192E+12  0.205680E+12  0.283286E+12

 t =   0.216E+05   nst =   277  q =  5  h =   0.274584E+03
  c1 (bot.left/middle/top rt.) =   0.266498E+08  0.103636E+08  0.293077E+08
  c2 (bot.left/middle/top rt.) =   0.299279E+12  0.102810E+12  0.331344E+12

 t =   0.288E+05   nst =   307  q =  4  h =   0.201171E+03
  c1 (bot.left/middle/top rt.) =   0.870209E+07  0.129197E+08  0.965002E+07
  c2 (bot.left/middle/top rt.) =   0.338035E+12  0.502929E+12  0.375096E+12

 t =   0.360E+05   nst =   336  q =  5  h =   0.101863E+03
  c1 (bot.left/middle/top rt.) =   0.140404E+05  0.202903E+05  0.156090E+05
  c2 (bot.left/middle/top rt.) =   0.338677E+12  0.489443E+12  0.376516E+12

 t =   0.432E+05   nst =   385  q =  4  h =   0.456580E+03
  c1 (bot.left/middle/top rt.) =   0.522615E-07 -0.607462E-05  0.871309E-07
  c2 (bot.left/middle/top rt.) =   0.338233E+12  0.135487E+12  0.380352E+12

 t =   0.504E+05   nst =   403  q =  4  h =   0.277279E+03
  c1 (bot.left/middle/top rt.) =  -0.266960E-07 -0.450968E-05 -0.267202E-07
  c2 (bot.left/middle/top rt.) =   0.335816E+12  0.493033E+12  0.386445E+12

 t =   0.576E+05   nst =   419  q =  5  h =   0.344023E+03
  c1 (bot.left/middle/top rt.) =  -0.114670E-08 -0.587145E-07 -0.219472E-08
  c2 (bot.left/middle/top rt.) =   0.332031E+12  0.964981E+12  0.390900E+12

 t =   0.648E+05   nst =   431  q =  5  h =   0.949533E+03
  c1 (bot.left/middle/top rt.) =   0.379212E-09  0.190141E-07  0.719619E-09
  c2 (bot.left/middle/top rt.) =   0.331303E+12  0.892184E+12  0.396342E+12

 t =   0.720E+05   nst =   441  q =  5  h =   0.700864E+03
  c1 (bot.left/middle/top rt.) =  -0.187184E-10 -0.936079E-09 -0.355015E-10
  c2 (bot.left/middle/top rt.) =   0.332972E+12  0.618617E+12  0.403885E+12

 t =   0.792E+05   nst =   451  q =  5  h =   0.700864E+03
  c1 (bot.left/middle/top rt.) =   0.136509E-12  0.673869E-11  0.258515E-12
  c2 (bot.left/middle/top rt.) =   0.333441E+12  0.666904E+12  0.412026E+12

 t =   0.864E+05   nst =   461  q =  5  h =   0.700864E+03
  c1 (bot.left/middle/top rt.) =   0.414351E-13  0.207247E-11  0.786247E-13
  c2 (bot.left/middle/top rt.) =   0.335178E+12  0.910668E+12  0.416250E+12


Final statistics:

 number of steps        =   461      number of f evals.     =  597
 number of prec. setups =    78
 number of prec. evals. =     8      number of prec. solves =  1176
 number of nonl. iters. =   594      number of lin. iters.  =   636
 average Krylov subspace dimension (NLI/NNI)  =   0.107071E+01
 number of conv. failures.. nonlinear =   0 linear =   0
 number of error test failures =  27
