   
 1D Brusselator PDE test problem (F2003 with custom data structures):
    N =   201,  NEQ =   603
    problem parameters:  a =  6.00E-01,  b =  2.00E+00,  ep =  1.00E-05
    diffusion coefficients:  du =  1.000E-03,  dv =  1.000E-03,  dw =  1.000E-03
    reltol =  1.0E-06,  abstol =  1.0E-10
         t      ||u||_rms   ||v||_rms   ||w||_rms
    ----------------------------------------------
    0.100000    0.675713    3.378369    1.999987
    0.200000    0.688538    3.357681    1.999986
    0.300000    0.702687    3.334519    1.999986
    0.400000    0.718330    3.308631    1.999986
    0.500000    0.735663    3.279739    1.999985
    0.600000    0.754906    3.247538    1.999985
    0.700000    0.776300    3.211707    1.999985
    0.800000    0.800104    3.171913    1.999984
    0.900000    0.826576    3.127830    1.999984
    1.000000    0.855944    3.079177    1.999983
    1.100000    0.888360    3.025758    1.999983
    1.200000    0.923819    2.967534    1.999982
    1.300000    0.962053    2.904714    1.999981
    1.400000    1.002403    2.837842    1.999981
    1.500000    1.043693    2.767880    1.999980
    1.600000    1.084177    2.696213    1.999979
    1.700000    1.121634    2.624563    1.999978
    1.800000    1.153639    2.554796    1.999978
    1.900000    1.177971    2.488669    1.999977
    2.000000    1.193022    2.427623    1.999977
    2.100000    1.198029    2.372667    1.999977
    2.200000    1.193082    2.324390    1.999977
    2.300000    1.178953    2.283041    1.999977
    2.400000    1.156842    2.248628    1.999978
    2.500000    1.128142    2.221005    1.999978
    2.600000    1.094275    2.199937    1.999979
    2.700000    1.056575    2.185130    1.999979
    2.800000    1.016243    2.176252    1.999980
    2.900000    0.974323    2.172937    1.999981
    3.000000    0.931699    2.174790    1.999982
    3.100000    0.889109    2.181394    1.999982
    3.200000    0.847151    2.192306    1.999983
    3.300000    0.806299    2.207075    1.999984
    3.400000    0.766914    2.225246    1.999985
    3.500000    0.729262    2.246373    1.999986
    3.600000    0.693522    2.270028    1.999986
    3.700000    0.659803    2.295813    1.999987
    3.800000    0.628158    2.323365    1.999988
    3.900000    0.598595    2.352357    1.999988
    4.000000    0.571088    2.382505    1.999989
    4.100000    0.545589    2.413561    1.999990
    4.200000    0.522032    2.445313    1.999990
    4.300000    0.500343    2.477584    1.999990
    4.400000    0.480440    2.510222    1.999991
    4.500000    0.462239    2.543102    1.999991
    4.600000    0.445653    2.576119    1.999992
    4.700000    0.430595    2.609187    1.999992
    4.800000    0.416978    2.642234    1.999992
    4.900000    0.404715    2.675200    1.999992
    5.000000    0.393719    2.708039    1.999993
    5.100000    0.383905    2.740710    1.999993
    5.200000    0.375189    2.773183    1.999993
    5.300000    0.367486    2.805433    1.999993
    5.400000    0.360718    2.837441    1.999993
    5.500000    0.354807    2.869191    1.999993
    5.600000    0.349679    2.900674    1.999993
    5.700000    0.345262    2.931881    1.999993
    5.800000    0.341493    2.962806    1.999994
    5.900000    0.338308    2.993447    1.999994
    6.000000    0.335651    3.023802    1.999994
    6.100000    0.333470    3.053869    1.999994
    6.200000    0.331718    3.083648    1.999994
    6.300000    0.330352    3.113139    1.999994
    6.400000    0.329332    3.142342    1.999994
    6.500000    0.328624    3.171259    1.999994
    6.600000    0.328198    3.199888    1.999994
    6.700000    0.328025    3.228231    1.999994
    6.800000    0.328083    3.256287    1.999994
    6.900000    0.328348    3.284055    1.999994
    7.000000    0.328803    3.311535    1.999994
    7.100000    0.329431    3.338724    1.999994
    7.200000    0.330219    3.365622    1.999994
    7.300000    0.331153    3.392225    1.999994
    7.400000    0.332225    3.418531    1.999994
    7.500000    0.333423    3.444537    1.999994
    7.600000    0.334742    3.470239    1.999994
    7.700000    0.336174    3.495632    1.999994
    7.800000    0.337715    3.520712    1.999994
    7.900000    0.339360    3.545473    1.999993
    8.000000    0.341106    3.569909    1.999993
    8.100000    0.342952    3.594014    1.999993
    8.200000    0.344894    3.617780    1.999993
    8.300000    0.346933    3.641201    1.999993
    8.400000    0.349068    3.664266    1.999993
    8.500000    0.351301    3.686968    1.999993
    8.600000    0.353631    3.709296    1.999993
    8.700000    0.356062    3.731240    1.999993
    8.800000    0.358595    3.752788    1.999993
    8.900000    0.361234    3.773926    1.999993
    9.000000    0.363983    3.794643    1.999993
    9.100000    0.366845    3.814922    1.999993
    9.200000    0.369827    3.834747    1.999993
    9.300000    0.372935    3.854103    1.999993
    9.400000    0.376175    3.872968    1.999993
    9.500000    0.379555    3.891323    1.999993
    9.600000    0.383085    3.909145    1.999993
    9.700000    0.386774    3.926409    1.999992
    9.800000    0.390633    3.943089    1.999992
    9.900000    0.394676    3.959154    1.999992
   10.000000    0.398916    3.974572    1.999992
    ----------------------------------------------
  
 Final Solver Statistics:
    Internal solver steps =       407, (attempted =       504)
    Total RHS evals: Fe =      3027,  Fi =      8587
    Total linear solver setups    =      269
    Total RHS evals for setting up the linear system =        0
    Total number of Jacobian evaluations =       30
    Total number of Newton iterations =     5560
    Total number of nonlinear solver convergence failures =        0
    Total number of error test failures =       97
  
