
Multirate nonlinear Kvaerno-Prothero-Robinson test problem:
    time domain:  (0,5]
    hs = 0.005
    hf = 5e-05
    G = -100
    w = 100
    e = 0.5
    solver: exp-4/exp-3 (MRI-GARK-ERK45a / ERK-3-3)

        t           u           v       uerr      verr
   ------------------------------------------------------
    0.000000    1.224745    1.732051  0.00e+00  0.00e+00
    0.100000    1.223725    1.077464  8.08e-09  4.56e-10
    0.200000    1.220669    1.551800  8.03e-09  9.03e-10
    0.300000    1.215594    1.467737  7.94e-09  1.30e-09
    0.400000    1.208524    1.154583  7.80e-09  1.66e-09
    0.500000    1.199496    1.721908  7.62e-09  1.97e-09
    0.600000    1.188557    1.023517  7.40e-09  2.24e-09
    0.700000    1.175764    1.622751  7.13e-09  2.47e-09
    0.800000    1.161186    1.374632  6.82e-09  2.66e-09
    0.900000    1.144904    1.245763  6.46e-09  2.81e-09
    1.000000    1.127010    1.691839  6.05e-09  2.92e-09
    1.100000    1.107609    1.000489  5.59e-09  3.00e-09
    1.200000    1.086821    1.677552  5.08e-09  3.04e-09
    1.300000    1.064777    1.277775  4.50e-09  3.04e-09
    1.400000    1.041625    1.342455  3.87e-09  3.00e-09
    1.500000    1.017531    1.642940  3.17e-09  2.93e-09
    1.600000    0.992673    1.012112  2.39e-09  2.82e-09
    1.700000    0.967253    1.714058  1.54e-09  2.67e-09
    1.800000    0.941488    1.183867  6.13e-10  2.48e-09
    1.900000    0.915617    1.437465  4.00e-10  2.25e-09
    2.000000    0.889903    1.577082  1.50e-09  1.98e-09
    2.100000    0.864625    1.056467  2.68e-09  1.67e-09
    2.200000    0.840089    1.730920  3.94e-09  1.30e-09
    2.300000    0.816616    1.101047  5.27e-09  9.00e-10
    2.400000    0.794546    1.525051  6.65e-09  4.49e-10
    2.500000    0.774227    1.496993  8.05e-09  4.16e-11
    2.600000    0.756013    1.126857  9.42e-09  5.70e-10
    2.700000    0.740246    1.727536  1.07e-08  1.13e-09
    2.800000    0.727247    1.038393  1.19e-08  1.71e-09
    2.900000    0.717301    1.600759  1.29e-08  2.31e-09
    3.000000    0.710636    1.406380  1.36e-08  2.89e-09
    3.100000    0.707412    1.214353  1.40e-08  3.46e-09
    3.200000    0.707709    1.704026  1.40e-08  3.98e-09
    3.300000    0.711520    1.004391  1.37e-08  4.45e-09
    3.400000    0.718750    1.661225  1.31e-08  4.84e-09
    3.500000    0.729227    1.310102  1.22e-08  5.15e-09
    3.600000    0.742712    1.310080  1.11e-08  5.37e-09
    3.700000    0.758914    1.661237  9.81e-09  5.50e-09
    3.800000    0.777506    1.004387  8.45e-09  5.53e-09
    3.900000    0.798144    1.704019  7.04e-09  5.47e-09
    4.000000    0.820474    1.214374  5.64e-09  5.34e-09
    4.100000    0.844149    1.406358  4.29e-09  5.13e-09
    4.200000    0.868832    1.600774  3.00e-09  4.86e-09
    4.300000    0.894204    1.038382  1.78e-09  4.54e-09
    4.400000    0.919964    1.727533  6.51e-10  4.18e-09
    4.500000    0.945834    1.126875  3.93e-10  3.79e-09
    4.600000    0.971557    1.496974  1.35e-09  3.38e-09
    4.700000    0.996898    1.525070  2.23e-09  2.95e-09
    4.800000    1.021641    1.101030  3.02e-09  2.50e-09
    4.900000    1.045589    1.730922  3.75e-09  2.06e-09
    5.000000    1.068565    1.056480  4.40e-09  1.61e-09
   ------------------------------------------------------

Final Solver Statistics:
   Steps: nsts = 1001, nstf = 100205
   u error = 7.569e-09, v error = 3.238e-09, total error = 5.821e-09
   Total RHS evals:  Fs = 5006,  Ff = 301618
