
Multirate nonlinear Kvaerno-Prothero-Robinson test problem:
    time domain:  (0,5]
    hs = 0.002
    hf = 2e-05
    G = -100
    w = 100
    e = 0.5
    solver: exp-4/exp-4 (MRI-GARK-ERK45a / ERK-4-4)

        t           u           v       uerr      verr
   ------------------------------------------------------
    0.000000    1.224745    1.732051  0.00e+00  0.00e+00
    0.100000    1.223725    1.077464  1.78e-10  1.07e-11
    0.200000    1.220669    1.551800  1.77e-10  2.15e-11
    0.300000    1.215594    1.467737  1.75e-10  3.07e-11
    0.400000    1.208524    1.154583  1.72e-10  3.88e-11
    0.500000    1.199496    1.721908  1.68e-10  4.68e-11
    0.600000    1.188557    1.023517  1.63e-10  5.25e-11
    0.700000    1.175764    1.622751  1.57e-10  5.85e-11
    0.800000    1.161186    1.374632  1.50e-10  6.28e-11
    0.900000    1.144904    1.245763  1.42e-10  6.63e-11
    1.000000    1.127010    1.691839  1.33e-10  6.94e-11
    1.100000    1.107609    1.000489  1.23e-10  7.42e-11
    1.200000    1.086821    1.677552  1.12e-10  7.19e-11
    1.300000    1.064777    1.277775  9.90e-11  7.36e-11
    1.400000    1.041625    1.342455  8.49e-11  7.24e-11
    1.500000    1.017531    1.642940  6.95e-11  6.92e-11
    1.600000    0.992673    1.012112  5.24e-11  6.94e-11
    1.700000    0.967253    1.714058  3.37e-11  6.25e-11
    1.800000    0.941488    1.183867  1.32e-11  6.04e-11
    1.900000    0.915617    1.437465  9.11e-12  5.37e-11
    2.000000    0.889903    1.577082  3.33e-11  4.65e-11
    2.100000    0.864625    1.056467  5.94e-11  3.59e-11
    2.200000    0.840089    1.730920  8.72e-11  3.16e-11
    2.300000    0.816616    1.101047  1.16e-10  1.82e-11
    2.400000    0.794546    1.525051  1.47e-10  1.03e-11
    2.500000    0.774227    1.496993  1.78e-10  1.43e-12
    2.600000    0.756013    1.126857  2.08e-10  1.62e-11
    2.700000    0.740246    1.727536  2.36e-10  2.57e-11
    2.800000    0.727247    1.038393  2.62e-10  4.37e-11
    2.900000    0.717301    1.600759  2.83e-10  5.42e-11
    3.000000    0.710636    1.406380  2.99e-10  6.93e-11
    3.100000    0.707412    1.214353  3.07e-10  8.38e-11
    3.200000    0.707709    1.704026  3.08e-10  9.31e-11
    3.300000    0.711520    1.004391  3.02e-10  1.08e-10
    3.400000    0.718750    1.661225  2.88e-10  1.14e-10
    3.500000    0.729227    1.310102  2.68e-10  1.23e-10
    3.600000    0.742712    1.310080  2.43e-10  1.28e-10
    3.700000    0.758914    1.661237  2.15e-10  1.29e-10
    3.800000    0.777506    1.004387  1.85e-10  1.34e-10
    3.900000    0.798144    1.704019  1.54e-10  1.28e-10
    4.000000    0.820474    1.214374  1.24e-10  1.28e-10
    4.100000    0.844149    1.406358  9.39e-11  1.22e-10
    4.200000    0.868832    1.600774  6.55e-11  1.14e-10
    4.300000    0.894204    1.038382  3.88e-11  1.10e-10
    4.400000    0.919964    1.727533  1.40e-11  9.70e-11
    4.500000    0.945834    1.126875  8.93e-12  9.14e-11
    4.600000    0.971557    1.496974  3.00e-11  7.93e-11
    4.700000    0.996898    1.525070  4.92e-11  6.88e-11
    4.800000    1.021641    1.101030  6.67e-11  6.11e-11
    4.900000    1.045589    1.730922  8.26e-11  4.66e-11
    5.000000    1.068565    1.056480  9.70e-11  4.02e-11
   ------------------------------------------------------

Final Solver Statistics:
   Steps: nsts = 2501, nstf = 250250
   u error = 1.665e-10, v error = 7.703e-11, total error = 1.297e-10
   Total RHS evals:  Fs = 12506,  Ff = 1003503
