
2-species diurnal advection-diffusion problem
Sensitivity: YES ( STAGGERED + FULL ERROR CONTROL )

========================================================================
     T     Q       H      NST                    Bottom left  Top right 
========================================================================
7.200e+03  3  2.785e+01   492
                                Solution         1.0593e+04   1.1152e+04 
                                                 2.5567e+11   2.6917e+11 
                                ----------------------------------------
                                Sensitivity 1   -6.4963e+19  -6.8394e+19 
                                                 7.2120e+19   7.6304e+19 
                                ----------------------------------------
                                Sensitivity 2   -4.4900e+14  -4.9768e+14 
                                                -2.5039e+18  -2.7672e+18 
------------------------------------------------------------------------
1.440e+04  3  5.375e+01   617
                                Solution         6.9172e+06   7.2517e+06 
                                                 2.6829e+11   2.8137e+11 
                                ----------------------------------------
                                Sensitivity 1   -4.2432e+22  -4.4483e+22 
                                                 6.2762e+22   6.6563e+22 
                                ----------------------------------------
                                Sensitivity 2   -4.8955e+17  -5.3580e+17 
                                                -7.1115e+21  -7.7236e+21 
------------------------------------------------------------------------
2.160e+04  2  1.830e+01   759
                                Solution         2.7558e+07   2.9196e+07 
                                                 3.1024e+11   3.3000e+11 
                                ----------------------------------------
                                Sensitivity 1   -1.6903e+23  -1.7907e+23 
                                                 4.0588e+23   4.4683e+23 
                                ----------------------------------------
                                Sensitivity 2   -8.2851e+18  -9.3610e+18 
                                                -8.2851e+22  -9.3662e+22 
------------------------------------------------------------------------
2.880e+04  5  2.525e+02   833
                                Solution         8.9631e+06   9.8602e+06 
                                                 3.4824e+11   3.8331e+11 
                                ----------------------------------------
                                Sensitivity 1   -5.4975e+22  -6.0476e+22 
                                                 5.8239e+23   7.0578e+23 
                                ----------------------------------------
                                Sensitivity 2   -5.2367e+18  -6.4007e+18 
                                                -1.8450e+23  -2.2574e+23 
------------------------------------------------------------------------
3.600e+04  5  1.766e+02   862
                                Solution         1.4433e+04   1.6660e+04 
                                                 3.4814e+11   4.0186e+11 
                                ----------------------------------------
                                Sensitivity 1   -8.8547e+19  -1.0220e+20 
                                                 5.6474e+23   7.6273e+23 
                                ----------------------------------------
                                Sensitivity 2   -9.0220e+15  -1.2170e+16 
                                                -1.9753e+23  -2.6679e+23 
------------------------------------------------------------------------
4.320e+04  4  3.385e+02   913
                                Solution         1.2273e-07   1.4964e-07 
                                                 3.4900e+11   4.0867e+11 
                                ----------------------------------------
                                Sensitivity 1   -2.7444e+09  -3.2648e+09 
                                                 5.7083e+23   7.9553e+23 
                                ----------------------------------------
                                Sensitivity 2    1.3958e+06   3.1732e+06 
                                                -1.9969e+23  -2.7830e+23 
------------------------------------------------------------------------
5.040e+04  5  5.094e+02   927
                                Solution         9.3338e-09   1.1392e-08 
                                                 3.5570e+11   4.1225e+11 
                                ----------------------------------------
                                Sensitivity 1   -4.1050e+08  -4.9484e+08 
                                                 5.9553e+23   8.1823e+23 
                                ----------------------------------------
                                Sensitivity 2   -9.0890e+07  -2.0488e+08 
                                                -2.0833e+23  -2.8624e+23 
------------------------------------------------------------------------
5.760e+04  4  1.971e+02   954
                                Solution        -8.1495e-06  -9.8457e-06 
                                                 3.6425e+11   4.1628e+11 
                                ----------------------------------------
                                Sensitivity 1    4.6030e+10   5.5619e+10 
                                                 6.2592e+23   8.4334e+23 
                                ----------------------------------------
                                Sensitivity 2   -6.1436e+06  -1.4104e+07 
                                                -2.1896e+23  -2.9502e+23 
------------------------------------------------------------------------
6.480e+04  4  1.580e+02  1004
                                Solution        -3.2225e-06   3.3806e-06 
                                                 3.6334e+11   4.2182e+11 
                                ----------------------------------------
                                Sensitivity 1   -3.0936e+10   3.2585e+10 
                                                 6.2461e+23   8.7310e+23 
                                ----------------------------------------
                                Sensitivity 2    2.4428e+08  -2.4126e+08 
                                                -2.1851e+23  -3.0543e+23 
------------------------------------------------------------------------
7.200e+04  5  5.669e+02  1032
                                Solution         3.6701e-09  -3.6971e-09 
                                                 3.6192e+11   4.3354e+11 
                                ----------------------------------------
                                Sensitivity 1   -2.1888e+09   2.2725e+09 
                                                 6.2310e+23   9.2797e+23 
                                ----------------------------------------
                                Sensitivity 2    4.4906e+07  -4.4215e+07 
                                                -2.1798e+23  -3.2463e+23 
------------------------------------------------------------------------
7.920e+04  5  5.669e+02  1044
                                Solution         8.6071e-10  -8.7030e-10 
                                                 3.6148e+11   4.4474e+11 
                                ----------------------------------------
                                Sensitivity 1    1.2182e+08  -1.2723e+08 
                                                 6.2481e+23   9.8067e+23 
                                ----------------------------------------
                                Sensitivity 2   -3.3266e+06   3.2681e+06 
                                                -2.1858e+23  -3.4306e+23 
------------------------------------------------------------------------
8.640e+04  5  5.669e+02  1057
                                Solution        -2.1232e-10   2.1440e-10 
                                                 3.6318e+11   4.4524e+11 
                                ----------------------------------------
                                Sensitivity 1   -6.7197e+08   6.8617e+08 
                                                 6.3248e+23   9.8820e+23 
                                ----------------------------------------
                                Sensitivity 2   -5.1456e+06   4.7983e+06 
                                                -2.2126e+23  -3.4570e+23 
------------------------------------------------------------------------

Final Statistics

nst     =  1057

nfe     =  2253
netf    =     7    nsetups  =   173
nni     =  1154    ncfn     =     0

nfSe    =  2544    nfeS     =  5088
netfs   =    39    nsetupsS =     0
nniS    =  1269    ncfnS    =     0

nli     =  3331    ncfl     =     0
npe     =    19    nps      =  6690
