
3-species chemical kinetics problem
Sensitivity: YES ( STAGGERED1 + FULL ERROR CONTROL )

=======================================================================
     T     Q       H      NST           y1           y2           y3    
=======================================================================
4.000e-01  3  5.292e-02   105
                  Solution         9.8517e-01   3.3864e-05   1.4794e-02 
                  Sensitivity 1   -3.5595e-01   3.9025e-04   3.5556e-01 
                  Sensitivity 2    9.5428e-08  -2.1309e-10  -9.5216e-08 
                  Sensitivity 3   -1.5833e-11  -5.2900e-13   1.6360e-11 
-----------------------------------------------------------------------
4.000e+00  4  2.108e-01   140
                  Solution         9.0552e-01   2.2405e-05   9.4458e-02 
                  Sensitivity 1   -1.8761e+00   1.7922e-04   1.8759e+00 
                  Sensitivity 2    2.9614e-06  -5.8304e-10  -2.9609e-06 
                  Sensitivity 3   -4.9334e-10  -2.7627e-13   4.9366e-10 
-----------------------------------------------------------------------
4.000e+01  3  1.956e+00   301
                  Solution         7.1581e-01   9.1847e-06   2.8419e-01 
                  Sensitivity 1   -4.2478e+00   4.5905e-05   4.2478e+00 
                  Sensitivity 2    1.3732e-05  -2.3568e-10  -1.3732e-05 
                  Sensitivity 3   -2.2887e-09  -1.1379e-13   2.2885e-09 
-----------------------------------------------------------------------
4.000e+02  3  1.291e+01   477
                  Solution         4.5052e-01   3.2228e-06   5.4950e-01 
                  Sensitivity 1   -5.9585e+00   3.5421e-06   5.9586e+00 
                  Sensitivity 2    2.2738e-05  -2.2602e-11  -2.2739e-05 
                  Sensitivity 3   -3.7899e-09  -4.9948e-14   3.7896e-09 
-----------------------------------------------------------------------
4.000e+03  2  1.532e+02   684
                  Solution         1.8317e-01   8.9399e-07   8.1688e-01 
                  Sensitivity 1   -4.7501e+00  -5.9960e-06   4.7503e+00 
                  Sensitivity 2    1.8809e-05   2.3136e-11  -1.8811e-05 
                  Sensitivity 3   -3.1351e-09  -1.8756e-14   3.1343e-09 
-----------------------------------------------------------------------
4.000e+04  3  8.774e+02   776
                  Solution         3.8987e-02   1.6218e-07   9.6106e-01 
                  Sensitivity 1   -1.5751e+00  -2.7620e-06   1.5752e+00 
                  Sensitivity 2    6.2880e-06   1.1004e-11  -6.2898e-06 
                  Sensitivity 3   -1.0481e-09  -4.5369e-15   1.0472e-09 
-----------------------------------------------------------------------
4.000e+05  4  1.932e+04   832
                  Solution         4.9390e-03   1.9852e-08   9.9512e-01 
                  Sensitivity 1   -2.3635e-01  -4.5837e-07   2.3639e-01 
                  Sensitivity 2    9.4501e-07   1.8321e-12  -9.4670e-07 
                  Sensitivity 3   -1.5754e-10  -6.3632e-16   1.5652e-10 
-----------------------------------------------------------------------
4.000e+06  4  1.931e+05   876
                  Solution         5.1691e-04   2.0686e-09   9.9954e-01 
                  Sensitivity 1   -2.5669e-02  -5.1060e-08   2.5672e-02 
                  Sensitivity 2    1.0267e-07   2.0423e-13  -1.0421e-07 
                  Sensitivity 3   -1.7120e-11  -6.8545e-17   1.6048e-11 
-----------------------------------------------------------------------
4.000e+07  4  1.985e+06   927
                  Solution         5.2046e-05   2.0818e-10   1.0000e+00 
                  Sensitivity 1   -2.5993e-03  -5.1933e-09   2.5989e-03 
                  Sensitivity 2    1.0397e-08   2.0773e-14  -1.1920e-08 
                  Sensitivity 3   -1.7335e-12  -6.9340e-18   6.5497e-13 
-----------------------------------------------------------------------
4.000e+08  4  2.940e+07   973
                  Solution         5.2089e-06   2.0835e-11   1.0001e+00 
                  Sensitivity 1   -2.6037e-04  -5.2057e-10   2.5848e-04 
                  Sensitivity 2    1.0413e-09   2.0816e-15  -2.5560e-09 
                  Sensitivity 3   -1.7367e-13  -6.9463e-19  -9.0772e-13 
-----------------------------------------------------------------------
4.000e+09  4  2.960e+08  1028
                  Solution         5.2133e-07   2.0852e-12   1.0001e+00 
                  Sensitivity 1   -2.6097e-05  -5.2250e-11   2.3802e-05 
                  Sensitivity 2    1.0436e-10   2.0890e-16  -1.6179e-09 
                  Sensitivity 3   -1.7397e-14  -6.9582e-20  -1.0647e-12 
-----------------------------------------------------------------------
4.000e+10  2  3.390e+09  1051
                  Solution         5.4134e-08   2.1652e-13   1.0001e+00 
                  Sensitivity 1   -2.7033e-06  -5.3996e-12   6.0356e-07 
                  Sensitivity 2    1.0723e-11   2.1239e-17  -1.5257e-09 
                  Sensitivity 3   -1.8272e-15  -7.3081e-21  -1.0798e-12 
-----------------------------------------------------------------------

Final Statistics

nst     =  1051

nfe     =  2493
netf    =     0    nsetups  =   261
nni     =  1317    ncfn     =     0

nfSe    =  4314    nfeS     =     0
netfs   =   121    nsetupsS =     0
nniS    =  4302    ncfnS    =     0

nje    =    19
