
1D Advection-Reaction example problem:
    N = 200,  NEQ = 600
    problem parameters:  a = 1,  b = 3.5,  ep = 1e-06
    advection coefficient:  c = 0.25
    reltol = 1.0e-06,  abstol = 1.0e-10

        t      ||u||_rms   ||v||_rms   ||w||_rms
   ----------------------------------------------
    0.100000    1.078853    3.524787    3.499996
    0.200000    1.107281    3.488023    3.499996
    0.300000    1.141279    3.443348    3.499996
    0.400000    1.181860    3.389560    3.499996
    0.500000    1.230041    3.325510    3.499996
    0.600000    1.286580    3.250363    3.499996
    0.700000    1.351462    3.164033    3.499995
    0.800000    1.423123    3.067751    3.499995
    0.900000    1.497639    2.964524    3.499995
    1.000000    1.568626    2.859012    3.499995
    1.100000    1.628547    2.756573    3.499994
    1.200000    1.671110    2.661914    3.499994
    1.300000    1.693135    2.578240    3.499994
    1.400000    1.694728    2.507261    3.499994
    1.500000    1.678186    2.449677    3.499994
    1.600000    1.646706    2.405676    3.499994
    1.700000    1.603527    2.375228    3.499994
    1.800000    1.551521    2.358213    3.499995
    1.900000    1.493097    2.354426    3.499995
    2.000000    1.430225    2.363536    3.499995
    2.100000    1.364513    2.385031    3.499995
    2.200000    1.297276    2.418172    3.499995
    2.300000    1.229586    2.461974    3.499996
    2.400000    1.162306    2.515228    3.499996
    2.500000    1.096112    2.576562    3.499996
    2.600000    1.031509    2.644529    3.499997
    2.700000    0.968857    2.717702    3.499997
    2.800000    0.908402    2.794764    3.499997
    2.900000    0.850317    2.874565    3.499997
    3.000000    0.794740    2.956151    3.499997
    3.100000    0.741797    3.038762    3.499998
    3.200000    0.691633    3.121815    3.499998
    3.300000    0.644408    3.204867    3.499998
    3.400000    0.600305    3.287588    3.499998
    3.500000    0.559517    3.369729    3.499998
    3.600000    0.522228    3.451100    3.499998
    3.700000    0.488593    3.531554    3.499998
    3.800000    0.458712    3.610979    3.499998
    3.900000    0.432611    3.689292    3.499999
    4.000000    0.410222    3.766440    3.499999
    4.100000    0.391383    3.842396    3.499999
    4.200000    0.375849    3.917162    3.499999
    4.300000    0.363307    3.990764    3.499999
    4.400000    0.353412    4.063249    3.499999
    4.500000    0.345808    4.134674    3.499999
    4.600000    0.340154    4.205108    3.499999
    4.700000    0.336141    4.274618    3.499999
    4.800000    0.333496    4.343270    3.499999
    4.900000    0.331992    4.411120    3.499999
    5.000000    0.331439    4.478217    3.499999
    5.100000    0.331684    4.544600    3.499999
    5.200000    0.332605    4.610297    3.499999
    5.300000    0.334109    4.675326    3.499999
    5.400000    0.336121    4.739695    3.499999
    5.500000    0.338588    4.803402    3.499999
    5.600000    0.341472    4.866439    3.499999
    5.700000    0.344747    4.928787    3.499999
    5.800000    0.348398    4.990420    3.499999
    5.900000    0.352420    5.051304    3.499999
    6.000000    0.356819    5.111397    3.499999
    6.100000    0.361607    5.170646    3.499999
    6.200000    0.366806    5.228990    3.499999
    6.300000    0.372447    5.286355    3.499999
    6.400000    0.378572    5.342654    3.499999
    6.500000    0.385235    5.397782    3.499999
    6.600000    0.392502    5.451618    3.499999
    6.700000    0.400460    5.504012    3.499999
    6.800000    0.409215    5.554786    3.499999
    6.900000    0.418906    5.603719    3.499999
    7.000000    0.429709    5.650539    3.499998
    7.100000    0.441855    5.694902    3.499998
    7.200000    0.455648    5.736366    3.499998
    7.300000    0.471504    5.774353    3.499998
    7.400000    0.490002    5.808086    3.499998
    7.500000    0.511971    5.836488    3.499998
    7.600000    0.538654    5.858018    3.499998
    7.700000    0.571996    5.870367    3.499998
    7.800000    0.615233    5.869891    3.499998
    7.900000    0.674190    5.850430    3.499998
    8.000000    0.760486    5.800612    3.499997
    8.100000    0.900806    5.696886    3.499997
    8.200000    1.168701    5.483555    3.499996
    8.300000    1.788983    5.030862    3.499994
    8.400000    2.907583    4.325491    3.499991
    8.500000    3.613526    3.702356    3.499989
    8.600000    3.894341    3.130135    3.499987
    8.700000    4.022608    2.516756    3.499987
    8.800000    4.111043    1.781192    3.499986
    8.900000    4.178068    1.047217    3.499985
    9.000000    3.999350    0.887627    3.499986
    9.100000    3.670986    0.942791    3.499987
    9.200000    3.345964    1.020200    3.499988
    9.300000    3.043896    1.105109    3.499990
    9.400000    2.764752    1.196143    3.499990
    9.500000    2.506590    1.293161    3.499991
    9.600000    2.267456    1.396103    3.499992
    9.700000    2.045656    1.504786    3.499993
    9.800000    1.839810    1.618829    3.499994
    9.900000    1.648872    1.737602    3.499994
   10.000000    1.472127    1.860205    3.499995
   ----------------------------------------------

Final Solver Statistics:
   Slow Steps: nsts = 1001
   Fast Steps: nstf = 3171 (attempted = 3171)
   Total RHS evals:  Fs = 3004,  Ff = 34684
   Total number of fast error test failures = 0
   Total linear solver setups = 3118
   Total RHS evals for setting up the linear system = 0
   Total number of Jacobian evaluations = 85
   Total number of Newton iterations = 20995
   Total number of nonlinear solver convergence failures = 0
