
Multirate nonlinear Kvaerno-Prothero-Robinson test problem:
    time domain:  (0,5]
    hs = 0.002
    hf = 2e-05
    G = -100
    w = 100
    e = 0.5
    solver: dirk-2/none (dirk slow, no fast)
    reltol = 4.00e-06,  abstol = 1.00e-11
        t           u           v       uerr      verr
   ------------------------------------------------------
    0.000000    1.224745    1.732051  0.00e+00  0.00e+00
    0.100000    1.223734    1.079428  9.43e-06  1.96e-03
    0.200000    1.220669    1.551975  3.21e-07  1.75e-04
    0.300000    1.215599    1.468008  5.52e-06  2.71e-04
    0.400000    1.208526    1.155919  2.23e-06  1.34e-03
    0.500000    1.199497    1.721561  8.79e-07  3.47e-04
    0.600000    1.188564    1.025537  7.38e-06  2.02e-03
    0.700000    1.175763    1.622485  1.23e-06  2.66e-04
    0.800000    1.161186    1.374900  2.52e-07  2.68e-04
    0.900000    1.144904    1.246450  1.12e-07  6.87e-04
    1.000000    1.127010    1.691322  5.38e-07  5.17e-04
    1.100000    1.107615    1.002500  5.42e-06  2.01e-03
    1.200000    1.086818    1.677003  2.06e-06  5.49e-04
    1.300000    1.064782    1.278198  5.48e-06  4.23e-04
    1.400000    1.041624    1.342655  1.37e-06  2.00e-04
    1.500000    1.017531    1.642375  7.35e-07  5.65e-04
    1.600000    0.992677    1.013911  3.39e-06  1.80e-03
    1.700000    0.967249    1.713353  3.48e-06  7.05e-04
    1.800000    0.941493    1.184579  5.35e-06  7.12e-04
    1.900000    0.915615    1.437305  2.35e-06  1.61e-04
    2.000000    0.889904    1.576564  1.28e-06  5.18e-04
    2.100000    0.864627    1.057868  1.53e-06  1.40e-03
    2.200000    0.840087    1.730117  2.43e-06  8.03e-04
    2.300000    0.816622    1.102136  5.78e-06  1.09e-03
    2.400000    0.794543    1.524625  3.12e-06  4.26e-04
    2.500000    0.774230    1.496597  2.15e-06  3.96e-04
    2.600000    0.756013    1.127800  7.68e-08  9.44e-04
    2.700000    0.740244    1.726696  1.85e-06  8.41e-04
    2.800000    0.727253    1.039861  5.33e-06  1.47e-03
    2.900000    0.717298    1.600138  3.24e-06  6.21e-04
    3.000000    0.710633    1.406200  3.03e-06  1.79e-04
    3.100000    0.707411    1.214845  1.22e-06  4.92e-04
    3.200000    0.707708    1.703196  1.21e-06  8.30e-04
    3.300000    0.711524    1.006102  4.35e-06  1.71e-03
    3.400000    0.718746    1.660466  3.40e-06  7.59e-04
    3.500000    0.729231    1.310194  4.07e-06  9.26e-05
    3.600000    0.742710    1.310190  2.18e-06  1.11e-04
    3.700000    0.758913    1.660462  4.65e-07  7.74e-04
    3.800000    0.777509    1.006087  3.06e-06  1.70e-03
    3.900000    0.798140    1.703188  3.88e-06  8.31e-04
    4.000000    0.820479    1.214819  4.63e-06  4.45e-04
    4.100000    0.844147    1.406163  2.79e-06  1.95e-04
    4.200000    0.868833    1.600102  4.16e-07  6.73e-04
    4.300000    0.894205    1.039813  1.50e-06  1.43e-03
    4.400000    0.919961    1.726651  2.81e-06  8.83e-04
    4.500000    0.945839    1.127737  5.31e-06  8.63e-04
    4.600000    0.971554    1.496541  3.29e-06  4.33e-04
    4.700000    0.996899    1.524547  1.45e-06  5.23e-04
    4.800000    1.021641    1.102066  8.60e-08  1.04e-03
    4.900000    1.045587    1.730025  2.02e-06  8.96e-04
    5.000000    1.068570    1.057773  5.26e-06  1.29e-03
   ------------------------------------------------------

Final Solver Statistics:
   Steps: nsts = 2501, nstf = 250100
   u error = 3.482e-06, v error = 9.535e-04, total error = 6.742e-04
   Total RHS evals:  Fs = 9644,  Ff = 755303
   Slow Newton iters = 4641
   Slow Newton conv fails = 0
   Slow Jacobian evals = 126
