
Two way coupling ODE test problem:
    initial conditions:  u0 = 0.90001,  v0 = -9.999,  w0 = 1000
    hs = 0.001,  hf = 2e-05

        t           u           v           w
   -----------------------------------------------
    0.000000    0.900010   -9.999000  1000.000000
    0.100000   -0.929838   -8.503739  904.822759
    0.200000    0.327130   -9.098925  818.723463
    0.300000    0.078695   -6.418882  740.786055
    0.400000   -0.732497   -7.448765  670.300564
    0.500000    0.903691   -5.799589  606.497722
    0.600000   -1.008239   -5.185256  548.775539
    0.700000    0.586396   -5.736752  496.558275
    0.800000   -0.159295   -3.498941  449.283028
    0.900000   -0.484725   -4.961021  406.541945
    1.000000    0.823044   -3.167333  367.837598
    1.100000   -1.032597   -3.289257  332.833949
    1.200000    0.787590   -3.587066  301.163880
    1.300000   -0.400605   -1.796875  272.487024
    1.400000   -0.215620   -3.447105  246.572215
    1.500000    0.671620   -1.510547  223.089539
    1.600000   -0.994117   -2.245693  201.866372
    1.700000    0.922731   -2.165057  182.655933
    1.800000   -0.622232   -0.856671  165.261102
    1.900000    0.060835   -2.492531  149.550168
    2.000000    0.464954   -0.474682  135.299471
   -----------------------------------------------

Final Solver Statistics:
   Steps: nsts = 2001, nstf = 102051
   Total RHS evals:  Fs = 6004,  Ff = 410207
