
1D Advection-Diffusion-Reaction Test Problem

Number of Processors = 4
Mesh Info:
  NX = 100, NXL = 25, dx = 0.010000, xmax = 1.000000
Problem Parameters:
  A = 1
  B = 3.5
  k = 1
  c = 0.01
Integrator Options:
  order            = 3
  method           = imex
  fused vector ops = 0
  t0               = 0
  tf               = 10
  reltol           = 1.0e-06
  abstol           = 1.0e-09
  nout             = 40
  nonlinear solver = task local
Output directory: .

          t         ||u||_rms   ||v||_rms   ||w||_rms
   ----------------------------------------------------
       0.000000     1.060205     3.559930     3.059949
       0.250000     1.134995     3.463282     3.499980
       0.500000     1.251311     3.307404     3.499978
       0.750000     1.421882     3.076024     3.499975
       1.000000     1.618101     2.789479     3.499972
       1.250000     1.738667     2.525427     3.499970
       1.500000     1.724232     2.346508     3.499970
       1.750000     1.609120     2.267384     3.499972
       2.000000     1.441650     2.284893     3.499975
       2.250000     1.254239     2.387334     3.499978
       2.500000     1.067562     2.553306     3.499982
       2.750000     0.894633     2.756198     3.499985
       3.000000     0.742428     2.973152     3.499988
       3.250000     0.614160     3.190153     3.499990
       3.500000     0.511454     3.400786     3.499992
       3.750000     0.434809     3.602864     3.499993
       4.000000     0.382725     3.796143     3.499993
       4.250000     0.351166     3.981334     3.499994
       4.500000     0.334620     4.159621     3.499994
       4.750000     0.327977     4.332241     3.499994
       5.000000     0.327575     4.500167     3.499994
       5.250000     0.331197     4.663963     3.499994
       5.500000     0.337647     4.823793     3.499994
       5.750000     0.346386     4.979493     3.499994
       6.000000     0.357297     5.130600     3.499994
       6.250000     0.370595     5.276329     3.499994
       6.500000     0.386829     5.415478     3.499993
       6.750000     0.407013     5.546201     3.499993
       7.000000     0.432959     5.665549     3.499992
       7.250000     0.468091     5.768408     3.499992
       7.500000     0.519704     5.844818     3.499991
       7.750000     0.606722     5.871482     3.499989
       8.000000     0.799160     5.773918     3.499986
       8.250000     1.642154     5.125974     3.499974
       8.500000     3.781504     3.490170     3.499941
       8.750000     4.023222     2.186543     3.499932
       9.000000     3.875234     0.964635     3.499933
       9.250000     3.143862     1.088664     3.499946
       9.500000     2.467352     1.324580     3.499958
       9.750000     1.908819     1.596885     3.499967
      10.000000     1.447324     1.898311     3.499975

Final Solver Statistics (for processor 0):
   Internal solver steps = 1723 (attempted = 1723)
   Total RHS evals:  Fe = 6895,  Fi = 17749
   Total number of error test failures = 0
   Total number of nonlinear solver convergence failures = 0
