
1D Advection-Diffusion-Reaction Test Problem

Number of Processors = 4
Mesh Info:
  NX = 100, NXL = 25, dx = 0.010000, xmax = 1.000000
Problem Parameters:
  A = 1
  B = 3.5
  k = 1
  c = 0.01
Integrator Options:
  order            = 3
  method           = imex
  fused vector ops = 0
  t0               = 0
  tf               = 10
  reltol           = 1.0e-06
  abstol           = 1.0e-09
  nout             = 40
  nonlinear solver = global
Output directory: .

          t         ||u||_rms   ||v||_rms   ||w||_rms
   ----------------------------------------------------
       0.000000     1.060205     3.559930     3.059949
       0.250000     1.134995     3.463282     3.499980
       0.500000     1.251311     3.307404     3.499978
       0.750000     1.421882     3.076024     3.499975
       1.000000     1.618101     2.789479     3.499972
       1.250000     1.738667     2.525426     3.499970
       1.500000     1.724232     2.346507     3.499970
       1.750000     1.609120     2.267384     3.499972
       2.000000     1.441649     2.284893     3.499975
       2.250000     1.254238     2.387335     3.499978
       2.500000     1.067561     2.553307     3.499982
       2.750000     0.894632     2.756199     3.499985
       3.000000     0.742427     2.973154     3.499988
       3.250000     0.614159     3.190155     3.499990
       3.500000     0.511453     3.400788     3.499992
       3.750000     0.434808     3.602867     3.499993
       4.000000     0.382724     3.796146     3.499993
       4.250000     0.351165     3.981337     3.499994
       4.500000     0.334620     4.159624     3.499994
       4.750000     0.327976     4.332245     3.499994
       5.000000     0.327575     4.500168     3.499994
       5.250000     0.331197     4.663965     3.499994
       5.500000     0.337647     4.823796     3.499994
       5.750000     0.346386     4.979496     3.499994
       6.000000     0.357297     5.130603     3.499994
       6.250000     0.370595     5.276333     3.499994
       6.500000     0.386829     5.415481     3.499993
       6.750000     0.407014     5.546204     3.499993
       7.000000     0.432960     5.665552     3.499992
       7.250000     0.468092     5.768411     3.499992
       7.500000     0.519706     5.844820     3.499991
       7.750000     0.606726     5.871482     3.499989
       8.000000     0.799170     5.773911     3.499986
       8.250000     1.642220     5.125929     3.499974
       8.500000     3.781532     3.490125     3.499941
       8.750000     4.023212     2.186492     3.499932
       9.000000     3.875225     0.964617     3.499933
       9.250000     3.143836     1.088671     3.499946
       9.500000     2.467330     1.324589     3.499958
       9.750000     1.908800     1.596895     3.499967
      10.000000     1.447309     1.898322     3.499975

Final Solver Statistics (for processor 0):
   Internal solver steps = 1718 (attempted = 1718)
   Total RHS evals:  Fe = 6875,  Fi = 14258
   Total number of error test failures = 0
   Total number of nonlinear solver convergence failures = 0
   Total number of nonlinear iterations = 7383
   Total number of linear iterations = 16712
   Total number of preconditioner setups = 29
   Total number of preconditioner solves = 23998
