
2D Heat PDE test problem:
   nprocs = 4
   nx = 60
   ny = 120
   kx = 0.5
   ky = 0.75
   rtol = 1e-05
   atol = 1e-10
   nxl (proc 0) = 30
   nyl (proc 0) = 60

        t      ||u||_rms    ||uerr||      hcur

   ----------------------------------------------
    0.000000    0.000000   0.00000e+00    ----
    0.015000    0.005780   3.18681e-07   1.5e-03
    0.030000    0.009224   9.24035e-07   2.3e-03
    0.045000    0.011275   1.53138e-06   2.3e-03
    0.060000    0.012497   2.04102e-06   2.3e-03
    0.075000    0.013224   2.43230e-06   2.3e-03
    0.090000    0.013658   2.71774e-06   3.5e-03
    0.105000    0.013916   2.91900e-06   3.5e-03
    0.120000    0.014070   3.05748e-06   3.5e-03
    0.135000    0.014162   3.15094e-06   3.5e-03
    0.150000    0.014216   3.21437e-06   8.1e-03
    0.165000    0.014249   3.25446e-06   1.0e-02
    0.180000    0.014268   3.28119e-06   8.2e-03
    0.195000    0.014280   3.29987e-06   1.3e-02
    0.210000    0.014287   3.31126e-06   1.2e-02
    0.225000    0.014291   3.31661e-06   1.7e-02
    0.240000    0.014293   3.32229e-06   1.7e-02
    0.255000    0.014295   3.32433e-06   1.5e-02
    0.270000    0.014295   3.32634e-06   1.6e-02
    0.285000    0.014296   3.32739e-06   4.8e-03
    0.300000    0.014296   3.32804e-06   1.5e-02
   ----------------------------------------------

Final Solver Statistics:
   Internal solver steps = 100 (attempted = 115)
   Total RHS evals:  Fe = 0,  Fi = 1153
   Total linear solver setups = 52
   Total linear iterations = 2732
   Total number of Jacobian-vector products = 0
   Total number of Jacobian evaluations = 16
   Total number of linear solver convergence failures = 465
   Total number of Nonlinear iterations = 575
   Total number of nonlinear solver convergence failures = 0
   Total number of error test failures = 15
   Error: max = 6.86595e-06, rms = 2.90181e-06
