 
Group of independent 3-species kinetics problems

number of groups = 100

group 0: At t = 4.0000e-01      y =  9.851641e-01    3.386242e-05    1.480205e-02
group 10: At t = 4.0000e-01      y =  9.851641e-01    3.386242e-05    1.480205e-02
group 20: At t = 4.0000e-01      y =  9.851641e-01    3.386242e-05    1.480205e-02
group 30: At t = 4.0000e-01      y =  9.851641e-01    3.386242e-05    1.480205e-02
group 40: At t = 4.0000e-01      y =  9.851641e-01    3.386242e-05    1.480205e-02
group 50: At t = 4.0000e-01      y =  9.851641e-01    3.386242e-05    1.480205e-02
group 60: At t = 4.0000e-01      y =  9.851641e-01    3.386242e-05    1.480205e-02
group 70: At t = 4.0000e-01      y =  9.851641e-01    3.386242e-05    1.480205e-02
group 80: At t = 4.0000e-01      y =  9.851641e-01    3.386242e-05    1.480205e-02
group 90: At t = 4.0000e-01      y =  9.851641e-01    3.386242e-05    1.480205e-02
group 0: At t = 4.0000e+00      y =  9.055097e-01    2.240338e-05    9.446793e-02
group 10: At t = 4.0000e+00      y =  9.055097e-01    2.240338e-05    9.446793e-02
group 20: At t = 4.0000e+00      y =  9.055097e-01    2.240338e-05    9.446793e-02
group 30: At t = 4.0000e+00      y =  9.055097e-01    2.240338e-05    9.446793e-02
group 40: At t = 4.0000e+00      y =  9.055097e-01    2.240338e-05    9.446793e-02
group 50: At t = 4.0000e+00      y =  9.055097e-01    2.240338e-05    9.446793e-02
group 60: At t = 4.0000e+00      y =  9.055097e-01    2.240338e-05    9.446793e-02
group 70: At t = 4.0000e+00      y =  9.055097e-01    2.240338e-05    9.446793e-02
group 80: At t = 4.0000e+00      y =  9.055097e-01    2.240338e-05    9.446793e-02
group 90: At t = 4.0000e+00      y =  9.055097e-01    2.240338e-05    9.446793e-02
group 0: At t = 4.0000e+01      y =  7.157970e-01    9.185362e-06    2.841938e-01
group 10: At t = 4.0000e+01      y =  7.157970e-01    9.185362e-06    2.841938e-01
group 20: At t = 4.0000e+01      y =  7.157970e-01    9.185362e-06    2.841938e-01
group 30: At t = 4.0000e+01      y =  7.157970e-01    9.185362e-06    2.841938e-01
group 40: At t = 4.0000e+01      y =  7.157970e-01    9.185362e-06    2.841938e-01
group 50: At t = 4.0000e+01      y =  7.157970e-01    9.185362e-06    2.841938e-01
group 60: At t = 4.0000e+01      y =  7.157970e-01    9.185362e-06    2.841938e-01
group 70: At t = 4.0000e+01      y =  7.157970e-01    9.185362e-06    2.841938e-01
group 80: At t = 4.0000e+01      y =  7.157970e-01    9.185362e-06    2.841938e-01
group 90: At t = 4.0000e+01      y =  7.157970e-01    9.185362e-06    2.841938e-01
group 0: At t = 4.0000e+02      y =  4.505332e-01    3.223118e-06    5.494636e-01
group 10: At t = 4.0000e+02      y =  4.505332e-01    3.223118e-06    5.494636e-01
group 20: At t = 4.0000e+02      y =  4.505332e-01    3.223118e-06    5.494636e-01
group 30: At t = 4.0000e+02      y =  4.505332e-01    3.223118e-06    5.494636e-01
group 40: At t = 4.0000e+02      y =  4.505332e-01    3.223118e-06    5.494636e-01
group 50: At t = 4.0000e+02      y =  4.505332e-01    3.223118e-06    5.494636e-01
group 60: At t = 4.0000e+02      y =  4.505332e-01    3.223118e-06    5.494636e-01
group 70: At t = 4.0000e+02      y =  4.505332e-01    3.223118e-06    5.494636e-01
group 80: At t = 4.0000e+02      y =  4.505332e-01    3.223118e-06    5.494636e-01
group 90: At t = 4.0000e+02      y =  4.505332e-01    3.223118e-06    5.494636e-01
group 0: At t = 4.0000e+03      y =  1.831797e-01    8.940765e-07    8.168194e-01
group 10: At t = 4.0000e+03      y =  1.831797e-01    8.940765e-07    8.168194e-01
group 20: At t = 4.0000e+03      y =  1.831797e-01    8.940765e-07    8.168194e-01
group 30: At t = 4.0000e+03      y =  1.831797e-01    8.940765e-07    8.168194e-01
group 40: At t = 4.0000e+03      y =  1.831797e-01    8.940765e-07    8.168194e-01
group 50: At t = 4.0000e+03      y =  1.831797e-01    8.940765e-07    8.168194e-01
group 60: At t = 4.0000e+03      y =  1.831797e-01    8.940765e-07    8.168194e-01
group 70: At t = 4.0000e+03      y =  1.831797e-01    8.940765e-07    8.168194e-01
group 80: At t = 4.0000e+03      y =  1.831797e-01    8.940765e-07    8.168194e-01
group 90: At t = 4.0000e+03      y =  1.831797e-01    8.940765e-07    8.168194e-01
group 0: At t = 4.0000e+04      y =  3.897911e-02    1.621575e-07    9.610207e-01
group 10: At t = 4.0000e+04      y =  3.897911e-02    1.621575e-07    9.610207e-01
group 20: At t = 4.0000e+04      y =  3.897911e-02    1.621575e-07    9.610207e-01
group 30: At t = 4.0000e+04      y =  3.897911e-02    1.621575e-07    9.610207e-01
group 40: At t = 4.0000e+04      y =  3.897911e-02    1.621575e-07    9.610207e-01
group 50: At t = 4.0000e+04      y =  3.897911e-02    1.621575e-07    9.610207e-01
group 60: At t = 4.0000e+04      y =  3.897911e-02    1.621575e-07    9.610207e-01
group 70: At t = 4.0000e+04      y =  3.897911e-02    1.621575e-07    9.610207e-01
group 80: At t = 4.0000e+04      y =  3.897911e-02    1.621575e-07    9.610207e-01
group 90: At t = 4.0000e+04      y =  3.897911e-02    1.621575e-07    9.610207e-01
group 0: At t = 4.0000e+05      y =  4.938738e-03    1.985178e-08    9.950612e-01
group 10: At t = 4.0000e+05      y =  4.938738e-03    1.985178e-08    9.950612e-01
group 20: At t = 4.0000e+05      y =  4.938738e-03    1.985178e-08    9.950612e-01
group 30: At t = 4.0000e+05      y =  4.938738e-03    1.985178e-08    9.950612e-01
group 40: At t = 4.0000e+05      y =  4.938738e-03    1.985178e-08    9.950612e-01
group 50: At t = 4.0000e+05      y =  4.938738e-03    1.985178e-08    9.950612e-01
group 60: At t = 4.0000e+05      y =  4.938738e-03    1.985178e-08    9.950612e-01
group 70: At t = 4.0000e+05      y =  4.938738e-03    1.985178e-08    9.950612e-01
group 80: At t = 4.0000e+05      y =  4.938738e-03    1.985178e-08    9.950612e-01
group 90: At t = 4.0000e+05      y =  4.938738e-03    1.985178e-08    9.950612e-01
group 0: At t = 4.0000e+06      y =  5.166270e-04    2.067563e-09    9.994834e-01
group 10: At t = 4.0000e+06      y =  5.166270e-04    2.067563e-09    9.994834e-01
group 20: At t = 4.0000e+06      y =  5.166270e-04    2.067563e-09    9.994834e-01
group 30: At t = 4.0000e+06      y =  5.166270e-04    2.067563e-09    9.994834e-01
group 40: At t = 4.0000e+06      y =  5.166270e-04    2.067563e-09    9.994834e-01
group 50: At t = 4.0000e+06      y =  5.166270e-04    2.067563e-09    9.994834e-01
group 60: At t = 4.0000e+06      y =  5.166270e-04    2.067563e-09    9.994834e-01
group 70: At t = 4.0000e+06      y =  5.166270e-04    2.067563e-09    9.994834e-01
group 80: At t = 4.0000e+06      y =  5.166270e-04    2.067563e-09    9.994834e-01
group 90: At t = 4.0000e+06      y =  5.166270e-04    2.067563e-09    9.994834e-01
group 0: At t = 4.0000e+07      y =  5.202720e-05    2.081194e-10    9.999480e-01
group 10: At t = 4.0000e+07      y =  5.202720e-05    2.081194e-10    9.999480e-01
group 20: At t = 4.0000e+07      y =  5.202720e-05    2.081194e-10    9.999480e-01
group 30: At t = 4.0000e+07      y =  5.202720e-05    2.081194e-10    9.999480e-01
group 40: At t = 4.0000e+07      y =  5.202720e-05    2.081194e-10    9.999480e-01
group 50: At t = 4.0000e+07      y =  5.202720e-05    2.081194e-10    9.999480e-01
group 60: At t = 4.0000e+07      y =  5.202720e-05    2.081194e-10    9.999480e-01
group 70: At t = 4.0000e+07      y =  5.202720e-05    2.081194e-10    9.999480e-01
group 80: At t = 4.0000e+07      y =  5.202720e-05    2.081194e-10    9.999480e-01
group 90: At t = 4.0000e+07      y =  5.202720e-05    2.081194e-10    9.999480e-01
group 0: At t = 4.0000e+08      y =  5.214602e-06    2.085852e-11    9.999948e-01
group 10: At t = 4.0000e+08      y =  5.214602e-06    2.085852e-11    9.999948e-01
group 20: At t = 4.0000e+08      y =  5.214602e-06    2.085852e-11    9.999948e-01
group 30: At t = 4.0000e+08      y =  5.214602e-06    2.085852e-11    9.999948e-01
group 40: At t = 4.0000e+08      y =  5.214602e-06    2.085852e-11    9.999948e-01
group 50: At t = 4.0000e+08      y =  5.214602e-06    2.085852e-11    9.999948e-01
group 60: At t = 4.0000e+08      y =  5.214602e-06    2.085852e-11    9.999948e-01
group 70: At t = 4.0000e+08      y =  5.214602e-06    2.085852e-11    9.999948e-01
group 80: At t = 4.0000e+08      y =  5.214602e-06    2.085852e-11    9.999948e-01
group 90: At t = 4.0000e+08      y =  5.214602e-06    2.085852e-11    9.999948e-01
group 0: At t = 4.0000e+09      y =  5.160314e-07    2.064127e-12    9.999995e-01
group 10: At t = 4.0000e+09      y =  5.160314e-07    2.064127e-12    9.999995e-01
group 20: At t = 4.0000e+09      y =  5.160314e-07    2.064127e-12    9.999995e-01
group 30: At t = 4.0000e+09      y =  5.160314e-07    2.064127e-12    9.999995e-01
group 40: At t = 4.0000e+09      y =  5.160314e-07    2.064127e-12    9.999995e-01
group 50: At t = 4.0000e+09      y =  5.160314e-07    2.064127e-12    9.999995e-01
group 60: At t = 4.0000e+09      y =  5.160314e-07    2.064127e-12    9.999995e-01
group 70: At t = 4.0000e+09      y =  5.160314e-07    2.064127e-12    9.999995e-01
group 80: At t = 4.0000e+09      y =  5.160314e-07    2.064127e-12    9.999995e-01
group 90: At t = 4.0000e+09      y =  5.160314e-07    2.064127e-12    9.999995e-01
group 0: At t = 4.0000e+10      y =  5.791263e-08    2.316505e-13    9.999999e-01
group 10: At t = 4.0000e+10      y =  5.791263e-08    2.316505e-13    9.999999e-01
group 20: At t = 4.0000e+10      y =  5.791263e-08    2.316505e-13    9.999999e-01
group 30: At t = 4.0000e+10      y =  5.791263e-08    2.316505e-13    9.999999e-01
group 40: At t = 4.0000e+10      y =  5.791263e-08    2.316505e-13    9.999999e-01
group 50: At t = 4.0000e+10      y =  5.791263e-08    2.316505e-13    9.999999e-01
group 60: At t = 4.0000e+10      y =  5.791263e-08    2.316505e-13    9.999999e-01
group 70: At t = 4.0000e+10      y =  5.791263e-08    2.316505e-13    9.999999e-01
group 80: At t = 4.0000e+10      y =  5.791263e-08    2.316505e-13    9.999999e-01
group 90: At t = 4.0000e+10      y =  5.791263e-08    2.316505e-13    9.999999e-01

Final Statistics:
nst = 547    nfe  = 812    nsetups = 117    nje = 13
nni = 809    ncfn = 0      netf = 29        nge = 0
 
cuSolverSp numerical factorization workspace size (in bytes) = 73472
cuSolverSp internal Q, R buffer size (in bytes) = 9600