   
 Analytical ODE test problem:
    lambda = (-0.01 , 10.00 ) 
    reltol =  1.0E-06,  abstol =  1.0E-10
  
       t     real(u)    imag(u)    error
    -------------------------------------------
      0.0   2.00E+00   0.00E+00   0.0E+00
      1.0  -1.66E+00  -1.08E+00   8.7E-05
      2.0   8.00E-01   1.79E+00   1.7E-04
      3.0   2.99E-01  -1.92E+00   2.5E-04
      4.0  -1.28E+00   1.43E+00   3.3E-04
      5.0   1.84E+00  -5.00E-01   4.1E-04
      6.0  -1.79E+00  -5.74E-01   4.9E-04
      7.0   1.18E+00   1.44E+00   5.7E-04
      8.0  -2.04E-01  -1.83E+00   6.4E-04
      9.0  -8.18E-01   1.63E+00   7.2E-04
     10.0   1.56E+00  -9.17E-01   7.9E-04
    -------------------------------------------
  
 Final Solver Statistics:
    Internal solver steps =  664, (attempted =  664)
    Total RHS evals =  3987
    Total number of error test failures =    0
    Error: max =  7.87E-04, rms =  4.99E-04
  
