
1-D advection-diffusion equation, mesh size = 10
Sensitivity: YES ( SIMULTANEOUS + FULL ERROR CONTROL )

============================================================
     T     Q       H      NST                    Max norm   
============================================================
5.000e-01  4  7.577e-03   115
                                Solution         3.0529e+00 
                                Sensitivity 1    3.8668e+00 
                                Sensitivity 2    6.2020e-01 
------------------------------------------------------------
1.000e+00  3  4.126e-03   187
                                Solution         8.7533e-01 
                                Sensitivity 1    2.1743e+00 
                                Sensitivity 2    1.8909e-01 
------------------------------------------------------------
1.500e+00  2  1.181e-02   265
                                Solution         2.4948e-01 
                                Sensitivity 1    9.1825e-01 
                                Sensitivity 2    7.3921e-02 
------------------------------------------------------------
2.000e+00  2  9.433e-03   328
                                Solution         7.1095e-02 
                                Sensitivity 1    3.4666e-01 
                                Sensitivity 2    2.8228e-02 
------------------------------------------------------------
2.500e+00  2  3.946e-03   398
                                Solution         2.0259e-02 
                                Sensitivity 1    1.2300e-01 
                                Sensitivity 2    1.0085e-02 
------------------------------------------------------------
3.000e+00  2  9.370e-03   470
                                Solution         5.7731e-03 
                                Sensitivity 1    4.1958e-02 
                                Sensitivity 2    3.4556e-03 
------------------------------------------------------------
3.500e+00  2  1.010e-02   540
                                Solution         1.6451e-03 
                                Sensitivity 1    1.3922e-02 
                                Sensitivity 2    1.1669e-03 
------------------------------------------------------------
4.000e+00  2  4.255e-03   638
                                Solution         4.6881e-04 
                                Sensitivity 1    4.5275e-03 
                                Sensitivity 2    3.8633e-04 
------------------------------------------------------------
4.500e+00  1  5.757e-03   716
                                Solution         1.3404e-04 
                                Sensitivity 1    1.4539e-03 
                                Sensitivity 2    1.2576e-04 
------------------------------------------------------------
5.000e+00  1  6.420e-03   798
                                Solution         3.8640e-05 
                                Sensitivity 1    4.6496e-04 
                                Sensitivity 2    4.0583e-05 
------------------------------------------------------------

Final Statistics

nst     =   798

nfe     =  1408
netf    =     1    nsetups  =     0
nni     =  1405    ncfn     =   125

nfSe    =  2816    nfeS     =  5632
netfs   =     0    nsetupsS =     0
nniS    =     0    ncfnS    =     0
