
2D Heat PDE test problem:
 ---------------------------------
  nprocs         = 8
 ---------------------------------
  kx             = 1
  ky             = 1
  forcing        = 1
  tf             = 1
  xu             = 1
  yu             = 1
  nx             = 32
  ny             = 32
  dx             = 0.0322581
  dy             = 0.0322581
 ---------------------------------
  rtol           = 1e-05
  atol           = 1e-10
  order          = 3
  linear         = 1
 ---------------------------------
  linear solver  = PCG
  lin iters      = 100
  eps lin        = 0
  prec           = 1
  msbp           = 0
 ---------------------------------
  nt             = 300
  xtol           = 1e-06
  refine         = 0
  rfactor limit  = 10
  rfactor fail   = 4
  init seq       = 0
  print level    = 0
  access level   = 1
 ---------------------------------
  output         = 1
 ---------------------------------

  Max error = 3.297223770518998e-03

Final max integrator statistics:
  Steps            = 456
  Step attempts    = 456
  Error test fails = 173
  RHS evals        = 3648
  NLS iters        = 1368
  NLS fails        = 0
  LS iters         = 50779
  LS fails         = 0
  LS setups        = 456
  LS RHS evals     = 50779
  Jv products      = 50779

  Avg NLS iters per step attempt = 3.000000
  Avg LS iters per NLS iter      = 37.119152

  Preconditioner setups = 456
  Preconditioner solves = 50779
