 Multirate nonlinear Kvaerno-Prothero-Robinson test problem:
    time domain: (0.00, 5.00]
    hs =   0.2000E-02
    hf =   0.2000E-04
     G =  -0.1000E+03
     w =   0.1000E+03
     e =   0.5000E+00
    solver: dirk-2/none (dirk slow, no fast)
    reltol:   0.4000E-05 abstol:   0.1000E-10
         t           u           v       uerr      verr
    ------------------------------------------------------
     0.000000    1.224745    1.732051  0.00E+00  0.00E+00
     0.100000    1.223734    1.079428  0.94E-05  0.20E-02
     0.200000    1.220669    1.551975  0.32E-06  0.17E-03
     0.300000    1.215599    1.468008  0.55E-05  0.27E-03
     0.400000    1.208526    1.155919  0.22E-05  0.13E-02
     0.500000    1.199497    1.721561  0.88E-06  0.35E-03
     0.600000    1.188564    1.025537  0.74E-05  0.20E-02
     0.700000    1.175763    1.622485  0.12E-05  0.27E-03
     0.800000    1.161186    1.374900  0.25E-06  0.27E-03
     0.900000    1.144904    1.246450  0.11E-06  0.69E-03
     1.000000    1.127010    1.691322  0.54E-06  0.52E-03
     1.100000    1.107615    1.002500  0.54E-05  0.20E-02
     1.200000    1.086818    1.677003  0.21E-05  0.55E-03
     1.300000    1.064782    1.278198  0.55E-05  0.42E-03
     1.400000    1.041624    1.342655  0.14E-05  0.20E-03
     1.500000    1.017531    1.642375  0.74E-06  0.56E-03
     1.600000    0.992677    1.013911  0.34E-05  0.18E-02
     1.700000    0.967249    1.713353  0.35E-05  0.71E-03
     1.800000    0.941493    1.184579  0.54E-05  0.71E-03
     1.900000    0.915615    1.437305  0.24E-05  0.16E-03
     2.000000    0.889904    1.576564  0.13E-05  0.52E-03
     2.100000    0.864627    1.057868  0.15E-05  0.14E-02
     2.200000    0.840087    1.730117  0.24E-05  0.80E-03
     2.300000    0.816622    1.102136  0.58E-05  0.11E-02
     2.400000    0.794543    1.524625  0.31E-05  0.43E-03
     2.500000    0.774230    1.496597  0.22E-05  0.40E-03
     2.600000    0.756013    1.127800  0.77E-07  0.94E-03
     2.700000    0.740244    1.726696  0.18E-05  0.84E-03
     2.800000    0.727253    1.039861  0.53E-05  0.15E-02
     2.900000    0.717298    1.600138  0.32E-05  0.62E-03
     3.000000    0.710633    1.406200  0.30E-05  0.18E-03
     3.100000    0.707411    1.214845  0.12E-05  0.49E-03
     3.200000    0.707708    1.703196  0.12E-05  0.83E-03
     3.300000    0.711524    1.006102  0.44E-05  0.17E-02
     3.400000    0.718746    1.660466  0.34E-05  0.76E-03
     3.500000    0.729231    1.310194  0.41E-05  0.93E-04
     3.600000    0.742710    1.310190  0.22E-05  0.11E-03
     3.700000    0.758913    1.660462  0.47E-06  0.77E-03
     3.800000    0.777509    1.006087  0.31E-05  0.17E-02
     3.900000    0.798140    1.703188  0.39E-05  0.83E-03
     4.000000    0.820479    1.214819  0.46E-05  0.45E-03
     4.100000    0.844147    1.406163  0.28E-05  0.20E-03
     4.200000    0.868833    1.600102  0.42E-06  0.67E-03
     4.300000    0.894205    1.039813  0.15E-05  0.14E-02
     4.400000    0.919961    1.726651  0.28E-05  0.88E-03
     4.500000    0.945839    1.127737  0.53E-05  0.86E-03
     4.600000    0.971554    1.496541  0.33E-05  0.43E-03
     4.700000    0.996899    1.524547  0.14E-05  0.52E-03
     4.800000    1.021641    1.102066  0.86E-07  0.10E-02
     4.900000    1.045587    1.730025  0.20E-05  0.90E-03
     5.000000    1.068570    1.057773  0.53E-05  0.13E-02
    ------------------------------------------------------
 Final Solver Statistics:
   Steps: nsts =    2501, nstf =  250100
   u error = 0.348E-05, v error = 0.953E-03, total error = 0.674E-03
   Total RHS evals: Fs =    7143, Ff =  755303
   Slow Newton iters =    4641
   Slow Newton conv fails =       0
   Slow Jacobian evals =     126
