 Multirate nonlinear Kvaerno-Prothero-Robinson test problem:
    time domain: (0.00, 5.00]
    hs =   0.1000E-01
    hf =   0.1000E-03
     G =  -0.1000E+03
     w =   0.1000E+03
     e =   0.5000E+00
    solver: exp-3/none (explicit slow, no fast)
         t           u           v       uerr      verr
    ------------------------------------------------------
     0.000000    1.224745    1.732051  0.00E+00  0.00E+00
     0.100000    1.223763    1.078830  0.38E-04  0.14E-02
     0.200000    1.220621    1.551459  0.48E-04  0.34E-03
     0.300000    1.215670    1.468283  0.77E-04  0.55E-03
     0.400000    1.208470    1.153553  0.54E-04  0.10E-02
     0.500000    1.199503    1.721912  0.72E-05  0.45E-05
     0.600000    1.188562    1.024685  0.52E-05  0.12E-02
     0.700000    1.175722    1.622394  0.42E-04  0.36E-03
     0.800000    1.161273    1.375492  0.87E-04  0.86E-03
     0.900000    1.144848    1.244851  0.56E-04  0.91E-03
     1.000000    1.127033    1.692049  0.23E-04  0.21E-03
     1.100000    1.107588    1.000787  0.21E-04  0.30E-03
     1.200000    1.086786    1.677292  0.34E-04  0.26E-03
     1.300000    1.064866    1.278796  0.89E-04  0.10E-02
     1.400000    1.041569    1.341623  0.57E-04  0.83E-03
     1.500000    1.017571    1.643329  0.41E-04  0.39E-03
     1.600000    0.992634    1.011394  0.39E-04  0.72E-03
     1.700000    0.967229    1.714025  0.24E-04  0.33E-04
     1.800000    0.941564    1.184983  0.76E-04  0.11E-02
     1.900000    0.915563    1.436882  0.55E-04  0.58E-03
     2.000000    0.889959    1.577469  0.57E-04  0.39E-03
     2.100000    0.864576    1.055284  0.50E-04  0.12E-02
     2.200000    0.840077    1.730958  0.12E-04  0.37E-04
     2.300000    0.816664    1.102379  0.48E-04  0.13E-02
     2.400000    0.794495    1.524701  0.51E-04  0.35E-03
     2.500000    0.774298    1.497468  0.71E-04  0.47E-03
     2.600000    0.755958    1.125772  0.55E-04  0.11E-02
     2.700000    0.740246    1.727533  0.49E-06  0.36E-05
     2.800000    0.727261    1.039718  0.14E-04  0.13E-02
     2.900000    0.717255    1.600423  0.46E-04  0.34E-03
     3.000000    0.710718    1.407151  0.82E-04  0.77E-03
     3.100000    0.707355    1.213428  0.58E-04  0.92E-03
     3.200000    0.707725    1.704161  0.15E-04  0.13E-03
     3.300000    0.711504    1.005042  0.15E-04  0.65E-03
     3.400000    0.718710    1.660915  0.39E-04  0.31E-03
     3.500000    0.729315    1.311097  0.88E-04  0.10E-02
     3.600000    0.742653    1.309213  0.59E-04  0.87E-03
     3.700000    0.758947    1.661594  0.33E-04  0.36E-03
     3.800000    0.777471    1.003977  0.35E-04  0.41E-03
     3.900000    0.798115    1.703919  0.29E-04  0.10E-03
     4.000000    0.820556    1.215451  0.82E-04  0.11E-02
     4.100000    0.844093    1.405680  0.57E-04  0.68E-03
     4.200000    0.868883    1.601174  0.51E-04  0.40E-03
     4.300000    0.894157    1.037277  0.47E-04  0.11E-02
     4.400000    0.919948    1.727576  0.16E-04  0.42E-04
     4.500000    0.945893    1.128134  0.59E-04  0.13E-02
     4.600000    0.971505    1.496571  0.52E-04  0.40E-03
     4.700000    0.996965    1.525489  0.67E-04  0.42E-03
     4.800000    1.021588    1.099882  0.52E-04  0.11E-02
     4.900000    1.045586    1.730924  0.28E-05  0.26E-05
     5.000000    1.068592    1.057870  0.27E-04  0.14E-02
    ------------------------------------------------------
 Final Solver Statistics:
   Steps: nsts =     501, nstf =   50601
   u error = 0.505E-04, v error = 0.768E-03, total error = 0.545E-03
   Total RHS evals: Fs =    1504, Ff =  152306
