 Multirate nonlinear Kvaerno-Prothero-Robinson test problem:
    time domain: (0.00, 5.00]
    hs =   0.1000E-02
    hf =   0.1000E-04
     G =  -0.1000E+03
     w =   0.1000E+03
     e =   0.5000E+00
    solver: ars343/exp-3 (IMEX-MRI3b / ERK-3-3) -- solve decoupled
    reltol:   0.1000E-08 abstol:   0.1000E-10
         t           u           v       uerr      verr
    ------------------------------------------------------
     0.000000    1.224745    1.732051  0.00E+00  0.00E+00
     0.100000    1.223725    1.077464  0.28E-09  0.26E-10
     0.200000    1.220669    1.551800  0.18E-09  0.48E-10
     0.300000    1.215594    1.467737  0.19E-09  0.69E-10
     0.400000    1.208524    1.154583  0.18E-09  0.88E-10
     0.500000    1.199496    1.721908  0.18E-09  0.10E-09
     0.600000    1.188557    1.023517  0.17E-09  0.12E-09
     0.700000    1.175764    1.622751  0.17E-09  0.13E-09
     0.800000    1.161186    1.374632  0.16E-09  0.14E-09
     0.900000    1.144904    1.245763  0.15E-09  0.15E-09
     1.000000    1.127010    1.691839  0.14E-09  0.15E-09
     1.100000    1.107609    1.000489  0.13E-09  0.15E-09
     1.200000    1.086821    1.677552  0.12E-09  0.16E-09
     1.300000    1.064777    1.277775  0.11E-09  0.15E-09
     1.400000    1.041625    1.342455  0.91E-10  0.15E-09
     1.500000    1.017531    1.642940  0.70E-10  0.15E-09
     1.600000    0.992673    1.012112  0.53E-10  0.14E-09
     1.700000    0.967253    1.714058  0.32E-10  0.14E-09
     1.800000    0.941488    1.183867  0.16E-10  0.12E-09
     1.900000    0.915617    1.437465  0.11E-10  0.11E-09
     2.000000    0.889903    1.577082  0.36E-10  0.99E-10
     2.100000    0.864625    1.056467  0.66E-10  0.79E-10
     2.200000    0.840089    1.730920  0.10E-09  0.64E-10
     2.300000    0.816616    1.101047  0.13E-09  0.38E-10
     2.400000    0.794546    1.525051  0.16E-09  0.17E-10
     2.500000    0.774227    1.496993  0.19E-09  0.94E-11
     2.600000    0.756013    1.126857  0.22E-09  0.40E-10
     2.700000    0.740246    1.727536  0.26E-09  0.65E-10
     2.800000    0.727247    1.038393  0.28E-09  0.10E-09
     2.900000    0.717301    1.600759  0.30E-09  0.13E-09
     3.000000    0.710636    1.406380  0.32E-09  0.16E-09
     3.100000    0.707412    1.214353  0.33E-09  0.19E-09
     3.200000    0.707709    1.704026  0.33E-09  0.21E-09
     3.300000    0.711520    1.004391  0.32E-09  0.24E-09
     3.400000    0.718750    1.661225  0.30E-09  0.25E-09
     3.500000    0.729227    1.310102  0.29E-09  0.27E-09
     3.600000    0.742712    1.310080  0.26E-09  0.28E-09
     3.700000    0.758914    1.661237  0.22E-09  0.28E-09
     3.800000    0.777506    1.004387  0.19E-09  0.29E-09
     3.900000    0.798144    1.704019  0.16E-09  0.28E-09
     4.000000    0.820474    1.214374  0.13E-09  0.27E-09
     4.100000    0.844149    1.406358  0.97E-10  0.27E-09
     4.200000    0.868832    1.600774  0.66E-10  0.26E-09
     4.300000    0.894204    1.038382  0.38E-10  0.22E-09
     4.400000    0.919964    1.727533  0.94E-11  0.23E-09
     4.500000    0.945834    1.126875  0.10E-10  0.18E-09
     4.600000    0.971557    1.496974  0.33E-10  0.17E-09
     4.700000    0.996898    1.525070  0.50E-10  0.15E-09
     4.800000    1.021641    1.101030  0.72E-10  0.11E-09
     4.900000    1.045589    1.730922  0.93E-10  0.11E-09
     5.000000    1.068565    1.056480  0.11E-09  0.64E-10
    ------------------------------------------------------
 Final Solver Statistics:
   Steps: nsts =    5000, nstf =  510000
   u error = 0.179E-09, v error = 0.168E-09, total error = 0.174E-09
   Total RHS evals: Fse =   20001, Fsi =   50342, Ff = 1550001
   Slow Newton iters =   30341
   Slow Newton conv fails =       0
   Slow Jacobian evals =     250
