 Multirate nonlinear Kvaerno-Prothero-Robinson test problem:
    time domain: (0.00, 5.00]
    hs =   0.5000E-02
    hf =   0.5000E-04
     G =  -0.1000E+03
     w =   0.1000E+03
     e =   0.5000E+00
    solver: exp-4/exp-3 (MRI-GARK-ERK45a / ERK-3-3)
         t           u           v       uerr      verr
    ------------------------------------------------------
     0.000000    1.224745    1.732051  0.00E+00  0.00E+00
     0.100000    1.223725    1.077464  0.81E-08  0.46E-09
     0.200000    1.220669    1.551800  0.80E-08  0.90E-09
     0.300000    1.215594    1.467737  0.79E-08  0.13E-08
     0.400000    1.208524    1.154583  0.78E-08  0.17E-08
     0.500000    1.199496    1.721908  0.76E-08  0.20E-08
     0.600000    1.188557    1.023517  0.74E-08  0.22E-08
     0.700000    1.175764    1.622751  0.71E-08  0.25E-08
     0.800000    1.161186    1.374632  0.68E-08  0.27E-08
     0.900000    1.144904    1.245763  0.65E-08  0.28E-08
     1.000000    1.127010    1.691839  0.61E-08  0.29E-08
     1.100000    1.107609    1.000489  0.56E-08  0.30E-08
     1.200000    1.086821    1.677552  0.51E-08  0.30E-08
     1.300000    1.064777    1.277775  0.45E-08  0.30E-08
     1.400000    1.041625    1.342455  0.39E-08  0.30E-08
     1.500000    1.017531    1.642940  0.32E-08  0.29E-08
     1.600000    0.992673    1.012112  0.24E-08  0.28E-08
     1.700000    0.967253    1.714058  0.15E-08  0.27E-08
     1.800000    0.941488    1.183867  0.61E-09  0.25E-08
     1.900000    0.915617    1.437465  0.40E-09  0.23E-08
     2.000000    0.889903    1.577082  0.15E-08  0.20E-08
     2.100000    0.864625    1.056467  0.27E-08  0.17E-08
     2.200000    0.840089    1.730920  0.39E-08  0.13E-08
     2.300000    0.816616    1.101047  0.53E-08  0.90E-09
     2.400000    0.794546    1.525051  0.67E-08  0.45E-09
     2.500000    0.774227    1.496993  0.80E-08  0.42E-10
     2.600000    0.756013    1.126857  0.94E-08  0.57E-09
     2.700000    0.740246    1.727536  0.11E-07  0.11E-08
     2.800000    0.727247    1.038393  0.12E-07  0.17E-08
     2.900000    0.717301    1.600759  0.13E-07  0.23E-08
     3.000000    0.710636    1.406380  0.14E-07  0.29E-08
     3.100000    0.707412    1.214353  0.14E-07  0.35E-08
     3.200000    0.707709    1.704026  0.14E-07  0.40E-08
     3.300000    0.711520    1.004391  0.14E-07  0.44E-08
     3.400000    0.718750    1.661225  0.13E-07  0.48E-08
     3.500000    0.729227    1.310102  0.12E-07  0.52E-08
     3.600000    0.742712    1.310080  0.11E-07  0.54E-08
     3.700000    0.758914    1.661237  0.98E-08  0.55E-08
     3.800000    0.777506    1.004387  0.84E-08  0.55E-08
     3.900000    0.798144    1.704019  0.70E-08  0.55E-08
     4.000000    0.820474    1.214374  0.56E-08  0.53E-08
     4.100000    0.844149    1.406358  0.43E-08  0.51E-08
     4.200000    0.868832    1.600774  0.30E-08  0.49E-08
     4.300000    0.894204    1.038382  0.18E-08  0.45E-08
     4.400000    0.919964    1.727533  0.65E-09  0.42E-08
     4.500000    0.945834    1.126875  0.39E-09  0.38E-08
     4.600000    0.971557    1.496974  0.14E-08  0.34E-08
     4.700000    0.996898    1.525070  0.22E-08  0.29E-08
     4.800000    1.021641    1.101030  0.30E-08  0.25E-08
     4.900000    1.045589    1.730922  0.37E-08  0.21E-08
     5.000000    1.068565    1.056480  0.44E-08  0.16E-08
    ------------------------------------------------------
 Final Solver Statistics:
   Steps: nsts =    1001, nstf =  100100
   u error = 0.757E-08, v error = 0.324E-08, total error = 0.582E-08
   Total RHS evals: Fs =    5006, Ff =  301303
