 Multirate nonlinear Kvaerno-Prothero-Robinson test problem:
    time domain: (0.00, 5.00]
    hs =   0.1000E-02
    hf =   0.1000E-04
     G =  -0.1000E+03
     w =   0.1000E+03
     e =   0.5000E+00
    solver: dirk-3/exp-3 (MRI-GARK-ESDIRK34a / ERK-3-3) -- solve decoupled
    reltol:   0.1000E-08 abstol:   0.1000E-10
         t           u           v       uerr      verr
    ------------------------------------------------------
     0.000000    1.224745    1.732051  0.00E+00  0.00E+00
     0.100000    1.223725    1.077464  0.40E-09  0.57E-10
     0.200000    1.220669    1.551800  0.41E-09  0.11E-09
     0.300000    1.215594    1.467737  0.39E-09  0.16E-09
     0.400000    1.208524    1.154583  0.39E-09  0.20E-09
     0.500000    1.199496    1.721908  0.38E-09  0.24E-09
     0.600000    1.188557    1.023517  0.38E-09  0.27E-09
     0.700000    1.175764    1.622751  0.35E-09  0.30E-09
     0.800000    1.161186    1.374632  0.34E-09  0.32E-09
     0.900000    1.144904    1.245763  0.32E-09  0.34E-09
     1.000000    1.127010    1.691839  0.30E-09  0.36E-09
     1.100000    1.107609    1.000489  0.28E-09  0.37E-09
     1.200000    1.086821    1.677552  0.25E-09  0.37E-09
     1.300000    1.064777    1.277775  0.23E-09  0.37E-09
     1.400000    1.041625    1.342455  0.20E-09  0.36E-09
     1.500000    1.017531    1.642940  0.16E-09  0.35E-09
     1.600000    0.992673    1.012112  0.12E-09  0.34E-09
     1.700000    0.967253    1.714058  0.78E-10  0.32E-09
     1.800000    0.941488    1.183867  0.35E-10  0.30E-09
     1.900000    0.915617    1.437465  0.17E-10  0.27E-09
     2.000000    0.889903    1.577082  0.70E-10  0.23E-09
     2.100000    0.864625    1.056467  0.13E-09  0.20E-09
     2.200000    0.840089    1.730920  0.20E-09  0.15E-09
     2.300000    0.816616    1.101047  0.26E-09  0.10E-09
     2.400000    0.794546    1.525051  0.33E-09  0.45E-10
     2.500000    0.774227    1.496993  0.40E-09  0.20E-10
     2.600000    0.756013    1.126857  0.47E-09  0.82E-10
     2.700000    0.740246    1.727536  0.54E-09  0.15E-09
     2.800000    0.727247    1.038393  0.59E-09  0.22E-09
     2.900000    0.717301    1.600759  0.75E-09  0.30E-09
     3.000000    0.710636    1.406380  0.67E-09  0.37E-09
     3.100000    0.707412    1.214353  0.69E-09  0.43E-09
     3.200000    0.707709    1.704026  0.70E-09  0.50E-09
     3.300000    0.711520    1.004391  0.68E-09  0.55E-09
     3.400000    0.718750    1.661225  0.65E-09  0.60E-09
     3.500000    0.729227    1.310102  0.60E-09  0.63E-09
     3.600000    0.742712    1.310080  0.55E-09  0.65E-09
     3.700000    0.758914    1.661237  0.50E-09  0.68E-09
     3.800000    0.777506    1.004387  0.42E-09  0.67E-09
     3.900000    0.798144    1.704019  0.35E-09  0.67E-09
     4.000000    0.820474    1.214374  0.29E-09  0.65E-09
     4.100000    0.844149    1.406358  0.26E-09  0.62E-09
     4.200000    0.868832    1.600774  0.15E-09  0.58E-09
     4.300000    0.894204    1.038382  0.92E-10  0.56E-09
     4.400000    0.919964    1.727533  0.36E-10  0.49E-09
     4.500000    0.945834    1.126875  0.14E-10  0.47E-09
     4.600000    0.971557    1.496974  0.63E-10  0.40E-09
     4.700000    0.996898    1.525070  0.10E-09  0.35E-09
     4.800000    1.021641    1.101030  0.15E-09  0.31E-09
     4.900000    1.045589    1.730922  0.19E-09  0.23E-09
     5.000000    1.068565    1.056480  0.39E-10  0.21E-09
    ------------------------------------------------------
 Final Solver Statistics:
   Steps: nsts =    5000, nstf =  510000
   u error = 0.380E-09, v error = 0.394E-09, total error = 0.387E-09
   Total RHS evals: Fs =   45313, Ff = 1550001
   Slow Newton iters =   30312
   Slow Newton conv fails =       0
   Slow Jacobian evals =     250
