 Multirate nonlinear Kvaerno-Prothero-Robinson test problem:
    time domain: (0.00, 5.00]
    hs =   0.1000E-02
    hf =   0.1000E-04
     G =  -0.1000E+03
     w =   0.1000E+03
     e =   0.5000E+00
    solver: imexark4/exp-4 (IMEX-MRI4 / ERK-4-4) -- solve decoupled
    reltol:   0.1000E-11 abstol:   0.1000E-13
         t           u           v       uerr      verr
    ------------------------------------------------------
     0.000000    1.224745    1.732051  0.00E+00  0.00E+00
     0.100000    1.223725    1.077464  0.16E-10  0.64E-12
     0.200000    1.220669    1.551800  0.16E-10  0.68E-12
     0.300000    1.215594    1.467737  0.15E-10  0.96E-12
     0.400000    1.208524    1.154583  0.15E-10  0.92E-12
     0.500000    1.199496    1.721908  0.16E-10  0.17E-11
     0.600000    1.188557    1.023517  0.15E-10  0.34E-11
     0.700000    1.175764    1.622751  0.14E-10  0.22E-11
     0.800000    1.161186    1.374632  0.12E-10  0.28E-11
     0.900000    1.144904    1.245763  0.11E-10  0.31E-11
     1.000000    1.127010    1.691839  0.13E-10  0.22E-11
     1.100000    1.107609    1.000489  0.11E-10  0.20E-11
     1.200000    1.086821    1.677552  0.95E-11  0.25E-11
     1.300000    1.064777    1.277775  0.76E-11  0.81E-13
     1.400000    1.041625    1.342455  0.52E-11  0.62E-12
     1.500000    1.017531    1.642940  0.60E-11  0.26E-11
     1.600000    0.992673    1.012112  0.38E-11  0.14E-11
     1.700000    0.967253    1.714058  0.33E-11  0.30E-11
     1.800000    0.941488    1.183867  0.23E-12  0.36E-12
     1.900000    0.915617    1.437465  0.33E-11  0.12E-11
     2.000000    0.889903    1.577082  0.66E-11  0.19E-11
     2.100000    0.864625    1.056467  0.79E-11  0.16E-11
     2.200000    0.840089    1.730920  0.67E-11  0.25E-11
     2.300000    0.816616    1.101047  0.12E-10  0.18E-11
     2.400000    0.794546    1.525051  0.15E-10  0.57E-12
     2.500000    0.774227    1.496993  0.18E-10  0.67E-13
     2.600000    0.756013    1.126857  0.22E-10  0.27E-11
     2.700000    0.740246    1.727536  0.20E-10  0.73E-12
     2.800000    0.727247    1.038393  0.25E-10  0.40E-11
     2.900000    0.717301    1.600759  0.27E-10  0.93E-12
     3.000000    0.710636    1.406380  0.28E-10  0.26E-11
     3.100000    0.707412    1.214353  0.29E-10  0.42E-11
     3.200000    0.707709    1.704026  0.28E-10  0.15E-11
     3.300000    0.711520    1.004391  0.28E-10  0.63E-11
     3.400000    0.718750    1.661225  0.26E-10  0.24E-11
     3.500000    0.729227    1.310102  0.24E-10  0.48E-11
     3.600000    0.742712    1.310080  0.21E-10  0.50E-11
     3.700000    0.758914    1.661237  0.20E-10  0.28E-11
     3.800000    0.777506    1.004387  0.16E-10  0.70E-11
     3.900000    0.798144    1.704019  0.14E-10  0.25E-11
     4.000000    0.820474    1.214374  0.10E-10  0.54E-11
     4.100000    0.844149    1.406358  0.65E-11  0.83E-11
     4.200000    0.868832    1.600774  0.36E-11  0.11E-10
     4.300000    0.894204    1.038382  0.16E-11  0.25E-12
     4.400000    0.919964    1.727533  0.23E-11  0.12E-10
     4.500000    0.945834    1.126875  0.23E-11  0.75E-12
     4.600000    0.971557    1.496974  0.52E-11  0.69E-11
     4.700000    0.996898    1.525070  0.85E-11  0.69E-11
     4.800000    1.021641    1.101030  0.85E-11  0.16E-11
     4.900000    1.045589    1.730922  0.61E-11  0.95E-11
     5.000000    1.068565    1.056480  0.10E-10  0.34E-11
    ------------------------------------------------------
 Final Solver Statistics:
   Steps: nsts =    5000, nstf =  510000
   u error = 0.153E-10, v error = 0.419E-11, total error = 0.112E-10
   Total RHS evals: Fse =   30001, Fsi =   82555, Ff = 2070001
   Slow Newton iters =   52554
   Slow Newton conv fails =       0
   Slow Jacobian evals =     250
