 Multirate nonlinear Kvaerno-Prothero-Robinson test problem:
    time domain: (0.00, 5.00]
    hs =       0.0100
    hf =       0.0001
     G =    -100.0000
     w =     100.0000
     e =       0.5000
    solver: exp-3/exp-3 (standard MIS)
         t           u           v       uerr      verr
    ------------------------------------------------------
     0.000000    1.224745    1.732051  0.00E+00  0.00E+00
     0.100000    1.223726    1.077464  0.85E-06  0.88E-08
     0.200000    1.220670    1.551800  0.84E-06  0.20E-07
     0.300000    1.215595    1.467737  0.83E-06  0.31E-07
     0.400000    1.208525    1.154583  0.82E-06  0.40E-07
     0.500000    1.199497    1.721908  0.80E-06  0.48E-07
     0.600000    1.188558    1.023517  0.78E-06  0.56E-07
     0.700000    1.175765    1.622751  0.75E-06  0.62E-07
     0.800000    1.161187    1.374632  0.72E-06  0.67E-07
     0.900000    1.144905    1.245763  0.68E-06  0.71E-07
     1.000000    1.127010    1.691839  0.64E-06  0.74E-07
     1.100000    1.107610    1.000490  0.59E-06  0.76E-07
     1.200000    1.086821    1.677552  0.53E-06  0.77E-07
     1.300000    1.064777    1.277775  0.47E-06  0.78E-07
     1.400000    1.041626    1.342455  0.41E-06  0.77E-07
     1.500000    1.017531    1.642940  0.33E-06  0.75E-07
     1.600000    0.992674    1.012112  0.25E-06  0.73E-07
     1.700000    0.967253    1.714058  0.16E-06  0.69E-07
     1.800000    0.941488    1.183867  0.63E-07  0.65E-07
     1.900000    0.915617    1.437465  0.43E-07  0.59E-07
     2.000000    0.889902    1.577082  0.16E-06  0.52E-07
     2.100000    0.864625    1.056467  0.28E-06  0.45E-07
     2.200000    0.840089    1.730920  0.42E-06  0.36E-07
     2.300000    0.816616    1.101047  0.56E-06  0.26E-07
     2.400000    0.794545    1.525051  0.70E-06  0.14E-07
     2.500000    0.774227    1.496993  0.85E-06  0.21E-08
     2.600000    0.756012    1.126857  0.99E-06  0.11E-07
     2.700000    0.740245    1.727536  0.11E-05  0.25E-07
     2.800000    0.727246    1.038393  0.13E-05  0.40E-07
     2.900000    0.717300    1.600759  0.14E-05  0.55E-07
     3.000000    0.710635    1.406379  0.14E-05  0.70E-07
     3.100000    0.707411    1.214353  0.15E-05  0.85E-07
     3.200000    0.707708    1.704026  0.15E-05  0.99E-07
     3.300000    0.711518    1.004391  0.14E-05  0.11E-06
     3.400000    0.718748    1.661225  0.14E-05  0.12E-06
     3.500000    0.729225    1.310102  0.13E-05  0.13E-06
     3.600000    0.742711    1.310080  0.12E-05  0.14E-06
     3.700000    0.758913    1.661237  0.10E-05  0.14E-06
     3.800000    0.777505    1.004387  0.88E-06  0.14E-06
     3.900000    0.798143    1.704018  0.73E-06  0.14E-06
     4.000000    0.820474    1.214374  0.59E-06  0.14E-06
     4.100000    0.844149    1.406358  0.45E-06  0.13E-06
     4.200000    0.868832    1.600774  0.31E-06  0.13E-06
     4.300000    0.894204    1.038382  0.18E-06  0.12E-06
     4.400000    0.919964    1.727533  0.66E-07  0.11E-06
     4.500000    0.945834    1.126875  0.43E-07  0.99E-07
     4.600000    0.971558    1.496973  0.14E-06  0.89E-07
     4.700000    0.996898    1.525070  0.23E-06  0.78E-07
     4.800000    1.021641    1.101030  0.32E-06  0.66E-07
     4.900000    1.045589    1.730922  0.39E-06  0.55E-07
     5.000000    1.068565    1.056480  0.46E-06  0.44E-07
    ------------------------------------------------------
 Final Solver Statistics:
   Steps: nsts =     501, nstf =   50601
   u error = 0.794E-06, v error = 0.825E-07, total error = 0.565E-06
   Total RHS evals: Fs =    1504, Ff =  152306
