
2-species diurnal advection-diffusion problem
Sensitivity: YES ( STAGGERED + FULL ERROR CONTROL )

========================================================================
     T     Q       H      NST                    Bottom left  Top right 
========================================================================
7.200e+03  3  2.815e+01   511
                                Solution         1.0593e+04   1.1152e+04 
                                                 2.5567e+11   2.6917e+11 
                                ----------------------------------------
                                Sensitivity 1   -6.4963e+19  -6.8394e+19 
                                                 7.2120e+19   7.6304e+19 
                                ----------------------------------------
                                Sensitivity 2   -4.4900e+14  -4.9768e+14 
                                                -2.5039e+18  -2.7672e+18 
------------------------------------------------------------------------
1.440e+04  5  1.808e+02   572
                                Solution         6.9172e+06   7.2517e+06 
                                                 2.6829e+11   2.8137e+11 
                                ----------------------------------------
                                Sensitivity 1   -4.2432e+22  -4.4483e+22 
                                                 6.2762e+22   6.6563e+22 
                                ----------------------------------------
                                Sensitivity 2   -4.8955e+17  -5.3580e+17 
                                                -7.1115e+21  -7.7236e+21 
------------------------------------------------------------------------
2.160e+04  4  1.648e+02   645
                                Solution         2.7558e+07   2.9196e+07 
                                                 3.1024e+11   3.3000e+11 
                                ----------------------------------------
                                Sensitivity 1   -1.6903e+23  -1.7907e+23 
                                                 4.0588e+23   4.4683e+23 
                                ----------------------------------------
                                Sensitivity 2   -8.2851e+18  -9.3610e+18 
                                                -8.2851e+22  -9.3662e+22 
------------------------------------------------------------------------
2.880e+04  5  1.691e+02   697
                                Solution         8.9631e+06   9.8602e+06 
                                                 3.4824e+11   3.8331e+11 
                                ----------------------------------------
                                Sensitivity 1   -5.4975e+22  -6.0476e+22 
                                                 5.8239e+23   7.0579e+23 
                                ----------------------------------------
                                Sensitivity 2   -5.2367e+18  -6.4007e+18 
                                                -1.8450e+23  -2.2574e+23 
------------------------------------------------------------------------
3.600e+04  5  1.808e+02   727
                                Solution         1.4433e+04   1.6660e+04 
                                                 3.4814e+11   4.0186e+11 
                                ----------------------------------------
                                Sensitivity 1   -8.8547e+19  -1.0220e+20 
                                                 5.6474e+23   7.6273e+23 
                                ----------------------------------------
                                Sensitivity 2   -9.0220e+15  -1.2170e+16 
                                                -1.9753e+23  -2.6679e+23 
------------------------------------------------------------------------
4.320e+04  4  4.251e+02   776
                                Solution         5.1068e-10   1.0826e-09 
                                                 3.4900e+11   4.0867e+11 
                                ----------------------------------------
                                Sensitivity 1   -5.6091e+07  -7.0966e+07 
                                                 5.7083e+23   7.9553e+23 
                                ----------------------------------------
                                Sensitivity 2    1.2561e+05  -4.4688e+04 
                                                -1.9969e+23  -2.7830e+23 
------------------------------------------------------------------------
5.040e+04  4  4.251e+02   793
                                Solution         1.7699e-10   1.9346e-10 
                                                 3.5570e+11   4.1225e+11 
                                ----------------------------------------
                                Sensitivity 1   -1.0790e+06  -1.1785e+06 
                                                 5.9553e+23   8.1823e+23 
                                ----------------------------------------
                                Sensitivity 2    2.9690e+02   2.9830e+02 
                                                -2.0833e+23  -2.8624e+23 
------------------------------------------------------------------------
5.760e+04  4  1.433e+02   819
                                Solution         1.2056e-09   5.7155e-10 
                                                 3.6425e+11   4.1628e+11 
                                ----------------------------------------
                                Sensitivity 1   -6.6358e+07  -3.5425e+07 
                                                 6.2592e+23   8.4334e+23 
                                ----------------------------------------
                                Sensitivity 2   -8.5680e+02  -5.2643e+02 
                                                -2.1897e+23  -2.9502e+23 
------------------------------------------------------------------------
6.480e+04  5  2.550e+02   874
                                Solution        -5.9740e-09  -3.6109e-09 
                                                 3.6334e+11   4.2182e+11 
                                ----------------------------------------
                                Sensitivity 1   -5.2152e+08  -2.7586e+08 
                                                 6.2461e+23   8.7310e+23 
                                ----------------------------------------
                                Sensitivity 2   -5.3535e+03  -3.2743e+03 
                                                -2.1851e+23  -3.0544e+23 
------------------------------------------------------------------------
7.200e+04  5  3.604e+02   898
                                Solution         1.2430e-09   5.5176e-10 
                                                 3.6192e+11   4.3354e+11 
                                ----------------------------------------
                                Sensitivity 1   -2.4602e+08  -8.2132e+07 
                                                 6.2311e+23   9.2797e+23 
                                ----------------------------------------
                                Sensitivity 2   -8.0444e+07  -5.3447e+07 
                                                -2.1798e+23  -3.2463e+23 
------------------------------------------------------------------------
7.920e+04  5  5.591e+02   912
                                Solution         6.7937e-11   2.9510e-11 
                                                 3.6148e+11   4.4474e+11 
                                ----------------------------------------
                                Sensitivity 1   -2.0967e+07  -7.0002e+06 
                                                 6.2481e+23   9.8067e+23 
                                ----------------------------------------
                                Sensitivity 2   -3.6878e+06  -2.4190e+06 
                                                -2.1858e+23  -3.4306e+23 
------------------------------------------------------------------------
8.640e+04  5  5.591e+02   925
                                Solution        -8.7012e-12  -3.7665e-12 
                                                 3.6318e+11   4.4524e+11 
                                ----------------------------------------
                                Sensitivity 1    1.8542e+06   6.3152e+05 
                                                 6.3248e+23   9.8820e+23 
                                ----------------------------------------
                                Sensitivity 2    3.0873e+05   2.0266e+05 
                                                -2.2126e+23  -3.4570e+23 
------------------------------------------------------------------------

Final Statistics

nst     =   925

nfe     =  1951
netf    =     5    nsetups  =   126
nni     =   998    ncfn     =     0

nfSe    =  2164    nfeS     =  4328
netfs   =    26    nsetupsS =     0
nniS    =  1080    ncfnS    =     0

nli     =  2946    ncfl     =     0
npe     =    17    nps      =  5795
