
2-species diurnal advection-diffusion problem
Sensitivity: YES ( SIMULTANEOUS + FULL ERROR CONTROL )

========================================================================
     T     Q       H      NST                    Bottom left  Top right 
========================================================================
7.200e+03  3  3.239e+01   644
                                Solution         1.0593e+04   1.1152e+04 
                                                 2.5567e+11   2.6917e+11 
                                ----------------------------------------
                                Sensitivity 1   -6.4963e+19  -6.8394e+19 
                                                 7.2120e+19   7.6304e+19 
                                ----------------------------------------
                                Sensitivity 2   -4.4900e+14  -4.9768e+14 
                                                -2.5039e+18  -2.7672e+18 
------------------------------------------------------------------------
1.440e+04  2  2.205e+01  1009
                                Solution         6.9172e+06   7.2517e+06 
                                                 2.6829e+11   2.8137e+11 
                                ----------------------------------------
                                Sensitivity 1   -4.2432e+22  -4.4483e+22 
                                                 6.2762e+22   6.6564e+22 
                                ----------------------------------------
                                Sensitivity 2   -4.8955e+17  -5.3580e+17 
                                                -7.1116e+21  -7.7237e+21 
------------------------------------------------------------------------
2.160e+04  2  4.049e+01  1600
                                Solution         2.7558e+07   2.9196e+07 
                                                 3.1024e+11   3.3000e+11 
                                ----------------------------------------
                                Sensitivity 1   -1.6903e+23  -1.7907e+23 
                                                 4.0588e+23   4.4683e+23 
                                ----------------------------------------
                                Sensitivity 2   -8.2851e+18  -9.3611e+18 
                                                -8.2852e+22  -9.3662e+22 
------------------------------------------------------------------------
2.880e+04  3  6.108e+01  1899
                                Solution         8.9631e+06   9.8602e+06 
                                                 3.4824e+11   3.8331e+11 
                                ----------------------------------------
                                Sensitivity 1   -5.4975e+22  -6.0476e+22 
                                                 5.8239e+23   7.0579e+23 
                                ----------------------------------------
                                Sensitivity 2   -5.2367e+18  -6.4007e+18 
                                                -1.8450e+23  -2.2574e+23 
------------------------------------------------------------------------
3.600e+04  3  3.424e+01  2018
                                Solution         1.4433e+04   1.6660e+04 
                                                 3.4814e+11   4.0186e+11 
                                ----------------------------------------
                                Sensitivity 1   -8.8547e+19  -1.0220e+20 
                                                 5.6474e+23   7.6273e+23 
                                ----------------------------------------
                                Sensitivity 2   -9.0220e+15  -1.2170e+16 
                                                -1.9753e+23  -2.6679e+23 
------------------------------------------------------------------------
4.320e+04  4  3.490e+02  2538
                                Solution         2.5038e-13   2.7023e-13 
                                                 3.4900e+11   4.0867e+11 
                                ----------------------------------------
                                Sensitivity 1   -1.5796e+05  -2.3807e+05 
                                                 5.7083e+23   7.9553e+23 
                                ----------------------------------------
                                Sensitivity 2   -1.7187e+00  -5.1787e+01 
                                                -1.9969e+23  -2.7830e+23 
------------------------------------------------------------------------
5.040e+04  4  3.490e+02  2559
                                Solution        -6.0654e-16  -1.7637e-15 
                                                 3.5570e+11   4.1225e+11 
                                ----------------------------------------
                                Sensitivity 1   -1.0195e+03  -2.4393e+03 
                                                 5.9553e+23   8.1823e+23 
                                ----------------------------------------
                                Sensitivity 2   -1.0096e-02  -2.7454e-02 
                                                -2.0833e+23  -2.8624e+23 
------------------------------------------------------------------------
5.760e+04  4  1.634e+02  2584
                                Solution         4.4474e-08   1.1903e-07 
                                                 3.6425e+11   4.1628e+11 
                                ----------------------------------------
                                Sensitivity 1   -1.8179e+09  -4.8687e+09 
                                                 6.2592e+23   8.4334e+23 
                                ----------------------------------------
                                Sensitivity 2   -1.7780e+04  -5.4422e+04 
                                                -2.1896e+23  -2.9502e+23 
------------------------------------------------------------------------
6.480e+04  3  9.518e+01  2636
                                Solution        -3.1083e-09  -1.3895e-08 
                                                 3.6334e+11   4.2182e+11 
                                ----------------------------------------
                                Sensitivity 1   -5.8937e+08  -2.6001e+09 
                                                 6.2461e+23   8.7310e+23 
                                ----------------------------------------
                                Sensitivity 2   -5.2314e+03  -2.6357e+04 
                                                -2.1851e+23  -3.0544e+23 
------------------------------------------------------------------------
7.200e+04  4  1.729e+02  2699
                                Solution        -1.8227e-08   5.8153e-08 
                                                 3.6192e+11   4.3354e+11 
                                ----------------------------------------
                                Sensitivity 1    1.2752e+09  -4.6275e+09 
                                                 6.2310e+23   9.2797e+23 
                                ----------------------------------------
                                Sensitivity 2    8.7152e+06  -4.0981e+07 
                                                -2.1798e+23  -3.2463e+23 
------------------------------------------------------------------------
7.920e+04  4  1.729e+02  2741
                                Solution        -1.1560e-08   8.4429e-09 
                                                 3.6148e+11   4.4474e+11 
                                ----------------------------------------
                                Sensitivity 1   -3.9209e+09   3.0221e+09 
                                                 6.2481e+23   9.8067e+23 
                                ----------------------------------------
                                Sensitivity 2    2.4469e+07  -1.1022e+07 
                                                -2.1858e+23  -3.4307e+23 
------------------------------------------------------------------------
8.640e+04  4  1.729e+02  2783
                                Solution        -2.0626e-09   3.2649e-10 
                                                 3.6318e+11   4.4524e+11 
                                ----------------------------------------
                                Sensitivity 1   -3.1145e+09   6.7710e+08 
                                                 6.3248e+23   9.8820e+23 
                                ----------------------------------------
                                Sensitivity 2   -2.1820e+07  -4.8408e+06 
                                                -2.2126e+23  -3.4570e+23 
------------------------------------------------------------------------

Final Statistics

nst     =  2783

nfe     =  3955
netf    =   186    nsetups  =   534
nni     =  3952    ncfn     =    12

nfSe    =  7910    nfeS     = 15820
netfs   =     0    nsetupsS =     0
nniS    =     0    ncfnS    =     0

nli     =  8402    ncfl     =     0
npe     =    69    nps      = 18230
