
3-species chemical kinetics problem
Sensitivity: YES ( STAGGERED1 + FULL ERROR CONTROL )

=======================================================================
     T     Q       H      NST           y1           y2           y3    
=======================================================================
4.000e-01  3  5.292e-02   105
                  Solution         9.8517e-01   3.3864e-05   1.4794e-02 
                  Sensitivity 1   -3.5595e-01   3.9025e-04   3.5556e-01 
                  Sensitivity 2    9.5428e-08  -2.1309e-10  -9.5216e-08 
                  Sensitivity 3   -1.5833e-11  -5.2900e-13   1.6360e-11 
-----------------------------------------------------------------------
4.000e+00  4  2.108e-01   140
                  Solution         9.0552e-01   2.2405e-05   9.4458e-02 
                  Sensitivity 1   -1.8761e+00   1.7922e-04   1.8759e+00 
                  Sensitivity 2    2.9614e-06  -5.8304e-10  -2.9609e-06 
                  Sensitivity 3   -4.9334e-10  -2.7627e-13   4.9366e-10 
-----------------------------------------------------------------------
4.000e+01  3  1.956e+00   301
                  Solution         7.1581e-01   9.1847e-06   2.8419e-01 
                  Sensitivity 1   -4.2478e+00   4.5905e-05   4.2478e+00 
                  Sensitivity 2    1.3732e-05  -2.3568e-10  -1.3732e-05 
                  Sensitivity 3   -2.2887e-09  -1.1379e-13   2.2885e-09 
-----------------------------------------------------------------------
4.000e+02  3  1.291e+01   477
                  Solution         4.5052e-01   3.2228e-06   5.4950e-01 
                  Sensitivity 1   -5.9585e+00   3.5421e-06   5.9586e+00 
                  Sensitivity 2    2.2738e-05  -2.2602e-11  -2.2739e-05 
                  Sensitivity 3   -3.7899e-09  -4.9948e-14   3.7896e-09 
-----------------------------------------------------------------------
4.000e+03  2  1.534e+02   684
                  Solution         1.8317e-01   8.9399e-07   8.1688e-01 
                  Sensitivity 1   -4.7501e+00  -5.9960e-06   4.7503e+00 
                  Sensitivity 2    1.8809e-05   2.3136e-11  -1.8811e-05 
                  Sensitivity 3   -3.1351e-09  -1.8756e-14   3.1343e-09 
-----------------------------------------------------------------------
4.000e+04  3  1.457e+03   768
                  Solution         3.8988e-02   1.6219e-07   9.6106e-01 
                  Sensitivity 1   -1.5751e+00  -2.7622e-06   1.5752e+00 
                  Sensitivity 2    6.2881e-06   1.1003e-11  -6.2904e-06 
                  Sensitivity 3   -1.0481e-09  -4.5370e-15   1.0472e-09 
-----------------------------------------------------------------------
4.000e+05  5  2.201e+04   818
                  Solution         4.9386e-03   1.9850e-08   9.9512e-01 
                  Sensitivity 1   -2.3636e-01  -4.5845e-07   2.3630e-01 
                  Sensitivity 2    9.4511e-07   1.8326e-12  -9.4684e-07 
                  Sensitivity 3   -1.5757e-10  -6.3647e-16   1.5641e-10 
-----------------------------------------------------------------------
4.000e+06  4  1.656e+05   881
                  Solution         5.1683e-04   2.0683e-09   9.9954e-01 
                  Sensitivity 1   -2.5666e-02  -5.1058e-08   2.5621e-02 
                  Sensitivity 2    1.0266e-07   2.0423e-13  -1.0447e-07 
                  Sensitivity 3   -1.7114e-11  -6.8519e-17   1.5882e-11 
-----------------------------------------------------------------------
4.000e+07  4  1.537e+06   926
                  Solution         5.2040e-05   2.0816e-10   1.0000e+00 
                  Sensitivity 1   -2.5995e-03  -5.1947e-09   2.5517e-03 
                  Sensitivity 2    1.0397e-08   2.0777e-14  -1.2198e-08 
                  Sensitivity 3   -1.7333e-12  -6.9332e-18   4.9916e-13 
-----------------------------------------------------------------------
4.000e+08  4  2.510e+07   974
                  Solution         5.2097e-06   2.0838e-11   1.0001e+00 
                  Sensitivity 1   -2.6038e-04  -5.2053e-10   2.1191e-04 
                  Sensitivity 2    1.0415e-09   2.0822e-15  -2.8384e-09 
                  Sensitivity 3   -1.7365e-13  -6.9455e-19  -1.0608e-12 
-----------------------------------------------------------------------
4.000e+09  3  3.386e+08  1031
                  Solution         5.2245e-07   2.0897e-12   1.0001e+00 
                  Sensitivity 1   -2.5985e-05  -5.1694e-11  -2.2327e-05 
                  Sensitivity 2    1.0386e-10   2.0645e-16  -1.8998e-09 
                  Sensitivity 3   -1.7391e-14  -6.9557e-20  -1.2177e-12 
-----------------------------------------------------------------------
4.000e+10  4  1.149e+09  1059
                  Solution         5.8778e-08   2.3510e-13   1.0001e+00 
                  Sensitivity 1   -2.4981e-06  -4.1144e-12  -4.6026e-05 
                  Sensitivity 2    1.1746e-11   2.3472e-17  -1.8018e-09 
                  Sensitivity 3   -2.2674e-15  -9.0689e-21  -1.2348e-12 
-----------------------------------------------------------------------

Final Statistics

nst     =  1059

nfe     =  2520
netf    =     0    nsetups  =   260
nni     =  1335    ncfn     =     0

nfSe    =  4362    nfeS     =     0
netfs   =   123    nsetupsS =     0
nniS    =  4353    ncfnS    =     0

nje    =    19
