Running on Intel(R) UHD Graphics P630 [0x3e96]

Group of independent 3-species kinetics problems
  number of groups = 100
  using direct linear solver
  output enabled
group 0: At t = 1.0000e-01      y =  9.960773e-01    3.580430e-05    3.886870e-03
group 10: At t = 1.0000e-01      y =  9.960773e-01    3.580430e-05    3.886870e-03
group 20: At t = 1.0000e-01      y =  9.960773e-01    3.580430e-05    3.886870e-03
group 30: At t = 1.0000e-01      y =  9.960773e-01    3.580430e-05    3.886870e-03
group 40: At t = 1.0000e-01      y =  9.960773e-01    3.580430e-05    3.886870e-03
group 50: At t = 1.0000e-01      y =  9.960773e-01    3.580430e-05    3.886870e-03
group 60: At t = 1.0000e-01      y =  9.960773e-01    3.580430e-05    3.886870e-03
group 70: At t = 1.0000e-01      y =  9.960773e-01    3.580430e-05    3.886870e-03
group 80: At t = 1.0000e-01      y =  9.960773e-01    3.580430e-05    3.886870e-03
group 90: At t = 1.0000e-01      y =  9.960773e-01    3.580430e-05    3.886870e-03
group 0: At t = 1.0000e+00      y =  9.664622e-01    3.074672e-05    3.350708e-02
group 10: At t = 1.0000e+00      y =  9.664622e-01    3.074672e-05    3.350708e-02
group 20: At t = 1.0000e+00      y =  9.664622e-01    3.074672e-05    3.350708e-02
group 30: At t = 1.0000e+00      y =  9.664622e-01    3.074672e-05    3.350708e-02
group 40: At t = 1.0000e+00      y =  9.664622e-01    3.074672e-05    3.350708e-02
group 50: At t = 1.0000e+00      y =  9.664622e-01    3.074672e-05    3.350708e-02
group 60: At t = 1.0000e+00      y =  9.664622e-01    3.074672e-05    3.350708e-02
group 70: At t = 1.0000e+00      y =  9.664622e-01    3.074672e-05    3.350708e-02
group 80: At t = 1.0000e+00      y =  9.664622e-01    3.074672e-05    3.350708e-02
group 90: At t = 1.0000e+00      y =  9.664622e-01    3.074672e-05    3.350708e-02
group 0: At t = 1.0000e+01      y =  8.413760e-01    1.623507e-05    1.586077e-01
group 10: At t = 1.0000e+01      y =  8.413760e-01    1.623507e-05    1.586077e-01
group 20: At t = 1.0000e+01      y =  8.413760e-01    1.623507e-05    1.586077e-01
group 30: At t = 1.0000e+01      y =  8.413760e-01    1.623507e-05    1.586077e-01
group 40: At t = 1.0000e+01      y =  8.413760e-01    1.623507e-05    1.586077e-01
group 50: At t = 1.0000e+01      y =  8.413760e-01    1.623507e-05    1.586077e-01
group 60: At t = 1.0000e+01      y =  8.413760e-01    1.623507e-05    1.586077e-01
group 70: At t = 1.0000e+01      y =  8.413760e-01    1.623507e-05    1.586077e-01
group 80: At t = 1.0000e+01      y =  8.413760e-01    1.623507e-05    1.586077e-01
group 90: At t = 1.0000e+01      y =  8.413760e-01    1.623507e-05    1.586077e-01
group 0: At t = 1.0000e+02      y =  6.171925e-01    6.152502e-06    3.828014e-01
group 10: At t = 1.0000e+02      y =  6.171925e-01    6.152502e-06    3.828014e-01
group 20: At t = 1.0000e+02      y =  6.171925e-01    6.152502e-06    3.828014e-01
group 30: At t = 1.0000e+02      y =  6.171925e-01    6.152502e-06    3.828014e-01
group 40: At t = 1.0000e+02      y =  6.171925e-01    6.152502e-06    3.828014e-01
group 50: At t = 1.0000e+02      y =  6.171925e-01    6.152502e-06    3.828014e-01
group 60: At t = 1.0000e+02      y =  6.171925e-01    6.152502e-06    3.828014e-01
group 70: At t = 1.0000e+02      y =  6.171925e-01    6.152502e-06    3.828014e-01
group 80: At t = 1.0000e+02      y =  6.171925e-01    6.152502e-06    3.828014e-01
group 90: At t = 1.0000e+02      y =  6.171925e-01    6.152502e-06    3.828014e-01
group 0: At t = 1.0000e+03      y =  3.368209e-01    2.013235e-06    6.631771e-01
group 10: At t = 1.0000e+03      y =  3.368209e-01    2.013235e-06    6.631771e-01
group 20: At t = 1.0000e+03      y =  3.368209e-01    2.013235e-06    6.631771e-01
group 30: At t = 1.0000e+03      y =  3.368209e-01    2.013235e-06    6.631771e-01
group 40: At t = 1.0000e+03      y =  3.368209e-01    2.013235e-06    6.631771e-01
group 50: At t = 1.0000e+03      y =  3.368209e-01    2.013235e-06    6.631771e-01
group 60: At t = 1.0000e+03      y =  3.368209e-01    2.013235e-06    6.631771e-01
group 70: At t = 1.0000e+03      y =  3.368209e-01    2.013235e-06    6.631771e-01
group 80: At t = 1.0000e+03      y =  3.368209e-01    2.013235e-06    6.631771e-01
group 90: At t = 1.0000e+03      y =  3.368209e-01    2.013235e-06    6.631771e-01
group 0: At t = 1.0000e+04      y =  1.072848e-01    4.799378e-07    8.927147e-01
group 10: At t = 1.0000e+04      y =  1.072848e-01    4.799378e-07    8.927147e-01
group 20: At t = 1.0000e+04      y =  1.072848e-01    4.799378e-07    8.927147e-01
group 30: At t = 1.0000e+04      y =  1.072848e-01    4.799378e-07    8.927147e-01
group 40: At t = 1.0000e+04      y =  1.072848e-01    4.799378e-07    8.927147e-01
group 50: At t = 1.0000e+04      y =  1.072848e-01    4.799378e-07    8.927147e-01
group 60: At t = 1.0000e+04      y =  1.072848e-01    4.799378e-07    8.927147e-01
group 70: At t = 1.0000e+04      y =  1.072848e-01    4.799378e-07    8.927147e-01
group 80: At t = 1.0000e+04      y =  1.072848e-01    4.799378e-07    8.927147e-01
group 90: At t = 1.0000e+04      y =  1.072848e-01    4.799378e-07    8.927147e-01
group 0: At t = 1.0000e+05      y =  1.786529e-02    7.274500e-08    9.821346e-01
group 10: At t = 1.0000e+05      y =  1.786529e-02    7.274500e-08    9.821346e-01
group 20: At t = 1.0000e+05      y =  1.786529e-02    7.274500e-08    9.821346e-01
group 30: At t = 1.0000e+05      y =  1.786529e-02    7.274500e-08    9.821346e-01
group 40: At t = 1.0000e+05      y =  1.786529e-02    7.274500e-08    9.821346e-01
group 50: At t = 1.0000e+05      y =  1.786529e-02    7.274500e-08    9.821346e-01
group 60: At t = 1.0000e+05      y =  1.786529e-02    7.274500e-08    9.821346e-01
group 70: At t = 1.0000e+05      y =  1.786529e-02    7.274500e-08    9.821346e-01
group 80: At t = 1.0000e+05      y =  1.786529e-02    7.274500e-08    9.821346e-01
group 90: At t = 1.0000e+05      y =  1.786529e-02    7.274500e-08    9.821346e-01
group 0: At t = 1.0000e+06      y =  2.031259e-03    8.141385e-09    9.979687e-01
group 10: At t = 1.0000e+06      y =  2.031259e-03    8.141385e-09    9.979687e-01
group 20: At t = 1.0000e+06      y =  2.031259e-03    8.141385e-09    9.979687e-01
group 30: At t = 1.0000e+06      y =  2.031259e-03    8.141385e-09    9.979687e-01
group 40: At t = 1.0000e+06      y =  2.031259e-03    8.141385e-09    9.979687e-01
group 50: At t = 1.0000e+06      y =  2.031259e-03    8.141385e-09    9.979687e-01
group 60: At t = 1.0000e+06      y =  2.031259e-03    8.141385e-09    9.979687e-01
group 70: At t = 1.0000e+06      y =  2.031259e-03    8.141385e-09    9.979687e-01
group 80: At t = 1.0000e+06      y =  2.031259e-03    8.141385e-09    9.979687e-01
group 90: At t = 1.0000e+06      y =  2.031259e-03    8.141385e-09    9.979687e-01

Final Statistics:
Time steps:       379
RHS evals:        483
Error test fails: 6

NLS iters: 480
NLS fails: 0

LS setups: 54
Jac evals: 7

Evolution time: 24.7812
