
Nonlinear Kvaerno-Prothero-Robinson test problem with mass matrix:
    time domain:  (-3,7]
    Time-dependent mass matrix
    ARK solver, order = 4
    Fixed-point nonlinear solver
    Adaptive run with reltol = 1e-05, abstol = 1e-11
    G = -100
    g = 10
    e = 0.5

        t           u           v       uerr      verr
   ------------------------------------------------------
   -3.000000    0.710636    1.363407  0.00e+00  0.00e+00
   -2.900000    0.717289    1.326981  1.22e-05  4.87e-05
   -2.800000    0.727288    1.290237  4.09e-05  1.17e-04
   -2.700000    0.740297    1.253927  5.15e-05  1.15e-04
   -2.600000    0.756075    1.218287  6.16e-05  1.13e-04
   -2.500000    0.774294    1.183760  6.63e-05  1.02e-04
   -2.400000    0.794465    1.150991  8.04e-05  1.06e-04
   -2.300000    0.816591    1.119982  2.54e-05  2.88e-05
   -2.200000    0.839974    1.091671  1.15e-04  1.11e-04
   -2.100000    0.864501    1.066305  1.25e-04  1.01e-04
   -2.000000    0.889952    1.044335  4.99e-05  3.23e-05
   -1.900000    0.915478    1.026570  1.40e-04  7.14e-05
   -1.800000    0.941493    1.012996  5.06e-06  4.44e-06
   -1.700000    0.967415    1.004136  1.62e-04  2.32e-05
   -1.600000    0.992703    1.000214  2.93e-05  1.23e-06
   -1.500000    1.017014    1.001151  5.16e-04  1.01e-04
   -1.400000    1.041533    1.007206  9.20e-05  4.25e-05
   -1.300000    1.064795    1.018071  1.80e-05  1.30e-05
   -1.200000    1.086754    1.033357  6.67e-05  6.51e-05
   -1.100000    1.107534    1.052895  7.53e-05  9.68e-05
   -1.000000    1.127009    1.076351  3.43e-07  8.07e-07
   -0.900000    1.144852    1.102926  5.16e-05  1.03e-04
   -0.800000    1.161168    1.132493  1.86e-05  4.54e-05
   -0.700000    1.175722    1.164256  4.22e-05  1.25e-04
   -0.600000    1.188552    1.198047  5.27e-06  1.75e-05
   -0.500000    1.199515    1.233200  1.89e-05  8.43e-05
   -0.400000    1.208522    1.269075  2.42e-06  1.17e-05
   -0.300000    1.215578    1.305441  1.55e-05  1.17e-04
   -0.200000    1.220681    1.342266  1.14e-05  1.29e-04
   -0.100000    1.223722    1.378393  3.13e-06  7.23e-05
    0.000000    1.224745    1.414086  1.48e-07  1.28e-04
    0.100000    1.223729    1.448982  4.45e-06  9.83e-05
    0.200000    1.220673    1.482752  3.61e-06  3.94e-05
    0.300000    1.215597    1.515075  3.25e-06  2.20e-05
    0.400000    1.208502    1.545874  2.24e-05  9.94e-05
    0.500000    1.199516    1.574554  1.92e-05  6.55e-05
    0.600000    1.188518    1.601549  3.87e-05  9.88e-05
    0.700000    1.175761    1.626111  2.75e-06  5.57e-06
    0.800000    1.161205    1.648410  1.86e-05  3.00e-05
    0.900000    1.144846    1.668405  5.80e-05  7.45e-05
    1.000000    1.127053    1.685621  4.32e-05  4.52e-05
    1.100000    1.107589    1.700371  2.04e-05  1.55e-05
    1.200000    1.086897    1.712271  7.69e-05  4.83e-05
    1.300000    1.064768    1.721502  8.56e-06  3.00e-06
    1.400000    1.041562    1.727865  6.34e-05  1.99e-05
    1.500000    1.016979    1.731422  5.52e-04  9.44e-05
    1.600000    0.992455    1.731939  2.18e-04  1.18e-05
    1.700000    0.967255    1.729643  2.52e-06  1.22e-07
    1.800000    0.941270    1.724450  2.17e-04  3.51e-05
    1.900000    0.915449    1.716434  1.69e-04  4.49e-05
    2.000000    0.889997    1.705701  9.49e-05  3.43e-05
    2.100000    0.864509    1.692044  1.17e-04  5.82e-05
    2.200000    0.840053    1.675834  3.55e-05  2.29e-05
    2.300000    0.816625    1.657023  8.96e-06  5.95e-06
    2.400000    0.794637    1.635769  9.09e-05  8.47e-05
    2.500000    0.774242    1.611994  1.46e-05  1.59e-05
    2.600000    0.756072    1.586117  5.87e-05  8.37e-05
    2.700000    0.740248    1.558009  2.12e-06  3.87e-06
    2.800000    0.727215    1.527988  3.21e-05  7.88e-05
    2.900000    0.717284    1.496348  1.74e-05  6.40e-05
    3.000000    0.710627    1.463197  9.55e-06  5.99e-05
    3.100000    0.707416    1.428919  3.99e-06  7.98e-05
    3.200000    0.707704    1.393517  5.54e-06  9.49e-05
    3.300000    0.711505    1.357381  1.41e-05  8.48e-05
    3.400000    0.718731    1.320849  1.80e-05  6.91e-05
    3.500000    0.729200    1.284292  2.71e-05  7.41e-05
    3.600000    0.742748    1.247913  3.58e-05  7.72e-05
    3.700000    0.758982    1.212381  6.88e-05  1.22e-04
    3.800000    0.777446    1.178286  6.03e-05  9.15e-05
    3.900000    0.798166    1.145500  2.24e-05  2.78e-05
    4.000000    0.820371    1.115102  1.04e-04  1.14e-04
    4.100000    0.844171    1.087051  2.16e-05  2.02e-05
    4.200000    0.868963    1.062173  1.30e-04  1.00e-04
    4.300000    0.894283    1.041024  7.92e-05  4.92e-05
    4.400000    0.920076    1.023865  1.12e-04  4.82e-05
    4.500000    0.945936    1.011146  1.02e-04  2.64e-05
    4.600000    0.970923    1.003241  6.35e-04  9.12e-05
    4.700000    0.996888    1.000082  9.99e-06  4.35e-05
    4.800000    1.022163    1.002075  5.22e-04  1.59e-04
    4.900000    1.045496    1.008688  9.33e-05  4.76e-05
    5.000000    1.068614    1.020369  4.90e-05  3.76e-05
    5.100000    1.090360    1.036381  4.73e-05  4.80e-05
    5.200000    1.110916    1.056593  5.59e-05  7.42e-05
    5.300000    1.130183    1.080712  5.58e-05  9.51e-05
    5.400000    1.147723    1.107737  3.42e-05  6.99e-05
    5.500000    1.163719    1.137644  3.97e-05  9.93e-05
    5.600000    1.178039    1.169920  3.34e-06  8.82e-06
    5.700000    1.190563    1.204006  3.50e-05  1.31e-04
    5.800000    1.201123    1.238990  2.66e-05  1.22e-04
    5.900000    1.209871    1.275316  2.03e-05  1.20e-04
    6.000000    1.216589    1.311725  1.53e-06  1.48e-05
    6.100000    1.221314    1.348140  1.10e-05  1.33e-04
    6.200000    1.224040    1.384556  1.20e-06  3.07e-05
    6.300000    1.224715    1.420276  1.45e-06  1.30e-04
    6.400000    1.223358    1.454743  4.94e-06  9.31e-05
    6.500000    1.219962    1.488272  5.90e-06  5.59e-05
    6.600000    1.214545    1.520364  1.61e-06  1.17e-05
    6.700000    1.207127    1.550821  1.50e-05  6.31e-05
    6.800000    1.197802    1.579235  1.25e-05  4.12e-05
    6.900000    1.186493    1.605851  4.03e-05  9.91e-05
    7.000000    1.173431    1.630035  4.42e-06  8.62e-06
   ------------------------------------------------------

Final Solver Statistics:
   Internal solver steps = 2271 (attempted = 3401)
   Total number of error test failures = 0
   Total RHS evals:  Fe = 14917,  Fi = 51629
   Total mass matrix setups = 13777
   Total mass matrix solves = 68814
   Total mass times evals = 2271
   Total number of Jacobian evaluations = 0
   Total linear solver setups = 0
   Total number of Nonlinear iterations = 36712
   Total number of Nonlinear convergence failures = 1130
   Errors: u = 0.000128202, v = 7.56396e-05, total = 0.000105255
