
Nonlinear Kvaerno-Prothero-Robinson test problem with mass matrix:
    time domain:  (-3,7]
    Time-dependent mass matrix
    DIRK solver, order = 4
    Newton nonlinear solver
    Adaptive run with reltol = 1e-05, abstol = 1e-11
    G = -100
    g = 10
    e = 0.5

        t           u           v       uerr      verr
   ------------------------------------------------------
   -3.000000    0.710636    1.363407  0.00e+00  0.00e+00
   -2.900000    0.717208    1.327305  9.30e-05  3.72e-04
   -2.800000    0.727268    1.290371  2.03e-05  1.72e-05
   -2.700000    0.740425    1.253644  1.79e-04  3.98e-04
   -2.600000    0.755801    1.218831  2.12e-04  4.31e-04
   -2.500000    0.774699    1.183143  4.72e-04  7.18e-04
   -2.400000    0.794073    1.151533  4.73e-04  6.47e-04
   -2.300000    0.817175    1.119339  5.59e-04  6.14e-04
   -2.200000    0.839499    1.092138  5.90e-04  5.78e-04
   -2.100000    0.864212    1.066598  4.13e-04  3.94e-04
   -2.000000    0.889032    1.044976  8.71e-04  6.09e-04
   -1.900000    0.914718    1.026973  9.00e-04  4.74e-04
   -1.800000    0.940179    1.013455  1.31e-03  4.63e-04
   -1.700000    0.968083    1.004047  8.31e-04  1.12e-04
   -1.600000    0.993909    1.000388  1.24e-03  1.75e-04
   -1.500000    1.017654    1.001477  1.23e-04  2.25e-04
   -1.400000    1.040934    1.007085  6.92e-04  1.64e-04
   -1.300000    1.063961    1.017604  8.15e-04  4.54e-04
   -1.200000    1.086272    1.033016  5.49e-04  4.06e-04
   -1.100000    1.107659    1.053203  4.94e-05  2.11e-04
   -1.000000    1.127623    1.077435  6.13e-04  1.08e-03
   -0.900000    1.144846    1.102917  5.76e-05  1.13e-04
   -0.800000    1.161002    1.132205  1.85e-04  3.34e-04
   -0.700000    1.176043    1.165234  2.79e-04  8.53e-04
   -0.600000    1.188410    1.197657  1.47e-04  4.07e-04
   -0.500000    1.199588    1.233521  9.12e-05  4.05e-04
   -0.400000    1.208528    1.269280  4.29e-06  1.93e-04
   -0.300000    1.215451    1.304558  1.42e-04  9.99e-04
   -0.200000    1.220755    1.343310  8.63e-05  1.17e-03
   -0.100000    1.223670    1.377830  5.45e-05  6.35e-04
    0.000000    1.224746    1.413828  1.30e-06  3.86e-04
    0.100000    1.223656    1.450033  6.83e-05  9.53e-04
    0.200000    1.220713    1.482092  4.42e-05  6.99e-04
    0.300000    1.215653    1.514717  5.94e-05  3.81e-04
    0.400000    1.208303    1.546650  2.21e-04  8.76e-04
    0.500000    1.199626    1.574073  1.30e-04  5.46e-04
    0.600000    1.188765    1.600906  2.08e-04  5.44e-04
    0.700000    1.175362    1.626884  4.02e-04  7.79e-04
    0.800000    1.160968    1.648722  2.18e-04  2.81e-04
    0.900000    1.145114    1.667998  2.10e-04  3.33e-04
    1.000000    1.127514    1.685113  5.04e-04  5.53e-04
    1.100000    1.108159    1.699899  5.49e-04  4.56e-04
    1.200000    1.087142    1.712119  3.22e-04  2.01e-04
    1.300000    1.064531    1.721612  2.45e-04  1.13e-04
    1.400000    1.040958    1.728047  6.67e-04  2.01e-04
    1.500000    1.016725    1.731456  8.05e-04  1.29e-04
    1.600000    0.991983    1.731941  6.91e-04  1.35e-05
    1.700000    0.966874    1.729586  3.79e-04  5.72e-05
    1.800000    0.940784    1.724279  7.04e-04  2.06e-04
    1.900000    0.915877    1.716442  2.59e-04  3.71e-05
    2.000000    0.890471    1.705877  5.68e-04  2.10e-04
    2.100000    0.863219    1.691310  1.41e-03  7.92e-04
    2.200000    0.840201    1.675797  1.12e-04  5.96e-05
    2.300000    0.816737    1.657004  1.21e-04  1.31e-05
    2.400000    0.793668    1.634786  8.78e-04  8.98e-04
    2.500000    0.774939    1.612776  7.11e-04  7.98e-04
    2.600000    0.755378    1.585094  6.35e-04  9.39e-04
    2.700000    0.739812    1.557192  4.34e-04  8.13e-04
    2.800000    0.727481    1.528628  2.34e-04  5.61e-04
    2.900000    0.717491    1.496927  1.90e-04  5.15e-04
    3.000000    0.710508    1.462255  1.29e-04  1.00e-03
    3.100000    0.707466    1.429783  5.39e-05  9.44e-04
    3.200000    0.707793    1.392653  8.38e-05  7.69e-04
    3.300000    0.711356    1.358368  1.64e-04  1.07e-03
    3.400000    0.719043    1.319780  2.93e-04  9.99e-04
    3.500000    0.728867    1.285263  3.60e-04  1.04e-03
    3.600000    0.743163    1.247040  4.51e-04  9.50e-04
    3.700000    0.759125    1.212182  2.12e-04  3.21e-04
    3.800000    0.777005    1.178985  5.01e-04  7.90e-04
    3.900000    0.797903    1.145840  2.41e-04  3.12e-04
    4.000000    0.821085    1.114325  6.11e-04  6.63e-04
    4.100000    0.844766    1.086520  6.17e-04  5.50e-04
    4.200000    0.869296    1.061916  4.64e-04  3.57e-04
    4.300000    0.894280    1.041111  7.58e-05  3.77e-05
    4.400000    0.919226    1.024310  7.38e-04  3.97e-04
    4.500000    0.947241    1.010826  1.41e-03  3.47e-04
    4.600000    0.972517    1.003182  9.60e-04  3.27e-05
    4.700000    0.996899    1.000222  6.87e-07  1.84e-04
    4.800000    1.020790    1.001834  8.50e-04  8.23e-05
    4.900000    1.044488    1.008269  1.10e-03  4.67e-04
    5.000000    1.067577    1.019650  9.88e-04  6.81e-04
    5.100000    1.089592    1.035682  8.16e-04  7.47e-04
    5.200000    1.110689    1.056427  2.83e-04  2.40e-04
    5.300000    1.130590    1.081510  4.63e-04  8.94e-04
    5.400000    1.148014    1.108349  2.57e-04  5.43e-04
    5.500000    1.163471    1.137100  2.88e-04  6.43e-04
    5.600000    1.178297    1.170732  2.55e-04  8.03e-04
    5.700000    1.190803    1.204950  2.75e-04  1.08e-03
    5.800000    1.201254    1.239702  1.04e-04  5.91e-04
    5.900000    1.209788    1.274961  6.34e-05  2.35e-04
    6.000000    1.216453    1.310771  1.35e-04  9.40e-04
    6.100000    1.221238    1.347205  8.70e-05  1.07e-03
    6.200000    1.224075    1.385740  3.64e-05  1.21e-03
    6.300000    1.224694    1.421145  2.19e-05  9.99e-04
    6.400000    1.223290    1.455612  6.29e-05  7.75e-04
    6.500000    1.219880    1.488778  7.64e-05  4.50e-04
    6.600000    1.214417    1.521008  1.26e-04  6.32e-04
    6.700000    1.206981    1.551430  1.61e-04  6.72e-04
    6.800000    1.197968    1.578698  1.79e-04  5.78e-04
    6.900000    1.186755    1.605158  2.21e-04  5.94e-04
    7.000000    1.173344    1.630149  9.14e-05  1.23e-04
   ------------------------------------------------------

Final Solver Statistics:
   Internal solver steps = 286 (attempted = 289)
   Total number of error test failures = 3
   Total RHS evals:  Fe = 0,  Fi = 5808
   Total mass matrix setups = 1448
   Total mass matrix solves = 1734
   Total mass times evals = 4646
   Total number of Jacobian evaluations = 154
   Total linear solver setups = 167
   Total number of Nonlinear iterations = 4360
   Total number of Nonlinear convergence failures = 0
   Errors: u = 0.000511077, v = 0.000617033, total = 0.000566538
