
2-species diurnal advection-diffusion problem

t = 7.20e+03   no. steps = 979   stepsize = 3.07e+00
At bottom left:  c1, c2 =    1.047e+04    2.527e+11 
At top right:    c1, c2 =    1.119e+04    2.700e+11 

t = 1.44e+04   no. steps = 2735   stepsize = 6.93e+00
At bottom left:  c1, c2 =    6.659e+06    2.582e+11 
At top right:    c1, c2 =    7.301e+06    2.833e+11 

t = 2.16e+04   no. steps = 3533   stepsize = 1.05e+01
At bottom left:  c1, c2 =    2.665e+07    2.993e+11 
At top right:    c1, c2 =    2.931e+07    3.313e+11 

t = 2.88e+04   no. steps = 4593   stepsize = 3.95e+00
At bottom left:  c1, c2 =    8.702e+06    3.380e+11 
At top right:    c1, c2 =    9.650e+06    3.751e+11 

t = 3.60e+04   no. steps = 5950   stepsize = 2.56e+00
At bottom left:  c1, c2 =    1.404e+04    3.387e+11 
At top right:    c1, c2 =    1.561e+04    3.765e+11 

t = 4.32e+04   no. steps = 7138   stepsize = 4.42e+02
At bottom left:  c1, c2 =   -1.581e-07    3.382e+11 
At top right:    c1, c2 =    1.503e-07    3.804e+11 

t = 5.04e+04   no. steps = 7155   stepsize = 5.12e+02
At bottom left:  c1, c2 =   -2.237e-17    3.358e+11 
At top right:    c1, c2 =    9.286e-17    3.864e+11 

t = 5.76e+04   no. steps = 7170   stepsize = 3.90e+02
At bottom left:  c1, c2 =    4.963e-18    3.320e+11 
At top right:    c1, c2 =   -1.508e-17    3.909e+11 

t = 6.48e+04   no. steps = 7184   stepsize = 5.91e+02
At bottom left:  c1, c2 =   -3.047e-20    3.313e+11 
At top right:    c1, c2 =   -1.306e-18    3.963e+11 

t = 7.20e+04   no. steps = 7196   stepsize = 5.91e+02
At bottom left:  c1, c2 =    2.184e-19    3.330e+11 
At top right:    c1, c2 =   -6.748e-18    4.039e+11 

t = 7.92e+04   no. steps = 7208   stepsize = 5.91e+02
At bottom left:  c1, c2 =    6.659e-19    3.334e+11 
At top right:    c1, c2 =   -6.289e-18    4.120e+11 

t = 8.64e+04   no. steps = 7220   stepsize = 5.91e+02
At bottom left:  c1, c2 =   -2.252e-28    3.352e+11 
At top right:    c1, c2 =   -1.129e-28    4.163e+11 


Final Statistics: 

lenrw   =  3300     leniw   =   240
lenrwls =  2455     leniwls =   126
nst     =  7220     nfe     =     0
nfi     = 75854     nfels   = 88509
nni     = 39606     nli     = 88509
nsetups =   442     netf    =    29
npe     =   122     nps     = 125772
ncfn    =     0     ncfl    =     0

