
2D Heat PDE test problem:
 --------------------------------- 
  kx             = 1
  ky             = 1
  forcing        = 1
  tf             = 1
  xu             = 1
  yu             = 1
  nx             = 32
  ny             = 32
  dx             = 0.0322581
  dy             = 0.0322581
 --------------------------------- 
  rtol           = 1e-05
  atol           = 1e-10
 --------------------------------- 
  linear solver  = PCG
  lin iters      = 20
  eps lin        = 0
  prec           = 1
  msbp           = 0
 --------------------------------- 
  output         = 1
 --------------------------------- 

          t                     ||u||_rms                max error      
 -----------------------------------------------------------------------
 0.000000000000000e+00    3.632812500000000e-01    0.000000000000000e+00
 5.000000000000000e-02    3.551986624101235e-01    2.454797623413496e-03
 1.000000000000000e-01    3.296219563373380e-01    2.893480207534216e-03
 1.500000000000000e-01    2.894444105459628e-01    2.833131712250081e-03
 2.000000000000000e-01    2.387095098107117e-01    2.520921930628806e-03
 2.500000000000000e-01    1.824250183624427e-01    2.076905580146726e-03
 3.000000000000000e-01    1.261155987063338e-01    1.577103476107233e-03
 3.500000000000000e-01    7.529896226570021e-02    1.082715006588103e-03
 4.000000000000000e-01    3.495206116097616e-02    6.480358458882535e-04
 4.500000000000000e-01    9.023777090894381e-03    3.137384008720170e-04
 4.999999999999999e-01    5.529613776206336e-05    1.158776087044492e-04
 5.499999999999999e-01    8.918928982857911e-03    7.376515635744083e-05
 6.000000000000000e-01    3.475288181130108e-02    1.917854443315992e-04
 6.500000000000000e-01    7.502646637142502e-02    4.585998231718125e-04
 7.000000000000001e-01    1.257967248271516e-01    8.464983925775549e-04
 7.500000000000001e-01    1.820945349276827e-01    1.318973660576150e-03
 8.000000000000002e-01    2.384088944504645e-01    1.829381587584944e-03
 8.500000000000002e-01    2.892273201483857e-01    2.327573021024265e-03
 9.000000000000002e-01    3.295751507359854e-01    2.764361092838397e-03
 9.500000000000003e-01    3.555030901531571e-01    3.097579733360445e-03
 1.000000000000000e+00    3.644734732107605e-01    3.295466679211545e-03
 -----------------------------------------------------------------------

Final integrator statistics:
  Steps            = 96
  Error test fails = 4
  RHS evals        = 127
  NLS iters        = 124
  NLS fails        = 0
  LS iters         = 1278
  LS fails         = 21
  LS setups        = 21
  LS RHS evals     = 1278
  Jv products      = 1278

  Avg NLS iters per step    = 1.291667
  Avg LS iters per NLS iter = 10.306452

  Preconditioner setups = 2
  Preconditioner solves = 1278

  Max error = 3.295466679211545e-03
