
One way coupling ODE test problem:
    initial conditions:  u0 = 1,  v0 = 0,  w0 = 2
    hs = 0.001,  hf = 0.0001

        t           u           v           w       max err
   ----------------------------------------------------------
    0.000000    1.000000    0.000000    2.000000    0.000000
    0.100000    0.283656   -0.958899    1.802291    0.000025
    0.200000   -0.834473   -0.550973    1.658340    0.006952
    0.300000   -0.767739    0.640725    1.523884    0.009563
    0.400000    0.389009    0.921310    1.364375    0.019073
    0.500000    0.994288   -0.107550    1.202659    0.024801
    0.600000    0.178906   -0.983929    1.084252    0.024654
    0.700000   -0.890809   -0.454346    1.010503    0.026164
    0.800000   -0.691340    0.722404    0.935132    0.024402
    0.900000    0.496610    0.867839    0.828525    0.028712
    1.000000    0.973938   -0.225959    0.718720    0.036415
   ----------------------------------------------------------

Final Solver Statistics:
   Steps: nsts = 1000, nstf = 12009
   Total RHS evals:  Fs = 3001,  Ff = 49038
