
Two way coupling ODE test problem:
    initial conditions:  u0 = 0.90001,  v0 = -9.999,  w0 = 1000
    hs = 0.001,  hf = 2e-05

        t           u           v           w
   -----------------------------------------------
    0.000000    0.900010   -9.999000  1000.000000
    0.100000   -0.927671   -8.500060  904.786828
    0.200000    0.323513   -9.100211  818.690996
    0.300000    0.082612   -6.419205  740.756671
    0.400000   -0.735445   -7.445854  670.273944
    0.500000    0.904732   -5.803173  606.473697
    0.600000   -0.999539   -5.157559  548.623875
    0.700000    0.549230   -5.763614  496.323697
    0.800000   -0.094532   -3.490694  448.991105
    0.900000   -0.555539   -4.918978  406.213225
    1.000000    0.867443   -3.247316  367.490764
    1.100000   -1.024174   -3.189933  332.511883
    1.200000    0.728331   -3.660271  300.874089
    1.300000   -0.309443   -1.762594  272.223823
    1.400000   -0.309296   -3.421750  246.334102
    1.500000    0.737799   -1.578619  222.875013
    1.600000   -1.011455   -2.148838  201.670670
    1.700000    0.885727   -2.252391  182.480604
    1.800000   -0.542712   -0.800420  165.101118
    1.900000   -0.035592   -2.493744  149.405915
    2.000000    0.547358   -0.523577  135.169441
   -----------------------------------------------

Final Solver Statistics:
   Steps: nsts = 2001, nstf = 102100
   Total RHS evals:  Fs = 6004,  Ff = 410403
