
1D Brusselator PDE test problem:
    N = 201
    problem parameters:  a = 0.6,  b = 2,  ep = 1e-05
    diffusion coefficients:  du = 0.001,  dv = 0.001,  dw = 0.001
    reltol = 1.0e-06,  abstol = 1.0e-10

        t      ||u||_rms   ||v||_rms   ||w||_rms
   ----------------------------------------------
    0.100000    0.675721    3.378375    1.999987
    0.200000    0.688547    3.357685    1.999986
    0.300000    0.702697    3.334521    1.999986
    0.400000    0.718341    3.308630    1.999986
    0.500000    0.735675    3.279735    1.999985
    0.600000    0.754918    3.247532    1.999985
    0.700000    0.776314    3.211697    1.999985
    0.800000    0.800119    3.171899    1.999984
    0.900000    0.826591    3.127813    1.999984
    1.000000    0.855960    3.079155    1.999983
    1.100000    0.888376    3.025731    1.999983
    1.200000    0.923836    2.967503    1.999982
    1.300000    0.962071    2.904676    1.999981
    1.400000    1.002422    2.837798    1.999981
    1.500000    1.043712    2.767829    1.999980
    1.600000    1.084197    2.696154    1.999979
    1.700000    1.121655    2.624496    1.999978
    1.800000    1.153660    2.554719    1.999978
    1.900000    1.177994    2.488583    1.999977
    2.000000    1.193046    2.427526    1.999977
    2.100000    1.198054    2.372559    1.999977
    2.200000    1.193110    2.324271    1.999977
    2.300000    1.178983    2.282911    1.999977
    2.400000    1.156873    2.248486    1.999978
    2.500000    1.128176    2.220852    1.999978
    2.600000    1.094311    2.199774    1.999979
    2.700000    1.056614    2.184957    1.999979
    2.800000    1.016284    2.176069    1.999980
    2.900000    0.974366    2.172745    1.999981
    3.000000    0.931745    2.174591    1.999982
    3.100000    0.889156    2.181188    1.999982
    3.200000    0.847199    2.192095    1.999983
    3.300000    0.806348    2.206860    1.999984
    3.400000    0.766963    2.225029    1.999985
    3.500000    0.729310    2.246154    1.999986
    3.600000    0.693569    2.269809    1.999986
    3.700000    0.659848    2.295595    1.999987
    3.800000    0.628201    2.323148    1.999988
    3.900000    0.598634    2.352144    1.999988
    4.000000    0.571123    2.382296    1.999989
    4.100000    0.545619    2.413356    1.999990
    4.200000    0.522057    2.445114    1.999990
    4.300000    0.500362    2.477391    1.999990
    4.400000    0.480453    2.510036    1.999991
    4.500000    0.462246    2.542923    1.999991
    4.600000    0.445653    2.575948    1.999992
    4.700000    0.430589    2.609023    1.999992
    4.800000    0.416966    2.642078    1.999992
    4.900000    0.404698    2.675052    1.999992
    5.000000    0.393698    2.707899    1.999993
    5.100000    0.383879    2.740577    1.999993
    5.200000    0.375159    2.773058    1.999993
    5.300000    0.367454    2.805314    1.999993
    5.400000    0.360684    2.837328    1.999993
    5.500000    0.354771    2.869085    1.999993
    5.600000    0.349641    2.900573    1.999993
    5.700000    0.345224    2.931786    1.999993
    5.800000    0.341455    2.962716    1.999994
    5.900000    0.338270    2.993362    1.999994
    6.000000    0.335614    3.023721    1.999994
    6.100000    0.333434    3.053792    1.999994
    6.200000    0.331683    3.083574    1.999994
    6.300000    0.330317    3.113068    1.999994
    6.400000    0.329298    3.142275    1.999994
    6.500000    0.328592    3.171194    1.999994
    6.600000    0.328167    3.199827    1.999994
    6.700000    0.327995    3.228172    1.999994
    6.800000    0.328054    3.256230    1.999994
    6.900000    0.328320    3.284001    1.999994
    7.000000    0.328776    3.311482    1.999994
    7.100000    0.329406    3.338674    1.999994
    7.200000    0.330194    3.365573    1.999994
    7.300000    0.331130    3.392178    1.999994
    7.400000    0.332202    3.418486    1.999994
    7.500000    0.333401    3.444494    1.999994
    7.600000    0.334721    3.470197    1.999994
    7.700000    0.336154    3.495592    1.999994
    7.800000    0.337695    3.520673    1.999994
    7.900000    0.339341    3.545436    1.999993
    8.000000    0.341088    3.569873    1.999993
    8.100000    0.342934    3.593980    1.999993
    8.200000    0.344876    3.617748    1.999993
    8.300000    0.346916    3.641169    1.999993
    8.400000    0.349052    3.664236    1.999993
    8.500000    0.351284    3.686940    1.999993
    8.600000    0.353615    3.709269    1.999993
    8.700000    0.356046    3.731214    1.999993
    8.800000    0.358579    3.752763    1.999993
    8.900000    0.361218    3.773903    1.999993
    9.000000    0.363967    3.794621    1.999993
    9.100000    0.366830    3.814901    1.999993
    9.200000    0.369812    3.834729    1.999993
    9.300000    0.372919    3.854085    1.999993
    9.400000    0.376159    3.872952    1.999993
    9.500000    0.379540    3.891308    1.999993
    9.600000    0.383069    3.909132    1.999993
    9.700000    0.386758    3.926398    1.999992
    9.800000    0.390617    3.943079    1.999992
    9.900000    0.394659    3.959146    1.999992
   10.000000    0.398900    3.974566    1.999992
   ----------------------------------------------

Final Solver Statistics:
   Internal solver steps = 395 (attempted = 422)
   Total RHS evals:  Fe = 2535,  Fi = 7165
   Total linear solver setups = 0
   Total linear iterations = 15143
   Total linear convergence failures = 0
   Total J*v evaluations = 15143
   Total RHS evals in linear solver = 0
   Total number of Newton iterations = 4630
   Total number of nonlinear solver convergence failures = 0
   Total number of error test failures = 27

