
2D Heat PDE test problem:
 --------------------------------- 
  nprocs         = 4
  npx            = 2
  npy            = 2
 --------------------------------- 
  kx             = 1
  ky             = 1
  forcing        = 1
  tf             = 1
  xu             = 1
  yu             = 1
  nx             = 64
  ny             = 64
  nxl (proc 0)   = 32
  nyl (proc 0)   = 32
  dx             = 0.015873
  dy             = 0.015873
 --------------------------------- 
  rtol           = 1e-05
  atol           = 1e-10
  order          = 3
  fixed h        = 0
  controller     = 0
  linear         = 1
 --------------------------------- 
  linear solver  = PCG
  lin iters      = 10
  eps lin        = 0
  prec           = 1
  msbp           = 0
  pfmg_relax     = 2
  pfmg_nrelax    = 2
 --------------------------------- 
  output         = 1
 --------------------------------- 

          t                     ||u||_rms                max error      
 -----------------------------------------------------------------------
 0.000000000000000e+00    3.691406249999997e-01    0.000000000000000e+00
 5.000000000000000e-02    3.603048616851156e-01    5.947581797277612e-04
 1.000000000000000e-01    3.341442212572823e-01    7.029487839262938e-04
 1.500000000000000e-01    2.933129364211765e-01    6.872104501882692e-04
 2.000000000000000e-01    2.418371827909138e-01    6.138967488454883e-04
 2.500000000000000e-01    1.847632280527675e-01    5.043531323423167e-04
 3.000000000000000e-01    1.276840002010770e-01    3.835930211314453e-04
 3.500000000000000e-01    7.618719033675889e-02    2.636045435826517e-04
 4.000000000000000e-01    3.531419593151634e-02    1.573064662666185e-04
 4.500000000000000e-01    9.066519343283751e-03    7.648430090710992e-05
 4.999999999999999e-01    1.366001184677314e-05    2.823151530292606e-05
 5.499999999999999e-01    9.040623250818359e-03    1.797011525020084e-05
 6.000000000000000e-01    3.526521493345119e-02    4.668317652022080e-05
 6.500000000000000e-01    7.611978800433285e-02    1.113065341047381e-04
 7.000000000000001e-01    1.276052139912340e-01    2.055078043790570e-04
 7.500000000000001e-01    1.846816872673163e-01    3.198179447092553e-04
 8.000000000000002e-01    2.417622665681180e-01    4.436012109793053e-04
 8.500000000000002e-01    2.932595626602514e-01    5.646811622792569e-04
 9.000000000000002e-01    3.341325736101781e-01    6.709854988133923e-04
 9.500000000000003e-01    3.603805168277108e-01    7.524532455216448e-04
 1.000000000000000e+00    3.694333172773829e-01    7.994041692518383e-04
 -----------------------------------------------------------------------

Final integrator statistics:
  Steps            = 134
  Step attempts    = 135
  Error test fails = 1
  RHS evals        = 948
  NLS iters        = 405
  NLS fails        = 0
  LS iters         = 2925
  LS fails         = 0
  LS setups        = 59
  J evals          = 4

  Avg NLS iters per step attempt = 3.000000
  Avg LS iters per NLS iter      = 7.222222

  Max error = 7.994041692518383e-04
