
Particle traveling on the unit circle example
---------------------------------------------
alpha      = 1.0000e+00
num orbits = 100
---------------------------------------------
rtol       = 0.0001
atol       = 1e-09
proj sol   = 1
proj err   = 0
nout       = 0
tstop      = 0
---------------------------------------------

     t            x              y             err x          err y       err constr
0.0000e+00   1.000000e+00   0.000000e+00   0.000000e+00   0.000000e+00   0.000000e+00
6.2832e+02   9.977240e-01   6.742947e-02  -2.275957e-03   6.742947e-02   2.220446e-16

Integration Statistics:
Number of steps taken = 4044  
Number of function evaluations = 5831  
Number of linear solver setups = 806   
Number of Jacobian evaluations = 103   
Number of nonlinear solver iterations = 5828  
Number of convergence failures = 20    
Number of error test failures = 329   
