
3-species chemical kinetics problem
Sensitivity: YES ( STAGGERED + FULL ERROR CONTROL )

Consistent IC:
	y =   1.0000e+00   0.0000e+00  -8.1102e-17 
	yp=  -4.0000e-02   4.0000e-02   0.0000e+00 
                  Sensitivity 1  
	s1 =   0.0000e+00   0.0000e+00   0.0000e+00 
	s1'=  -1.0000e+00   1.0000e+00   0.0000e+00 
                  Sensitivity 2  
	s2 =   0.0000e+00   0.0000e+00   0.0000e+00 
	s2'=   0.0000e+00   0.0000e+00   0.0000e+00 
                  Sensitivity 3  
	s3 =   0.0000e+00   0.0000e+00   0.0000e+00 
	s3'=   0.0000e+00   0.0000e+00   0.0000e+00 


=======================================================================
     T     Q       H      NST           y1           y2           y3    
=======================================================================
4.000e-01  5  7.152e-02   212
                  Solution         9.8517e-01   3.3864e-05   1.4794e-02 
                  Sensitivity 1   -3.5595e-01   3.9025e-04   3.5556e-01 
                  Sensitivity 2    9.5424e-08  -2.1310e-10  -9.5210e-08 
                  Sensitivity 3   -1.5832e-11  -5.2900e-13   1.6361e-11 
-----------------------------------------------------------------------
4.000e+00  5  1.430e-01   247
                  Solution         9.0552e-01   2.2405e-05   9.4459e-02 
                  Sensitivity 1   -1.8761e+00   1.7922e-04   1.8759e+00 
                  Sensitivity 2    2.9614e-06  -5.8305e-10  -2.9608e-06 
                  Sensitivity 3   -4.9334e-10  -2.7626e-13   4.9362e-10 
-----------------------------------------------------------------------
4.000e+01  2  2.019e-01   379
                  Solution         7.1583e-01   9.1855e-06   2.8416e-01 
                  Sensitivity 1   -4.2476e+00   4.5912e-05   4.2475e+00 
                  Sensitivity 2    1.3731e-05  -2.3572e-10  -1.3731e-05 
                  Sensitivity 3   -2.2884e-09  -1.1381e-13   2.2885e-09 
-----------------------------------------------------------------------
4.000e+02  4  7.422e+00   560
                  Solution         4.5052e-01   3.2229e-06   5.4948e-01 
                  Sensitivity 1   -5.9584e+00   3.5427e-06   5.9584e+00 
                  Sensitivity 2    2.2738e-05  -2.2601e-11  -2.2738e-05 
                  Sensitivity 3   -3.7897e-09  -4.9948e-14   3.7897e-09 
-----------------------------------------------------------------------
4.000e+03  4  6.015e+01   674
                  Solution         1.8320e-01   8.9424e-07   8.1680e-01 
                  Sensitivity 1   -4.7501e+00  -5.9936e-06   4.7501e+00 
                  Sensitivity 2    1.8809e-05   2.3127e-11  -1.8809e-05 
                  Sensitivity 3   -3.1348e-09  -1.8758e-14   3.1348e-09 
-----------------------------------------------------------------------
4.000e+04  3  6.605e+02   787
                  Solution         3.8983e-02   1.6218e-07   9.6102e-01 
                  Sensitivity 1   -1.5750e+00  -2.7620e-06   1.5750e+00 
                  Sensitivity 2    6.2875e-06   1.1002e-11  -6.2875e-06 
                  Sensitivity 3   -1.0479e-09  -4.5367e-15   1.0479e-09 
-----------------------------------------------------------------------
4.000e+05  5  7.474e+03   897
                  Solution         4.9383e-03   1.9850e-08   9.9506e-01 
                  Sensitivity 1   -2.3633e-01  -4.5841e-07   2.3633e-01 
                  Sensitivity 2    9.4503e-07   1.8325e-12  -9.4503e-07 
                  Sensitivity 3   -1.5751e-10  -6.3625e-16   1.5751e-10 
-----------------------------------------------------------------------
4.000e+06  5  9.548e+04   978
                  Solution         5.1681e-04   2.0683e-09   9.9948e-01 
                  Sensitivity 1   -2.5666e-02  -5.1061e-08   2.5666e-02 
                  Sensitivity 2    1.0266e-07   2.0423e-13  -1.0266e-07 
                  Sensitivity 3   -1.7110e-11  -6.8509e-17   1.7110e-11 
-----------------------------------------------------------------------
4.000e+07  5  1.577e+06  1042
                  Solution         5.2031e-05   2.0813e-10   9.9995e-01 
                  Sensitivity 1   -2.5991e-03  -5.1943e-09   2.5991e-03 
                  Sensitivity 2    1.0397e-08   2.0777e-14  -1.0397e-08 
                  Sensitivity 3   -1.7328e-12  -6.9317e-18   1.7328e-12 
-----------------------------------------------------------------------
4.000e+08  4  1.861e+07  1094
                  Solution         5.2065e-06   2.0826e-11   9.9999e-01 
                  Sensitivity 1   -2.6029e-04  -5.2052e-10   2.6029e-04 
                  Sensitivity 2    1.0412e-09   2.0821e-15  -1.0412e-09 
                  Sensitivity 3   -1.7353e-13  -6.9412e-19   1.7353e-13 
-----------------------------------------------------------------------
4.000e+09  4  2.679e+08  1127
                  Solution         5.2141e-07   2.0856e-12   1.0000e+00 
                  Sensitivity 1   -2.6068e-05  -5.2131e-11   2.6068e-05 
                  Sensitivity 2    1.0427e-10   2.0853e-16  -1.0427e-10 
                  Sensitivity 3   -1.7380e-14  -6.9521e-20   1.7380e-14 
-----------------------------------------------------------------------
4.000e+10  3  4.287e+09  1148
                  Solution         5.2601e-08   2.1040e-13   1.0000e+00 
                  Sensitivity 1   -2.6308e-06  -5.2632e-12   2.6308e-06 
                  Sensitivity 2    1.0523e-11   2.1053e-17  -1.0523e-11 
                  Sensitivity 3   -1.7535e-15  -7.0138e-21   1.7535e-15 
-----------------------------------------------------------------------

Quadrature:
G:      4.0000e+10

Sensitivities at t=4e+10:
dG/dp1:  1.4873e+06
dG/dp1: -5.9445e+00
dG/dp1:  9.9085e-04

Final Statistics

nst     =  1148

nfe     =  1375
netf    =     0    nsetups  =    85
nni     =  1372    ncfn     =     0

nfSe    =  1471    nfeS     =     0
netfs   =     0    nsetupsS =     2
nniS    =  1469    ncfnS    =     0
