 
Group of independent 3-species kinetics problems

number of groups = 100

group 0: At t = 4.0000e-01      y =  9.851641e-01    3.386242e-05    1.480205e-02
group 10: At t = 4.0000e-01      y =  9.851641e-01    3.386242e-05    1.480205e-02
group 20: At t = 4.0000e-01      y =  9.851641e-01    3.386242e-05    1.480205e-02
group 30: At t = 4.0000e-01      y =  9.851641e-01    3.386242e-05    1.480205e-02
group 40: At t = 4.0000e-01      y =  9.851641e-01    3.386242e-05    1.480205e-02
group 50: At t = 4.0000e-01      y =  9.851641e-01    3.386242e-05    1.480205e-02
group 60: At t = 4.0000e-01      y =  9.851641e-01    3.386242e-05    1.480205e-02
group 70: At t = 4.0000e-01      y =  9.851641e-01    3.386242e-05    1.480205e-02
group 80: At t = 4.0000e-01      y =  9.851641e-01    3.386242e-05    1.480205e-02
group 90: At t = 4.0000e-01      y =  9.851641e-01    3.386242e-05    1.480205e-02
group 0: At t = 4.0000e+00      y =  9.055097e-01    2.240338e-05    9.446793e-02
group 10: At t = 4.0000e+00      y =  9.055097e-01    2.240338e-05    9.446793e-02
group 20: At t = 4.0000e+00      y =  9.055097e-01    2.240338e-05    9.446793e-02
group 30: At t = 4.0000e+00      y =  9.055097e-01    2.240338e-05    9.446793e-02
group 40: At t = 4.0000e+00      y =  9.055097e-01    2.240338e-05    9.446793e-02
group 50: At t = 4.0000e+00      y =  9.055097e-01    2.240338e-05    9.446793e-02
group 60: At t = 4.0000e+00      y =  9.055097e-01    2.240338e-05    9.446793e-02
group 70: At t = 4.0000e+00      y =  9.055097e-01    2.240338e-05    9.446793e-02
group 80: At t = 4.0000e+00      y =  9.055097e-01    2.240338e-05    9.446793e-02
group 90: At t = 4.0000e+00      y =  9.055097e-01    2.240338e-05    9.446793e-02
group 0: At t = 4.0000e+01      y =  7.157970e-01    9.185362e-06    2.841938e-01
group 10: At t = 4.0000e+01      y =  7.157970e-01    9.185362e-06    2.841938e-01
group 20: At t = 4.0000e+01      y =  7.157970e-01    9.185362e-06    2.841938e-01
group 30: At t = 4.0000e+01      y =  7.157970e-01    9.185362e-06    2.841938e-01
group 40: At t = 4.0000e+01      y =  7.157970e-01    9.185362e-06    2.841938e-01
group 50: At t = 4.0000e+01      y =  7.157970e-01    9.185362e-06    2.841938e-01
group 60: At t = 4.0000e+01      y =  7.157970e-01    9.185362e-06    2.841938e-01
group 70: At t = 4.0000e+01      y =  7.157970e-01    9.185362e-06    2.841938e-01
group 80: At t = 4.0000e+01      y =  7.157970e-01    9.185362e-06    2.841938e-01
group 90: At t = 4.0000e+01      y =  7.157970e-01    9.185362e-06    2.841938e-01
group 0: At t = 4.0000e+02      y =  4.505332e-01    3.223118e-06    5.494636e-01
group 10: At t = 4.0000e+02      y =  4.505332e-01    3.223118e-06    5.494636e-01
group 20: At t = 4.0000e+02      y =  4.505332e-01    3.223118e-06    5.494636e-01
group 30: At t = 4.0000e+02      y =  4.505332e-01    3.223118e-06    5.494636e-01
group 40: At t = 4.0000e+02      y =  4.505332e-01    3.223118e-06    5.494636e-01
group 50: At t = 4.0000e+02      y =  4.505332e-01    3.223118e-06    5.494636e-01
group 60: At t = 4.0000e+02      y =  4.505332e-01    3.223118e-06    5.494636e-01
group 70: At t = 4.0000e+02      y =  4.505332e-01    3.223118e-06    5.494636e-01
group 80: At t = 4.0000e+02      y =  4.505332e-01    3.223118e-06    5.494636e-01
group 90: At t = 4.0000e+02      y =  4.505332e-01    3.223118e-06    5.494636e-01
group 0: At t = 4.0000e+03      y =  1.831798e-01    8.940768e-07    8.168193e-01
group 10: At t = 4.0000e+03      y =  1.831798e-01    8.940768e-07    8.168193e-01
group 20: At t = 4.0000e+03      y =  1.831798e-01    8.940768e-07    8.168193e-01
group 30: At t = 4.0000e+03      y =  1.831798e-01    8.940768e-07    8.168193e-01
group 40: At t = 4.0000e+03      y =  1.831798e-01    8.940768e-07    8.168193e-01
group 50: At t = 4.0000e+03      y =  1.831798e-01    8.940768e-07    8.168193e-01
group 60: At t = 4.0000e+03      y =  1.831798e-01    8.940768e-07    8.168193e-01
group 70: At t = 4.0000e+03      y =  1.831798e-01    8.940768e-07    8.168193e-01
group 80: At t = 4.0000e+03      y =  1.831798e-01    8.940768e-07    8.168193e-01
group 90: At t = 4.0000e+03      y =  1.831798e-01    8.940768e-07    8.168193e-01
group 0: At t = 4.0000e+04      y =  3.897912e-02    1.621575e-07    9.610207e-01
group 10: At t = 4.0000e+04      y =  3.897912e-02    1.621575e-07    9.610207e-01
group 20: At t = 4.0000e+04      y =  3.897912e-02    1.621575e-07    9.610207e-01
group 30: At t = 4.0000e+04      y =  3.897912e-02    1.621575e-07    9.610207e-01
group 40: At t = 4.0000e+04      y =  3.897912e-02    1.621575e-07    9.610207e-01
group 50: At t = 4.0000e+04      y =  3.897912e-02    1.621575e-07    9.610207e-01
group 60: At t = 4.0000e+04      y =  3.897912e-02    1.621575e-07    9.610207e-01
group 70: At t = 4.0000e+04      y =  3.897912e-02    1.621575e-07    9.610207e-01
group 80: At t = 4.0000e+04      y =  3.897912e-02    1.621575e-07    9.610207e-01
group 90: At t = 4.0000e+04      y =  3.897912e-02    1.621575e-07    9.610207e-01
group 0: At t = 4.0000e+05      y =  4.938822e-03    1.985206e-08    9.950612e-01
group 10: At t = 4.0000e+05      y =  4.938822e-03    1.985206e-08    9.950612e-01
group 20: At t = 4.0000e+05      y =  4.938822e-03    1.985206e-08    9.950612e-01
group 30: At t = 4.0000e+05      y =  4.938822e-03    1.985206e-08    9.950612e-01
group 40: At t = 4.0000e+05      y =  4.938822e-03    1.985206e-08    9.950612e-01
group 50: At t = 4.0000e+05      y =  4.938822e-03    1.985206e-08    9.950612e-01
group 60: At t = 4.0000e+05      y =  4.938822e-03    1.985206e-08    9.950612e-01
group 70: At t = 4.0000e+05      y =  4.938822e-03    1.985206e-08    9.950612e-01
group 80: At t = 4.0000e+05      y =  4.938822e-03    1.985206e-08    9.950612e-01
group 90: At t = 4.0000e+05      y =  4.938822e-03    1.985206e-08    9.950612e-01
group 0: At t = 4.0000e+06      y =  5.168467e-04    2.068440e-09    9.994832e-01
group 10: At t = 4.0000e+06      y =  5.168467e-04    2.068440e-09    9.994832e-01
group 20: At t = 4.0000e+06      y =  5.168467e-04    2.068440e-09    9.994832e-01
group 30: At t = 4.0000e+06      y =  5.168467e-04    2.068440e-09    9.994832e-01
group 40: At t = 4.0000e+06      y =  5.168467e-04    2.068440e-09    9.994832e-01
group 50: At t = 4.0000e+06      y =  5.168467e-04    2.068440e-09    9.994832e-01
group 60: At t = 4.0000e+06      y =  5.168467e-04    2.068440e-09    9.994832e-01
group 70: At t = 4.0000e+06      y =  5.168467e-04    2.068440e-09    9.994832e-01
group 80: At t = 4.0000e+06      y =  5.168467e-04    2.068440e-09    9.994832e-01
group 90: At t = 4.0000e+06      y =  5.168467e-04    2.068440e-09    9.994832e-01
group 0: At t = 4.0000e+07      y =  5.202426e-05    2.081078e-10    9.999480e-01
group 10: At t = 4.0000e+07      y =  5.202426e-05    2.081078e-10    9.999480e-01
group 20: At t = 4.0000e+07      y =  5.202426e-05    2.081078e-10    9.999480e-01
group 30: At t = 4.0000e+07      y =  5.202426e-05    2.081078e-10    9.999480e-01
group 40: At t = 4.0000e+07      y =  5.202426e-05    2.081078e-10    9.999480e-01
group 50: At t = 4.0000e+07      y =  5.202426e-05    2.081078e-10    9.999480e-01
group 60: At t = 4.0000e+07      y =  5.202426e-05    2.081078e-10    9.999480e-01
group 70: At t = 4.0000e+07      y =  5.202426e-05    2.081078e-10    9.999480e-01
group 80: At t = 4.0000e+07      y =  5.202426e-05    2.081078e-10    9.999480e-01
group 90: At t = 4.0000e+07      y =  5.202426e-05    2.081078e-10    9.999480e-01
group 0: At t = 4.0000e+08      y =  5.212615e-06    2.085057e-11    9.999948e-01
group 10: At t = 4.0000e+08      y =  5.212615e-06    2.085057e-11    9.999948e-01
group 20: At t = 4.0000e+08      y =  5.212615e-06    2.085057e-11    9.999948e-01
group 30: At t = 4.0000e+08      y =  5.212615e-06    2.085057e-11    9.999948e-01
group 40: At t = 4.0000e+08      y =  5.212615e-06    2.085057e-11    9.999948e-01
group 50: At t = 4.0000e+08      y =  5.212615e-06    2.085057e-11    9.999948e-01
group 60: At t = 4.0000e+08      y =  5.212615e-06    2.085057e-11    9.999948e-01
group 70: At t = 4.0000e+08      y =  5.212615e-06    2.085057e-11    9.999948e-01
group 80: At t = 4.0000e+08      y =  5.212615e-06    2.085057e-11    9.999948e-01
group 90: At t = 4.0000e+08      y =  5.212615e-06    2.085057e-11    9.999948e-01
group 0: At t = 4.0000e+09      y =  5.146550e-07    2.058622e-12    9.999995e-01
group 10: At t = 4.0000e+09      y =  5.146550e-07    2.058622e-12    9.999995e-01
group 20: At t = 4.0000e+09      y =  5.146550e-07    2.058622e-12    9.999995e-01
group 30: At t = 4.0000e+09      y =  5.146550e-07    2.058622e-12    9.999995e-01
group 40: At t = 4.0000e+09      y =  5.146550e-07    2.058622e-12    9.999995e-01
group 50: At t = 4.0000e+09      y =  5.146550e-07    2.058622e-12    9.999995e-01
group 60: At t = 4.0000e+09      y =  5.146550e-07    2.058622e-12    9.999995e-01
group 70: At t = 4.0000e+09      y =  5.146550e-07    2.058622e-12    9.999995e-01
group 80: At t = 4.0000e+09      y =  5.146550e-07    2.058622e-12    9.999995e-01
group 90: At t = 4.0000e+09      y =  5.146550e-07    2.058622e-12    9.999995e-01
group 0: At t = 4.0000e+10      y =  5.147690e-08    2.059076e-13    9.999999e-01
group 10: At t = 4.0000e+10      y =  5.147690e-08    2.059076e-13    9.999999e-01
group 20: At t = 4.0000e+10      y =  5.147690e-08    2.059076e-13    9.999999e-01
group 30: At t = 4.0000e+10      y =  5.147690e-08    2.059076e-13    9.999999e-01
group 40: At t = 4.0000e+10      y =  5.147690e-08    2.059076e-13    9.999999e-01
group 50: At t = 4.0000e+10      y =  5.147690e-08    2.059076e-13    9.999999e-01
group 60: At t = 4.0000e+10      y =  5.147690e-08    2.059076e-13    9.999999e-01
group 70: At t = 4.0000e+10      y =  5.147690e-08    2.059076e-13    9.999999e-01
group 80: At t = 4.0000e+10      y =  5.147690e-08    2.059076e-13    9.999999e-01
group 90: At t = 4.0000e+10      y =  5.147690e-08    2.059076e-13    9.999999e-01

Final Statistics:
nst = 604    nfe  = 859    nsetups = 121    nje = 12
nni = 856    ncfn = 0      netf = 30        nge = 0
 
cuSolverSp numerical factorization workspace size (in bytes) = 73472
cuSolverSp internal Q, R buffer size (in bytes) = 9600
