 
Group of independent 3-species kinetics problems

number of groups = 100

group 0: At t = 4.0000e-01      y =  9.851641e-01    3.386242e-05    1.480205e-02
group 10: At t = 4.0000e-01      y =  9.851641e-01    3.386242e-05    1.480205e-02
group 20: At t = 4.0000e-01      y =  9.851641e-01    3.386242e-05    1.480205e-02
group 30: At t = 4.0000e-01      y =  9.851641e-01    3.386242e-05    1.480205e-02
group 40: At t = 4.0000e-01      y =  9.851641e-01    3.386242e-05    1.480205e-02
group 50: At t = 4.0000e-01      y =  9.851641e-01    3.386242e-05    1.480205e-02
group 60: At t = 4.0000e-01      y =  9.851641e-01    3.386242e-05    1.480205e-02
group 70: At t = 4.0000e-01      y =  9.851641e-01    3.386242e-05    1.480205e-02
group 80: At t = 4.0000e-01      y =  9.851641e-01    3.386242e-05    1.480205e-02
group 90: At t = 4.0000e-01      y =  9.851641e-01    3.386242e-05    1.480205e-02
group 0: At t = 4.0000e+00      y =  9.055097e-01    2.240338e-05    9.446793e-02
group 10: At t = 4.0000e+00      y =  9.055097e-01    2.240338e-05    9.446793e-02
group 20: At t = 4.0000e+00      y =  9.055097e-01    2.240338e-05    9.446793e-02
group 30: At t = 4.0000e+00      y =  9.055097e-01    2.240338e-05    9.446793e-02
group 40: At t = 4.0000e+00      y =  9.055097e-01    2.240338e-05    9.446793e-02
group 50: At t = 4.0000e+00      y =  9.055097e-01    2.240338e-05    9.446793e-02
group 60: At t = 4.0000e+00      y =  9.055097e-01    2.240338e-05    9.446793e-02
group 70: At t = 4.0000e+00      y =  9.055097e-01    2.240338e-05    9.446793e-02
group 80: At t = 4.0000e+00      y =  9.055097e-01    2.240338e-05    9.446793e-02
group 90: At t = 4.0000e+00      y =  9.055097e-01    2.240338e-05    9.446793e-02
group 0: At t = 4.0000e+01      y =  7.157946e-01    9.183477e-06    2.841962e-01
group 10: At t = 4.0000e+01      y =  7.157946e-01    9.183477e-06    2.841962e-01
group 20: At t = 4.0000e+01      y =  7.157946e-01    9.183477e-06    2.841962e-01
group 30: At t = 4.0000e+01      y =  7.157946e-01    9.183477e-06    2.841962e-01
group 40: At t = 4.0000e+01      y =  7.157946e-01    9.183477e-06    2.841962e-01
group 50: At t = 4.0000e+01      y =  7.157946e-01    9.183477e-06    2.841962e-01
group 60: At t = 4.0000e+01      y =  7.157946e-01    9.183477e-06    2.841962e-01
group 70: At t = 4.0000e+01      y =  7.157946e-01    9.183477e-06    2.841962e-01
group 80: At t = 4.0000e+01      y =  7.157946e-01    9.183477e-06    2.841962e-01
group 90: At t = 4.0000e+01      y =  7.157946e-01    9.183477e-06    2.841962e-01
group 0: At t = 4.0000e+02      y =  4.505325e-01    3.223113e-06    5.494643e-01
group 10: At t = 4.0000e+02      y =  4.505325e-01    3.223113e-06    5.494643e-01
group 20: At t = 4.0000e+02      y =  4.505325e-01    3.223113e-06    5.494643e-01
group 30: At t = 4.0000e+02      y =  4.505325e-01    3.223113e-06    5.494643e-01
group 40: At t = 4.0000e+02      y =  4.505325e-01    3.223113e-06    5.494643e-01
group 50: At t = 4.0000e+02      y =  4.505325e-01    3.223113e-06    5.494643e-01
group 60: At t = 4.0000e+02      y =  4.505325e-01    3.223113e-06    5.494643e-01
group 70: At t = 4.0000e+02      y =  4.505325e-01    3.223113e-06    5.494643e-01
group 80: At t = 4.0000e+02      y =  4.505325e-01    3.223113e-06    5.494643e-01
group 90: At t = 4.0000e+02      y =  4.505325e-01    3.223113e-06    5.494643e-01
group 0: At t = 4.0000e+03      y =  1.832193e-01    8.943446e-07    8.167798e-01
group 10: At t = 4.0000e+03      y =  1.832193e-01    8.943446e-07    8.167798e-01
group 20: At t = 4.0000e+03      y =  1.832193e-01    8.943446e-07    8.167798e-01
group 30: At t = 4.0000e+03      y =  1.832193e-01    8.943446e-07    8.167798e-01
group 40: At t = 4.0000e+03      y =  1.832193e-01    8.943446e-07    8.167798e-01
group 50: At t = 4.0000e+03      y =  1.832193e-01    8.943446e-07    8.167798e-01
group 60: At t = 4.0000e+03      y =  1.832193e-01    8.943446e-07    8.167798e-01
group 70: At t = 4.0000e+03      y =  1.832193e-01    8.943446e-07    8.167798e-01
group 80: At t = 4.0000e+03      y =  1.832193e-01    8.943446e-07    8.167798e-01
group 90: At t = 4.0000e+03      y =  1.832193e-01    8.943446e-07    8.167798e-01
group 0: At t = 4.0000e+04      y =  3.898679e-02    1.621929e-07    9.610130e-01
group 10: At t = 4.0000e+04      y =  3.898679e-02    1.621929e-07    9.610130e-01
group 20: At t = 4.0000e+04      y =  3.898679e-02    1.621929e-07    9.610130e-01
group 30: At t = 4.0000e+04      y =  3.898679e-02    1.621929e-07    9.610130e-01
group 40: At t = 4.0000e+04      y =  3.898679e-02    1.621929e-07    9.610130e-01
group 50: At t = 4.0000e+04      y =  3.898679e-02    1.621929e-07    9.610130e-01
group 60: At t = 4.0000e+04      y =  3.898679e-02    1.621929e-07    9.610130e-01
group 70: At t = 4.0000e+04      y =  3.898679e-02    1.621929e-07    9.610130e-01
group 80: At t = 4.0000e+04      y =  3.898679e-02    1.621929e-07    9.610130e-01
group 90: At t = 4.0000e+04      y =  3.898679e-02    1.621929e-07    9.610130e-01
group 0: At t = 4.0000e+05      y =  4.940946e-03    1.986074e-08    9.950590e-01
group 10: At t = 4.0000e+05      y =  4.940946e-03    1.986074e-08    9.950590e-01
group 20: At t = 4.0000e+05      y =  4.940946e-03    1.986074e-08    9.950590e-01
group 30: At t = 4.0000e+05      y =  4.940946e-03    1.986074e-08    9.950590e-01
group 40: At t = 4.0000e+05      y =  4.940946e-03    1.986074e-08    9.950590e-01
group 50: At t = 4.0000e+05      y =  4.940946e-03    1.986074e-08    9.950590e-01
group 60: At t = 4.0000e+05      y =  4.940946e-03    1.986074e-08    9.950590e-01
group 70: At t = 4.0000e+05      y =  4.940946e-03    1.986074e-08    9.950590e-01
group 80: At t = 4.0000e+05      y =  4.940946e-03    1.986074e-08    9.950590e-01
group 90: At t = 4.0000e+05      y =  4.940946e-03    1.986074e-08    9.950590e-01
group 0: At t = 4.0000e+06      y =  5.165990e-04    2.067453e-09    9.994834e-01
group 10: At t = 4.0000e+06      y =  5.165990e-04    2.067453e-09    9.994834e-01
group 20: At t = 4.0000e+06      y =  5.165990e-04    2.067453e-09    9.994834e-01
group 30: At t = 4.0000e+06      y =  5.165990e-04    2.067453e-09    9.994834e-01
group 40: At t = 4.0000e+06      y =  5.165990e-04    2.067453e-09    9.994834e-01
group 50: At t = 4.0000e+06      y =  5.165990e-04    2.067453e-09    9.994834e-01
group 60: At t = 4.0000e+06      y =  5.165990e-04    2.067453e-09    9.994834e-01
group 70: At t = 4.0000e+06      y =  5.165990e-04    2.067453e-09    9.994834e-01
group 80: At t = 4.0000e+06      y =  5.165990e-04    2.067453e-09    9.994834e-01
group 90: At t = 4.0000e+06      y =  5.165990e-04    2.067453e-09    9.994834e-01
group 0: At t = 4.0000e+07      y =  5.204641e-05    2.081964e-10    9.999480e-01
group 10: At t = 4.0000e+07      y =  5.204641e-05    2.081964e-10    9.999480e-01
group 20: At t = 4.0000e+07      y =  5.204641e-05    2.081964e-10    9.999480e-01
group 30: At t = 4.0000e+07      y =  5.204641e-05    2.081964e-10    9.999480e-01
group 40: At t = 4.0000e+07      y =  5.204641e-05    2.081964e-10    9.999480e-01
group 50: At t = 4.0000e+07      y =  5.204641e-05    2.081964e-10    9.999480e-01
group 60: At t = 4.0000e+07      y =  5.204641e-05    2.081964e-10    9.999480e-01
group 70: At t = 4.0000e+07      y =  5.204641e-05    2.081964e-10    9.999480e-01
group 80: At t = 4.0000e+07      y =  5.204641e-05    2.081964e-10    9.999480e-01
group 90: At t = 4.0000e+07      y =  5.204641e-05    2.081964e-10    9.999480e-01
group 0: At t = 4.0000e+08      y =  5.219424e-06    2.087780e-11    9.999948e-01
group 10: At t = 4.0000e+08      y =  5.219424e-06    2.087780e-11    9.999948e-01
group 20: At t = 4.0000e+08      y =  5.219424e-06    2.087780e-11    9.999948e-01
group 30: At t = 4.0000e+08      y =  5.219424e-06    2.087780e-11    9.999948e-01
group 40: At t = 4.0000e+08      y =  5.219424e-06    2.087780e-11    9.999948e-01
group 50: At t = 4.0000e+08      y =  5.219424e-06    2.087780e-11    9.999948e-01
group 60: At t = 4.0000e+08      y =  5.219424e-06    2.087780e-11    9.999948e-01
group 70: At t = 4.0000e+08      y =  5.219424e-06    2.087780e-11    9.999948e-01
group 80: At t = 4.0000e+08      y =  5.219424e-06    2.087780e-11    9.999948e-01
group 90: At t = 4.0000e+08      y =  5.219424e-06    2.087780e-11    9.999948e-01
group 0: At t = 4.0000e+09      y =  5.170633e-07    2.068254e-12    9.999995e-01
group 10: At t = 4.0000e+09      y =  5.170633e-07    2.068254e-12    9.999995e-01
group 20: At t = 4.0000e+09      y =  5.170633e-07    2.068254e-12    9.999995e-01
group 30: At t = 4.0000e+09      y =  5.170633e-07    2.068254e-12    9.999995e-01
group 40: At t = 4.0000e+09      y =  5.170633e-07    2.068254e-12    9.999995e-01
group 50: At t = 4.0000e+09      y =  5.170633e-07    2.068254e-12    9.999995e-01
group 60: At t = 4.0000e+09      y =  5.170633e-07    2.068254e-12    9.999995e-01
group 70: At t = 4.0000e+09      y =  5.170633e-07    2.068254e-12    9.999995e-01
group 80: At t = 4.0000e+09      y =  5.170633e-07    2.068254e-12    9.999995e-01
group 90: At t = 4.0000e+09      y =  5.170633e-07    2.068254e-12    9.999995e-01
group 0: At t = 4.0000e+10      y =  5.551889e-08    2.220755e-13    9.999999e-01
group 10: At t = 4.0000e+10      y =  5.551889e-08    2.220755e-13    9.999999e-01
group 20: At t = 4.0000e+10      y =  5.551889e-08    2.220755e-13    9.999999e-01
group 30: At t = 4.0000e+10      y =  5.551889e-08    2.220755e-13    9.999999e-01
group 40: At t = 4.0000e+10      y =  5.551889e-08    2.220755e-13    9.999999e-01
group 50: At t = 4.0000e+10      y =  5.551889e-08    2.220755e-13    9.999999e-01
group 60: At t = 4.0000e+10      y =  5.551889e-08    2.220755e-13    9.999999e-01
group 70: At t = 4.0000e+10      y =  5.551889e-08    2.220755e-13    9.999999e-01
group 80: At t = 4.0000e+10      y =  5.551889e-08    2.220755e-13    9.999999e-01
group 90: At t = 4.0000e+10      y =  5.551889e-08    2.220755e-13    9.999999e-01

Final Statistics:
nst = 590    nfe  = 834    nsetups = 109    nje = 13
nni = 831    ncfn = 1      netf = 23        nge = 0
 
