
3-species chemical kinetics problem
Sensitivity: YES ( STAGGERED1 + FULL ERROR CONTROL )

=======================================================================
     T     Q       H      NST           y1           y2           y3    
=======================================================================
4.000e-01  3  1.112e-01    92
                  Solution         9.8517e-01   3.3864e-05   1.4794e-02 
                  Sensitivity 1   -3.5592e-01   3.9026e-04   3.5553e-01 
                  Sensitivity 2    9.5553e-08  -2.1307e-10  -9.5340e-08 
                  Sensitivity 3   -1.5853e-11  -5.2901e-13   1.6382e-11 
-----------------------------------------------------------------------
4.000e+00  4  3.271e-01   111
                  Solution         9.0552e-01   2.2405e-05   9.4459e-02 
                  Sensitivity 1   -1.8761e+00   1.7922e-04   1.8759e+00 
                  Sensitivity 2    2.9614e-06  -5.8307e-10  -2.9608e-06 
                  Sensitivity 3   -4.9337e-10  -2.7626e-13   4.9365e-10 
-----------------------------------------------------------------------
4.000e+01  3  1.748e+00   195
                  Solution         7.1583e-01   9.1857e-06   2.8416e-01 
                  Sensitivity 1   -4.2474e+00   4.5918e-05   4.2474e+00 
                  Sensitivity 2    1.3731e-05  -2.3571e-10  -1.3731e-05 
                  Sensitivity 3   -2.2884e-09  -1.1381e-13   2.2885e-09 
-----------------------------------------------------------------------
4.000e+02  2  6.753e+00   352
                  Solution         4.5052e-01   3.2229e-06   5.4948e-01 
                  Sensitivity 1   -5.9584e+00   3.5424e-06   5.9584e+00 
                  Sensitivity 2    2.2738e-05  -2.2599e-11  -2.2738e-05 
                  Sensitivity 3   -3.7897e-09  -4.9948e-14   3.7898e-09 
-----------------------------------------------------------------------
4.000e+03  3  1.910e+02   513
                  Solution         1.8318e-01   8.9410e-07   8.1682e-01 
                  Sensitivity 1   -4.7500e+00  -5.9949e-06   4.7500e+00 
                  Sensitivity 2    1.8809e-05   2.3133e-11  -1.8809e-05 
                  Sensitivity 3   -3.1348e-09  -1.8757e-14   3.1348e-09 
-----------------------------------------------------------------------
4.000e+04  3  1.588e+03   587
                  Solution         3.8990e-02   1.6220e-07   9.6101e-01 
                  Sensitivity 1   -1.5752e+00  -2.7622e-06   1.5752e+00 
                  Sensitivity 2    6.2883e-06   1.1004e-11  -6.2883e-06 
                  Sensitivity 3   -1.0480e-09  -4.5369e-15   1.0480e-09 
-----------------------------------------------------------------------
4.000e+05  3  1.881e+04   638
                  Solution         4.9405e-03   1.9859e-08   9.9506e-01 
                  Sensitivity 1   -2.3634e-01  -4.5823e-07   2.3634e-01 
                  Sensitivity 2    9.4507e-07   1.8318e-12  -9.4507e-07 
                  Sensitivity 3   -1.5757e-10  -6.3654e-16   1.5757e-10 
-----------------------------------------------------------------------
4.000e+06  3  4.329e+05   684
                  Solution         5.1733e-04   2.0704e-09   9.9948e-01 
                  Sensitivity 1   -2.5655e-02  -5.0965e-08   2.5655e-02 
                  Sensitivity 2    1.0262e-07   2.0387e-13  -1.0262e-07 
                  Sensitivity 3   -1.7128e-11  -6.8582e-17   1.7128e-11 
-----------------------------------------------------------------------
4.000e+07  4  1.871e+06   712
                  Solution         5.1758e-05   2.0704e-10   9.9995e-01 
                  Sensitivity 1   -2.6144e-03  -5.2832e-09   2.6145e-03 
                  Sensitivity 2    1.0425e-08   2.1001e-14  -1.0425e-08 
                  Sensitivity 3   -1.6509e-12  -6.6042e-18   1.6509e-12 
-----------------------------------------------------------------------
4.000e+08  3  9.719e+07   757
                  Solution         5.1806e-06   2.0722e-11   9.9999e-01 
                  Sensitivity 1   -2.6752e-04  -5.5204e-10   2.6752e-04 
                  Sensitivity 2    1.0579e-09   2.1593e-15  -1.0579e-09 
                  Sensitivity 3   -1.7315e-13  -6.9261e-19   1.7315e-13 
-----------------------------------------------------------------------
4.000e+09  1  1.312e+09   775
                  Solution         4.0287e-07   1.6115e-12   1.0000e+00 
                  Sensitivity 1   -6.0170e-05  -2.0039e-10   6.0170e-05 
                  Sensitivity 2    1.5483e-10   4.5817e-16  -1.5483e-10 
                  Sensitivity 3   -1.3176e-15  -5.2706e-21   1.3176e-15 
-----------------------------------------------------------------------
4.000e+10  2  3.888e+09   785
                  Solution         3.8703e-08   1.5481e-13   1.0000e+00 
                  Sensitivity 1   -1.1234e-07   3.4209e-12   1.1234e-07 
                  Sensitivity 2    2.8598e-11   9.8909e-17  -2.8598e-11 
                  Sensitivity 3   -1.3904e-15  -5.5617e-21   1.3904e-15 
-----------------------------------------------------------------------

Final Statistics

nst     =   785

nfe     =  1823
netf    =     0    nsetups  =   181
nni     =   964    ncfn     =     4

nfSe    =  3153    nfeS     =     0
netfs   =    71    nsetupsS =     0
nniS    =  3144    ncfnS    =     0

nje    =    18    nfeLS     =     0
