  
 Robot Kinematics Example
 8 variables; -1 <= x_i <= 1
 KINSOL Problem size: 8 + 2*8 = 24
 Initial guess:
      l=x+1          x         u=1-x
    ----------------------------------
   1.000000     0.707107     1.000000
   1.000000     0.707107     1.000000
   1.000000     0.707107     1.000000
   1.000000     0.707107     1.000000
   1.000000     0.707107     1.000000
   1.000000     0.707107     1.000000
   1.000000     0.707107     1.000000
   1.000000     0.707107     1.000000
  
 Computed solution:
      l=x+1          x         u=1-x
    ----------------------------------
   1.671554     0.671554     0.328446
   1.740955     0.740955     0.259045
   1.951893     0.951893     0.048107
   0.693569    -0.306431     1.306431
   1.963811     0.963811     0.036189
   0.733413    -0.266587     1.266587
   1.404641     0.404641     0.595359
   1.914475     0.914475     0.085525
  
 Final Statistics.. 
  
nni    =    6    nfe   =    7
nje    =    6    nfeD  =    0
