
2D Heat PDE test problem:
 --------------------------------- 
  nprocs         = 4
  npx            = 2
  npy            = 2
 --------------------------------- 
  Dux            = 0.001
  Duy            = 0.001
  Dvx            = 0.001
  Dvy            = 0.001
  A              = 1
  B              = 3
 --------------------------------- 
  tf             = 10
  xl             = -0.5
  xu             = 0.5
  yl             = -0.5
  yu             = 0.5
 --------------------------------- 
  nx             = 128
  ny             = 128
  dx             = 0.0078125
  dy             = 0.0078125
  nxl (proc 0)   = 64
  nyl (proc 0)   = 64
  is  (proc 0)   = 0
  ie  (proc 0)   = 63
  je  (proc 0)   = 0
  je  (proc 0)   = 63
 --------------------------------- 
  rtol_slow      = 0.0001
  atol_slow      = 1e-08
  rtol_fast      = 1e-05
  atol_fast      = 1e-09
  order_fast     = 3
  fixed h slow   = 0.0762939
  fixed h fast   = 0
  controller     = 0
  linear         = 1
 --------------------------------- 
  linear solver  = PCG
  lin iters      = 5
  eps lin        = 0
  prec           = 1
  msbp           = 0
 --------------------------------- 
  output         = 1
 --------------------------------- 

          t                     ||u||_rms      
 ----------------------------------------------
 0.000000000000000e+00    3.172144385112383e+00
 5.000000000000000e-01    3.136741760177454e+00
 1.000000000000000e+00    3.125063288127369e+00
 1.500000000000000e+00    3.152612101189563e+00
 2.000000000000000e+00    3.252042478029522e+00
 2.500000000000000e+00    3.404761691124162e+00
 3.000000000000000e+00    3.570184006009031e+00
 3.500000000000000e+00    3.699958566372466e+00
 4.000000000000000e+00    3.694644864259454e+00
 4.500000000000000e+00    3.628182747904927e+00
 5.000000000000000e+00    3.475214251208160e+00
 5.500000000000000e+00    3.343937333004348e+00
 6.000000000000000e+00    3.234081620921198e+00
 6.500000000000000e+00    3.082505440305654e+00
 7.000000000000000e+00    2.890798936478117e+00
 7.500000000000000e+00    2.837377762169688e+00
 8.000000000000000e+00    2.898189618606460e+00
 8.500000000000000e+00    3.139958223258144e+00
 9.000000000000000e+00    3.442129014260793e+00
 9.500000000000000e+00    3.740307296005028e+00
 1.000000000000000e+01    4.014391449956135e+00
 ----------------------------------------------

Final integrator statistics:

Slow Integrator:
  Steps            = 132
  RHS diffusion    = 793
  NLS iters        = 396
  NLS fails        = 0
  LS iters         = 1958
  LS fails         = 362
  LS setups        = 0
  LS RHS evals     = 1958
  Jv products      = 1958

  Avg NLS iters per step attempt = 3.000000
  Avg LS iters per NLS iter      = 4.944444

  Preconditioner setups = 0
  Preconditioner solves = 1958

Fast Integrator:
  Steps            = 472
  Step attempts    = 472
  Error test fails = 0
  RHS reaction     = 2419
