
2D Heat PDE test problem:
 --------------------------------- 
  nprocs         = 4
  npx            = 2
  npy            = 2
 --------------------------------- 
  kx             = 1
  ky             = 1
  forcing        = 1
  tf             = 1
  xu             = 1
  yu             = 1
  nx             = 32
  ny             = 32
  nxl (proc 0)   = 16
  nyl (proc 0)   = 16
  dx             = 0.0322581
  dy             = 0.0322581
 --------------------------------- 
  rtol           = 1e-05
  atol           = 1e-10
  order          = 3
  fixed h        = 0
  controller     = 0
  linear         = 1
 --------------------------------- 
  linear solver  = PCG
  lin iters      = 20
  eps lin        = 0
  prec           = 1
  msbp           = 0
 --------------------------------- 
  output         = 1
 --------------------------------- 

          t                     ||u||_rms                max error      
 -----------------------------------------------------------------------
 0.000000000000000e+00    3.632812500000001e-01    0.000000000000000e+00
 5.000000000000000e-02    3.551986504206954e-01    2.454704268845198e-03
 1.000000000000000e-01    3.296221522563136e-01    2.894351312350718e-03
 1.500000000000000e-01    2.894445052045986e-01    2.833234860738609e-03
 2.000000000000000e-01    2.387097405487202e-01    2.521351471365452e-03
 2.500000000000000e-01    1.824253004688915e-01    2.077548067353219e-03
 3.000000000000000e-01    1.261158186733340e-01    1.577622926918210e-03
 3.500000000000000e-01    7.529892942993587e-02    1.082586631952070e-03
 4.000000000000000e-01    3.495153500642601e-02    6.466745969102711e-04
 4.500000000000000e-01    9.023447459645315e-03    3.130355812321628e-04
 4.999999999999999e-01    5.513862655620992e-05    1.155536642670245e-04
 5.499999999999999e-01    8.918873554259306e-03    7.364539806451950e-05
 6.000000000000000e-01    3.475277433850531e-02    1.915331682145610e-04
 6.500000000000000e-01    7.502605966973638e-02    4.576681070362631e-04
 7.000000000000001e-01    1.257964113977601e-01    8.457898377413064e-04
 7.500000000000001e-01    1.820944185535271e-01    1.318767636581897e-03
 8.000000000000002e-01    2.384087203852070e-01    1.828962145097535e-03
 8.500000000000002e-01    2.892272171327287e-01    2.327446157641688e-03
 9.000000000000002e-01    3.295754296203942e-01    2.765080717683888e-03
 9.500000000000003e-01    3.555038632193712e-01    3.099435546668361e-03
 1.000000000000000e+00    3.644741937247666e-01    3.297054597400817e-03
 -----------------------------------------------------------------------

Final integrator statistics:
  Steps            = 201
  Step attempts    = 225
  Error test fails = 24
  RHS evals        = 1578
  NLS iters        = 675
  NLS fails        = 0
  LS iters         = 13075
  LS fails         = 623
  LS setups        = 82
  LS RHS evals     = 13075
  Jv products      = 13075

  Avg NLS iters per step attempt = 3.000000
  Avg LS iters per NLS iter      = 19.370370

  Preconditioner setups = 26
  Preconditioner solves = 13075

  Max error = 3.297054597400817e-03
