    
 Finished initialization, starting time steps
    
       t           u           v           w
 ----------------------------------------------------
  0.00000E+00  3.90000E+00  1.10000E+00  2.80000E+00
  1.00000E+00  2.07524E+00  1.05963E+00  2.49995E+00
  2.00000E+00  1.10046E+00  1.72359E+00  2.49997E+00
  3.00000E+00  7.89552E-01  2.32675E+00  2.49998E+00
  4.00000E+00  8.11753E-01  2.72563E+00  2.49998E+00
  5.00000E+00  1.18689E+00  2.59560E+00  2.49997E+00
  6.00000E+00  1.88737E+00  1.49415E+00  2.49995E+00
  7.00000E+00  1.32344E+00  1.61892E+00  2.49997E+00
  8.00000E+00  9.21907E-01  2.13003E+00  2.49998E+00
  9.00000E+00  8.49566E-01  2.53930E+00  2.49998E+00
  1.00000E+01  1.06481E+00  2.59595E+00  2.49997E+00
  
  General Solver Stats:
    Total internal steps taken =      187
    Total rhs function calls   =      255
    Num lin solver setup calls =       40
    Num error test failures    =        8
    Last method order          =        5
    Next method order          =        5
    First internal step size   = 8.98870E-08
    Last internal step size    = 1.66465E-01
    Next internal step size    = 1.66465E-01
    Current internal time      = 1.00487E+01
    Num nonlinear solver iters =      251
    Num nonlinear solver fails =        0
    Num Jacobian evaluations   =        4
  
