 
2-species diurnal advection-diffusion problem

t = 7.20e+03   no. steps = 219   order = 5   stepsize = 1.59e+02
c1 (bot.left/middle/top rt.) =    1.047e+04     2.964e+04     1.119e+04
c2 (bot.left/middle/top rt.) =    2.527e+11     7.154e+11     2.700e+11

t = 1.44e+04   no. steps = 251   order = 5   stepsize = 3.77e+02
c1 (bot.left/middle/top rt.) =    6.659e+06     5.316e+06     7.301e+06
c2 (bot.left/middle/top rt.) =    2.582e+11     2.057e+11     2.833e+11

t = 2.16e+04   no. steps = 277   order = 5   stepsize = 2.75e+02
c1 (bot.left/middle/top rt.) =    2.665e+07     1.036e+07     2.931e+07
c2 (bot.left/middle/top rt.) =    2.993e+11     1.028e+11     3.313e+11

t = 2.88e+04   no. steps = 307   order = 4   stepsize = 2.03e+02
c1 (bot.left/middle/top rt.) =    8.702e+06     1.292e+07     9.650e+06
c2 (bot.left/middle/top rt.) =    3.380e+11     5.029e+11     3.751e+11

t = 3.60e+04   no. steps = 338   order = 5   stepsize = 9.92e+01
c1 (bot.left/middle/top rt.) =    1.404e+04     2.029e+04     1.561e+04
c2 (bot.left/middle/top rt.) =    3.387e+11     4.894e+11     3.765e+11

t = 4.32e+04   no. steps = 393   order = 4   stepsize = 2.57e+02
c1 (bot.left/middle/top rt.) =   -7.891e-06    -1.123e-06    -8.723e-06
c2 (bot.left/middle/top rt.) =    3.382e+11     1.355e+11     3.804e+11

t = 5.04e+04   no. steps = 421   order = 5   stepsize = 4.96e+02
c1 (bot.left/middle/top rt.) =   -1.595e-08    -1.771e-06    -3.117e-08
c2 (bot.left/middle/top rt.) =    3.358e+11     4.930e+11     3.864e+11

t = 5.76e+04   no. steps = 439   order = 4   stepsize = 1.19e+02
c1 (bot.left/middle/top rt.) =   -2.127e-06    -1.513e-04    -2.951e-06
c2 (bot.left/middle/top rt.) =    3.320e+11     9.650e+11     3.909e+11

t = 6.48e+04   no. steps = 458   order = 5   stepsize = 6.60e+02
c1 (bot.left/middle/top rt.) =   -1.084e-09    -7.686e-08    -1.499e-09
c2 (bot.left/middle/top rt.) =    3.313e+11     8.922e+11     3.963e+11

t = 7.20e+04   no. steps = 469   order = 5   stepsize = 6.60e+02
c1 (bot.left/middle/top rt.) =   -1.093e-10    -7.736e-09    -1.510e-10
c2 (bot.left/middle/top rt.) =    3.330e+11     6.186e+11     4.039e+11

t = 7.92e+04   no. steps = 480   order = 5   stepsize = 6.60e+02
c1 (bot.left/middle/top rt.) =   -1.624e-12    -1.151e-10    -2.246e-12
c2 (bot.left/middle/top rt.) =    3.334e+11     6.669e+11     4.120e+11

t = 8.64e+04   no. steps = 491   order = 5   stepsize = 6.60e+02
c1 (bot.left/middle/top rt.) =    3.501e-14     2.474e-12     4.816e-14
c2 (bot.left/middle/top rt.) =    3.352e+11     9.107e+11     4.163e+11


Final Statistics.. 

lenrw   =  2689     leniw   =    53
lenrwLS =  2454     leniwLS =    42
nst     =   491
nfe     =   630     nfeLS   =     0
nni     =   627     nli     =   643
nsetups =    82     netf    =    29
npe     =     9     nps     =  1214
ncfn    =     0     ncfl    =     0

