Solve the nonlinear system:
    3x - cos((y-1)z) - 1/2 = 0
    x^2 - 81(y-0.9)^2 + sin(z) + 1.06 = 0
    exp(-x(y-1)) + 20z + (10 pi - 3)/3 = 0
Analytic solution:
    x = 0.5
    y = 1
    z = -0.523599
Solution method: Anderson accelerated fixed point iteration.
    tolerance    = 1.49012e-06
    max iters    = 30
    m_aa         = 2
    delay_aa     = 0
    damping_aa   = 0.5
    damping_fp   = 1
    orth routine = 0

Final Statistics:
Number of nonlinear iterations:      7
Number of function evaluations:      7
Computed solution:
    x = 0.500001
    y = 1
    z = -0.523599
Solution error:
    ex = 6.83498e-07
    ey = 1.30179e-06
    ez = 5.29336e-07
PASS
