
2D Heat PDE test problem:
 --------------------------------- 
  nprocs         = 4
  npx            = 2
  npy            = 2
 --------------------------------- 
  kx             = 1
  ky             = 1
  forcing        = 1
  tf             = 1
  xu             = 1
  yu             = 1
  nx             = 64
  ny             = 64
  nxl (proc 0)   = 32
  nyl (proc 0)   = 32
  dx             = 0.015873
  dy             = 0.015873
 --------------------------------- 
  rtol           = 1e-05
  atol           = 1e-10
 --------------------------------- 
  linear solver  = PCG
  lin iters      = 10
  eps lin        = 0
  prec           = 1
  msbp           = 0
  pfmg_relax     = 2
  pfmg_nrelax    = 2
 --------------------------------- 
  output         = 1
 --------------------------------- 

          t                     ||u||_rms                max error      
 -----------------------------------------------------------------------
 0.000000000000000e+00    3.691406249999997e-01    0.000000000000000e+00
 5.000000000000000e-02    3.603055518800796e-01    5.963840619069849e-04
 1.000000000000000e-01    3.341441424620961e-01    7.025778158412654e-04
 1.500000000000000e-01    2.933130334980650e-01    6.875401429181638e-04
 2.000000000000000e-01    2.418362927665495e-01    6.116639629779597e-04
 2.500000000000000e-01    1.847625453212144e-01    5.027718603899389e-04
 3.000000000000000e-01    1.276816621127109e-01    3.781069201845844e-04
 3.500000000000000e-01    7.618596880906674e-02    2.609833322938793e-04
 4.000000000000000e-01    3.531363324647859e-02    1.561202499177211e-04
 4.500000000000000e-01    9.066155363672083e-03    7.564944815353913e-05
 4.999999999999999e-01    1.349906017703648e-05    2.789660532068215e-05
 5.499999999999999e-01    9.040566172364454e-03    1.785150788338741e-05
 6.000000000000000e-01    3.526524131200381e-02    4.675380059296352e-05
 6.500000000000000e-01    7.612020274888576e-02    1.122855825834157e-04
 7.000000000000001e-01    1.276054683713009e-01    2.060590791881922e-04
 7.500000000000001e-01    1.846819738663427e-01    3.206057313699939e-04
 8.000000000000002e-01    2.417625152745919e-01    4.442738108887401e-04
 8.500000000000002e-01    2.932595401353616e-01    5.646851160004962e-04
 9.000000000000002e-01    3.341317876307726e-01    6.691042204438613e-04
 9.500000000000003e-01    3.603789951175052e-01    7.489428456021185e-04
 1.000000000000000e+00    3.694319996201897e-01    7.966519940368899e-04
 -----------------------------------------------------------------------

Final integrator statistics:
  Steps            = 93
  Error test fails = 6
  RHS evals        = 127
  NLS iters        = 124
  NLS fails        = 0
  LS iters         = 315
  LS fails         = 0
  LS setups        = 24
  J evals          = 2

  Avg NLS iters per step    = 1.333333
  Avg LS iters per NLS iter = 2.540323

  Max error = 7.966519940368899e-04
