
2D Heat PDE test problem:
 --------------------------------- 
  nprocs         = 4
  npx            = 2
  npy            = 2
 --------------------------------- 
  kx             = 1
  ky             = 1
  forcing        = 1
  tf             = 1
  xu             = 1
  yu             = 1
  nx             = 64
  ny             = 64
  nxl (proc 0)   = 32
  nyl (proc 0)   = 32
  dx             = 0.015873
  dy             = 0.015873
 --------------------------------- 
  rtol           = 1e-05
  atol           = 1e-10
 --------------------------------- 
  linear solver  = PCG
  lin iters      = 10
  matvec         = 0
  eps lin        = 0
  prec           = 1
  msbp           = 0
  pfmg_relax     = 2
  pfmg_nrelax    = 2
 --------------------------------- 
  output         = 1
 --------------------------------- 

          t                     ||u||_rms                max error      
 -----------------------------------------------------------------------
 0.000000000000000e+00    3.691406249999997e-01    0.000000000000000e+00
 5.000000000000000e-02    3.603055554774597e-01    5.964175787377402e-04
 1.000000000000000e-01    3.341441224094602e-01    7.025391909044609e-04
 1.500000000000000e-01    2.933127080359373e-01    6.867063391726713e-04
 2.000000000000000e-01    2.418344003292656e-01    6.071936057571170e-04
 2.500000000000000e-01    1.847604771189210e-01    4.981363630285340e-04
 3.000000000000000e-01    1.276806523232830e-01    3.759530657408972e-04
 3.500000000000000e-01    7.618371024608672e-02    2.556830307976765e-04
 4.000000000000000e-01    3.531136570952657e-02    1.510257537986059e-04
 4.500000000000000e-01    9.065118500743596e-03    7.340930502613974e-05
 4.999999999999999e-01    1.304277796442748e-05    2.696309280469331e-05
 5.499999999999999e-01    9.040402184787234e-03    1.750401685663566e-05
 6.000000000000000e-01    3.526523063636434e-02    4.676147663072727e-05
 6.500000000000000e-01    7.611997087045937e-02    1.117025355095169e-04
 7.000000000000001e-01    1.276053457972779e-01    2.058101071334972e-04
 7.500000000000001e-01    1.846818859558849e-01    3.204150209105139e-04
 8.000000000000002e-01    2.417625094433298e-01    4.442484003857050e-04
 8.500000000000002e-01    2.932595838953670e-01    5.647221117415224e-04
 9.000000000000002e-01    3.341321042068028e-01    6.698544697538722e-04
 9.500000000000003e-01    3.603795036842921e-01    7.501019081546101e-04
 1.000000000000000e+00    3.694325155135865e-01    7.976201707866615e-04
 -----------------------------------------------------------------------

Final integrator statistics:
  Steps            = 95
  Error test fails = 3
  RHS evals        = 118
  NLS iters        = 115
  NLS fails        = 0
  LS iters         = 214
  LS fails         = 0
  LS setups        = 18
  LS RHS evals     = 214
  Jv products      = 214

  Avg NLS iters per step    = 1.210526
  Avg LS iters per NLS iter = 1.860870

  Preconditioner setups = 18
  Preconditioner solves = 214
  PFMG iters            = 214

  Max error = 7.976201707866615e-04
