
2D Heat PDE test problem:
 ---------------------------------
  nprocs         = 8
 ---------------------------------
  kx             = 1
  ky             = 1
  tf             = 1
  xu             = 1
  yu             = 1
  nx             = 32
  ny             = 32
  dx             = 0.0322581
  dy             = 0.0322581
 ---------------------------------
  rtol           = 1e-05
  atol           = 1e-10
  order          = 4
  linear         = 0
 ---------------------------------
  lin iters      = 100
  eps lins       = -1
  prectype       = 1
  msbp           = 0
 ---------------------------------
  nt             = 300
  xtol           = 1e-06
  refine         = 0
  rfactor limit  = 10
  rfactor fail   = 4
  init seq       = 0
  print level    = 0
  access level   = 1
 ---------------------------------
  output         = 1
 ---------------------------------

  Max error = 3.297246480273963e-03

Final max integrator statistics:
  Steps            = 456
  Step attempts    = 456
  Error test fails = 450
  RHS evals        = 7296
  NLS iters        = 4560
  NLS fails        = 0
  LS iters         = 74094
  LS fails         = 0
  LS setups        = 456
  Jv products      = 74094

  Avg NLS iters per step attempt = 10.000000
  Avg LS iters per NLS iter      = 16.248684

  Preconditioner setups = 456
  Preconditioner solves = 74094
