
2-species diurnal advection-diffusion problem
Sensitivity: YES ( STAGGERED + FULL ERROR CONTROL )

========================================================================
     T     Q       H      NST                    Bottom left  Top right 
========================================================================
7.200e+03  4  3.901e+01   463
                                Solution         1.0468e+04   1.1185e+04 
                                                 2.5267e+11   2.6998e+11 
                                ----------------------------------------
                                Sensitivity 1   -6.4201e+19  -6.8598e+19 
                                                 7.1178e+19   7.6557e+19 
                                ----------------------------------------
                                Sensitivity 2   -4.3853e+14  -5.0065e+14 
                                                -2.4408e+18  -2.7843e+18 
------------------------------------------------------------------------
1.440e+04  3  1.314e+02   528
                                Solution         6.6590e+06   7.3008e+06 
                                                 2.5819e+11   2.8329e+11 
                                ----------------------------------------
                                Sensitivity 1   -4.0848e+22  -4.4785e+22 
                                                 5.9549e+22   6.7173e+22 
                                ----------------------------------------
                                Sensitivity 2   -4.5235e+17  -5.4317e+17 
                                                -6.5418e+21  -7.8315e+21 
------------------------------------------------------------------------
2.160e+04  4  1.341e+02   609
                                Solution         2.6650e+07   2.9308e+07 
                                                 2.9928e+11   3.3134e+11 
                                ----------------------------------------
                                Sensitivity 1   -1.6346e+23  -1.7976e+23 
                                                 3.8203e+23   4.4991e+23 
                                ----------------------------------------
                                Sensitivity 2   -7.6601e+18  -9.4433e+18 
                                                -7.6459e+22  -9.4502e+22 
------------------------------------------------------------------------
2.880e+04  4  1.717e+02   660
                                Solution         8.7021e+06   9.6501e+06 
                                                 3.3804e+11   3.7510e+11 
                                ----------------------------------------
                                Sensitivity 1   -5.3375e+22  -5.9188e+22 
                                                 5.4487e+23   6.7430e+23 
                                ----------------------------------------
                                Sensitivity 2   -4.8855e+18  -6.1040e+18 
                                                -1.7194e+23  -2.1518e+23 
------------------------------------------------------------------------
3.600e+04  4  6.657e+01   709
                                Solution         1.4040e+04   1.5609e+04 
                                                 3.3868e+11   3.7652e+11 
                                ----------------------------------------
                                Sensitivity 1   -8.6141e+19  -9.5762e+19 
                                                 5.2718e+23   6.6030e+23 
                                ----------------------------------------
                                Sensitivity 2   -8.4328e+15  -1.0549e+16 
                                                -1.8439e+23  -2.3096e+23 
------------------------------------------------------------------------
4.320e+04  3  7.880e+01   783
                                Solution        -3.8234e-09  -2.8269e-08 
                                                 3.3823e+11   3.8035e+11 
                                ----------------------------------------
                                Sensitivity 1    2.6858e+07   1.8140e+08 
                                                 5.2753e+23   6.7448e+23 
                                ----------------------------------------
                                Sensitivity 2    6.2362e+05   9.0367e+05 
                                                -1.8455e+23  -2.3595e+23 
------------------------------------------------------------------------
5.040e+04  4  3.196e+02   836
                                Solution        -4.1375e-16  -1.0519e-15 
                                                 3.3582e+11   3.8645e+11 
                                ----------------------------------------
                                Sensitivity 1   -3.9513e+08  -1.1101e+09 
                                                 5.2067e+23   6.9665e+23 
                                ----------------------------------------
                                Sensitivity 2    2.6920e+06   3.1515e+06 
                                                -1.8214e+23  -2.4371e+23 
------------------------------------------------------------------------
5.760e+04  5  3.771e+02   853
                                Solution         3.6773e-19   9.5216e-19 
                                                 3.3203e+11   3.9090e+11 
                                ----------------------------------------
                                Sensitivity 1   -1.1148e+05  -3.1344e+05 
                                                 5.0825e+23   7.1206e+23 
                                ----------------------------------------
                                Sensitivity 2   -4.8215e+05  -5.6349e+05 
                                                -1.7780e+23  -2.4910e+23 
------------------------------------------------------------------------
6.480e+04  5  3.560e+02   890
                                Solution        -5.0783e-09  -1.3227e-08 
                                                 3.3130e+11   3.9634e+11 
                                ----------------------------------------
                                Sensitivity 1    3.1033e+07   8.0824e+07 
                                                 5.0442e+23   7.3274e+23 
                                ----------------------------------------
                                Sensitivity 2    2.8698e+08   3.4626e+08 
                                                -1.7646e+23  -2.5633e+23 
------------------------------------------------------------------------
7.200e+04  3  1.979e+02   932
                                Solution         2.6622e-12   6.9771e-12 
                                                 3.3297e+11   4.0389e+11 
                                ----------------------------------------
                                Sensitivity 1    4.2760e+08   1.0895e+09 
                                                 5.0784e+23   7.6382e+23 
                                ----------------------------------------
                                Sensitivity 2    3.5387e+08   6.9760e+08 
                                                -1.7766e+23  -2.6721e+23 
------------------------------------------------------------------------
7.920e+04  5  5.363e+02   951
                                Solution         7.6032e-12  -6.8644e-12 
                                                 3.3344e+11   4.1203e+11 
                                ----------------------------------------
                                Sensitivity 1   -1.6504e+08  -4.1309e+08 
                                                 5.0731e+23   7.9960e+23 
                                ----------------------------------------
                                Sensitivity 2   -1.3631e+08  -2.7650e+08 
                                                -1.7747e+23  -2.7972e+23 
------------------------------------------------------------------------
8.640e+04  5  5.363e+02   965
                                Solution         4.5357e-13  -1.3786e-12 
                                                 3.3518e+11   4.1625e+11 
                                ----------------------------------------
                                Sensitivity 1   -6.1339e+06  -1.5394e+07 
                                                 5.1171e+23   8.2143e+23 
                                ----------------------------------------
                                Sensitivity 2   -5.2285e+06  -1.0563e+07 
                                                -1.7901e+23  -2.8736e+23 
------------------------------------------------------------------------

Final Statistics

nst     =   965

nfe     =  2092
netf    =    12    nsetups  =   146
nni     =  1092    ncfn     =     0

nfSe    =  2288    nfeS     =  4576
netfs   =    32    nsetupsS =     0
nniS    =  1141    ncfnS    =     0
