
1-D advection-diffusion equation, mesh size = 10 

Number of PEs =   2 
Sensitivity: YES ( SIMULTANEOUS + FULL ERROR CONTROL )

============================================================
     T     Q       H      NST                    Max norm   
============================================================
5.000e-01  4  7.608e-03   115
                                Solution         3.0529e+00 
                                Sensitivity 1    3.8668e+00 
                                Sensitivity 2    6.2020e-01 
------------------------------------------------------------
1.000e+00  4  3.343e-03   187
                                Solution         8.7533e-01 
                                Sensitivity 1    2.1743e+00 
                                Sensitivity 2    1.8909e-01 
------------------------------------------------------------
1.500e+00  3  6.242e-03   250
                                Solution         2.4949e-01 
                                Sensitivity 1    9.1826e-01 
                                Sensitivity 2    7.3921e-02 
------------------------------------------------------------
2.000e+00  2  4.151e-03   337
                                Solution         7.1095e-02 
                                Sensitivity 1    3.4667e-01 
                                Sensitivity 2    2.8228e-02 
------------------------------------------------------------
2.500e+00  2  5.780e-03   408
                                Solution         2.0259e-02 
                                Sensitivity 1    1.2300e-01 
                                Sensitivity 2    1.0085e-02 
------------------------------------------------------------
3.000e+00  2  1.097e-02   475
                                Solution         5.7729e-03 
                                Sensitivity 1    4.1952e-02 
                                Sensitivity 2    3.4555e-03 
------------------------------------------------------------
3.500e+00  2  1.228e-02   546
                                Solution         1.6450e-03 
                                Sensitivity 1    1.3919e-02 
                                Sensitivity 2    1.1669e-03 
------------------------------------------------------------
4.000e+00  2  5.824e-03   619
                                Solution         4.6947e-04 
                                Sensitivity 1    4.5317e-03 
                                Sensitivity 2    3.8675e-04 
------------------------------------------------------------
4.500e+00  2  7.152e-03   691
                                Solution         1.3412e-04 
                                Sensitivity 1    1.4563e-03 
                                Sensitivity 2    1.2582e-04 
------------------------------------------------------------
5.000e+00  1  4.407e-03   769
                                Solution         3.8657e-05 
                                Sensitivity 1    4.6496e-04 
                                Sensitivity 2    4.0618e-05 
------------------------------------------------------------

Final Statistics

nst     =   769

nfe     =  1376
netf    =     1    nsetups  =     0
nni     =  1373    ncfn     =   128

nfSe    =  2752    nfeS     =  5504
netfs   =     0    nsetupsS =     0
nniS    =     0    ncfnS    =     0
