
2D Heat PDE test problem:
 ---------------------------------
  nprocs         = 4
  npx            = 2
  npy            = 2
 ---------------------------------
  kx             = 1
  ky             = 1
  tf             = 1
  xu             = 1
  yu             = 1
  nx             = 64
  ny             = 64
  nxl (proc 0)   = 32
  nyl (proc 0)   = 32
  dx             = 0.015873
  dy             = 0.015873
 ---------------------------------
  rtol           = 1e-05
  atol           = 1e-10
  order          = 4
  fixed h        = 0
  controller     = 0
  linear         = 0
 ---------------------------------
  lin iters      = 10
  eps lins       = -1
  prectype       = 1
  msbp           = 0
  pfmg_relax     = 2
  pfmg_nrelax    = 2
 ---------------------------------
  output         = 1
 ---------------------------------

          t                     ||u||_rms                max error
 -----------------------------------------------------------------------
 0.000000000000000e+00    3.691406249999997e-01    0.000000000000000e+00
 5.000000000000000e-02    3.603055481706849e-01    5.963272403506359e-04
 1.000000000000000e-01    3.341441495573554e-01    7.025609795540122e-04
 1.500000000000000e-01    2.933130511815479e-01    6.875647791924067e-04
 2.000000000000000e-01    2.418363362634218e-01    6.117586641123385e-04
 2.500000000000000e-01    1.847630045581586e-01    5.039208796853711e-04
 3.000000000000000e-01    1.276835568178641e-01    3.825678848718428e-04
 3.500000000000000e-01    7.618672929988853e-02    2.625374890353471e-04
 4.000000000000000e-01    3.531391455208038e-02    1.566905877797148e-04
 4.500000000000000e-01    9.066224061985984e-03    7.579969373254850e-05
 4.999999999999999e-01    1.351975029681040e-05    2.793641223995624e-05
 5.499999999999999e-01    9.040564020781272e-03    1.784311209838269e-05
 6.000000000000000e-01    3.526514663771763e-02    4.652909333099919e-05
 6.500000000000000e-01    7.611974000859763e-02    1.111943294776763e-04
 7.000000000000001e-01    1.276052132004752e-01    2.055118608438322e-04
 7.500000000000001e-01    1.846818099479012e-01    3.202504724254540e-04
 8.000000000000002e-01    2.417624745137620e-01    4.441738802553052e-04
 8.500000000000002e-01    2.932597558357900e-01    5.651626086863315e-04
 9.000000000000002e-01    3.341327398681642e-01    6.713661919517389e-04
 9.500000000000003e-01    3.603804944362873e-01    7.523898745434021e-04
 1.000000000000000e+00    3.694337065476307e-01    8.003028820812164e-04
 -----------------------------------------------------------------------

Final integrator statistics:
  Steps            = 639
  Step attempts    = 639
  Error test fails = 0
  RHS evals        = 6740
  NLS iters        = 3542
  NLS fails        = 0
  LS iters         = 14770
  LS fails         = 0
  LS setups        = 42
  Jv products      = 14770

  Avg NLS iters per step attempt = 5.543036
  Avg LS iters per NLS iter      = 4.169960

  Preconditioner setups = 42
  Preconditioner solves = 14770
  PFMG iters            = 14770

  Max error = 8.003028820812164e-04
