
2D Heat PDE test problem:
 ---------------------------------
  nprocs         = 4
  npx            = 2
  npy            = 2
 ---------------------------------
  kx             = 1
  ky             = 1
  tf             = 1
  xu             = 1
  yu             = 1
  nx             = 64
  ny             = 64
  nxl (proc 0)   = 32
  nyl (proc 0)   = 32
  dx             = 0.015873
  dy             = 0.015873
 ---------------------------------
  rtol           = 1e-05
  atol           = 1e-10
  order          = 4
  fixed h        = 0
  controller     = 0
  linear         = 0
 ---------------------------------
  lin iters      = 10
  eps lins       = -1
  prec           = 1
  msbp           = 0
  pfmg_relax     = 2
  pfmg_nrelax    = 2
 ---------------------------------
  output         = 1
 ---------------------------------

          t                     ||u||_rms                max error
 -----------------------------------------------------------------------
 0.000000000000000e+00    3.691406249999997e-01    0.000000000000000e+00
 5.000000000000000e-02    3.603055481702667e-01    5.963272183073798e-04
 1.000000000000000e-01    3.341441495568249e-01    7.025609682430600e-04
 1.500000000000000e-01    2.933130511816744e-01    6.875647762445425e-04
 2.000000000000000e-01    2.418363362635431e-01    6.117586635501215e-04
 2.500000000000000e-01    1.847630045412454e-01    5.039208030307996e-04
 3.000000000000000e-01    1.276842381536776e-01    3.847527028461029e-04
 3.500000000000000e-01    7.618707766006137e-02    2.634524197256405e-04
 4.000000000000000e-01    3.531403628348408e-02    1.569490462232509e-04
 4.500000000000000e-01    9.066422208257929e-03    7.630238725191141e-05
 4.999999999999999e-01    1.364366057890674e-05    2.824458437097908e-05
 5.499999999999999e-01    9.040608346574684e-03    1.793712206061421e-05
 6.000000000000000e-01    3.526516314625430e-02    4.656398760188862e-05
 6.500000000000000e-01    7.611974616189615e-02    1.112073430144522e-04
 7.000000000000001e-01    1.276052155088888e-01    2.055167599427365e-04
 7.500000000000001e-01    1.846818108081416e-01    3.202522931239904e-04
 8.000000000000002e-01    2.417624736865118e-01    4.441696276128448e-04
 8.500000000000002e-01    2.932597506555841e-01    5.651491294375033e-04
 9.000000000000002e-01    3.341327370335027e-01    6.713603621634201e-04
 9.500000000000003e-01    3.603804895074860e-01    7.523803723623601e-04
 1.000000000000000e+00    3.694337121296477e-01    8.003186696359244e-04
 -----------------------------------------------------------------------

Final integrator statistics:
  Steps            = 683
  Step attempts    = 693
  Error test fails = 10
  RHS evals        = 7953
  NLS iters        = 4485
  NLS fails        = 0
  LS iters         = 21210
  LS fails         = 0
  LS setups        = 73
  J evals          = 23

  Avg NLS iters per step attempt = 6.471861
  Avg LS iters per NLS iter      = 4.729097

  Max error = 8.003186696359244e-04
