
		1D Advection-Reaction Test Problem

Using the Serial NVECTOR
Number of Processors = 4
Mesh Info:
  NX = 100, NXL = 25, dx = 0.010000, xmax = 1.000000
Problem Parameters:
  A = 1
  B = 3.5
  k = 1
  c = 0.01
Integrator Options:
  order            = 3
  method           = imex
  fused vector ops = 0
  t0               = 0
  tf               = 10
  reltol           = 1.0e-06
  abstol           = 1.0e-09
  nout             = 40
  nonlinear solver = global
Output directory: .

          t         ||u||_rms   ||v||_rms   ||w||_rms
   ----------------------------------------------------
       0.000000     1.060205     3.559930     3.059949
       0.250000     1.134976     3.463307     3.499980
       0.500000     1.251255     3.307480     3.499978
       0.750000     1.421776     3.076173     3.499975
       1.000000     1.617972     2.789695     3.499972
       1.250000     1.738611     2.525641     3.499970
       1.500000     1.724313     2.346645     3.499970
       1.750000     1.609332     2.267405     3.499972
       2.000000     1.441938     2.284790     3.499975
       2.250000     1.254548     2.387110     3.499978
       2.500000     1.067861     2.552978     3.499982
       2.750000     0.894914     2.755797     3.499985
       3.000000     0.742698     2.972707     3.499988
       3.250000     0.614424     3.189681     3.499990
       3.500000     0.511703     3.400292     3.499992
       3.750000     0.435022     3.602349     3.499993
       4.000000     0.382884     3.795611     3.499993
       4.250000     0.351268     3.980789     3.499994
       4.500000     0.334675     4.159066     3.499994
       4.750000     0.327999     4.331676     3.499994
       5.000000     0.327576     4.499585     3.499994
       5.250000     0.331182     4.663357     3.499994
       5.500000     0.337619     4.823164     3.499994
       5.750000     0.346346     4.978846     3.499994
       6.000000     0.357245     5.129937     3.499994
       6.250000     0.370526     5.275660     3.499994
       6.500000     0.386740     5.414810     3.499993
       6.750000     0.406897     5.545549     3.499993
       7.000000     0.432797     5.664942     3.499992
       7.250000     0.467856     5.767888     3.499992
       7.500000     0.519324     5.844481     3.499991
       7.750000     0.605996     5.871569     3.499989
       8.000000     0.797170     5.775343     3.499986
       8.250000     1.629022     5.135025     3.499974
       8.500000     3.774898     3.499505     3.499941
       8.750000     4.025788     2.194933     3.499932
       9.000000     3.877379     0.967603     3.499933
       9.250000     3.148899     1.087229     3.499946
       9.500000     2.471560     1.322866     3.499958
       9.750000     1.912340     1.594916     3.499967
      10.000000     1.450253     1.896162     3.499975

Final Solver Statistics (for processor 0):
   Internal solver steps = 482 (attempted = 482)
   Total RHS evals:  Fe = 1931,  Fi = 6084
   Total number of error test failures = 0
   Total number of nonlinear solver convergence failures = 0
   Total number of nonlinear iterations = 4153
   Total number of linear iterations = 2912
   Total number of preconditioner solves = 5690
